Thu Jun  8 15:07:21 MSK 2023 INFO - initAID - Set AID from STEAM_COMPAT_APP_ID to '409720'
Thu Jun  8 15:07:21 MSK 2023 INFO - initAID - Set OSCDP to STEAM_COMPAT_DATA_PATH '/mnt/ssd/SteamLibrary/steamapps/compatdata/409720'
Thu Jun  8 15:07:21 MSK 2023 INFO - loadLangFile - Language from command line is 'english'
Thu Jun  8 15:07:21 MSK 2023 INFO - loadLangFile - SYSTEMSTLCFGDIR is '/usr/share/steamtinkerlaunch'
Thu Jun  8 15:07:21 MSK 2023 INFO - loadLangFile - Command line language 'english' is no file - trying to find its absolute path
Thu Jun  8 15:07:21 MSK 2023 INFO - loadLangFile - Loading found system wide /usr/share/steamtinkerlaunch/lang//english.txt
Thu Jun  8 15:07:23 MSK 2023 INFO - getCurrentCommandline - No Proton in command line arguments 'waitforexitandrun /mnt/ssd/SteamLibrary/steamapps/common/BioShock 2 Remastered/Build/Final/Bioshock2HD.exe -nointro'
Thu Jun  8 15:07:23 MSK 2023 INFO - saveOrgVars - Storing some original variables to restore them later
Thu Jun  8 03:07:23 PM MSK 2023 INFO - emptyVars - Emptied some original variables as they slowdown several system calls when started from steam
Thu Jun  8 03:07:23 PM MSK 2023 INFO - emptyVars - Set $PATH to '/usr/local/sbin:/usr/local/bin:/usr/bin:/usr/bin/site_perl:/usr/bin/vendor_perl:/usr/bin/core_perl:'
Thu Jun  8 03:07:23 PM MSK 2023 START - ######### Initializing Game Launch 409720 using SteamTinkerLaunch v12.12 #########
Thu Jun  8 03:07:23 PM MSK 2023 INFO - main - Starting with a clean log
Thu Jun  8 03:07:23 PM MSK 2023 INFO - main - Start creating default configs
Thu Jun  8 03:07:23 PM MSK 2023 INFO - createDefaultCfgs - START
Thu Jun  8 03:07:23 PM MSK 2023 INFO - loadLanguage - First load the default language 'english' to make sure all variables are filled
Thu Jun  8 03:07:23 PM MSK 2023 INFO - loadLangFile - Language from command line is 'english'
Thu Jun  8 03:07:23 PM MSK 2023 INFO - loadLangFile - GLOBALSTLLANGDIR is '/usr/share/steamtinkerlaunch/lang'
Thu Jun  8 03:07:23 PM MSK 2023 INFO - loadLangFile - Command line language 'english' is no file - trying to find its absolute path
Thu Jun  8 03:07:23 PM MSK 2023 INFO - loadLangFile - Loading found system wide /usr/share/steamtinkerlaunch/lang/english.txt
Thu Jun  8 03:07:23 PM MSK 2023 WARN - updateEditor - 'xdg-open' selected as editor or configured editor not found - trying to find an installed editor installed
Thu Jun  8 03:07:23 PM MSK 2023 INFO - updateEditor - No valid editor found - will fall back to 'xdg-open'.
Thu Jun  8 03:07:23 PM MSK 2023 INFO - loadLanguage - Loading STLLANG from '/home/korsilyn/.config/steamtinkerlaunch/global.conf'
Thu Jun  8 03:07:23 PM MSK 2023 INFO - loadLanguage - STLLANG from '/home/korsilyn/.config/steamtinkerlaunch/global.conf' is 'english'
Thu Jun  8 03:07:23 PM MSK 2023 INFO - createDefaultCfgs - setSteamPaths:
Thu Jun  8 03:07:23 PM MSK 2023 INFO - setSteamPaths - Reading Steam Path variables from '/dev/shm/steamtinkerlaunch/steampaths.txt'
Thu Jun  8 03:07:23 PM MSK 2023 WARN - updateEditor - 'xdg-open' selected as editor or configured editor not found - trying to find an installed editor installed
Thu Jun  8 03:07:23 PM MSK 2023 INFO - updateEditor - No valid editor found - will fall back to 'xdg-open'.
Thu Jun  8 03:07:23 PM MSK 2023 INFO - getGameOS - Starting game OS detection
Thu Jun  8 03:07:23 PM MSK 2023 INFO - getGameOS - Making some checks on '/mnt/ssd/SteamLibrary/steamapps/common/BioShock 2 Remastered/Build/Final/Bioshock2HD.exe' to determine the OS version of the game
Thu Jun  8 03:07:23 PM MSK 2023 INFO - getGameOS - Looks like this is a Windows game!
Thu Jun  8 03:07:23 PM MSK 2023 INFO - setWin - 'Bioshock2HD' determined to be a Windows Game
Thu Jun  8 03:07:23 PM MSK 2023 INFO - delEmptyFile - Removing empty file '/dev/shm/steamtinkerlaunch/ProtonCSV.txt'
Thu Jun  8 03:07:23 PM MSK 2023 INFO - createDefaultCfgs - createProtonList:
Thu Jun  8 03:07:23 PM MSK 2023 INFO - createProtonList - Looking for available Proton versions
Thu Jun  8 03:07:23 PM MSK 2023 INFO - getAvailableProtonVersions - Initially creating an array with available Proton versions
Thu Jun  8 03:07:23 PM MSK 2023 INFO - getAvailableProtonVersions - Adding Proton versions found in STEAMCOMPATOOLS '/home/korsilyn/.local/share/Steam/compatibilitytools.d'
Thu Jun  8 03:07:23 PM MSK 2023 INFO - getAvailableProtonVersions - Adding Proton versions found in SYSSTEAMCOMPATOOLS '/usr/share/steam/compatibilitytools.d'
Thu Jun  8 03:07:23 PM MSK 2023 INFO - getAvailableProtonVersions - Found proton directory: '/usr/share/steam/compatibilitytools.d/proton-ge-custom/proton'
Thu Jun  8 03:07:23 PM MSK 2023 INFO - getAvailableProtonVersions - Adding Proton versions found in additional SteamLibrary Paths
Thu Jun  8 03:07:23 PM MSK 2023 INFO - getAvailableProtonVersions - Adding Proton versions found in CUSTOMPROTONLIST '/home/korsilyn/.config/steamtinkerlaunch/protonlist.txt'
Thu Jun  8 03:07:23 PM MSK 2023 INFO - getAvailableProtonVersions - Checking line '' in '/home/korsilyn/.config/steamtinkerlaunch/protonlist.txt'
Thu Jun  8 03:07:23 PM MSK 2023 INFO - getAvailableProtonVersions - Removing invalid line '' from '/home/korsilyn/.config/steamtinkerlaunch/protonlist.txt'
Thu Jun  8 03:07:23 PM MSK 2023 INFO - createDefaultCfgs - createProtonList end
Thu Jun  8 03:07:23 PM MSK 2023 INFO - delEmptyFile - Removing empty file '/dev/shm/steamtinkerlaunch/ProtonCSV.txt'
Thu Jun  8 03:07:23 PM MSK 2023 INFO - createProtonList - Looking for available Proton versions
Thu Jun  8 03:07:23 PM MSK 2023 INFO - getAvailableProtonVersions - Initially creating an array with available Proton versions
Thu Jun  8 03:07:23 PM MSK 2023 INFO - getAvailableProtonVersions - Adding Proton versions found in STEAMCOMPATOOLS '/home/korsilyn/.local/share/Steam/compatibilitytools.d'
Thu Jun  8 03:07:23 PM MSK 2023 INFO - getAvailableProtonVersions - Adding Proton versions found in SYSSTEAMCOMPATOOLS '/usr/share/steam/compatibilitytools.d'
Thu Jun  8 03:07:23 PM MSK 2023 INFO - getAvailableProtonVersions - Found proton directory: '/usr/share/steam/compatibilitytools.d/proton-ge-custom/proton'
Thu Jun  8 03:07:23 PM MSK 2023 SKIP - fillProtonCSV - '"Proton-GE";"/usr/share/steam/compatibilitytools.d/proton-ge-custom/proton"' is already in the Proton array
Thu Jun  8 03:07:23 PM MSK 2023 INFO - getAvailableProtonVersions - Adding Proton versions found in additional SteamLibrary Paths
Thu Jun  8 03:07:23 PM MSK 2023 INFO - getAvailableProtonVersions - Adding Proton versions found in CUSTOMPROTONLIST '/home/korsilyn/.config/steamtinkerlaunch/protonlist.txt'
Thu Jun  8 03:07:23 PM MSK 2023 INFO - getAvailableProtonVersions - Checking line '' in '/home/korsilyn/.config/steamtinkerlaunch/protonlist.txt'
Thu Jun  8 03:07:23 PM MSK 2023 INFO - getAvailableProtonVersions - Removing invalid line '' from '/home/korsilyn/.config/steamtinkerlaunch/protonlist.txt'
Thu Jun  8 03:07:23 PM MSK 2023 INFO - listAllSettingsEntries - '/dev/shm/steamtinkerlaunch/setentries.txt' already exists - nothing to do
Thu Jun  8 03:07:23 PM MSK 2023 INFO - createDefaultCfgs - STOP
Thu Jun  8 03:07:23 PM MSK 2023 SKIP - listSteamLibraries - not recreating already available '/dev/shm/steamtinkerlaunch/SteamLibraries.txt'
Thu Jun  8 03:07:24 PM MSK 2023 INFO - setSteamLibraryPaths - STEAM_COMPAT_LIBRARY_PATHS set to '/mnt/ssd/SteamLibrary/steamapps:/home/korsilyn/.local/share/Steam/steamapps:/mnt/hdd/SteamLibrary/steamapps:/mnt/hddwin/SteamLibrary/steamapps'
Thu Jun  8 03:07:24 PM MSK 2023 INFO - setSteamLibraryPaths - STEAM_COMPAT_MOUNTS set to '/home/korsilyn/.local/share/Steam/steamapps/common/Steamworks Shared:/home/korsilyn/.local/share/Steam/steamapps/common/SteamLinuxRuntime_sniper:/mnt/ssd/SteamLibrary/steamapps/common/SteamLinuxRuntime_soldier'
Thu Jun  8 03:07:24 PM MSK 2023 INFO - setSteamLibraryPaths - STEAM_COMPAT_TOOL_PATHS set to '/home/korsilyn/.local/share/Steam/steamapps/common/Steamworks Shared:/home/korsilyn/.local/share/Steam/steamapps/common/SteamLinuxRuntime_sniper:/mnt/ssd/SteamLibrary/steamapps/common/SteamLinuxRuntime_soldier'
Thu Jun  8 03:07:24 PM MSK 2023 INFO - main - Checking internal dependencies:
Thu Jun  8 03:07:24 PM MSK 2023 INFO - checkIntDeps - Result of version check for yad binary '/usr/bin/yad' is '12.3'
Thu Jun  8 03:07:24 PM MSK 2023 INFO - main - Initializing first Proton:
Thu Jun  8 03:07:24 PM MSK 2023 INFO - delEmptyFile - Removing empty file '/dev/shm/steamtinkerlaunch/ProtonCSV.txt'
Thu Jun  8 03:07:24 PM MSK 2023 INFO - initFirstProton - Initializing Proton
Thu Jun  8 03:07:24 PM MSK 2023 INFO - initFirstProton - No Proton version available in template yet - searching for one
Thu Jun  8 03:07:24 PM MSK 2023 INFO - createProtonList - Looking for available Proton versions
Thu Jun  8 03:07:24 PM MSK 2023 INFO - getAvailableProtonVersions - Initially creating an array with available Proton versions
Thu Jun  8 03:07:24 PM MSK 2023 INFO - getAvailableProtonVersions - Adding Proton versions found in STEAMCOMPATOOLS '/home/korsilyn/.local/share/Steam/compatibilitytools.d'
Thu Jun  8 03:07:24 PM MSK 2023 INFO - getAvailableProtonVersions - Adding Proton versions found in SYSSTEAMCOMPATOOLS '/usr/share/steam/compatibilitytools.d'
Thu Jun  8 03:07:24 PM MSK 2023 INFO - getAvailableProtonVersions - Found proton directory: '/usr/share/steam/compatibilitytools.d/proton-ge-custom/proton'
Thu Jun  8 03:07:24 PM MSK 2023 SKIP - fillProtonCSV - '"Proton-GE";"/usr/share/steam/compatibilitytools.d/proton-ge-custom/proton"' is already in the Proton array
Thu Jun  8 03:07:24 PM MSK 2023 INFO - getAvailableProtonVersions - Adding Proton versions found in additional SteamLibrary Paths
Thu Jun  8 03:07:24 PM MSK 2023 INFO - getAvailableProtonVersions - Adding Proton versions found in CUSTOMPROTONLIST '/home/korsilyn/.config/steamtinkerlaunch/protonlist.txt'
Thu Jun  8 03:07:24 PM MSK 2023 INFO - getAvailableProtonVersions - Checking line '' in '/home/korsilyn/.config/steamtinkerlaunch/protonlist.txt'
Thu Jun  8 03:07:24 PM MSK 2023 INFO - getAvailableProtonVersions - Removing invalid line '' from '/home/korsilyn/.config/steamtinkerlaunch/protonlist.txt'
Thu Jun  8 03:07:24 PM MSK 2023 INFO - initFirstProton - Updated 'USEPROTON' in '/home/korsilyn/.config/steamtinkerlaunch/default_template.conf' to ''
Thu Jun  8 03:07:24 PM MSK 2023 INFO - delEmptyFile - Removing empty file '/dev/shm/steamtinkerlaunch/ProtonCSV.txt'
Thu Jun  8 03:07:24 PM MSK 2023 INFO - getProtPathFromCSV - Creating '/dev/shm/steamtinkerlaunch/ProtonCSV.txt'
Thu Jun  8 03:07:24 PM MSK 2023 INFO - getAvailableProtonVersions - Initially creating an array with available Proton versions
Thu Jun  8 03:07:24 PM MSK 2023 INFO - getAvailableProtonVersions - Adding Proton versions found in STEAMCOMPATOOLS '/home/korsilyn/.local/share/Steam/compatibilitytools.d'
Thu Jun  8 03:07:24 PM MSK 2023 INFO - getAvailableProtonVersions - Adding Proton versions found in SYSSTEAMCOMPATOOLS '/usr/share/steam/compatibilitytools.d'
Thu Jun  8 03:07:24 PM MSK 2023 INFO - getAvailableProtonVersions - Found proton directory: '/usr/share/steam/compatibilitytools.d/proton-ge-custom/proton'
Thu Jun  8 03:07:24 PM MSK 2023 SKIP - fillProtonCSV - '"Proton-GE";"/usr/share/steam/compatibilitytools.d/proton-ge-custom/proton"' is already in the Proton array
Thu Jun  8 03:07:24 PM MSK 2023 INFO - getAvailableProtonVersions - Adding Proton versions found in additional SteamLibrary Paths
Thu Jun  8 03:07:24 PM MSK 2023 INFO - getAvailableProtonVersions - Adding Proton versions found in CUSTOMPROTONLIST '/home/korsilyn/.config/steamtinkerlaunch/protonlist.txt'
Thu Jun  8 03:07:24 PM MSK 2023 INFO - getAvailableProtonVersions - Checking line '' in '/home/korsilyn/.config/steamtinkerlaunch/protonlist.txt'
Thu Jun  8 03:07:24 PM MSK 2023 INFO - getAvailableProtonVersions - Removing invalid line '' from '/home/korsilyn/.config/steamtinkerlaunch/protonlist.txt'
Thu Jun  8 03:07:24 PM MSK 2023 INFO - initFirstProton - Initial Proton version 'FIRSTUSEPROTON' from '/home/korsilyn/.config/steamtinkerlaunch/default_template.conf' is ''
Thu Jun  8 03:07:24 PM MSK 2023 INFO - main - Initializing default window resolution
Thu Jun  8 03:07:24 PM MSK 2023 INFO - setInitWinXY - Using '1920x1080' from config '/dev/shm/steamtinkerlaunch/defres.txt'
Thu Jun  8 03:07:24 PM MSK 2023 INFO - main - Welcome to SteamTinkerLaunch
Thu Jun  8 03:07:24 PM MSK 2023 INFO - removeEmptyFiles - Removing empty files from '/home/korsilyn/.config/steamtinkerlaunch/games/appinfo'
Thu Jun  8 03:07:24 PM MSK 2023 INFO - removeEmptyFiles - Removing empty files from '/home/korsilyn/.config/steamtinkerlaunch/games/header'
Thu Jun  8 03:07:24 PM MSK 2023 INFO - main - Checking command line: incoming arguments 'waitforexitandrun /mnt/ssd/SteamLibrary/steamapps/common/BioShock 2 Remastered/Build/Final/Bioshock2HD.exe -nointro'
Thu Jun  8 03:07:24 PM MSK 2023 SKIP - getGameOS - ISGAME is already set to '2' - nothing to determine
Thu Jun  8 03:07:24 PM MSK 2023 INFO - linkLog - Symlink '/home/korsilyn/.config/steamtinkerlaunch/logs/steamtinkerlaunch/title/BioShock 2 Remastered.log' already exists
Thu Jun  8 03:07:24 PM MSK 2023 WARN - updateEditor - 'xdg-open' selected as editor or configured editor not found - trying to find an installed editor installed
Thu Jun  8 03:07:24 PM MSK 2023 INFO - updateEditor - No valid editor found - will fall back to 'xdg-open'.
Thu Jun  8 03:07:24 PM MSK 2023 START - ######### Game Launch: BioShock 2 Remastered (409720) #########
Thu Jun  8 03:07:24 PM MSK 2023 INFO - prepareLaunch - Game launch args '/mnt/ssd/SteamLibrary/steamapps/common/BioShock 2 Remastered/Build/Final/Bioshock2HD.exe'
Thu Jun  8 03:07:24 PM MSK 2023 INFO - prepareLaunch - Gamedir '/mnt/ssd/SteamLibrary/steamapps/common/BioShock 2 Remastered'
Thu Jun  8 03:07:24 PM MSK 2023 INFO - prepareLaunch - Proton wineprefix '/mnt/ssd/SteamLibrary/steamapps/compatdata/409720/pfx'
Thu Jun  8 03:07:24 PM MSK 2023 INFO - prepareLaunch -------------------
Thu Jun  8 03:07:24 PM MSK 2023 INFO - prepareLaunch - CreateGameCfg:
Thu Jun  8 03:07:24 PM MSK 2023 SKIP - updateConfigFile - Config file '/home/korsilyn/.config/steamtinkerlaunch/gamecfgs/id/409720.conf' already at version 'v12.12'
Thu Jun  8 03:07:24 PM MSK 2023 INFO - linkGameCfg - Symlink '/home/korsilyn/.config/steamtinkerlaunch/gamecfgs/title/BioShock 2 Remastered.conf' already exists
Thu Jun  8 03:07:24 PM MSK 2023 INFO - prepareLaunch - First LoadCfg: /home/korsilyn/.config/steamtinkerlaunch/gamecfgs/id/409720.conf
Thu Jun  8 03:07:24 PM MSK 2023 INFO - loadCfg - '/home/korsilyn/.config/steamtinkerlaunch/gamecfgs/id/409720.conf' START
Thu Jun  8 03:07:24 PM MSK 2023 INFO - loadCfg - Loading game config '/home/korsilyn/.config/steamtinkerlaunch/gamecfgs/id/409720.conf'
Thu Jun  8 03:07:24 PM MSK 2023 INFO - migrateCfgOption - File '/home/korsilyn/.config/steamtinkerlaunch/dxvk/409720.conf' does not exist - nothing to do
Thu Jun  8 03:07:24 PM MSK 2023 INFO - loadCfg - '/home/korsilyn/.config/steamtinkerlaunch/gamecfgs/id/409720.conf' STOP
Thu Jun  8 03:07:25 PM MSK 2023 SKIP - autoBumpReShade - '5.4.2' is the latest version of 'ReShade' - not updating
Thu Jun  8 03:07:25 PM MSK 2023 INFO - prepareLaunch - Initial Proton version from the game config: 'Proton-GE'
Thu Jun  8 03:07:25 PM MSK 2023 INFO - delEmptyFile - Removing empty file '/dev/shm/steamtinkerlaunch/ProtonCSV.txt'
Thu Jun  8 03:07:25 PM MSK 2023 INFO - getProtPathFromCSV - Creating '/dev/shm/steamtinkerlaunch/ProtonCSV.txt'
Thu Jun  8 03:07:25 PM MSK 2023 INFO - getAvailableProtonVersions - Initially creating an array with available Proton versions
Thu Jun  8 03:07:25 PM MSK 2023 INFO - getAvailableProtonVersions - Adding Proton versions found in STEAMCOMPATOOLS '/home/korsilyn/.local/share/Steam/compatibilitytools.d'
Thu Jun  8 03:07:25 PM MSK 2023 INFO - getAvailableProtonVersions - Adding Proton versions found in SYSSTEAMCOMPATOOLS '/usr/share/steam/compatibilitytools.d'
Thu Jun  8 03:07:25 PM MSK 2023 INFO - getAvailableProtonVersions - Found proton directory: '/usr/share/steam/compatibilitytools.d/proton-ge-custom/proton'
Thu Jun  8 03:07:25 PM MSK 2023 SKIP - fillProtonCSV - '"Proton-GE";"/usr/share/steam/compatibilitytools.d/proton-ge-custom/proton"' is already in the Proton array
Thu Jun  8 03:07:25 PM MSK 2023 INFO - getAvailableProtonVersions - Adding Proton versions found in additional SteamLibrary Paths
Thu Jun  8 03:07:25 PM MSK 2023 INFO - getAvailableProtonVersions - Adding Proton versions found in CUSTOMPROTONLIST '/home/korsilyn/.config/steamtinkerlaunch/protonlist.txt'
Thu Jun  8 03:07:25 PM MSK 2023 INFO - getAvailableProtonVersions - Checking line '' in '/home/korsilyn/.config/steamtinkerlaunch/protonlist.txt'
Thu Jun  8 03:07:25 PM MSK 2023 INFO - getAvailableProtonVersions - Removing invalid line '' from '/home/korsilyn/.config/steamtinkerlaunch/protonlist.txt'
Thu Jun  8 03:07:25 PM MSK 2023 INFO - prepareLaunch - Initializing internal Proton Vars for 'Proton-GE' using setNewProtVars
Thu Jun  8 03:07:25 PM MSK 2023 INFO - delEmptyFile - Removing empty file '/dev/shm/steamtinkerlaunch/ProtonCSV.txt'
Thu Jun  8 03:07:25 PM MSK 2023 INFO - getProtPathFromCSV - Creating '/dev/shm/steamtinkerlaunch/ProtonCSV.txt'
Thu Jun  8 03:07:25 PM MSK 2023 INFO - getAvailableProtonVersions - Initially creating an array with available Proton versions
Thu Jun  8 03:07:25 PM MSK 2023 INFO - getAvailableProtonVersions - Adding Proton versions found in STEAMCOMPATOOLS '/home/korsilyn/.local/share/Steam/compatibilitytools.d'
Thu Jun  8 03:07:25 PM MSK 2023 INFO - getAvailableProtonVersions - Adding Proton versions found in SYSSTEAMCOMPATOOLS '/usr/share/steam/compatibilitytools.d'
Thu Jun  8 03:07:25 PM MSK 2023 INFO - getAvailableProtonVersions - Found proton directory: '/usr/share/steam/compatibilitytools.d/proton-ge-custom/proton'
Thu Jun  8 03:07:25 PM MSK 2023 SKIP - fillProtonCSV - '"Proton-GE";"/usr/share/steam/compatibilitytools.d/proton-ge-custom/proton"' is already in the Proton array
Thu Jun  8 03:07:25 PM MSK 2023 INFO - getAvailableProtonVersions - Adding Proton versions found in additional SteamLibrary Paths
Thu Jun  8 03:07:25 PM MSK 2023 INFO - getAvailableProtonVersions - Adding Proton versions found in CUSTOMPROTONLIST '/home/korsilyn/.config/steamtinkerlaunch/protonlist.txt'
Thu Jun  8 03:07:25 PM MSK 2023 INFO - getAvailableProtonVersions - Checking line '' in '/home/korsilyn/.config/steamtinkerlaunch/protonlist.txt'
Thu Jun  8 03:07:25 PM MSK 2023 INFO - getAvailableProtonVersions - Removing invalid line '' from '/home/korsilyn/.config/steamtinkerlaunch/protonlist.txt'
Thu Jun  8 03:07:25 PM MSK 2023 INFO - setNewProtVars - Setting new Proton Variables based on '/usr/share/steam/compatibilitytools.d/proton-ge-custom/proton'
Thu Jun  8 03:07:25 PM MSK 2023 INFO - setNewProtVars - Continuing with RUNPROTON='/usr/share/steam/compatibilitytools.d/proton-ge-custom/proton'
Thu Jun  8 03:07:25 PM MSK 2023 INFO - setRunWineServer - Initiated from 'setNewProtVars'
Thu Jun  8 03:07:25 PM MSK 2023 INFO - delEmptyFile - Removing empty file '/dev/shm/steamtinkerlaunch/ProtonCSV.txt'
Thu Jun  8 03:07:25 PM MSK 2023 INFO - getProtPathFromCSV - Creating '/dev/shm/steamtinkerlaunch/ProtonCSV.txt'
Thu Jun  8 03:07:25 PM MSK 2023 INFO - getAvailableProtonVersions - Initially creating an array with available Proton versions
Thu Jun  8 03:07:25 PM MSK 2023 INFO - getAvailableProtonVersions - Adding Proton versions found in STEAMCOMPATOOLS '/home/korsilyn/.local/share/Steam/compatibilitytools.d'
Thu Jun  8 03:07:25 PM MSK 2023 INFO - getAvailableProtonVersions - Adding Proton versions found in SYSSTEAMCOMPATOOLS '/usr/share/steam/compatibilitytools.d'
Thu Jun  8 03:07:25 PM MSK 2023 INFO - getAvailableProtonVersions - Found proton directory: '/usr/share/steam/compatibilitytools.d/proton-ge-custom/proton'
Thu Jun  8 03:07:25 PM MSK 2023 SKIP - fillProtonCSV - '"Proton-GE";"/usr/share/steam/compatibilitytools.d/proton-ge-custom/proton"' is already in the Proton array
Thu Jun  8 03:07:25 PM MSK 2023 INFO - getAvailableProtonVersions - Adding Proton versions found in additional SteamLibrary Paths
Thu Jun  8 03:07:25 PM MSK 2023 INFO - getAvailableProtonVersions - Adding Proton versions found in CUSTOMPROTONLIST '/home/korsilyn/.config/steamtinkerlaunch/protonlist.txt'
Thu Jun  8 03:07:25 PM MSK 2023 INFO - getAvailableProtonVersions - Checking line '' in '/home/korsilyn/.config/steamtinkerlaunch/protonlist.txt'
Thu Jun  8 03:07:25 PM MSK 2023 INFO - getAvailableProtonVersions - Removing invalid line '' from '/home/korsilyn/.config/steamtinkerlaunch/protonlist.txt'
Thu Jun  8 03:07:25 PM MSK 2023 INFO - setRunWineServer - Set the wine binary for proton in path '/usr/share/steam/compatibilitytools.d/proton-ge-custom/proton'
Thu Jun  8 03:07:25 PM MSK 2023 INFO - setRunWineServer - to '/usr/share/steam/compatibilitytools.d/proton-ge-custom/files/bin/wine'
Thu Jun  8 03:07:25 PM MSK 2023 INFO - setRunWineServer - and wineserver to '/usr/share/steam/compatibilitytools.d/proton-ge-custom/files/bin/wineserver'
Thu Jun  8 03:07:25 PM MSK 2023 INFO - prepareLaunch - OpenTrayIcon:
Thu Jun  8 03:07:25 PM MSK 2023 INFO - autoCollectionSettings - Searching collections for game '409720' in '/home/korsilyn/.local/share/Steam/userdata/1005184864/7/remote/sharedconfig.vdf'
Thu Jun  8 03:07:25 PM MSK 2023 SKIP - autoCollectionSettings - Global Config '' not found - skipping
Thu Jun  8 03:07:25 PM MSK 2023 SKIP - autoCollectionSettings - Collections Directory Config '' not found - skipping
Thu Jun  8 03:07:25 PM MSK 2023 INFO - setFullGameExePath - User did not enable 'CUSTOMCMDRESHADE' - Using the game's exe directroy as the ReShade installation directory
Thu Jun  8 03:07:25 PM MSK 2023 INFO - setShaderDest - Determining Shader destination directory SHADDESTDIR
Thu Jun  8 03:07:25 PM MSK 2023 INFO - setShaderDest - Using variable ABSGAMEEXEPATH for Shader destination directory '/mnt/ssd/SteamLibrary/steamapps/common/BioShock 2 Remastered/Build/Final'
Thu Jun  8 03:07:25 PM MSK 2023 INFO - setShaderDest - Using Shader destination directory '/mnt/ssd/SteamLibrary/steamapps/common/BioShock 2 Remastered/Build/Final'
Thu Jun  8 03:07:25 PM MSK 2023 INFO - setShaderDest - Shader destination directory is '/mnt/ssd/SteamLibrary/steamapps/common/BioShock 2 Remastered/Build/Final'
Thu Jun  8 03:07:25 PM MSK 2023 INFO - setFullGameExePath - Using SHADDESTDIR '/mnt/ssd/SteamLibrary/steamapps/common/BioShock 2 Remastered/Build/Final' for 'SHADDESTDIR'
Thu Jun  8 03:07:25 PM MSK 2023 INFO - openTrayIcon - Opening trayIcon:
Thu Jun  8 03:07:25 PM MSK 2023 INFO - prepareLaunch - sortGameArgs:
Thu Jun  8 03:07:25 PM MSK 2023 SKIP - sortGameArgs - Sorting the game arguments is disabled
Thu Jun  8 03:07:25 PM MSK 2023 INFO - prepareLaunch - AskSettings:
Thu Jun  8 03:07:25 PM MSK 2023 INFO - askSettings - Using game specific requester timeout '2'
Thu Jun  8 03:07:25 PM MSK 2023 INFO - askSettings - Opening Requester with timeout '2'
Thu Jun  8 03:07:25 PM MSK 2023 INFO - getGameTextFiles - Searching for at least one editable textfile in '/mnt/ssd/SteamLibrary/steamapps/compatdata/409720/pfx/drive_c/users/steamuser'
Thu Jun  8 03:07:25 PM MSK 2023 INFO - getRes - Detected screen resolution '2560x1440'
Thu Jun  8 03:07:25 PM MSK 2023 INFO - pollWinRes - Using GEOM '--geometry=1920x1080+0+0' from '/home/korsilyn/.config/steamtinkerlaunch/guicfgs/2560x1440/409720/SteamTinkerLaunch-OpenSettings.conf'
Thu Jun  8 03:07:25 PM MSK 2023 INFO - updateWinRes - Starting resolution-poll for '/home/korsilyn/.config/steamtinkerlaunch/guicfgs/2560x1440/409720/SteamTinkerLaunch-OpenSettings.conf' with incoming '1920x1080'
Thu Jun  8 03:07:25 PM MSK 2023 INFO - setShowPic - Determining game picture
Thu Jun  8 03:07:25 PM MSK 2023 INFO - setShowPic - Using '/home/korsilyn/.config/steamtinkerlaunch/games/header/409720.jpg' as game picture
Thu Jun  8 03:07:25 PM MSK 2023 INFO - updateWinRes - Waiting for Window 'SteamTinkerLaunch-OpenSettings'
Thu Jun  8 03:07:26 PM MSK 2023 INFO - getSteamDeckCompatInfo - Steam Deck compatibility rating file '/home/korsilyn/.config/steamtinkerlaunch/games/deckinfo/409720-deckcompatrating.json' already exists - not redownloading
Thu Jun  8 03:07:26 PM MSK 2023 INFO - getSteamDeckCompatInfo - Successfully retrieved Steam Deck compatility information - Stored to '/home/korsilyn/.config/steamtinkerlaunch/games/deckinfo/409720-deckcompatrating.json'
Thu Jun  8 03:07:26 PM MSK 2023 INFO - getSteamDeckCompatInfo - Successfully retrieved Steam Deck compatibility rating of 'Playable' for '409720'
Thu Jun  8 03:07:26 PM MSK 2023 INFO - getSteamDeckCompatInfo - Converting language tokens for Steam Deck compatibility criteria into SteamTinkerLaunch translated strings
Thu Jun  8 03:07:26 PM MSK 2023 INFO - getSteamDeckCompatInfo - Seems like no developer comments were left for this game - This is fine as most games don't have this, so skipping
Thu Jun  8 03:07:26 PM MSK 2023 INFO - getSteamDeckCompatInfo - Finished setting Steam Deck compatibility criteria strings
Thu Jun  8 03:07:26 PM MSK 2023 INFO - askSettings - Steam Deck compatibility rating string is '<b>Steam Deck Compatibility:</b> Playable &#128712;'
Thu Jun  8 03:07:26 PM MSK 2023 INFO - askSettings - Preparing to show Wait Requester
Thu Jun  8 03:07:26 PM MSK 2023 INFO - updateWinRes - Waiting for Window 'SteamTinkerLaunch-OpenSettings'
Thu Jun  8 03:07:27 PM MSK 2023 INFO - MainMenu - Preparing to load Main Menu
Thu Jun  8 03:07:27 PM MSK 2023 SKIP - createDLSpekList - Skipping looking for available SpecialK versions, because USESPECIALK is disabled
Thu Jun  8 03:07:27 PM MSK 2023 INFO - updateWinRes - Waiting for Window 'SteamTinkerLaunch-OpenSettings'
Thu Jun  8 03:07:28 PM MSK 2023 INFO - createDLReShadeList - Found the following 'ReShade' versions online '5.8.0!5.7.0!5.6.0'
Thu Jun  8 03:07:28 PM MSK 2023 INFO - prepareMenu - Opening Menu
Thu Jun  8 03:07:28 PM MSK 2023 INFO - loadCfg - '/home/korsilyn/.config/steamtinkerlaunch/global.conf' START
Thu Jun  8 03:07:28 PM MSK 2023 INFO - loadCfg - '/home/korsilyn/.config/steamtinkerlaunch/global.conf' STOP
Thu Jun  8 03:07:28 PM MSK 2023 INFO - loadCfg - '/home/korsilyn/.config/steamtinkerlaunch/gamecfgs/id/409720.conf' START
Thu Jun  8 03:07:28 PM MSK 2023 INFO - loadCfg - Loading game config '/home/korsilyn/.config/steamtinkerlaunch/gamecfgs/id/409720.conf'
Thu Jun  8 03:07:28 PM MSK 2023 INFO - migrateCfgOption - File '/home/korsilyn/.config/steamtinkerlaunch/dxvk/409720.conf' does not exist - nothing to do
Thu Jun  8 03:07:28 PM MSK 2023 INFO - loadCfg - '/home/korsilyn/.config/steamtinkerlaunch/gamecfgs/id/409720.conf' STOP
Thu Jun  8 03:07:28 PM MSK 2023 INFO - loadCfg - '/home/korsilyn/.config/steamtinkerlaunch/url.conf' START
Thu Jun  8 03:07:28 PM MSK 2023 INFO - loadCfg - '/home/korsilyn/.config/steamtinkerlaunch/url.conf' STOP
Thu Jun  8 03:07:28 PM MSK 2023 SKIP - updateConfigFile - Config file '/home/korsilyn/.config/steamtinkerlaunch/gamecfgs/id/409720.conf' already at version 'v12.12'
Thu Jun  8 03:07:28 PM MSK 2023 INFO - linkGameCfg - Symlink '/home/korsilyn/.config/steamtinkerlaunch/gamecfgs/title/BioShock 2 Remastered.conf' already exists
Thu Jun  8 03:07:28 PM MSK 2023 INFO - delEmptyFile - Removing empty file '/dev/shm/steamtinkerlaunch/ProtonCSV.txt'
Thu Jun  8 03:07:28 PM MSK 2023 INFO - createProtonList - Looking for available Proton versions
Thu Jun  8 03:07:28 PM MSK 2023 INFO - getAvailableProtonVersions - Initially creating an array with available Proton versions
Thu Jun  8 03:07:28 PM MSK 2023 INFO - getAvailableProtonVersions - Adding Proton versions found in STEAMCOMPATOOLS '/home/korsilyn/.local/share/Steam/compatibilitytools.d'
Thu Jun  8 03:07:28 PM MSK 2023 INFO - getAvailableProtonVersions - Adding Proton versions found in SYSSTEAMCOMPATOOLS '/usr/share/steam/compatibilitytools.d'
Thu Jun  8 03:07:28 PM MSK 2023 INFO - getAvailableProtonVersions - Found proton directory: '/usr/share/steam/compatibilitytools.d/proton-ge-custom/proton'
Thu Jun  8 03:07:28 PM MSK 2023 SKIP - fillProtonCSV - '"Proton-GE";"/usr/share/steam/compatibilitytools.d/proton-ge-custom/proton"' is already in the Proton array
Thu Jun  8 03:07:28 PM MSK 2023 INFO - getAvailableProtonVersions - Adding Proton versions found in additional SteamLibrary Paths
Thu Jun  8 03:07:28 PM MSK 2023 SKIP - updateWinRes - Timeout waiting for Window 'SteamTinkerLaunch-OpenSettings'
Thu Jun  8 03:07:28 PM MSK 2023 INFO - getAvailableProtonVersions - Adding Proton versions found in CUSTOMPROTONLIST '/home/korsilyn/.config/steamtinkerlaunch/protonlist.txt'
Thu Jun  8 03:07:28 PM MSK 2023 INFO - getAvailableProtonVersions - Checking line '' in '/home/korsilyn/.config/steamtinkerlaunch/protonlist.txt'
Thu Jun  8 03:07:28 PM MSK 2023 INFO - getAvailableProtonVersions - Removing invalid line '' from '/home/korsilyn/.config/steamtinkerlaunch/protonlist.txt'
Thu Jun  8 03:07:29 PM MSK 2023 INFO - createWineList - Updating the Wine Dropdown List
Thu Jun  8 03:07:29 PM MSK 2023 INFO - getGameTextFiles - Searching for at least one editable textfile in '/mnt/ssd/SteamLibrary/steamapps/compatdata/409720/pfx/drive_c/users/steamuser'
Thu Jun  8 03:07:29 PM MSK 2023 INFO - setShowPic - Determining game picture
Thu Jun  8 03:07:29 PM MSK 2023 INFO - setShowPic - Using '/home/korsilyn/.config/steamtinkerlaunch/games/header/409720.jpg' as game picture
Thu Jun  8 03:07:29 PM MSK 2023 INFO - setOPCustPath - Default path for custom exe file requester is '/home/korsilyn/Downloads/bs2rfix/FoFlingTrainerV25.7.exe'
Thu Jun  8 03:07:29 PM MSK 2023 INFO - getRes - Detected screen resolution '2560x1440'
Thu Jun  8 03:07:29 PM MSK 2023 INFO - pollWinRes - Using GEOM '--geometry=1920x1080+0+0' from '/home/korsilyn/.config/steamtinkerlaunch/guicfgs/2560x1440/409720/SteamTinkerLaunch-MainMenu.conf'
Thu Jun  8 03:07:29 PM MSK 2023 INFO - updateWinRes - Starting resolution-poll for '/home/korsilyn/.config/steamtinkerlaunch/guicfgs/2560x1440/409720/SteamTinkerLaunch-MainMenu.conf' with incoming '1920x1080'
Thu Jun  8 03:07:29 PM MSK 2023 INFO - updateWinRes - Waiting for Window 'SteamTinkerLaunch-MainMenu'
Thu Jun  8 03:07:29 PM MSK 2023 INFO - MainMenu - Game Info Gotten!
Thu Jun  8 03:07:29 PM MSK 2023 INFO - delEmptyFile - Removing empty file '/dev/shm/steamtinkerlaunch/ProtonCSV.txt'
Thu Jun  8 03:07:29 PM MSK 2023 INFO - createProtonList - Looking for available Proton versions
Thu Jun  8 03:07:29 PM MSK 2023 INFO - getAvailableProtonVersions - Initially creating an array with available Proton versions
Thu Jun  8 03:07:29 PM MSK 2023 INFO - getAvailableProtonVersions - Adding Proton versions found in STEAMCOMPATOOLS '/home/korsilyn/.local/share/Steam/compatibilitytools.d'
Thu Jun  8 03:07:29 PM MSK 2023 INFO - getAvailableProtonVersions - Adding Proton versions found in SYSSTEAMCOMPATOOLS '/usr/share/steam/compatibilitytools.d'
Thu Jun  8 03:07:29 PM MSK 2023 INFO - getAvailableProtonVersions - Found proton directory: '/usr/share/steam/compatibilitytools.d/proton-ge-custom/proton'
Thu Jun  8 03:07:29 PM MSK 2023 SKIP - fillProtonCSV - '"Proton-GE";"/usr/share/steam/compatibilitytools.d/proton-ge-custom/proton"' is already in the Proton array
Thu Jun  8 03:07:29 PM MSK 2023 INFO - getAvailableProtonVersions - Adding Proton versions found in additional SteamLibrary Paths
Thu Jun  8 03:07:29 PM MSK 2023 INFO - getAvailableProtonVersions - Adding Proton versions found in CUSTOMPROTONLIST '/home/korsilyn/.config/steamtinkerlaunch/protonlist.txt'
Thu Jun  8 03:07:29 PM MSK 2023 INFO - getAvailableProtonVersions - Checking line '' in '/home/korsilyn/.config/steamtinkerlaunch/protonlist.txt'
Thu Jun  8 03:07:29 PM MSK 2023 INFO - getAvailableProtonVersions - Removing invalid line '' from '/home/korsilyn/.config/steamtinkerlaunch/protonlist.txt'
Thu Jun  8 03:07:30 PM MSK 2023 INFO - updateWinRes - Waiting for Window 'SteamTinkerLaunch-MainMenu'
Thu Jun  8 03:07:31 PM MSK 2023 INFO - updateWinRes - Waiting for Window 'SteamTinkerLaunch-MainMenu'
Thu Jun  8 03:07:31 PM MSK 2023 INFO - MainMenu - Clicked '6' - 'GAME MENU'
Thu Jun  8 03:07:31 PM MSK 2023 INFO - MainMenu - exiting 'Settings Menu' and opening 'Game Menu'
Thu Jun  8 03:07:31 PM MSK 2023 INFO - prepareMenu - Opening Menu
Thu Jun  8 03:07:31 PM MSK 2023 INFO - loadCfg - '/home/korsilyn/.config/steamtinkerlaunch/global.conf' START
Thu Jun  8 03:07:31 PM MSK 2023 INFO - loadCfg - '/home/korsilyn/.config/steamtinkerlaunch/global.conf' STOP
Thu Jun  8 03:07:31 PM MSK 2023 INFO - loadCfg - '/home/korsilyn/.config/steamtinkerlaunch/gamecfgs/id/409720.conf' START
Thu Jun  8 03:07:31 PM MSK 2023 INFO - loadCfg - Loading game config '/home/korsilyn/.config/steamtinkerlaunch/gamecfgs/id/409720.conf'
Thu Jun  8 03:07:31 PM MSK 2023 INFO - migrateCfgOption - File '/home/korsilyn/.config/steamtinkerlaunch/dxvk/409720.conf' does not exist - nothing to do
Thu Jun  8 03:07:31 PM MSK 2023 INFO - loadCfg - '/home/korsilyn/.config/steamtinkerlaunch/gamecfgs/id/409720.conf' STOP
Thu Jun  8 03:07:31 PM MSK 2023 INFO - loadCfg - '/home/korsilyn/.config/steamtinkerlaunch/url.conf' START
Thu Jun  8 03:07:31 PM MSK 2023 INFO - loadCfg - '/home/korsilyn/.config/steamtinkerlaunch/url.conf' STOP
Thu Jun  8 03:07:31 PM MSK 2023 SKIP - updateConfigFile - Config file '/home/korsilyn/.config/steamtinkerlaunch/gamecfgs/id/409720.conf' already at version 'v12.12'
Thu Jun  8 03:07:31 PM MSK 2023 INFO - linkGameCfg - Symlink '/home/korsilyn/.config/steamtinkerlaunch/gamecfgs/title/BioShock 2 Remastered.conf' already exists
Thu Jun  8 03:07:31 PM MSK 2023 INFO - delEmptyFile - Removing empty file '/dev/shm/steamtinkerlaunch/ProtonCSV.txt'
Thu Jun  8 03:07:31 PM MSK 2023 INFO - createProtonList - Looking for available Proton versions
Thu Jun  8 03:07:31 PM MSK 2023 INFO - getAvailableProtonVersions - Initially creating an array with available Proton versions
Thu Jun  8 03:07:31 PM MSK 2023 INFO - getAvailableProtonVersions - Adding Proton versions found in STEAMCOMPATOOLS '/home/korsilyn/.local/share/Steam/compatibilitytools.d'
Thu Jun  8 03:07:31 PM MSK 2023 INFO - getAvailableProtonVersions - Adding Proton versions found in SYSSTEAMCOMPATOOLS '/usr/share/steam/compatibilitytools.d'
Thu Jun  8 03:07:31 PM MSK 2023 INFO - getAvailableProtonVersions - Found proton directory: '/usr/share/steam/compatibilitytools.d/proton-ge-custom/proton'
Thu Jun  8 03:07:31 PM MSK 2023 SKIP - fillProtonCSV - '"Proton-GE";"/usr/share/steam/compatibilitytools.d/proton-ge-custom/proton"' is already in the Proton array
Thu Jun  8 03:07:31 PM MSK 2023 INFO - getAvailableProtonVersions - Adding Proton versions found in additional SteamLibrary Paths
Thu Jun  8 03:07:31 PM MSK 2023 INFO - getAvailableProtonVersions - Adding Proton versions found in CUSTOMPROTONLIST '/home/korsilyn/.config/steamtinkerlaunch/protonlist.txt'
Thu Jun  8 03:07:31 PM MSK 2023 INFO - getAvailableProtonVersions - Checking line '' in '/home/korsilyn/.config/steamtinkerlaunch/protonlist.txt'
Thu Jun  8 03:07:31 PM MSK 2023 INFO - getAvailableProtonVersions - Removing invalid line '' from '/home/korsilyn/.config/steamtinkerlaunch/protonlist.txt'
Thu Jun  8 03:07:31 PM MSK 2023 INFO - createWineList - Updating the Wine Dropdown List
Thu Jun  8 03:07:31 PM MSK 2023 INFO - getGameTextFiles - Searching for at least one editable textfile in '/mnt/ssd/SteamLibrary/steamapps/compatdata/409720/pfx/drive_c/users/steamuser'
Thu Jun  8 03:07:31 PM MSK 2023 SKIP - updateConfigFile - Config file '/home/korsilyn/.config/steamtinkerlaunch/gamecfgs/id/409720.conf' already at version 'v12.12'
Thu Jun  8 03:07:31 PM MSK 2023 INFO - linkGameCfg - Symlink '/home/korsilyn/.config/steamtinkerlaunch/gamecfgs/title/BioShock 2 Remastered.conf' already exists
Thu Jun  8 03:07:31 PM MSK 2023 INFO - delEmptyFile - Removing empty file '/dev/shm/steamtinkerlaunch/ProtonCSV.txt'
Thu Jun  8 03:07:31 PM MSK 2023 INFO - createProtonList - Looking for available Proton versions
Thu Jun  8 03:07:31 PM MSK 2023 INFO - getAvailableProtonVersions - Initially creating an array with available Proton versions
Thu Jun  8 03:07:31 PM MSK 2023 INFO - getAvailableProtonVersions - Adding Proton versions found in STEAMCOMPATOOLS '/home/korsilyn/.local/share/Steam/compatibilitytools.d'
Thu Jun  8 03:07:31 PM MSK 2023 INFO - getAvailableProtonVersions - Adding Proton versions found in SYSSTEAMCOMPATOOLS '/usr/share/steam/compatibilitytools.d'
Thu Jun  8 03:07:31 PM MSK 2023 INFO - getAvailableProtonVersions - Found proton directory: '/usr/share/steam/compatibilitytools.d/proton-ge-custom/proton'
Thu Jun  8 03:07:31 PM MSK 2023 SKIP - fillProtonCSV - '"Proton-GE";"/usr/share/steam/compatibilitytools.d/proton-ge-custom/proton"' is already in the Proton array
Thu Jun  8 03:07:31 PM MSK 2023 INFO - getAvailableProtonVersions - Adding Proton versions found in additional SteamLibrary Paths
Thu Jun  8 03:07:31 PM MSK 2023 INFO - getAvailableProtonVersions - Adding Proton versions found in CUSTOMPROTONLIST '/home/korsilyn/.config/steamtinkerlaunch/protonlist.txt'
Thu Jun  8 03:07:31 PM MSK 2023 INFO - getAvailableProtonVersions - Checking line '' in '/home/korsilyn/.config/steamtinkerlaunch/protonlist.txt'
Thu Jun  8 03:07:31 PM MSK 2023 INFO - getAvailableProtonVersions - Removing invalid line '' from '/home/korsilyn/.config/steamtinkerlaunch/protonlist.txt'
Thu Jun  8 03:07:31 PM MSK 2023 INFO - createWineList - Updating the Wine Dropdown List
Thu Jun  8 03:07:31 PM MSK 2023 INFO - loadCfg - Loading game config '/home/korsilyn/.config/steamtinkerlaunch/gamecfgs/id/409720.conf'
Thu Jun  8 03:07:31 PM MSK 2023 INFO - migrateCfgOption - File '/home/korsilyn/.config/steamtinkerlaunch/dxvk/409720.conf' does not exist - nothing to do
Thu Jun  8 03:07:31 PM MSK 2023 INFO - getRes - Detected screen resolution '2560x1440'
Thu Jun  8 03:07:31 PM MSK 2023 INFO - pollWinRes - Using GEOM '--geometry=1920x1080+0+0' from '/home/korsilyn/.config/steamtinkerlaunch/guicfgs/2560x1440/409720/SteamTinkerLaunch-launchGameMenu.conf'
Thu Jun  8 03:07:31 PM MSK 2023 INFO - openMenu - Starting createMenu "/dev/shm/steamtinkerlaunch/menutemp/gamemenu" "launchGameMenu" "/home/korsilyn/.config/steamtinkerlaunch/games/header/409720.jpg" "EMPTY" "EMPTY" "Settings for game 'BioShock 2 Remastered (409720)'" "MainMenu" "MENU_GAME"
Thu Jun  8 03:07:31 PM MSK 2023 INFO - updateWinRes - Starting resolution-poll for '/home/korsilyn/.config/steamtinkerlaunch/guicfgs/2560x1440/409720/SteamTinkerLaunch-launchGameMenu.conf' with incoming '1920x1080'
Thu Jun  8 03:07:31 PM MSK 2023 INFO - createMenu - got '9' elements: '0 /dev/shm/steamtinkerlaunch/menutemp/gamemenu launchGameMenu /home/korsilyn/.config/steamtinkerlaunch/games/header/409720.jpg EMPTY EMPTY Settings for game 'BioShock 2 Remastered (409720)' MainMenu MENU_GAME'
Thu Jun  8 03:07:31 PM MSK 2023 INFO - updateWinRes - Waiting for Window 'SteamTinkerLaunch-launchGameMenu'
Thu Jun  8 03:07:31 PM MSK 2023 INFO - openMenu - Currently used tempfile is '/dev/shm/steamtinkerlaunch/menu.mlUqia1f'
Thu Jun  8 03:07:32 PM MSK 2023 SKIP - updateWinRes - Timeout waiting for Window 'SteamTinkerLaunch-MainMenu'
Thu Jun  8 03:07:32 PM MSK 2023 INFO - updateWinRes - Waiting for Window 'SteamTinkerLaunch-launchGameMenu'
Thu Jun  8 03:07:33 PM MSK 2023 INFO - updateWinRes - Waiting for Window 'SteamTinkerLaunch-launchGameMenu'
Thu Jun  8 03:07:34 PM MSK 2023 SKIP - updateWinRes - Timeout waiting for Window 'SteamTinkerLaunch-launchGameMenu'
Thu Jun  8 03:07:35 PM MSK 2023 INFO - openMenu - Clicked '8' - 'SAVE AND PLAY'
Thu Jun  8 03:07:35 PM MSK 2023 INFO - openMenu - exiting 'Favorite Menu' and opening 'Game Start'
Thu Jun  8 03:07:35 PM MSK 2023 INFO - openMenu - Saving config '/home/korsilyn/.config/steamtinkerlaunch/gamecfgs/id/409720.conf' and starting the game
Thu Jun  8 03:07:35 PM MSK 2023 INFO - saveMenuEntries - Saving changed Settings
Thu Jun  8 03:07:35 PM MSK 2023 INFO - saveMenuEntries - Clearing Results array with '0' elements
Thu Jun  8 03:07:35 PM MSK 2023 INFO - saveMenuEntries - Pulling values from tempfile '/dev/shm/steamtinkerlaunch/menu.mlUqia1f'
Thu Jun  8 03:07:35 PM MSK 2023 INFO - updateConfigEntry - Option 'WAITEDITOR' is updated with the new value '2' in config '409720.conf'
Thu Jun  8 03:07:35 PM MSK 2023 INFO - updateConfigEntry - Option 'USECUSTOMCMD' is updated with the new value '0' in config '409720.conf'
Thu Jun  8 03:07:37 PM MSK 2023 INFO - saveMenuEntries - Done with Saving changed Settings
Thu Jun  8 03:07:37 PM MSK 2023 INFO - startSteamGame - Starting game
Thu Jun  8 03:07:37 PM MSK 2023 INFO - goBackToPrevFunction - 'MainMenu' closed
Thu Jun  8 03:07:37 PM MSK 2023 INFO - prepareLaunch - Second LoadCfg after menus: /home/korsilyn/.config/steamtinkerlaunch/gamecfgs/id/409720.conf
Thu Jun  8 03:07:37 PM MSK 2023 INFO - loadCfg - '/home/korsilyn/.config/steamtinkerlaunch/gamecfgs/id/409720.conf' START
Thu Jun  8 03:07:37 PM MSK 2023 INFO - loadCfg - Loading game config '/home/korsilyn/.config/steamtinkerlaunch/gamecfgs/id/409720.conf'
Thu Jun  8 03:07:37 PM MSK 2023 INFO - migrateCfgOption - File '/home/korsilyn/.config/steamtinkerlaunch/dxvk/409720.conf' does not exist - nothing to do
Thu Jun  8 03:07:37 PM MSK 2023 INFO - loadCfg - '/home/korsilyn/.config/steamtinkerlaunch/gamecfgs/id/409720.conf' STOP
Thu Jun  8 03:07:37 PM MSK 2023 INFO - setDxvkVars - Exporting variable 'DXVK_FRAME_RATE=160' to limit game framerate
Thu Jun  8 03:07:37 PM MSK 2023 INFO - autoCollectionSettings - Searching collections for game '409720' in '/home/korsilyn/.local/share/Steam/userdata/1005184864/7/remote/sharedconfig.vdf'
Thu Jun  8 03:07:37 PM MSK 2023 SKIP - autoCollectionSettings - Global Config '' not found - skipping
Thu Jun  8 03:07:37 PM MSK 2023 SKIP - autoCollectionSettings - Collections Directory Config '' not found - skipping
Thu Jun  8 03:07:37 PM MSK 2023 INFO - prepareLaunch - sortGameArgs again, in case something changed above:
Thu Jun  8 03:07:37 PM MSK 2023 SKIP - sortGameArgs - Sorting the game arguments is disabled
Thu Jun  8 03:07:37 PM MSK 2023 INFO - prepareLaunch - symlinkSteamUser:
Thu Jun  8 03:07:37 PM MSK 2023 SKIP - symlinkSteamUser - Symlinking steamuser is disabled - Checking if a symlink needs to be reverted
Thu Jun  8 03:07:37 PM MSK 2023 SKIP - symlinkSteamUser - '/mnt/ssd/SteamLibrary/steamapps/compatdata/409720/pfx/drive_c/users/steamuser' is no symlink - nothing to do
Thu Jun  8 03:07:37 PM MSK 2023 INFO - prepareLaunch - restoreSteamUser:
Thu Jun  8 03:07:37 PM MSK 2023 INFO - restoreSteamUser - Using configured value 'none' for RESTORESTEAMUSER
Thu Jun  8 03:07:37 PM MSK 2023 INFO - restoreSteamUser - Restoration of steamuser data is disabled with RESTORESTEAMUSER being 'none
Thu Jun  8 03:07:37 PM MSK 2023 INFO - prepareLaunch - prepareProton:
Thu Jun  8 03:07:37 PM MSK 2023 INFO - delEmptyFile - Removing empty file '/dev/shm/steamtinkerlaunch/ProtonCSV.txt'
Thu Jun  8 03:07:37 PM MSK 2023 INFO - getProtPathFromCSV - Creating '/dev/shm/steamtinkerlaunch/ProtonCSV.txt'
Thu Jun  8 03:07:37 PM MSK 2023 INFO - getAvailableProtonVersions - Initially creating an array with available Proton versions
Thu Jun  8 03:07:37 PM MSK 2023 INFO - getAvailableProtonVersions - Adding Proton versions found in STEAMCOMPATOOLS '/home/korsilyn/.local/share/Steam/compatibilitytools.d'
Thu Jun  8 03:07:37 PM MSK 2023 INFO - getAvailableProtonVersions - Adding Proton versions found in SYSSTEAMCOMPATOOLS '/usr/share/steam/compatibilitytools.d'
Thu Jun  8 03:07:37 PM MSK 2023 INFO - getAvailableProtonVersions - Found proton directory: '/usr/share/steam/compatibilitytools.d/proton-ge-custom/proton'
Thu Jun  8 03:07:37 PM MSK 2023 SKIP - fillProtonCSV - '"Proton-GE";"/usr/share/steam/compatibilitytools.d/proton-ge-custom/proton"' is already in the Proton array
Thu Jun  8 03:07:37 PM MSK 2023 INFO - getAvailableProtonVersions - Adding Proton versions found in additional SteamLibrary Paths
Thu Jun  8 03:07:37 PM MSK 2023 INFO - getAvailableProtonVersions - Adding Proton versions found in CUSTOMPROTONLIST '/home/korsilyn/.config/steamtinkerlaunch/protonlist.txt'
Thu Jun  8 03:07:37 PM MSK 2023 INFO - getAvailableProtonVersions - Checking line '' in '/home/korsilyn/.config/steamtinkerlaunch/protonlist.txt'
Thu Jun  8 03:07:37 PM MSK 2023 INFO - getAvailableProtonVersions - Removing invalid line '' from '/home/korsilyn/.config/steamtinkerlaunch/protonlist.txt'
Thu Jun  8 03:07:37 PM MSK 2023 INFO - prepareLaunch - setLinGameVals :
Thu Jun  8 03:07:37 PM MSK 2023 INFO - prepareLaunch - CheckTweakLaunch:
Thu Jun  8 03:07:37 PM MSK 2023 INFO - prepareLaunch - checkXliveless:
Thu Jun  8 03:07:37 PM MSK 2023 INFO - prepareLaunch - chooseWinetricks:
Thu Jun  8 03:07:37 PM MSK 2023 INFO - chooseWinetricks - Using systemwide winetricks with version '20220411'
Thu Jun  8 03:07:37 PM MSK 2023 INFO - prepareLaunch - checkExtDeps:
Thu Jun  8 03:07:37 PM MSK 2023 INFO - prepareLaunch - checkExtDeps done
Thu Jun  8 03:07:37 PM MSK 2023 INFO - prepareLaunch - setWineVars:
Thu Jun  8 03:07:37 PM MSK 2023 INFO - prepareLaunch - CheckWinetricksLaunch:
Thu Jun  8 03:07:37 PM MSK 2023 INFO - prepareLaunch - CheckWineCfgLaunch:
Thu Jun  8 03:07:37 PM MSK 2023 WARN - checkWineCfgLaunch - Function was called but RUN_WINECFG ('0') was not enabled - skipping
Thu Jun  8 03:07:37 PM MSK 2023 INFO - prepareLaunch - CustomRegs:
Thu Jun  8 03:07:37 PM MSK 2023 INFO - prepareLaunch - TogWindows:
Thu Jun  8 03:07:37 PM MSK 2023 INFO - prepareLaunch - StateSteamWebHelper:
Thu Jun  8 03:07:37 PM MSK 2023 INFO - prepareLaunch - InstallReshade:
Thu Jun  8 03:07:37 PM MSK 2023 INFO - prepareLaunch - installDepth3DReshade:
Thu Jun  8 03:07:37 PM MSK 2023 INFO - prepareLaunch - checkReshade:
Thu Jun  8 03:07:37 PM MSK 2023 INFO - autoCollectionSettings - Searching collections for game '409720' in '/home/korsilyn/.local/share/Steam/userdata/1005184864/7/remote/sharedconfig.vdf'
Thu Jun  8 03:07:37 PM MSK 2023 SKIP - autoCollectionSettings - Global Config '' not found - skipping
Thu Jun  8 03:07:37 PM MSK 2023 SKIP - autoCollectionSettings - Collections Directory Config '' not found - skipping
Thu Jun  8 03:07:37 PM MSK 2023 INFO - setFullGameExePath - User did not enable 'CUSTOMCMDRESHADE' - Using the game's exe directroy as the ReShade installation directory
Thu Jun  8 03:07:37 PM MSK 2023 INFO - setFullGameExePath - Using SHADDESTDIR '/mnt/ssd/SteamLibrary/steamapps/common/BioShock 2 Remastered/Build/Final' for 'SHADDESTDIR'
Thu Jun  8 03:07:37 PM MSK 2023 INFO - prepareLaunch - useSpecialK:
Thu Jun  8 03:07:37 PM MSK 2023 INFO - setFullGameExePath - User did not enable 'CUSTOMCMDRESHADE' - Using the game's exe directroy as the ReShade installation directory
Thu Jun  8 03:07:37 PM MSK 2023 INFO - setFullGameExePath - Using SHADDESTDIR '/mnt/ssd/SteamLibrary/steamapps/common/BioShock 2 Remastered/Build/Final' for 'SPEKDDIR'
Thu Jun  8 03:07:37 PM MSK 2023 INFO - prepareLaunch - configureGeoElf:
Thu Jun  8 03:07:37 PM MSK 2023 INFO - setFullGameExePath - User did not enable 'CUSTOMCMDRESHADE' - Using the game's exe directroy as the ReShade installation directory
Thu Jun  8 03:07:37 PM MSK 2023 INFO - setFullGameExePath - Using SHADDESTDIR '/mnt/ssd/SteamLibrary/steamapps/common/BioShock 2 Remastered/Build/Final' for 'GEOELFDDIR'
Thu Jun  8 03:07:37 PM MSK 2023 INFO - prepareLaunch - ChooseShaders:
Thu Jun  8 03:07:37 PM MSK 2023 INFO - prepareLaunch - UseNyrnaz:
Thu Jun  8 03:07:37 PM MSK 2023 INFO - prepareLaunch - UseReplay:
Thu Jun  8 03:07:37 PM MSK 2023 INFO - prepareLaunch - CheckSBSVRLaunch:
Thu Jun  8 03:07:37 PM MSK 2023 INFO - prepareLaunch - checkMO2:
Thu Jun  8 03:07:37 PM MSK 2023 INFO - prepareLaunch - setNewRes:
Thu Jun  8 03:07:37 PM MSK 2023 INFO - getRes - Detected screen resolution '2560x1440'
Thu Jun  8 03:07:37 PM MSK 2023 INFO - prepareLaunch - customUserScriptStart:
Thu Jun  8 03:07:37 PM MSK 2023 INFO - prepareLaunch - redirectSCDP:
Thu Jun  8 03:07:37 PM MSK 2023 INFO - redirectSCDP - Using Proton version with minor version fix 'Proton-GE' for compatdata directory name
Thu Jun  8 03:07:37 PM MSK 2023 INFO - redirectSCDP - Using regular compatdata '/mnt/ssd/SteamLibrary/steamapps/compatdata/409720'
Thu Jun  8 03:07:37 PM MSK 2023 INFO - prepareLaunch - checkIGCSInjector:
Thu Jun  8 03:07:37 PM MSK 2023 INFO - prepareLaunch - checkOpenVRFSR:
Thu Jun  8 03:07:37 PM MSK 2023 INFO - prepareLaunch - CheckFWS:
Thu Jun  8 03:07:37 PM MSK 2023 INFO - loadCustomVars - Empty global config '/home/korsilyn/.config/steamtinkerlaunch/gamecfgs/customvars/global-custom-vars.conf' for user defined custom variables not loaded
Thu Jun  8 03:07:37 PM MSK 2023 INFO - loadCustomVars - Empty game-specific config '/home/korsilyn/.config/steamtinkerlaunch/gamecfgs/customvars/409720.conf' for user defined custom variables not loaded
Thu Jun  8 03:07:37 PM MSK 2023 INFO - prepareLaunch - CheckCustomLaunch:
Thu Jun  8 03:07:37 PM MSK 2023 SKIP - checkCustomLaunch - USECUSTOMCMD is '0' therefore skipping the custom program '/home/korsilyn/Downloads/bs2rfix/FoFlingTrainerV25.7.exe'
Thu Jun  8 03:07:37 PM MSK 2023 INFO - prepareLaunch - checkUUUPatchLaunch:
Thu Jun  8 03:07:37 PM MSK 2023 INFO - prepareLaunch - CheckStraceLaunch:
Thu Jun  8 03:07:37 PM MSK 2023 INFO - prepareLaunch - CheckNetMonLaunch:
Thu Jun  8 03:07:37 PM MSK 2023 INFO - prepareLaunch - checkWDIB:
Thu Jun  8 03:07:37 PM MSK 2023 INFO - prepareLaunch - checkPulse:
Thu Jun  8 03:07:37 PM MSK 2023 INFO - prepareLaunch - checkSteamAppIDFile:
Thu Jun  8 03:07:37 PM MSK 2023 INFO - checkSteamAppIDFile - STEAMAPPIDFILE is disabled and there's no '/mnt/ssd/SteamLibrary/steamapps/common/BioShock 2 Remastered/steam_appid.txt' - nothing to do
Thu Jun  8 03:07:37 PM MSK 2023 INFO - prepareLaunch - setCompatDataTitle:
Thu Jun  8 03:07:37 PM MSK 2023 INFO - setCompatDataTitle - Symlink /home/korsilyn/.config/steamtinkerlaunch/compatdata/BioShock 2 Remastered already exists
Thu Jun  8 03:07:37 PM MSK 2023 INFO - setCompatDataTitle - Symlink '/home/korsilyn/.config/steamtinkerlaunch/compatdata/BioShock 2 Remastered' already points to the correct directory '/mnt/ssd/SteamLibrary/steamapps/compatdata/409720'
Thu Jun  8 03:07:37 PM MSK 2023 SKIP - delayGameForCustomLaunch - Nothing to do
Thu Jun  8 03:07:37 PM MSK 2023 INFO - prepareLaunch - launchSteamGame:
Thu Jun  8 03:07:37 PM MSK 2023 INFO - launchSteamGame - Initial game command is 'waitforexitandrun /mnt/ssd/SteamLibrary/steamapps/common/BioShock 2 Remastered/Build/Final/Bioshock2HD.exe -nointro'
Thu Jun  8 03:07:37 PM MSK 2023 INFO - setSLRReap - No SLR provided from command line, attempting to fetch required SLR from current compatibility tool's 'toolmanifest.vdf'
Thu Jun  8 03:07:37 PM MSK 2023 INFO - getRequireToolAppidPath - Found tool manifest at '/usr/share/steam/compatibilitytools.d/proton-ge-custom/toolmanifest.vdf', attempting to get 'require_tool_appid' value...
Thu Jun  8 03:07:37 PM MSK 2023 INFO - getRequireToolAppidPath - Got 'require_tool_appid' from '/usr/share/steam/compatibilitytools.d/proton-ge-custom/toolmanifest.vdf' ('1628350') - Returning path to tool
Thu Jun  8 03:07:37 PM MSK 2023 INFO - getGameDir - Found matching App Manifest file for presumed entered AppID '1628350' - Manifest file is '/home/korsilyn/.local/share/Steam/steamapps/appmanifest_1628350.acf'
Thu Jun  8 03:07:37 PM MSK 2023 INFO - setSLRReap - '/home/korsilyn/.local/share/Steam/steamapps/common/SteamLinuxRuntime_sniper' exists - Path gotten from specified AppID looks valid
Thu Jun  8 03:07:37 PM MSK 2023 INFO - setSLRReap - Building Steam Linux Runtime command for Proton game
Thu Jun  8 03:07:37 PM MSK 2023 INFO - setSLRReap - Adding SLR '/home/korsilyn/.local/share/Steam/steamapps/common/SteamLinuxRuntime_sniper/_v2-entry-point --verb=waitforexitandrun --' to the launch command
Thu Jun  8 03:07:37 PM MSK 2023 INFO - gameArgs - Combined final game command line arguments: '-nointro'
Thu Jun  8 03:07:37 PM MSK 2023 INFO - launchSteamGame - Preparing proton command
Thu Jun  8 03:07:37 PM MSK 2023 INFO - setProtonCmd - Proton override enabled, so checking if it needs updated
Thu Jun  8 03:07:37 PM MSK 2023 INFO - delEmptyFile - Removing empty file '/dev/shm/steamtinkerlaunch/ProtonCSV.txt'
Thu Jun  8 03:07:37 PM MSK 2023 INFO - getProtPathFromCSV - Creating '/dev/shm/steamtinkerlaunch/ProtonCSV.txt'
Thu Jun  8 03:07:37 PM MSK 2023 INFO - getAvailableProtonVersions - Initially creating an array with available Proton versions
Thu Jun  8 03:07:37 PM MSK 2023 INFO - getAvailableProtonVersions - Adding Proton versions found in STEAMCOMPATOOLS '/home/korsilyn/.local/share/Steam/compatibilitytools.d'
Thu Jun  8 03:07:37 PM MSK 2023 INFO - getAvailableProtonVersions - Adding Proton versions found in SYSSTEAMCOMPATOOLS '/usr/share/steam/compatibilitytools.d'
Thu Jun  8 03:07:37 PM MSK 2023 INFO - getAvailableProtonVersions - Found proton directory: '/usr/share/steam/compatibilitytools.d/proton-ge-custom/proton'
Thu Jun  8 03:07:37 PM MSK 2023 SKIP - fillProtonCSV - '"Proton-GE";"/usr/share/steam/compatibilitytools.d/proton-ge-custom/proton"' is already in the Proton array
Thu Jun  8 03:07:37 PM MSK 2023 INFO - getAvailableProtonVersions - Adding Proton versions found in additional SteamLibrary Paths
Thu Jun  8 03:07:37 PM MSK 2023 INFO - getAvailableProtonVersions - Adding Proton versions found in CUSTOMPROTONLIST '/home/korsilyn/.config/steamtinkerlaunch/protonlist.txt'
Thu Jun  8 03:07:37 PM MSK 2023 INFO - getAvailableProtonVersions - Checking line '' in '/home/korsilyn/.config/steamtinkerlaunch/protonlist.txt'
Thu Jun  8 03:07:37 PM MSK 2023 INFO - getAvailableProtonVersions - Removing invalid line '' from '/home/korsilyn/.config/steamtinkerlaunch/protonlist.txt'
Thu Jun  8 03:07:37 PM MSK 2023 INFO - setRunProtonFromUseProton - Setting ORUNPROTON to '/usr/share/steam/compatibilitytools.d/proton-ge-custom/proton'
Thu Jun  8 03:07:37 PM MSK 2023 SKIP - setRunProtonFromUseProton - RUNPROTON '/usr/share/steam/compatibilitytools.d/proton-ge-custom/proton' hasn't changed
Thu Jun  8 03:07:37 PM MSK 2023 SKIP - fixSymlinks - Fixing Symlinks is not enabled
Thu Jun  8 03:07:37 PM MSK 2023 SKIP - unSymlink - Unsymlinking is not enabled
Thu Jun  8 03:07:37 PM MSK 2023 INFO - setProtonCmd - Prepending Proton 'Proton-GE' (='/usr/share/steam/compatibilitytools.d/proton-ge-custom/proton') to the command line '/mnt/ssd/SteamLibrary/steamapps/common/BioShock 2 Remastered/Build/Final/Bioshock2HD.exe'
Thu Jun  8 03:07:37 PM MSK 2023 INFO - setProtonCmd - UPDATED game start command is: /mnt/ssd/SteamLibrary/steamapps/common/BioShock 2 Remastered/Build/Final/Bioshock2HD.exe
Thu Jun  8 03:07:37 PM MSK 2023 INFO - setProtonCmd - Starting 'BioShock 2 Remastered (409720)' with Proton: 'Proton-GE' with 'gamemoderun'
Thu Jun  8 03:07:37 PM MSK 2023 INFO - launchSteamGame - Original incoming start command: 'waitforexitandrun /mnt/ssd/SteamLibrary/steamapps/common/BioShock 2 Remastered/Build/Final/Bioshock2HD.exe -nointro'
Thu Jun  8 03:07:37 PM MSK 2023 INFO - launchSteamGame - Final outgoing start command: '/usr/bin/gamemoderun /home/korsilyn/.local/share/Steam/steamapps/common/SteamLinuxRuntime_sniper/_v2-entry-point --verb=waitforexitandrun -- /usr/share/steam/compatibilitytools.d/proton-ge-custom/proton waitforexitandrun /mnt/ssd/SteamLibrary/steamapps/common/BioShock 2 Remastered/Build/Final/Bioshock2HD.exe -nointro'
Thu Jun  8 03:07:37 PM MSK 2023 INFO - loadCfg - '/home/korsilyn/.config/steamtinkerlaunch/meta/id/general/409720.conf' START
Thu Jun  8 03:07:37 PM MSK 2023 INFO - loadCfg - '/home/korsilyn/.config/steamtinkerlaunch/meta/id/general/409720.conf' STOP
Thu Jun  8 03:07:37 PM MSK 2023 INFO - startGame - Getting the Game Window name:
Thu Jun  8 03:07:37 PM MSK 2023 INFO - getGameWindowName - No gamewindow name stored in metadata '/home/korsilyn/.config/steamtinkerlaunch/meta/id/general/409720.conf' yet. Trying to find it now
Thu Jun  8 03:07:37 PM MSK 2023 INFO - startGame - Full start command is '/usr/bin/gamemoderun /home/korsilyn/.local/share/Steam/steamapps/common/SteamLinuxRuntime_sniper/_v2-entry-point --verb=waitforexitandrun -- /usr/share/steam/compatibilitytools.d/proton-ge-custom/proton waitforexitandrun /mnt/ssd/SteamLibrary/steamapps/common/BioShock 2 Remastered/Build/Final/Bioshock2HD.exe -nointro'
Thu Jun  8 03:07:37 PM MSK 2023 INFO - startGame - Rebuilding STEAM_COMPAT_TOOL_PATHS variable:
Thu Jun  8 03:07:37 PM MSK 2023 INFO - startGame - Adding RUNPROTON '/usr/share/steam/compatibilitytools.d/proton-ge-custom'
Thu Jun  8 03:07:37 PM MSK 2023 INFO - startGame - Adding '' because USESLR is enabled
Thu Jun  8 03:07:37 PM MSK 2023 INFO - startGame - Result: Set STEAM_COMPAT_TOOL_PATHS from '/home/korsilyn/.local/share/Steam/steamapps/common/Steamworks Shared:/home/korsilyn/.local/share/Steam/steamapps/common/SteamLinuxRuntime_sniper:/mnt/ssd/SteamLibrary/steamapps/common/SteamLinuxRuntime_soldier' to '/usr/share/steam/compatibilitytools.d/proton-ge-custom:'
Thu Jun  8 03:07:37 PM MSK 2023 INFO - startGame - ## ORIGINAL INCOMING LAUNCH COMMAND: 'waitforexitandrun /mnt/ssd/SteamLibrary/steamapps/common/BioShock 2 Remastered/Build/Final/Bioshock2HD.exe -nointro'
Thu Jun  8 03:07:37 PM MSK 2023 WAIT - getGameWindowPID - Sec 0/20 Game Window with pwd '/mnt/ssd/SteamLibrary/steamapps/common/BioShock 2 Remastered' not yet in front
Thu Jun  8 03:07:37 PM MSK 2023 INFO - startGame - ## STL LAUNCH COMMAND: '/usr/bin/gamemoderun /home/korsilyn/.local/share/Steam/steamapps/common/SteamLinuxRuntime_sniper/_v2-entry-point --verb=waitforexitandrun -- /usr/share/steam/compatibilitytools.d/proton-ge-custom/proton waitforexitandrun /mnt/ssd/SteamLibrary/steamapps/common/BioShock 2 Remastered/Build/Final/Bioshock2HD.exe -nointro'
Thu Jun  8 03:07:37 PM MSK 2023 INFO - startGame - ## GAMESTART HERE ###
Thu Jun  8 03:07:37 PM MSK 2023 INFO - restoreOrgVars - Restoring previously cleared Variables
Thu Jun  8 03:07:38 PM MSK 2023 WAIT - getGameWindowPID - Sec 1/20 Game Window with pwd '/mnt/ssd/SteamLibrary/steamapps/common/BioShock 2 Remastered' not yet in front
Thu Jun  8 03:07:39 PM MSK 2023 WAIT - getGameWindowPID - Sec 2/20 Game Window with pwd '/mnt/ssd/SteamLibrary/steamapps/common/BioShock 2 Remastered' not yet in front
Thu Jun  8 03:07:40 PM MSK 2023 WAIT - getGameWindowPID - Sec 3/20 Game Window with pwd '/mnt/ssd/SteamLibrary/steamapps/common/BioShock 2 Remastered' not yet in front
Thu Jun  8 03:07:41 PM MSK 2023 WAIT - getGameWindowPID - Sec 4/20 Game Window with pwd '/mnt/ssd/SteamLibrary/steamapps/common/BioShock 2 Remastered' not yet in front
Thu Jun  8 03:07:42 PM MSK 2023 WAIT - getGameWindowPID - Sec 5/20 Game Window with pwd '/mnt/ssd/SteamLibrary/steamapps/common/BioShock 2 Remastered' not yet in front
Thu Jun  8 03:07:43 PM MSK 2023 WAIT - getGameWindowPID - Sec 6/20 Game Window with pwd '/mnt/ssd/SteamLibrary/steamapps/common/BioShock 2 Remastered' not yet in front
Thu Jun  8 03:07:44 PM MSK 2023 WAIT - getGameWindowPID - Sec 7/20 Game Window with pwd '/mnt/ssd/SteamLibrary/steamapps/common/BioShock 2 Remastered' not yet in front
Thu Jun  8 03:07:45 PM MSK 2023 WAIT - getGameWindowPID - Sec 8/20 Game Window with pwd '/mnt/ssd/SteamLibrary/steamapps/common/BioShock 2 Remastered' not yet in front
Thu Jun  8 03:07:46 PM MSK 2023 WAIT - getGameWindowPID - Sec 9/20 Game Window with pwd '/mnt/ssd/SteamLibrary/steamapps/common/BioShock 2 Remastered' not yet in front
Thu Jun  8 03:07:47 PM MSK 2023 WAIT - getGameWindowPID - Sec 10/20 Game Window with pwd '/mnt/ssd/SteamLibrary/steamapps/common/BioShock 2 Remastered' not yet in front
Thu Jun  8 03:07:48 PM MSK 2023 WAIT - getGameWindowPID - Sec 11/20 Game Window with pwd '/mnt/ssd/SteamLibrary/steamapps/common/BioShock 2 Remastered' not yet in front
Thu Jun  8 03:07:49 PM MSK 2023 WAIT - getGameWindowPID - Sec 12/20 Game Window with pwd '/mnt/ssd/SteamLibrary/steamapps/common/BioShock 2 Remastered' not yet in front
Thu Jun  8 03:07:50 PM MSK 2023 WAIT - getGameWindowPID - Sec 13/20 Game Window with pwd '/mnt/ssd/SteamLibrary/steamapps/common/BioShock 2 Remastered' not yet in front
Thu Jun  8 03:07:51 PM MSK 2023 WAIT - getGameWindowPID - Sec 14/20 Game Window with pwd '/mnt/ssd/SteamLibrary/steamapps/common/BioShock 2 Remastered' not yet in front
Thu Jun  8 03:07:52 PM MSK 2023 WAIT - getGameWindowPID - Sec 15/20 Game Window with pwd '/mnt/ssd/SteamLibrary/steamapps/common/BioShock 2 Remastered' not yet in front
Thu Jun  8 03:07:53 PM MSK 2023 WAIT - getGameWindowPID - Sec 16/20 Game Window with pwd '/mnt/ssd/SteamLibrary/steamapps/common/BioShock 2 Remastered' not yet in front
Thu Jun  8 03:07:54 PM MSK 2023 WAIT - getGameWindowPID - Sec 17/20 Game Window with pwd '/mnt/ssd/SteamLibrary/steamapps/common/BioShock 2 Remastered' not yet in front
Thu Jun  8 03:07:55 PM MSK 2023 WAIT - getGameWindowPID - Sec 18/20 Game Window with pwd '/mnt/ssd/SteamLibrary/steamapps/common/BioShock 2 Remastered' not yet in front
Thu Jun  8 03:07:56 PM MSK 2023 WAIT - getGameWindowPID - Sec 19/20 Game Window with pwd '/mnt/ssd/SteamLibrary/steamapps/common/BioShock 2 Remastered' not yet in front
Thu Jun  8 03:07:57 PM MSK 2023 SKIP - getGameWindowPID - ERROR - timeout waiting for '/mnt/ssd/SteamLibrary/steamapps/common/BioShock 2 Remastered' window
Thu Jun  8 03:07:57 PM MSK 2023 SKIP - getGameWindowName - No valid game window PID found
Thu Jun  8 04:48:02 PM MSK 2023 INFO - startGame - Symlink '/home/korsilyn/.config/steamtinkerlaunch/logs/gamelaunch/title/BioShock 2 Remastered.log' already exists
Thu Jun  8 04:48:02 PM MSK 2023 ERROR - startGame - Could not determine pid of '/usr/share/steam/compatibilitytools.d/proton-ge-custom/files/bin/wineserver'
Thu Jun  8 04:48:02 PM MSK 2023 INFO - startGame - ## GAMESTOP after '6025' seconds playtime
Thu Jun  8 04:48:02 PM MSK 2023 STOP - ######### SteamTinkerLaunch v12.12 #########
Thu Jun  8 04:48:02 PM MSK 2023 STOP - ######### CLEANUP #########
Thu Jun  8 04:48:02 PM MSK 2023 INFO - closeSTL - closing STL
Thu Jun  8 04:48:02 PM MSK 2023 INFO - updateConfigEntry - Emptying 'CUSTOMCMD' for '/home/korsilyn/.config/steamtinkerlaunch/default_template.conf'
Thu Jun  8 04:48:02 PM MSK 2023 INFO - updateConfigEntry - Option 'CUSTOMCMD' is updated with the new value 'echo' in config 'default_template.conf'
Thu Jun  8 04:48:02 PM MSK 2023 INFO - closeSTL - Creating '/dev/shm/steamtinkerlaunch/steamtinkerlaunch-closing.tmp'
Thu Jun  8 04:48:02 PM MSK 2023 INFO - checkPlayTime - Playtime '6025' was longer than CRASHGUESS '60', not opening the requester
Thu Jun  8 04:48:02 PM MSK 2023 INFO - closeSTL - Game 'BioShock 2 Remastered (409720)' exited - cleaning up custom processes if necessary
Thu Jun  8 04:48:02 PM MSK 2023 INFO - closeTrayIcon - Closing TrayIcon '73673'
Thu Jun  8 04:48:03 PM MSK 2023 INFO - closeSTL - Removing '/dev/shm/steamtinkerlaunch/steamtinkerlaunch-closing.tmp'
Thu Jun  8 04:48:03 PM MSK 2023 STOP - ######### closeSTL SteamTinkerLaunch v12.12 #########
Thu Jun  8 04:48:03 PM MSK 2023 INFO - writeLastRun - Recreating /home/korsilyn/.config/steamtinkerlaunch/logs/steamtinkerlaunch/lastrun.txt
Thu Jun  8 04:48:03 PM MSK 2023 INFO - storeMetaData - Saving metadata for game 'BioShock 2 Remastered (409720)'
Thu Jun  8 04:48:03 PM MSK 2023 INFO - getArch - Architecture for '/mnt/ssd/SteamLibrary/steamapps/common/BioShock 2 Remastered/Build/Final/Bioshock2HD.exe' is 32bit
Thu Jun  8 04:48:03 PM MSK 2023 INFO - storeMetaData - Symlink '/home/korsilyn/.config/steamtinkerlaunch/meta/eval/title/evaluatorscript_BioShock 2 Remastered.vdf' already exists
