Mon Jun 17 01:24:35 AM MSK 2024 INFO - initAID - Set AID from STEAM_COMPAT_APP_ID to '311210'
Mon Jun 17 01:24:35 AM MSK 2024 INFO - initAID - Set OSCDP to STEAM_COMPAT_DATA_PATH '/mnt/hdd/SteamLibrary/steamapps/compatdata/311210'
Mon Jun 17 01:24:35 AM MSK 2024 INFO - loadLangFile - Language from command line is 'english'
Mon Jun 17 01:24:35 AM MSK 2024 INFO - loadLangFile - GLOBALSTLLANGDIR is '/usr/share/steamtinkerlaunch/lang'
Mon Jun 17 01:24:35 AM MSK 2024 INFO - loadLangFile - Command line language 'english' is no file - trying to find its absolute path
Mon Jun 17 01:24:35 AM MSK 2024 INFO - loadLangFile - Loading found system wide /usr/share/steamtinkerlaunch/lang/english.txt
Mon Jun 17 01:24:35 AM MSK 2024 INFO - getCurrentCommandline - No Proton in command line arguments 'runwinetricks'
Mon Jun 17 01:24:35 AM MSK 2024 INFO - saveOrgVars - Storing some original variables to restore them later
Mon Jun 17 01:24:35 AM MSK 2024 INFO - emptyVars - Emptied some original variables as they slowdown several system calls when started from steam
Mon Jun 17 01:24:35 AM MSK 2024 INFO - emptyVars - Set $PATH to '/usr/local/sbin:/usr/local/bin:/usr/bin:/usr/bin/site_perl:/usr/bin/vendor_perl:/usr/bin/core_perl:::'
Mon Jun 17 01:24:35 AM MSK 2024 START - ######### Initializing Game Launch 311210 using SteamTinkerLaunch v12.12 #########
Mon Jun 17 01:24:35 AM MSK 2024 INFO - main - Starting with a clean log
Mon Jun 17 01:24:35 AM MSK 2024 INFO - main - Start creating default configs
Mon Jun 17 01:24:35 AM MSK 2024 INFO - createDefaultCfgs - START
Mon Jun 17 01:24:36 AM MSK 2024 INFO - loadLanguage - First load the default language 'english' to make sure all variables are filled
Mon Jun 17 01:24:36 AM MSK 2024 INFO - loadLangFile - Language from command line is 'english'
Mon Jun 17 01:24:36 AM MSK 2024 INFO - loadLangFile - GLOBALSTLLANGDIR is '/usr/share/steamtinkerlaunch/lang'
Mon Jun 17 01:24:36 AM MSK 2024 INFO - loadLangFile - Command line language 'english' is no file - trying to find its absolute path
Mon Jun 17 01:24:36 AM MSK 2024 INFO - loadLangFile - Loading found system wide /usr/share/steamtinkerlaunch/lang/english.txt
Mon Jun 17 01:24:36 AM MSK 2024 INFO - loadLanguage - Loading STLLANG from '/home/korsilyn//.config/steamtinkerlaunch/global.conf'
Mon Jun 17 01:24:36 AM MSK 2024 INFO - loadLanguage - STLLANG from '/home/korsilyn//.config/steamtinkerlaunch/global.conf' is 'english'
Mon Jun 17 01:24:36 AM MSK 2024 INFO - createDefaultCfgs - setSteamPaths:
Mon Jun 17 01:24:36 AM MSK 2024 INFO - setSteamPaths - Reading Steam Path variables from '/dev/shm/steamtinkerlaunch/steampaths.txt'
Mon Jun 17 01:24:36 AM MSK 2024 INFO - getGameOS - Starting game OS detection
Mon Jun 17 01:24:36 AM MSK 2024 WARN - getGameOS - Could not extract the full game binary path from the incoming game launch command, so assuming this is a Windows game!
Mon Jun 17 01:24:36 AM MSK 2024 INFO - setWin - '' determined to be a Windows Game
Mon Jun 17 01:24:36 AM MSK 2024 INFO - createDefaultCfgs - createProtonList:
Mon Jun 17 01:24:36 AM MSK 2024 INFO - createDefaultCfgs - createProtonList end
Mon Jun 17 01:24:36 AM MSK 2024 INFO - listAllSettingsEntries - '/dev/shm/steamtinkerlaunch/setentries.txt' already exists - nothing to do
Mon Jun 17 01:24:36 AM MSK 2024 INFO - createDefaultCfgs - STOP
Mon Jun 17 01:24:36 AM MSK 2024 SKIP - listSteamLibraries - not recreating already available '/dev/shm/steamtinkerlaunch/SteamLibraries.txt'
Mon Jun 17 01:24:36 AM MSK 2024 INFO - setSteamLibraryPaths - STEAM_COMPAT_LIBRARY_PATHS set to '/mnt/hdd/SteamLibrary/steamapps:/home/korsilyn/.local/share/Steam/steamapps:/mnt/nvme/SteamLibrary/steamapps'
Mon Jun 17 01:24:36 AM MSK 2024 INFO - setSteamLibraryPaths - STEAM_COMPAT_MOUNTS set to '/home/korsilyn/.local/share/Steam/steamapps/common/Steamworks Shared:/home/korsilyn/.local/share/Steam/steamapps/common/SteamLinuxRuntime_sniper:/home/korsilyn/.local/share/Steam/steamapps/common/SteamLinuxRuntime_soldier:/mnt/hdd/SteamLibrary/steamapps/common/SteamLinuxRuntime_sniper:/mnt/nvme/SteamLibrary/steamapps/common/SteamLinuxRuntime_soldier'
Mon Jun 17 01:24:36 AM MSK 2024 INFO - setSteamLibraryPaths - STEAM_COMPAT_TOOL_PATHS set to '/home/korsilyn/.local/share/Steam/steamapps/common/Steamworks Shared:/home/korsilyn/.local/share/Steam/steamapps/common/SteamLinuxRuntime_sniper:/home/korsilyn/.local/share/Steam/steamapps/common/SteamLinuxRuntime_soldier:/mnt/hdd/SteamLibrary/steamapps/common/SteamLinuxRuntime_sniper:/mnt/nvme/SteamLibrary/steamapps/common/SteamLinuxRuntime_soldier'
Mon Jun 17 01:24:36 AM MSK 2024 INFO - main - Checking internal dependencies:
Mon Jun 17 01:24:36 AM MSK 2024 INFO - checkIntDeps - Result of version check for yad binary '/usr/bin/yad' is '13.0'
Mon Jun 17 01:24:36 AM MSK 2024 INFO - main - Initializing first Proton:
Mon Jun 17 01:24:36 AM MSK 2024 INFO - initOldProtonArr - Creating an initial array with available Proton versions using the file '/dev/shm/steamtinkerlaunch/ProtonCSV.txt' which was created during a previous run
Mon Jun 17 01:24:36 AM MSK 2024 INFO - initFirstProton - Initializing Proton
Mon Jun 17 01:24:36 AM MSK 2024 INFO - initFirstProton - Initial Proton version 'FIRSTUSEPROTON' from '/home/korsilyn//.config/steamtinkerlaunch/default_template.conf' is 'Proton-GE'
Mon Jun 17 01:24:36 AM MSK 2024 INFO - main - Initializing default window resolution
Mon Jun 17 01:24:36 AM MSK 2024 INFO - setInitWinXY - Using '1920x1080' from config '/dev/shm/steamtinkerlaunch/defres.txt'
Mon Jun 17 01:24:36 AM MSK 2024 INFO - main - Welcome to SteamTinkerLaunch
Mon Jun 17 01:24:36 AM MSK 2024 INFO - removeEmptyFiles - Removing empty files from '/home/korsilyn//.config/steamtinkerlaunch/games/appinfo'
Mon Jun 17 01:24:36 AM MSK 2024 INFO - removeEmptyFiles - Removing empty files from '/home/korsilyn//.config/steamtinkerlaunch/games/header'
Mon Jun 17 01:24:36 AM MSK 2024 INFO - main - Checking command line: incoming arguments 'runwinetricks'
Mon Jun 17 01:24:36 AM MSK 2024 INFO - commandline - Looks like we're getting an internal One-Time Winetricks call
Mon Jun 17 01:24:36 AM MSK 2024 INFO - oneTimeWinetricks - Getting Winetricks binary
Mon Jun 17 01:24:36 AM MSK 2024 INFO - chooseWinetricks - Using systemwide winetricks with version '20240105'
Mon Jun 17 01:24:36 AM MSK 2024 INFO - getWineBinFromProtPath - CHECKDNWINEF is a file -- '/usr/share/steam/compatibilitytools.d/proton-ge-custom/files/bin/wine' -- Looks like we have a GE-Proton here
Mon Jun 17 01:24:36 AM MSK 2024 INFO - oneTimeWinetricks - Running OneTime Winetricks for prefix '/mnt/hdd/SteamLibrary/steamapps/compatdata/311210/pfx'
Mon Jun 17 01:24:36 AM MSK 2024 INFO - updateWinRes - Waiting for Window 'SteamTinkerLaunch-OneTimeRunGui'
Mon Jun 17 01:24:37 AM MSK 2024 SKIP - updateWinRes - Timeout waiting for Window 'SteamTinkerLaunch-OneTimeRunGui'
Mon Jun 17 01:25:34 AM MSK 2024 INFO - OneTimeRunGui - Selected 'CANCEL' - Exiting
Mon Jun 17 01:25:35 AM MSK 2024 INFO - MainMenu - Clicked '16' - 'PLAY'
Mon Jun 17 01:25:35 AM MSK 2024 INFO - MainMenu - exiting 'Settings Menu' and opening 'Game'
Mon Jun 17 01:25:35 AM MSK 2024 INFO - startSteamGame - Starting game
Mon Jun 17 01:25:35 AM MSK 2024 INFO - goBackToPrevFunction - 'MainMenu' closed
Mon Jun 17 01:25:35 AM MSK 2024 INFO - prepareLaunch - Second LoadCfg after menus: /home/korsilyn//.config/steamtinkerlaunch/gamecfgs/id/311210.conf
Mon Jun 17 01:25:35 AM MSK 2024 INFO - loadCfg - '/home/korsilyn//.config/steamtinkerlaunch/gamecfgs/id/311210.conf' START
Mon Jun 17 01:25:35 AM MSK 2024 INFO - loadCfg - Loading game config '/home/korsilyn//.config/steamtinkerlaunch/gamecfgs/id/311210.conf'
Mon Jun 17 01:25:35 AM MSK 2024 INFO - migrateCfgOption - File '/home/korsilyn//.config/steamtinkerlaunch/dxvk/311210.conf' does not exist - nothing to do
Mon Jun 17 01:25:35 AM MSK 2024 INFO - loadCfg - '/home/korsilyn//.config/steamtinkerlaunch/gamecfgs/id/311210.conf' STOP
Mon Jun 17 01:25:35 AM MSK 2024 INFO - setDxvkVars - Exporting variable 'DXVK_FRAME_RATE=none' to limit game framerate
Mon Jun 17 01:25:35 AM MSK 2024 INFO - autoCollectionSettings - Searching collections for game '311210' in '/home/korsilyn/.local/share/Steam/userdata/1005184864/7/remote/sharedconfig.vdf'
Mon Jun 17 01:25:35 AM MSK 2024 SKIP - autoCollectionSettings - Global Config '' not found - skipping
Mon Jun 17 01:25:35 AM MSK 2024 SKIP - autoCollectionSettings - Collections Directory Config '' not found - skipping
Mon Jun 17 01:25:35 AM MSK 2024 INFO - prepareLaunch - sortGameArgs again, in case something changed above:
Mon Jun 17 01:25:35 AM MSK 2024 SKIP - sortGameArgs - Sorting the game arguments is disabled
Mon Jun 17 01:25:35 AM MSK 2024 INFO - prepareLaunch - symlinkSteamUser:
Mon Jun 17 01:25:35 AM MSK 2024 SKIP - symlinkSteamUser - Symlinking steamuser is disabled - Checking if a symlink needs to be reverted
Mon Jun 17 01:25:35 AM MSK 2024 SKIP - symlinkSteamUser - '/mnt/hdd/SteamLibrary/steamapps/compatdata/311210/pfx/drive_c/users/steamuser' is no symlink - nothing to do
Mon Jun 17 01:25:35 AM MSK 2024 INFO - prepareLaunch - restoreSteamUser:
Mon Jun 17 01:25:35 AM MSK 2024 INFO - restoreSteamUser - Using configured value 'ask-always' for RESTORESTEAMUSER
Mon Jun 17 01:25:35 AM MSK 2024 SKIP - restoreSteamUser - At least one of AID '311210', BACKUPSRC '/home/korsilyn//.config/steamtinkerlaunch/backup/steamuser/id/311210/steamuser/', SteamUserDir '/mnt/hdd/SteamLibrary/steamapps/compatdata/311210/pfx/drive_c/users/steamuser' is missing - can't start restoration of steamuser data
Mon Jun 17 01:25:35 AM MSK 2024 INFO - prepareLaunch - prepareProton:
Mon Jun 17 01:25:35 AM MSK 2024 INFO - prepareLaunch - setLinGameVals :
Mon Jun 17 01:25:35 AM MSK 2024 INFO - prepareLaunch - CheckTweakLaunch:
Mon Jun 17 01:25:35 AM MSK 2024 INFO - prepareLaunch - checkXliveless:
Mon Jun 17 01:25:35 AM MSK 2024 INFO - prepareLaunch - chooseWinetricks:
Mon Jun 17 01:25:35 AM MSK 2024 INFO - chooseWinetricks - Using systemwide winetricks with version '20240105'
Mon Jun 17 01:25:36 AM MSK 2024 INFO - prepareLaunch - checkExtDeps:
Mon Jun 17 01:25:36 AM MSK 2024 INFO - prepareLaunch - checkExtDeps done
Mon Jun 17 01:25:36 AM MSK 2024 INFO - prepareLaunch - setWineVars:
Mon Jun 17 01:25:36 AM MSK 2024 INFO - prepareLaunch - CheckWinetricksLaunch:
Mon Jun 17 01:25:36 AM MSK 2024 INFO - prepareLaunch - CheckWineCfgLaunch:
Mon Jun 17 01:25:36 AM MSK 2024 WARN - checkWineCfgLaunch - Function was called but RUN_WINECFG ('0') was not enabled - skipping
Mon Jun 17 01:25:36 AM MSK 2024 INFO - prepareLaunch - CustomRegs:
Mon Jun 17 01:25:36 AM MSK 2024 INFO - prepareLaunch - TogWindows:
Mon Jun 17 01:25:36 AM MSK 2024 INFO - prepareLaunch - StateSteamWebHelper:
Mon Jun 17 01:25:36 AM MSK 2024 INFO - prepareLaunch - InstallReshade:
Mon Jun 17 01:25:36 AM MSK 2024 INFO - prepareLaunch - installDepth3DReshade:
Mon Jun 17 01:25:36 AM MSK 2024 INFO - prepareLaunch - checkReshade:
Mon Jun 17 01:25:36 AM MSK 2024 INFO - autoCollectionSettings - Searching collections for game '311210' in '/home/korsilyn/.local/share/Steam/userdata/1005184864/7/remote/sharedconfig.vdf'
Mon Jun 17 01:25:36 AM MSK 2024 SKIP - autoCollectionSettings - Global Config '' not found - skipping
Mon Jun 17 01:25:36 AM MSK 2024 SKIP - autoCollectionSettings - Collections Directory Config '' not found - skipping
Mon Jun 17 01:25:36 AM MSK 2024 INFO - setFullGameExePath - User did not enable 'CUSTOMCMDRESHADE' - Using the game's exe directroy as the ReShade installation directory
Mon Jun 17 01:25:36 AM MSK 2024 INFO - setFullGameExePath - Using SHADDESTDIR '/mnt/hdd/SteamLibrary/steamapps/common/Call of Duty Black Ops III' for 'SHADDESTDIR'
Mon Jun 17 01:25:36 AM MSK 2024 INFO - prepareLaunch - useSpecialK:
Mon Jun 17 01:25:36 AM MSK 2024 INFO - setFullGameExePath - User did not enable 'CUSTOMCMDRESHADE' - Using the game's exe directroy as the ReShade installation directory
Mon Jun 17 01:25:36 AM MSK 2024 INFO - setFullGameExePath - Using SHADDESTDIR '/mnt/hdd/SteamLibrary/steamapps/common/Call of Duty Black Ops III' for 'SPEKDDIR'
Mon Jun 17 01:25:36 AM MSK 2024 INFO - prepareLaunch - configureGeoElf:
Mon Jun 17 01:25:36 AM MSK 2024 INFO - setFullGameExePath - User did not enable 'CUSTOMCMDRESHADE' - Using the game's exe directroy as the ReShade installation directory
Mon Jun 17 01:25:36 AM MSK 2024 INFO - setFullGameExePath - Using SHADDESTDIR '/mnt/hdd/SteamLibrary/steamapps/common/Call of Duty Black Ops III' for 'GEOELFDDIR'
Mon Jun 17 01:25:36 AM MSK 2024 INFO - prepareLaunch - ChooseShaders:
Mon Jun 17 01:25:36 AM MSK 2024 INFO - prepareLaunch - UseNyrnaz:
Mon Jun 17 01:25:36 AM MSK 2024 INFO - prepareLaunch - UseReplay:
Mon Jun 17 01:25:36 AM MSK 2024 INFO - prepareLaunch - CheckSBSVRLaunch:
Mon Jun 17 01:25:36 AM MSK 2024 INFO - prepareLaunch - checkMO2:
Mon Jun 17 01:25:36 AM MSK 2024 INFO - prepareLaunch - setNewRes:
Mon Jun 17 01:25:36 AM MSK 2024 INFO - getRes - Detected screen resolution '2560x1440'
Mon Jun 17 01:25:36 AM MSK 2024 INFO - prepareLaunch - customUserScriptStart:
Mon Jun 17 01:25:36 AM MSK 2024 INFO - prepareLaunch - redirectSCDP:
Mon Jun 17 01:25:36 AM MSK 2024 INFO - redirectSCDP - Using Proton version with minor version fix 'Proton-GE' for compatdata directory name
Mon Jun 17 01:25:36 AM MSK 2024 INFO - redirectSCDP - Using regular compatdata '/mnt/hdd/SteamLibrary/steamapps/compatdata/311210'
Mon Jun 17 01:25:36 AM MSK 2024 INFO - prepareLaunch - checkIGCSInjector:
Mon Jun 17 01:25:36 AM MSK 2024 INFO - prepareLaunch - checkOpenVRFSR:
Mon Jun 17 01:25:36 AM MSK 2024 INFO - prepareLaunch - CheckFWS:
Mon Jun 17 01:25:36 AM MSK 2024 INFO - loadCustomVars - Empty global config '/home/korsilyn//.config/steamtinkerlaunch/gamecfgs/customvars/global-custom-vars.conf' for user defined custom variables not loaded
Mon Jun 17 01:25:36 AM MSK 2024 INFO - loadCustomVars - Empty game-specific config '/home/korsilyn//.config/steamtinkerlaunch/gamecfgs/customvars/311210.conf' for user defined custom variables not loaded
Mon Jun 17 01:25:36 AM MSK 2024 INFO - prepareLaunch - CheckCustomLaunch:
Mon Jun 17 01:25:36 AM MSK 2024 SKIP - checkCustomLaunch - USECUSTOMCMD is '0' therefore skipping the custom program '/mnt/hdd/SteamLibrary/steamapps/common/Call of Duty Black Ops III/BlackOps3.exe'
Mon Jun 17 01:25:36 AM MSK 2024 INFO - prepareLaunch - checkUUUPatchLaunch:
Mon Jun 17 01:25:36 AM MSK 2024 INFO - prepareLaunch - CheckStraceLaunch:
Mon Jun 17 01:25:36 AM MSK 2024 INFO - prepareLaunch - CheckNetMonLaunch:
Mon Jun 17 01:25:36 AM MSK 2024 INFO - prepareLaunch - checkWDIB:
Mon Jun 17 01:25:36 AM MSK 2024 INFO - prepareLaunch - checkPulse:
Mon Jun 17 01:25:36 AM MSK 2024 INFO - prepareLaunch - checkSteamAppIDFile:
Mon Jun 17 01:25:36 AM MSK 2024 INFO - checkSteamAppIDFile - STEAMAPPIDFILE is disabled and there's no '/mnt/hdd/SteamLibrary/steamapps/common/Call of Duty Black Ops III/steam_appid.txt' - nothing to do
Mon Jun 17 01:25:36 AM MSK 2024 INFO - prepareLaunch - setCompatDataTitle:
Mon Jun 17 01:25:36 AM MSK 2024 INFO - setCompatDataTitle - Symlink /home/korsilyn//.config/steamtinkerlaunch/compatdata/Call of Duty Black Ops III already exists
Mon Jun 17 01:25:36 AM MSK 2024 INFO - setCompatDataTitle - Symlink '/home/korsilyn//.config/steamtinkerlaunch/compatdata/Call of Duty Black Ops III' already points to the correct directory '/mnt/hdd/SteamLibrary/steamapps/compatdata/311210'
Mon Jun 17 01:25:36 AM MSK 2024 SKIP - delayGameForCustomLaunch - Nothing to do
Mon Jun 17 01:25:36 AM MSK 2024 INFO - prepareLaunch - launchSteamGame:
Mon Jun 17 01:25:36 AM MSK 2024 INFO - launchSteamGame - Initial game command is 'waitforexitandrun /mnt/hdd/SteamLibrary/steamapps/common/Call of Duty Black Ops III/BlackOps3.exe'
Mon Jun 17 01:25:36 AM MSK 2024 INFO - setSLRReap - No SLR provided from command line, attempting to fetch required SLR from current compatibility tool's 'toolmanifest.vdf'
Mon Jun 17 01:25:36 AM MSK 2024 INFO - getRequireToolAppidPath - Found tool manifest at '/usr/share/steam/compatibilitytools.d/proton-ge-custom/toolmanifest.vdf', attempting to get 'require_tool_appid' value...
Mon Jun 17 01:25:36 AM MSK 2024 INFO - getRequireToolAppidPath - Got 'require_tool_appid' from '/usr/share/steam/compatibilitytools.d/proton-ge-custom/toolmanifest.vdf' ('1628350') - Returning path to tool
Mon Jun 17 01:25:36 AM MSK 2024 INFO - getGameDir - Found matching App Manifest file for presumed entered AppID '1628350' - Manifest file is '/home/korsilyn/.local/share/Steam/steamapps/appmanifest_1628350.acf'
Mon Jun 17 01:25:36 AM MSK 2024 INFO - setSLRReap - '/home/korsilyn/.local/share/Steam/steamapps/common/SteamLinuxRuntime_sniper' exists - Path gotten from specified AppID looks valid
Mon Jun 17 01:25:36 AM MSK 2024 INFO - setSLRReap - Building Steam Linux Runtime command for Proton game
Mon Jun 17 01:25:36 AM MSK 2024 INFO - setSLRReap - Adding SLR '/home/korsilyn/.local/share/Steam/steamapps/common/SteamLinuxRuntime_sniper/_v2-entry-point --verb=waitforexitandrun --' to the launch command
Mon Jun 17 01:25:36 AM MSK 2024 INFO - gameArgs - Game doesn't use any command line arguments
Mon Jun 17 01:25:36 AM MSK 2024 INFO - launchSteamGame - Preparing proton command
Mon Jun 17 01:25:36 AM MSK 2024 INFO - setProtonCmd - Proton override enabled, so checking if it needs updated
Mon Jun 17 01:25:36 AM MSK 2024 INFO - setRunProtonFromUseProton - Setting ORUNPROTON to '/usr/share/steam/compatibilitytools.d/proton-ge-custom/proton'
Mon Jun 17 01:25:36 AM MSK 2024 SKIP - setRunProtonFromUseProton - RUNPROTON '/usr/share/steam/compatibilitytools.d/proton-ge-custom/proton' hasn't changed
Mon Jun 17 01:25:36 AM MSK 2024 SKIP - fixSymlinks - Fixing Symlinks is not enabled
Mon Jun 17 01:25:36 AM MSK 2024 SKIP - unSymlink - Unsymlinking is not enabled
Mon Jun 17 01:25:36 AM MSK 2024 INFO - setProtonCmd - Prepending Proton 'Proton-GE' (='/usr/share/steam/compatibilitytools.d/proton-ge-custom/proton') to the command line '/mnt/hdd/SteamLibrary/steamapps/common/Call of Duty Black Ops III/BlackOps3.exe'
Mon Jun 17 01:25:36 AM MSK 2024 INFO - setProtonCmd - UPDATED game start command is: /mnt/hdd/SteamLibrary/steamapps/common/Call of Duty Black Ops III/BlackOps3.exe
Mon Jun 17 01:25:36 AM MSK 2024 INFO - setProtonCmd - Starting 'Call of Duty: Black Ops III (311210)' with Proton: 'Proton-GE'
Mon Jun 17 01:25:36 AM MSK 2024 INFO - launchSteamGame - Original incoming start command: 'waitforexitandrun /mnt/hdd/SteamLibrary/steamapps/common/Call of Duty Black Ops III/BlackOps3.exe'
Mon Jun 17 01:25:36 AM MSK 2024 INFO - launchSteamGame - Final outgoing start command: '/home/korsilyn/.local/share/Steam/steamapps/common/SteamLinuxRuntime_sniper/_v2-entry-point --verb=waitforexitandrun -- /usr/share/steam/compatibilitytools.d/proton-ge-custom/proton waitforexitandrun /mnt/hdd/SteamLibrary/steamapps/common/Call of Duty Black Ops III/BlackOps3.exe'
Mon Jun 17 01:25:36 AM MSK 2024 INFO - loadCfg - '/home/korsilyn//.config/steamtinkerlaunch/meta/id/general/311210.conf' START
Mon Jun 17 01:25:36 AM MSK 2024 INFO - loadCfg - '/home/korsilyn//.config/steamtinkerlaunch/meta/id/general/311210.conf' STOP
Mon Jun 17 01:25:36 AM MSK 2024 INFO - startGame - Getting the Game Window name:
Mon Jun 17 01:25:36 AM MSK 2024 INFO - getGameWindowName - No gamewindow name stored in metadata '/home/korsilyn//.config/steamtinkerlaunch/meta/id/general/311210.conf' yet. Trying to find it now
Mon Jun 17 01:25:36 AM MSK 2024 INFO - startGame - Full start command is '/home/korsilyn/.local/share/Steam/steamapps/common/SteamLinuxRuntime_sniper/_v2-entry-point --verb=waitforexitandrun -- /usr/share/steam/compatibilitytools.d/proton-ge-custom/proton waitforexitandrun /mnt/hdd/SteamLibrary/steamapps/common/Call of Duty Black Ops III/BlackOps3.exe'
Mon Jun 17 01:25:36 AM MSK 2024 INFO - startGame - Rebuilding STEAM_COMPAT_TOOL_PATHS variable:
Mon Jun 17 01:25:36 AM MSK 2024 INFO - startGame - Adding RUNPROTON '/usr/share/steam/compatibilitytools.d/proton-ge-custom'
Mon Jun 17 01:25:36 AM MSK 2024 INFO - startGame - Adding '' because USESLR is enabled
Mon Jun 17 01:25:36 AM MSK 2024 INFO - startGame - Result: Set STEAM_COMPAT_TOOL_PATHS from '/home/korsilyn/.local/share/Steam/steamapps/common/Steamworks Shared:/home/korsilyn/.local/share/Steam/steamapps/common/SteamLinuxRuntime_sniper:/home/korsilyn/.local/share/Steam/steamapps/common/SteamLinuxRuntime_soldier:/mnt/hdd/SteamLibrary/steamapps/common/SteamLinuxRuntime_sniper:/mnt/nvme/SteamLibrary/steamapps/common/SteamLinuxRuntime_soldier' to '/usr/share/steam/compatibilitytools.d/proton-ge-custom:'
Mon Jun 17 01:25:36 AM MSK 2024 INFO - startGame - ## ORIGINAL INCOMING LAUNCH COMMAND: 'waitforexitandrun /mnt/hdd/SteamLibrary/steamapps/common/Call of Duty Black Ops III/BlackOps3.exe'
Mon Jun 17 01:25:36 AM MSK 2024 WAIT - getGameWindowPID - Sec 0/20 Game Window with pwd '/mnt/hdd/SteamLibrary/steamapps/common/Call of Duty Black Ops III' not yet in front
Mon Jun 17 01:25:36 AM MSK 2024 INFO - startGame - ## STL LAUNCH COMMAND: '/home/korsilyn/.local/share/Steam/steamapps/common/SteamLinuxRuntime_sniper/_v2-entry-point --verb=waitforexitandrun -- /usr/share/steam/compatibilitytools.d/proton-ge-custom/proton waitforexitandrun /mnt/hdd/SteamLibrary/steamapps/common/Call of Duty Black Ops III/BlackOps3.exe'
Mon Jun 17 01:25:36 AM MSK 2024 INFO - startGame - ## GAMESTART HERE ###
Mon Jun 17 01:25:36 AM MSK 2024 INFO - restoreOrgVars - Restoring previously cleared Variables
Mon Jun 17 01:25:37 AM MSK 2024 WAIT - getGameWindowPID - Sec 1/20 Game Window with pwd '/mnt/hdd/SteamLibrary/steamapps/common/Call of Duty Black Ops III' not yet in front
Mon Jun 17 01:25:38 AM MSK 2024 WAIT - getGameWindowPID - Sec 2/20 Game Window with pwd '/mnt/hdd/SteamLibrary/steamapps/common/Call of Duty Black Ops III' not yet in front
Mon Jun 17 01:25:39 AM MSK 2024 WAIT - getGameWindowPID - Sec 3/20 Game Window with pwd '/mnt/hdd/SteamLibrary/steamapps/common/Call of Duty Black Ops III' not yet in front
Mon Jun 17 01:25:40 AM MSK 2024 WAIT - getGameWindowPID - Sec 4/20 Game Window with pwd '/mnt/hdd/SteamLibrary/steamapps/common/Call of Duty Black Ops III' not yet in front
Mon Jun 17 01:25:41 AM MSK 2024 WAIT - getGameWindowPID - Sec 5/20 Game Window with pwd '/mnt/hdd/SteamLibrary/steamapps/common/Call of Duty Black Ops III' not yet in front
Mon Jun 17 01:25:42 AM MSK 2024 WAIT - getGameWindowPID - Sec 6/20 Game Window with pwd '/mnt/hdd/SteamLibrary/steamapps/common/Call of Duty Black Ops III' not yet in front
Mon Jun 17 01:25:43 AM MSK 2024 WAIT - getGameWindowPID - Sec 7/20 Game Window with pwd '/mnt/hdd/SteamLibrary/steamapps/common/Call of Duty Black Ops III' not yet in front
Mon Jun 17 01:25:44 AM MSK 2024 WAIT - getGameWindowPID - Sec 8/20 Game Window with pwd '/mnt/hdd/SteamLibrary/steamapps/common/Call of Duty Black Ops III' not yet in front
Mon Jun 17 01:25:45 AM MSK 2024 WAIT - getGameWindowPID - Sec 9/20 Game Window with pwd '/mnt/hdd/SteamLibrary/steamapps/common/Call of Duty Black Ops III' not yet in front
Mon Jun 17 01:25:46 AM MSK 2024 WAIT - getGameWindowPID - Sec 10/20 Game Window with pwd '/mnt/hdd/SteamLibrary/steamapps/common/Call of Duty Black Ops III' not yet in front
Mon Jun 17 01:25:47 AM MSK 2024 WAIT - getGameWindowPID - Sec 11/20 Game Window with pwd '/mnt/hdd/SteamLibrary/steamapps/common/Call of Duty Black Ops III' not yet in front
Mon Jun 17 01:25:48 AM MSK 2024 WAIT - getGameWindowPID - Sec 12/20 Game Window with pwd '/mnt/hdd/SteamLibrary/steamapps/common/Call of Duty Black Ops III' not yet in front
Mon Jun 17 01:25:49 AM MSK 2024 WAIT - getGameWindowPID - Found PID '255072' for CWD '/mnt/hdd/SteamLibrary/steamapps/common/Call of Duty Black Ops III' with EXE '/run/host/usr/share/steam/compatibilitytools.d/proton-ge-custom/files/bin/wine64-preloader' - leaving loop
Mon Jun 17 01:25:49 AM MSK 2024 INFO - getGameWindowPID - Found PID '255072' for running exe '/run/host/usr/share/steam/compatibilitytools.d/proton-ge-custom/files/bin/wine64-preloader'
Mon Jun 17 01:25:49 AM MSK 2024 INFO - getGameWindowName - Found valid game window PID '255072'
Mon Jun 17 01:25:49 AM MSK 2024 INFO - getGameWinXIDFromPid - Found a controllable windowid
Mon Jun 17 01:25:49 AM MSK 2024 SKIP - getGameWinXIDFromPid - '0x6000001' height is less than 640 - this is very likely not the game window - skipping
