ERROR: ld.so: object '/home/korsilyn/.local/share/Steam/ubuntu12_32/gameoverlayrenderer.so' from LD_PRELOAD cannot be preloaded (wrong ELF class: ELFCLASS32): ignored.
ERROR: ld.so: object '/home/korsilyn/.local/share/Steam/ubuntu12_32/gameoverlayrenderer.so' from LD_PRELOAD cannot be preloaded (wrong ELF class: ELFCLASS32): ignored.
pressure-vessel-wrap[208620]: W: Not sharing path STEAM_COMPAT_TOOL_PATHS="...:/usr/share/steam/compatibilitytools.d/proton-ge-custom:..." with container because "/usr" is reserved by the container framework
[34mProtonFixes[208712] INFO: Running protonfixes[0m
[34mProtonFixes[208712] INFO: Running checks[0m
[34mProtonFixes[208712] INFO: All checks successful[0m
[34mProtonFixes[208712] INFO: Using global defaults for "Grand Theft Auto IV: The Complete Edition" (12210)[0m
[34mProtonFixes[208712] INFO: Using global protonfix for "Grand Theft Auto IV: The Complete Edition" (12210)[0m
[34mProtonFixes[208712] INFO: Checking if winetricks wmp11 is installed[0m
wine: using kernel write watches, use_kernel_writewatch 1.
fsync: up and running.
wine: using kernel write watches, use_kernel_writewatch 1.
wine: using kernel write watches, use_kernel_writewatch 1.
wine: using kernel write watches, use_kernel_writewatch 1.
wine: using kernel write watches, use_kernel_writewatch 1.
wine: using kernel write watches, use_kernel_writewatch 1.
wine: using kernel write watches, use_kernel_writewatch 1.
wine: using kernel write watches, use_kernel_writewatch 1.
wine: using kernel write watches, use_kernel_writewatch 1.
wine: using kernel write watches, use_kernel_writewatch 1.
wine: using kernel write watches, use_kernel_writewatch 1.
wine: using kernel write watches, use_kernel_writewatch 1.
wine: Call from 00006FFFFFC1CE87 to unimplemented function mfplat.dll.MFTRegister, aborting
wine: using kernel write watches, use_kernel_writewatch 1.
wine: using kernel write watches, use_kernel_writewatch 1.
wine: configuration in L"/mnt/nvme/SteamLibrary/steamapps/compatdata/12210/pfx" has been updated.
wine: using kernel write watches, use_kernel_writewatch 1.
wine: using kernel write watches, use_kernel_writewatch 1.
Setting breakpad minidump AppID = 12210
Steam_SetMinidumpSteamID:  Caching Steam ID:  76561198965450592 [API loaded no]
wine: using kernel write watches, use_kernel_writewatch 1.
wine: using kernel write watches, use_kernel_writewatch 1.
wine: using kernel write watches, use_kernel_writewatch 1.
wine: using kernel write watches, use_kernel_writewatch 1.
Missing interface adapter for SteamController008 UGC
wine: setpriority 3 for pid -1 failed: 3
wine: setpriority 3 for pid -1 failed: 3
wine: setpriority 3 for pid -1 failed: 3
wine: using kernel write watches, use_kernel_writewatch 1.
Fossilize INFO: Overriding serialization path: "/mnt/nvme/SteamLibrary/steamapps/shadercache/12210/fozpipelinesv6/steamapprun_pipeline_cache".
wine: setpriority 3 for pid -1 failed: 3
wine: setpriority 3 for pid -1 failed: 3
wine: setpriority 3 for pid -1 failed: 3
wine: setpriority 3 for pid -1 failed: 3
wine: setpriority 3 for pid -1 failed: 3
wine: setpriority 3 for pid -1 failed: 3
wine: setpriority 3 for pid -1 failed: 3
wine: setpriority 3 for pid -1 failed: 3
wine: setpriority 3 for pid -1 failed: 3
wine: setpriority 3 for pid -1 failed: 3
wine: using kernel write watches, use_kernel_writewatch 1.
wine: using kernel write watches, use_kernel_writewatch 1.
wine: using kernel write watches, use_kernel_writewatch 1.
Fossilize INFO: Overriding serialization path: "/mnt/nvme/SteamLibrary/steamapps/shadercache/12210/fozpipelinesv6/steamapprun_pipeline_cache".
wine: using kernel write watches, use_kernel_writewatch 1.
wine: using kernel write watches, use_kernel_writewatch 1.
wine: setpriority 0 for pid -1 failed: 3
wine: setpriority 0 for pid -1 failed: 3
wine: setpriority 0 for pid -1 failed: 3
wine: setpriority 0 for pid -1 failed: 3
wine: setpriority 0 for pid -1 failed: 3
wine: setpriority 0 for pid -1 failed: 3
wine: setpriority 0 for pid -1 failed: 3
wine: setpriority 0 for pid -1 failed: 3
wine: setpriority 0 for pid -1 failed: 3
wine: setpriority 0 for pid -1 failed: 3
wine: using kernel write watches, use_kernel_writewatch 1.
wine: using kernel write watches, use_kernel_writewatch 1.
wine: using kernel write watches, use_kernel_writewatch 1.
Fossilize INFO: Overriding serialization path: "/mnt/nvme/SteamLibrary/steamapps/shadercache/12210/fozpipelinesv6/steamapprun_pipeline_cache".
wine: setpriority -10 for pid -1 failed: 3
wine: setpriority -10 for pid -1 failed: 3
wine: setpriority -10 for pid -1 failed: 3
Missing interface adapter for SteamController007 UGC
Fossilize INFO: Overriding serialization path: "/mnt/nvme/SteamLibrary/steamapps/shadercache/12210/fozpipelinesv6/steamapprun_pipeline_cache".
wine: setpriority -1 for pid -1 failed: 3
wine: setpriority -1 for pid -1 failed: 3
wine: setpriority -1 for pid -1 failed: 3
wine: setpriority 2 for pid -1 failed: 3
wine: using kernel write watches, use_kernel_writewatch 1.
wine: setpriority -10 for pid -1 failed: 3
wine: setpriority -10 for pid -1 failed: 3
wine: setpriority -2 for pid -1 failed: 3
wine: setpriority -1 for pid -1 failed: 3
wine: setpriority -1 for pid -1 failed: 3
wine: setpriority -1 for pid -1 failed: 3
wine: setpriority -1 for pid -1 failed: 3
wine: using kernel write watches, use_kernel_writewatch 1.
wine: setpriority -1 for pid -1 failed: 3
Fossilize INFO: Overriding serialization path: "/mnt/nvme/SteamLibrary/steamapps/shadercache/12210/fozpipelinesv6/steamapprun_pipeline_cache".
wine: using kernel write watches, use_kernel_writewatch 1.
wine: using kernel write watches, use_kernel_writewatch 1.
wine: using kernel write watches, use_kernel_writewatch 1.
wine: setpriority 0 for pid -1 failed: 3
wine: setpriority 0 for pid -1 failed: 3
wine: setpriority 0 for pid -1 failed: 3
wine: setpriority 0 for pid -1 failed: 3
wine: setpriority 0 for pid -1 failed: 3
wine: setpriority 0 for pid -1 failed: 3
wine: setpriority 0 for pid -1 failed: 3
wine: setpriority 0 for pid -1 failed: 3
wine: setpriority 0 for pid -1 failed: 3
wine: setpriority 0 for pid -1 failed: 3
wine: setpriority -1 for pid -1 failed: 3
wine: using kernel write watches, use_kernel_writewatch 1.
wine: using kernel write watches, use_kernel_writewatch 1.
wine: using kernel write watches, use_kernel_writewatch 1.
Fossilize INFO: Overriding serialization path: "/mnt/nvme/SteamLibrary/steamapps/shadercache/12210/fozpipelinesv6/steamapprun_pipeline_cache".
Fossilize INFO: Overriding serialization path: "/mnt/nvme/SteamLibrary/steamapps/shadercache/12210/fozpipelinesv6/steamapprun_pipeline_cache".
wine: using kernel write watches, use_kernel_writewatch 1.
Fossilize INFO: Overriding serialization path: "/mnt/nvme/SteamLibrary/steamapps/shadercache/12210/fozpipelinesv6/steamapprun_pipeline_cache".
Fossilize INFO: Overriding serialization path: "/mnt/nvme/SteamLibrary/steamapps/shadercache/12210/fozpipelinesv6/steamapprun_pipeline_cache".
double free or corruption (!prev)
