ERROR: ld.so: object '/home/korsilyn/.local/share/Steam/ubuntu12_32/gameoverlayrenderer.so' from LD_PRELOAD cannot be preloaded (wrong ELF class: ELFCLASS32): ignored.
ERROR: ld.so: object '/home/korsilyn/.local/share/Steam/ubuntu12_32/gameoverlayrenderer.so' from LD_PRELOAD cannot be preloaded (wrong ELF class: ELFCLASS32): ignored.
pressure-vessel-wrap[47215]: W: Not sharing path STEAM_COMPAT_TOOL_PATHS="...:/usr/share/steam/compatibilitytools.d/proton-ge-custom:..." with container because "/usr" is reserved by the container framework
[34mProtonFixes[47306] INFO: Running protonfixes[0m
[34mProtonFixes[47306] INFO: Running checks[0m
[34mProtonFixes[47306] INFO: All checks successful[0m
[34mProtonFixes[47306] INFO: Using global defaults for "Tiny Tina's Wonderlands" (1286680)[0m
[34mProtonFixes[47306] INFO: No global protonfix found for "Tiny Tina's Wonderlands" (1286680)[0m
wine: using kernel write watches, use_kernel_writewatch 1.
fsync: up and running.
wine: using kernel write watches, use_kernel_writewatch 1.
wine: using kernel write watches, use_kernel_writewatch 1.
wine: using kernel write watches, use_kernel_writewatch 1.
wine: using kernel write watches, use_kernel_writewatch 1.
wine: using kernel write watches, use_kernel_writewatch 1.
wine: using kernel write watches, use_kernel_writewatch 1.
wine: using kernel write watches, use_kernel_writewatch 1.
wine: using kernel write watches, use_kernel_writewatch 1.
wine: using kernel write watches, use_kernel_writewatch 1.
Setting breakpad minidump AppID = 1286680
Steam_SetMinidumpSteamID:  Caching Steam ID:  76561198965450592 [API loaded no]
wine: using kernel write watches, use_kernel_writewatch 1.
wine: setpriority 2 for pid -1 failed: 3
Fossilize INFO: Overriding serialization path: "/mnt/nvme/SteamLibrary/steamapps/shadercache/1286680/fozpipelinesv6/steamapprun_pipeline_cache".
Fossilize INFO: Overriding serialization path: "/mnt/nvme/SteamLibrary/steamapps/shadercache/1286680/fozpipelinesv6/steamapprun_pipeline_cache".
wine: setpriority -10 for pid -1 failed: 3
wine: setpriority -10 for pid -1 failed: 3
wine: setpriority -10 for pid -1 failed: 3
pid 47319 != 47318, skipping destruction (fork without exec?)
