Wed Jun 12 02:39:04 MSK 2024 INFO - initAID - Set AID from STEAM_COMPAT_APP_ID to '12210'
Wed Jun 12 02:39:04 MSK 2024 INFO - initAID - Set OSCDP to STEAM_COMPAT_DATA_PATH '/mnt/nvme/SteamLibrary/steamapps/compatdata/12210'
Wed Jun 12 02:39:04 MSK 2024 INFO - loadLangFile - Language from command line is 'english'
Wed Jun 12 02:39:04 MSK 2024 INFO - loadLangFile - SYSTEMSTLCFGDIR is '/usr/share/steamtinkerlaunch'
Wed Jun 12 02:39:04 MSK 2024 INFO - loadLangFile - Command line language 'english' is no file - trying to find its absolute path
Wed Jun 12 02:39:04 MSK 2024 INFO - loadLangFile - Loading found system wide /usr/share/steamtinkerlaunch/lang//english.txt
Wed Jun 12 02:39:05 MSK 2024 INFO - getCurrentCommandline - No Proton in command line arguments 'waitforexitandrun /mnt/nvme/SteamLibrary/steamapps/common/Grand Theft Auto IV/GTAIV/PlayGTAIV.exe'
Wed Jun 12 02:39:05 MSK 2024 INFO - saveOrgVars - Storing some original variables to restore them later
Wed Jun 12 02:39:05 AM MSK 2024 INFO - emptyVars - Emptied some original variables as they slowdown several system calls when started from steam
Wed Jun 12 02:39:05 AM MSK 2024 INFO - emptyVars - Set $PATH to '/usr/local/sbin:/usr/local/bin:/usr/bin:/usr/bin/site_perl:/usr/bin/vendor_perl:/usr/bin/core_perl:'
Wed Jun 12 02:39:05 AM MSK 2024 START - ######### Initializing Game Launch 12210 using SteamTinkerLaunch v12.12 #########
Wed Jun 12 02:39:05 AM MSK 2024 INFO - main - Starting with a clean log
Wed Jun 12 02:39:05 AM MSK 2024 INFO - main - Start creating default configs
Wed Jun 12 02:39:05 AM MSK 2024 INFO - createDefaultCfgs - START
Wed Jun 12 02:39:05 AM MSK 2024 INFO - loadLanguage - First load the default language 'english' to make sure all variables are filled
Wed Jun 12 02:39:05 AM MSK 2024 INFO - loadLangFile - Language from command line is 'english'
Wed Jun 12 02:39:05 AM MSK 2024 INFO - loadLangFile - GLOBALSTLLANGDIR is '/usr/share/steamtinkerlaunch/lang'
Wed Jun 12 02:39:05 AM MSK 2024 INFO - loadLangFile - Command line language 'english' is no file - trying to find its absolute path
Wed Jun 12 02:39:05 AM MSK 2024 INFO - loadLangFile - Loading found system wide /usr/share/steamtinkerlaunch/lang/english.txt
Wed Jun 12 02:39:05 AM MSK 2024 INFO - loadLanguage - Loading STLLANG from '/home/korsilyn//.config/steamtinkerlaunch/global.conf'
Wed Jun 12 02:39:05 AM MSK 2024 INFO - loadLanguage - STLLANG from '/home/korsilyn//.config/steamtinkerlaunch/global.conf' is 'english'
Wed Jun 12 02:39:05 AM MSK 2024 INFO - createDefaultCfgs - setSteamPaths:
Wed Jun 12 02:39:05 AM MSK 2024 INFO - setSteamPaths - Reading Steam Path variables from '/dev/shm/steamtinkerlaunch/steampaths.txt'
Wed Jun 12 02:39:05 AM MSK 2024 INFO - getGameOS - Starting game OS detection
Wed Jun 12 02:39:05 AM MSK 2024 INFO - getGameOS - Making some checks on '/mnt/nvme/SteamLibrary/steamapps/common/Grand Theft Auto IV/GTAIV/PlayGTAIV.exe' to determine the OS version of the game
Wed Jun 12 02:39:05 AM MSK 2024 INFO - getGameOS - Looks like this is a Windows game!
Wed Jun 12 02:39:05 AM MSK 2024 INFO - setWin - 'PlayGTAIV' determined to be a Windows Game
Wed Jun 12 02:39:05 AM MSK 2024 INFO - createDefaultCfgs - createProtonList:
Wed Jun 12 02:39:06 AM MSK 2024 INFO - createDefaultCfgs - createProtonList end
Wed Jun 12 02:39:06 AM MSK 2024 INFO - listAllSettingsEntries - '/dev/shm/steamtinkerlaunch/setentries.txt' already exists - nothing to do
Wed Jun 12 02:39:06 AM MSK 2024 INFO - createDefaultCfgs - STOP
Wed Jun 12 02:39:06 AM MSK 2024 SKIP - listSteamLibraries - not recreating already available '/dev/shm/steamtinkerlaunch/SteamLibraries.txt'
Wed Jun 12 02:39:06 AM MSK 2024 INFO - setSteamLibraryPaths - STEAM_COMPAT_LIBRARY_PATHS set to '/mnt/nvme/SteamLibrary/steamapps:/home/korsilyn/.local/share/Steam/steamapps:/mnt/hdd/SteamLibrary/steamapps'
Wed Jun 12 02:39:06 AM MSK 2024 INFO - setSteamLibraryPaths - STEAM_COMPAT_MOUNTS set to '/home/korsilyn/.local/share/Steam/steamapps/common/Steamworks Shared:/home/korsilyn/.local/share/Steam/steamapps/common/SteamLinuxRuntime_sniper:/home/korsilyn/.local/share/Steam/steamapps/common/SteamLinuxRuntime_soldier:/mnt/hdd/SteamLibrary/steamapps/common/SteamLinuxRuntime_sniper:/mnt/nvme/SteamLibrary/steamapps/common/SteamLinuxRuntime_soldier'
Wed Jun 12 02:39:06 AM MSK 2024 INFO - setSteamLibraryPaths - STEAM_COMPAT_TOOL_PATHS set to '/home/korsilyn/.local/share/Steam/steamapps/common/Steamworks Shared:/home/korsilyn/.local/share/Steam/steamapps/common/SteamLinuxRuntime_sniper:/home/korsilyn/.local/share/Steam/steamapps/common/SteamLinuxRuntime_soldier:/mnt/hdd/SteamLibrary/steamapps/common/SteamLinuxRuntime_sniper:/mnt/nvme/SteamLibrary/steamapps/common/SteamLinuxRuntime_soldier'
Wed Jun 12 02:39:06 AM MSK 2024 INFO - main - Checking internal dependencies:
Wed Jun 12 02:39:06 AM MSK 2024 INFO - setAwkBin - Found 'gawk' as an 'awk' variant. It should work without any issues, because 'gawk' was tested completely
Wed Jun 12 02:39:06 AM MSK 2024 INFO - checkIntDeps - Result of version check for yad binary '/usr/bin/yad' is '13.0'
Wed Jun 12 02:39:06 AM MSK 2024 INFO - main - Initializing first Proton:
Wed Jun 12 02:39:06 AM MSK 2024 INFO - initOldProtonArr - Creating an initial array with available Proton versions using the file '/dev/shm/steamtinkerlaunch/ProtonCSV.txt' which was created during a previous run
Wed Jun 12 02:39:06 AM MSK 2024 INFO - initFirstProton - Initializing Proton
Wed Jun 12 02:39:06 AM MSK 2024 INFO - initFirstProton - Initial Proton version 'FIRSTUSEPROTON' from '/home/korsilyn//.config/steamtinkerlaunch/default_template.conf' is 'Proton-GE'
Wed Jun 12 02:39:06 AM MSK 2024 INFO - main - Initializing default window resolution
Wed Jun 12 02:39:06 AM MSK 2024 INFO - setInitWinXY - Using '1920x1080' from config '/dev/shm/steamtinkerlaunch/defres.txt'
Wed Jun 12 02:39:06 AM MSK 2024 INFO - main - Welcome to SteamTinkerLaunch
Wed Jun 12 02:39:06 AM MSK 2024 INFO - removeEmptyFiles - Removing empty files from '/home/korsilyn//.config/steamtinkerlaunch/games/appinfo'
Wed Jun 12 02:39:06 AM MSK 2024 INFO - removeEmptyFiles - Removing empty files from '/home/korsilyn//.config/steamtinkerlaunch/games/header'
Wed Jun 12 02:39:06 AM MSK 2024 INFO - main - Checking command line: incoming arguments 'waitforexitandrun /mnt/nvme/SteamLibrary/steamapps/common/Grand Theft Auto IV/GTAIV/PlayGTAIV.exe'
Wed Jun 12 02:39:06 AM MSK 2024 SKIP - getGameOS - ISGAME is already set to '2' - nothing to determine
Wed Jun 12 02:39:06 AM MSK 2024 INFO - linkLog - Symlink '/home/korsilyn//.config/steamtinkerlaunch/logs/steamtinkerlaunch/title/Grand Theft Auto IV.log' already exists
Wed Jun 12 02:39:06 AM MSK 2024 START - ######### Game Launch: Grand Theft Auto IV: The Complete Edition (12210) #########
Wed Jun 12 02:39:06 AM MSK 2024 INFO - prepareLaunch - Game launch args '/mnt/nvme/SteamLibrary/steamapps/common/Grand Theft Auto IV/GTAIV/PlayGTAIV.exe'
Wed Jun 12 02:39:06 AM MSK 2024 INFO - prepareLaunch - Gamedir '/mnt/nvme/SteamLibrary/steamapps/common/Grand Theft Auto IV'
Wed Jun 12 02:39:06 AM MSK 2024 INFO - prepareLaunch - Proton wineprefix '/mnt/nvme/SteamLibrary/steamapps/compatdata/12210/pfx'
Wed Jun 12 02:39:06 AM MSK 2024 INFO - prepareLaunch -------------------
Wed Jun 12 02:39:06 AM MSK 2024 INFO - prepareLaunch - CreateGameCfg:
Wed Jun 12 02:39:06 AM MSK 2024 SKIP - updateConfigFile - Config file '/home/korsilyn//.config/steamtinkerlaunch/gamecfgs/id/12210.conf' already at version 'v12.12'
Wed Jun 12 02:39:06 AM MSK 2024 INFO - linkGameCfg - Symlink '/home/korsilyn//.config/steamtinkerlaunch/gamecfgs/title/Grand Theft Auto IV.conf' already exists
Wed Jun 12 02:39:06 AM MSK 2024 INFO - prepareLaunch - First LoadCfg: /home/korsilyn//.config/steamtinkerlaunch/gamecfgs/id/12210.conf
Wed Jun 12 02:39:06 AM MSK 2024 INFO - loadCfg - '/home/korsilyn//.config/steamtinkerlaunch/gamecfgs/id/12210.conf' START
Wed Jun 12 02:39:06 AM MSK 2024 INFO - loadCfg - Loading game config '/home/korsilyn//.config/steamtinkerlaunch/gamecfgs/id/12210.conf'
Wed Jun 12 02:39:06 AM MSK 2024 INFO - migrateCfgOption - File '/home/korsilyn//.config/steamtinkerlaunch/dxvk/12210.conf' does not exist - nothing to do
Wed Jun 12 02:39:06 AM MSK 2024 INFO - loadCfg - '/home/korsilyn//.config/steamtinkerlaunch/gamecfgs/id/12210.conf' STOP
Wed Jun 12 02:39:07 AM MSK 2024 SKIP - autoBumpReShade - '5.4.2' is the latest version of 'ReShade' - not updating
Wed Jun 12 02:39:07 AM MSK 2024 INFO - prepareLaunch - Initial Proton version from the game config: 'Proton-GE'
Wed Jun 12 02:39:07 AM MSK 2024 INFO - prepareLaunch - Initializing internal Proton Vars for 'Proton-GE' using setNewProtVars
Wed Jun 12 02:39:07 AM MSK 2024 INFO - setNewProtVars - Setting new Proton Variables based on '/usr/share/steam/compatibilitytools.d/proton-ge-custom/proton'
Wed Jun 12 02:39:07 AM MSK 2024 INFO - setNewProtVars - Continuing with RUNPROTON='/usr/share/steam/compatibilitytools.d/proton-ge-custom/proton'
Wed Jun 12 02:39:07 AM MSK 2024 INFO - setRunWineServer - Initiated from 'setNewProtVars'
Wed Jun 12 02:39:07 AM MSK 2024 INFO - setRunWineServer - Set the wine binary for proton in path '/usr/share/steam/compatibilitytools.d/proton-ge-custom/proton'
Wed Jun 12 02:39:07 AM MSK 2024 INFO - setRunWineServer - to '/usr/share/steam/compatibilitytools.d/proton-ge-custom/files/bin/wine'
Wed Jun 12 02:39:07 AM MSK 2024 INFO - setRunWineServer - and wineserver to '/usr/share/steam/compatibilitytools.d/proton-ge-custom/files/bin/wineserver'
Wed Jun 12 02:39:07 AM MSK 2024 INFO - prepareLaunch - OpenTrayIcon:
Wed Jun 12 02:39:07 AM MSK 2024 INFO - autoCollectionSettings - Searching collections for game '12210' in '/home/korsilyn/.local/share/Steam/userdata/1005184864/7/remote/sharedconfig.vdf'
Wed Jun 12 02:39:07 AM MSK 2024 SKIP - autoCollectionSettings - Global Config '' not found - skipping
Wed Jun 12 02:39:07 AM MSK 2024 SKIP - autoCollectionSettings - Collections Directory Config '' not found - skipping
Wed Jun 12 02:39:07 AM MSK 2024 INFO - setFullGameExePath - User did not enable 'CUSTOMCMDRESHADE' - Using the game's exe directroy as the ReShade installation directory
Wed Jun 12 02:39:07 AM MSK 2024 INFO - setShaderDest - Determining Shader destination directory SHADDESTDIR
Wed Jun 12 02:39:07 AM MSK 2024 INFO - setShaderDest - Using variable ABSGAMEEXEPATH for Shader destination directory '/mnt/nvme/SteamLibrary/steamapps/common/Grand Theft Auto IV/GTAIV'
Wed Jun 12 02:39:07 AM MSK 2024 INFO - setShaderDest - Using Shader destination directory '/mnt/nvme/SteamLibrary/steamapps/common/Grand Theft Auto IV/GTAIV'
Wed Jun 12 02:39:07 AM MSK 2024 INFO - setShaderDest - Shader destination directory is '/mnt/nvme/SteamLibrary/steamapps/common/Grand Theft Auto IV/GTAIV'
Wed Jun 12 02:39:07 AM MSK 2024 INFO - setFullGameExePath - Using SHADDESTDIR '/mnt/nvme/SteamLibrary/steamapps/common/Grand Theft Auto IV/GTAIV' for 'SHADDESTDIR'
Wed Jun 12 02:39:07 AM MSK 2024 INFO - openTrayIcon - Opening trayIcon:
Wed Jun 12 02:39:07 AM MSK 2024 INFO - prepareLaunch - sortGameArgs:
Wed Jun 12 02:39:07 AM MSK 2024 SKIP - sortGameArgs - Sorting the game arguments is disabled
Wed Jun 12 02:39:07 AM MSK 2024 INFO - prepareLaunch - AskSettings:
Wed Jun 12 02:39:07 AM MSK 2024 INFO - askSettings - Using game specific requester timeout '2'
Wed Jun 12 02:39:07 AM MSK 2024 INFO - askSettings - Opening Requester with timeout '2'
Wed Jun 12 02:39:07 AM MSK 2024 INFO - getGameTextFiles - Searching for at least one editable textfile in '/mnt/nvme/SteamLibrary/steamapps/compatdata/12210/pfx/drive_c/users/steamuser'
Wed Jun 12 02:39:07 AM MSK 2024 INFO - getRes - Detected screen resolution '2560x1440'
Wed Jun 12 02:39:07 AM MSK 2024 INFO - pollWinRes - Using GEOM '--geometry=1920x1080+0+0' from '/home/korsilyn//.config/steamtinkerlaunch/guicfgs/2560x1440/12210/SteamTinkerLaunch-OpenSettings.conf'
Wed Jun 12 02:39:07 AM MSK 2024 INFO - updateWinRes - Starting resolution-poll for '/home/korsilyn//.config/steamtinkerlaunch/guicfgs/2560x1440/12210/SteamTinkerLaunch-OpenSettings.conf' with incoming '1920x1080'
Wed Jun 12 02:39:07 AM MSK 2024 INFO - setShowPic - Determining game picture
Wed Jun 12 02:39:07 AM MSK 2024 INFO - setShowPic - Using '/home/korsilyn//.config/steamtinkerlaunch/games/header/12210.jpg' as game picture
Wed Jun 12 02:39:07 AM MSK 2024 INFO - updateWinRes - Waiting for Window 'SteamTinkerLaunch-OpenSettings'
Wed Jun 12 02:39:07 AM MSK 2024 INFO - getSteamDeckCompatInfo - Steam Deck compatibility rating file '/home/korsilyn//.config/steamtinkerlaunch/games/deckinfo/12210-deckcompatrating.json' already exists - not redownloading
Wed Jun 12 02:39:07 AM MSK 2024 INFO - getSteamDeckCompatInfo - Successfully retrieved Steam Deck compatility information - Stored to '/home/korsilyn//.config/steamtinkerlaunch/games/deckinfo/12210-deckcompatrating.json'
Wed Jun 12 02:39:07 AM MSK 2024 INFO - getSteamDeckCompatInfo - Successfully retrieved Steam Deck compatibility rating of 'Playable' for '12210'
Wed Jun 12 02:39:07 AM MSK 2024 INFO - getSteamDeckCompatInfo - Converting language tokens for Steam Deck compatibility criteria into SteamTinkerLaunch translated strings
Wed Jun 12 02:39:07 AM MSK 2024 INFO - getSteamDeckCompatInfo - Seems like no developer comments were left for this game - This is fine as most games don't have this, so skipping
Wed Jun 12 02:39:07 AM MSK 2024 INFO - getSteamDeckCompatInfo - Finished setting Steam Deck compatibility criteria strings
Wed Jun 12 02:39:07 AM MSK 2024 INFO - askSettings - Steam Deck compatibility rating string is '<b>Steam Deck Compatibility:</b> Playable &#128712;'
Wed Jun 12 02:39:07 AM MSK 2024 INFO - askSettings - Preparing to show Wait Requester
Wed Jun 12 02:39:08 AM MSK 2024 INFO - updateWinRes - Waiting for Window 'SteamTinkerLaunch-OpenSettings'
Wed Jun 12 02:39:09 AM MSK 2024 INFO - updateWinRes - Waiting for Window 'SteamTinkerLaunch-OpenSettings'
Wed Jun 12 02:39:10 AM MSK 2024 INFO - askSettings - Selected CANCEL - Starting game without opening the Settings Menu
Wed Jun 12 02:39:10 AM MSK 2024 INFO - updateConfigEntry - 'ASKCNT' option missing in config '12210.conf' - adding a new line
Wed Jun 12 02:39:10 AM MSK 2024 INFO - prepareLaunch - Second LoadCfg after menus: /home/korsilyn//.config/steamtinkerlaunch/gamecfgs/id/12210.conf
Wed Jun 12 02:39:10 AM MSK 2024 INFO - loadCfg - '/home/korsilyn//.config/steamtinkerlaunch/gamecfgs/id/12210.conf' START
Wed Jun 12 02:39:10 AM MSK 2024 INFO - loadCfg - Loading game config '/home/korsilyn//.config/steamtinkerlaunch/gamecfgs/id/12210.conf'
Wed Jun 12 02:39:10 AM MSK 2024 INFO - migrateCfgOption - File '/home/korsilyn//.config/steamtinkerlaunch/dxvk/12210.conf' does not exist - nothing to do
Wed Jun 12 02:39:10 AM MSK 2024 INFO - loadCfg - '/home/korsilyn//.config/steamtinkerlaunch/gamecfgs/id/12210.conf' STOP
Wed Jun 12 02:39:10 AM MSK 2024 INFO - setDxvkVars - Exporting variable 'DXVK_FRAME_RATE=none' to limit game framerate
Wed Jun 12 02:39:10 AM MSK 2024 SKIP - updateWinRes - Timeout waiting for Window 'SteamTinkerLaunch-OpenSettings'
Wed Jun 12 02:39:10 AM MSK 2024 INFO - autoCollectionSettings - Searching collections for game '12210' in '/home/korsilyn/.local/share/Steam/userdata/1005184864/7/remote/sharedconfig.vdf'
Wed Jun 12 02:39:10 AM MSK 2024 SKIP - autoCollectionSettings - Global Config '' not found - skipping
Wed Jun 12 02:39:10 AM MSK 2024 SKIP - autoCollectionSettings - Collections Directory Config '' not found - skipping
Wed Jun 12 02:39:10 AM MSK 2024 INFO - prepareLaunch - sortGameArgs again, in case something changed above:
Wed Jun 12 02:39:10 AM MSK 2024 SKIP - sortGameArgs - Sorting the game arguments is disabled
Wed Jun 12 02:39:10 AM MSK 2024 INFO - prepareLaunch - symlinkSteamUser:
Wed Jun 12 02:39:10 AM MSK 2024 SKIP - symlinkSteamUser - Symlinking steamuser is disabled - Checking if a symlink needs to be reverted
Wed Jun 12 02:39:10 AM MSK 2024 SKIP - symlinkSteamUser - '/mnt/nvme/SteamLibrary/steamapps/compatdata/12210/pfx/drive_c/users/steamuser' is no symlink - nothing to do
Wed Jun 12 02:39:10 AM MSK 2024 INFO - prepareLaunch - restoreSteamUser:
Wed Jun 12 02:39:10 AM MSK 2024 INFO - restoreSteamUser - Using configured value 'none' for RESTORESTEAMUSER
Wed Jun 12 02:39:10 AM MSK 2024 INFO - restoreSteamUser - Restoration of steamuser data is disabled with RESTORESTEAMUSER being 'none
Wed Jun 12 02:39:10 AM MSK 2024 INFO - prepareLaunch - prepareProton:
Wed Jun 12 02:39:10 AM MSK 2024 INFO - prepareLaunch - setLinGameVals :
Wed Jun 12 02:39:10 AM MSK 2024 INFO - prepareLaunch - CheckTweakLaunch:
Wed Jun 12 02:39:10 AM MSK 2024 INFO - prepareLaunch - checkXliveless:
Wed Jun 12 02:39:10 AM MSK 2024 INFO - prepareLaunch - chooseWinetricks:
Wed Jun 12 02:39:10 AM MSK 2024 INFO - chooseWinetricks - Using systemwide winetricks with version '20240105'
Wed Jun 12 02:39:10 AM MSK 2024 INFO - prepareLaunch - checkExtDeps:
Wed Jun 12 02:39:10 AM MSK 2024 INFO - prepareLaunch - checkExtDeps done
Wed Jun 12 02:39:10 AM MSK 2024 INFO - prepareLaunch - setWineVars:
Wed Jun 12 02:39:10 AM MSK 2024 INFO - prepareLaunch - CheckWinetricksLaunch:
Wed Jun 12 02:39:10 AM MSK 2024 INFO - prepareLaunch - CheckWineCfgLaunch:
Wed Jun 12 02:39:10 AM MSK 2024 WARN - checkWineCfgLaunch - Function was called but RUN_WINECFG ('0') was not enabled - skipping
Wed Jun 12 02:39:10 AM MSK 2024 INFO - prepareLaunch - CustomRegs:
Wed Jun 12 02:39:10 AM MSK 2024 INFO - prepareLaunch - TogWindows:
Wed Jun 12 02:39:10 AM MSK 2024 INFO - prepareLaunch - StateSteamWebHelper:
Wed Jun 12 02:39:10 AM MSK 2024 INFO - prepareLaunch - InstallReshade:
Wed Jun 12 02:39:10 AM MSK 2024 INFO - prepareLaunch - installDepth3DReshade:
Wed Jun 12 02:39:10 AM MSK 2024 INFO - prepareLaunch - checkReshade:
Wed Jun 12 02:39:10 AM MSK 2024 INFO - autoCollectionSettings - Searching collections for game '12210' in '/home/korsilyn/.local/share/Steam/userdata/1005184864/7/remote/sharedconfig.vdf'
Wed Jun 12 02:39:11 AM MSK 2024 SKIP - autoCollectionSettings - Global Config '' not found - skipping
Wed Jun 12 02:39:11 AM MSK 2024 SKIP - autoCollectionSettings - Collections Directory Config '' not found - skipping
Wed Jun 12 02:39:11 AM MSK 2024 INFO - setFullGameExePath - User did not enable 'CUSTOMCMDRESHADE' - Using the game's exe directroy as the ReShade installation directory
Wed Jun 12 02:39:11 AM MSK 2024 INFO - setFullGameExePath - Using SHADDESTDIR '/mnt/nvme/SteamLibrary/steamapps/common/Grand Theft Auto IV/GTAIV' for 'SHADDESTDIR'
Wed Jun 12 02:39:11 AM MSK 2024 INFO - prepareLaunch - useSpecialK:
Wed Jun 12 02:39:11 AM MSK 2024 INFO - setFullGameExePath - User did not enable 'CUSTOMCMDRESHADE' - Using the game's exe directroy as the ReShade installation directory
Wed Jun 12 02:39:11 AM MSK 2024 INFO - setFullGameExePath - Using SHADDESTDIR '/mnt/nvme/SteamLibrary/steamapps/common/Grand Theft Auto IV/GTAIV' for 'SPEKDDIR'
Wed Jun 12 02:39:11 AM MSK 2024 INFO - prepareLaunch - configureGeoElf:
Wed Jun 12 02:39:11 AM MSK 2024 INFO - setFullGameExePath - User did not enable 'CUSTOMCMDRESHADE' - Using the game's exe directroy as the ReShade installation directory
Wed Jun 12 02:39:11 AM MSK 2024 INFO - setFullGameExePath - Using SHADDESTDIR '/mnt/nvme/SteamLibrary/steamapps/common/Grand Theft Auto IV/GTAIV' for 'GEOELFDDIR'
Wed Jun 12 02:39:11 AM MSK 2024 INFO - prepareLaunch - ChooseShaders:
Wed Jun 12 02:39:11 AM MSK 2024 INFO - prepareLaunch - UseNyrnaz:
Wed Jun 12 02:39:11 AM MSK 2024 INFO - prepareLaunch - UseReplay:
Wed Jun 12 02:39:11 AM MSK 2024 INFO - prepareLaunch - CheckSBSVRLaunch:
Wed Jun 12 02:39:11 AM MSK 2024 INFO - prepareLaunch - checkMO2:
Wed Jun 12 02:39:11 AM MSK 2024 INFO - prepareLaunch - setNewRes:
Wed Jun 12 02:39:11 AM MSK 2024 INFO - getRes - Detected screen resolution '2560x1440'
Wed Jun 12 02:39:11 AM MSK 2024 INFO - prepareLaunch - customUserScriptStart:
Wed Jun 12 02:39:11 AM MSK 2024 INFO - prepareLaunch - redirectSCDP:
Wed Jun 12 02:39:11 AM MSK 2024 INFO - redirectSCDP - Using Proton version with minor version fix 'Proton-GE' for compatdata directory name
Wed Jun 12 02:39:11 AM MSK 2024 INFO - redirectSCDP - Using regular compatdata '/mnt/nvme/SteamLibrary/steamapps/compatdata/12210'
Wed Jun 12 02:39:11 AM MSK 2024 INFO - prepareLaunch - checkIGCSInjector:
Wed Jun 12 02:39:11 AM MSK 2024 INFO - prepareLaunch - checkOpenVRFSR:
Wed Jun 12 02:39:11 AM MSK 2024 INFO - prepareLaunch - CheckFWS:
Wed Jun 12 02:39:11 AM MSK 2024 INFO - loadCustomVars - Empty global config '/home/korsilyn//.config/steamtinkerlaunch/gamecfgs/customvars/global-custom-vars.conf' for user defined custom variables not loaded
Wed Jun 12 02:39:11 AM MSK 2024 INFO - loadCustomVars - Empty game-specific config '/home/korsilyn//.config/steamtinkerlaunch/gamecfgs/customvars/12210.conf' for user defined custom variables not loaded
Wed Jun 12 02:39:11 AM MSK 2024 INFO - prepareLaunch - CheckCustomLaunch:
Wed Jun 12 02:39:11 AM MSK 2024 SKIP - checkCustomLaunch - USECUSTOMCMD is '0' therefore skipping the custom program '/mnt/nvme/SteamLibrary/steamapps/compatdata/12210/pfx/drive_c/Program Files/Rockstar Games/Launcher/Launcher.exe'
Wed Jun 12 02:39:11 AM MSK 2024 INFO - prepareLaunch - checkUUUPatchLaunch:
Wed Jun 12 02:39:11 AM MSK 2024 INFO - prepareLaunch - CheckStraceLaunch:
Wed Jun 12 02:39:11 AM MSK 2024 INFO - prepareLaunch - CheckNetMonLaunch:
Wed Jun 12 02:39:11 AM MSK 2024 INFO - prepareLaunch - checkWDIB:
Wed Jun 12 02:39:11 AM MSK 2024 INFO - prepareLaunch - checkPulse:
Wed Jun 12 02:39:11 AM MSK 2024 INFO - prepareLaunch - checkSteamAppIDFile:
Wed Jun 12 02:39:11 AM MSK 2024 INFO - checkSteamAppIDFile - STEAMAPPIDFILE is disabled and there's no '/mnt/nvme/SteamLibrary/steamapps/common/Grand Theft Auto IV/steam_appid.txt' - nothing to do
Wed Jun 12 02:39:11 AM MSK 2024 INFO - prepareLaunch - setCompatDataTitle:
Wed Jun 12 02:39:11 AM MSK 2024 INFO - setCompatDataTitle - Symlink /home/korsilyn//.config/steamtinkerlaunch/compatdata/Grand Theft Auto IV already exists
Wed Jun 12 02:39:11 AM MSK 2024 INFO - setCompatDataTitle - Symlink '/home/korsilyn//.config/steamtinkerlaunch/compatdata/Grand Theft Auto IV' already points to the correct directory '/mnt/nvme/SteamLibrary/steamapps/compatdata/12210'
Wed Jun 12 02:39:11 AM MSK 2024 SKIP - delayGameForCustomLaunch - Nothing to do
Wed Jun 12 02:39:11 AM MSK 2024 INFO - prepareLaunch - launchSteamGame:
Wed Jun 12 02:39:11 AM MSK 2024 INFO - launchSteamGame - Initial game command is 'waitforexitandrun /mnt/nvme/SteamLibrary/steamapps/common/Grand Theft Auto IV/GTAIV/PlayGTAIV.exe'
Wed Jun 12 02:39:11 AM MSK 2024 INFO - setSLRReap - No SLR provided from command line, attempting to fetch required SLR from current compatibility tool's 'toolmanifest.vdf'
Wed Jun 12 02:39:11 AM MSK 2024 INFO - getRequireToolAppidPath - Found tool manifest at '/usr/share/steam/compatibilitytools.d/proton-ge-custom/toolmanifest.vdf', attempting to get 'require_tool_appid' value...
Wed Jun 12 02:39:11 AM MSK 2024 INFO - getRequireToolAppidPath - Got 'require_tool_appid' from '/usr/share/steam/compatibilitytools.d/proton-ge-custom/toolmanifest.vdf' ('1628350') - Returning path to tool
Wed Jun 12 02:39:11 AM MSK 2024 INFO - getGameDir - Found matching App Manifest file for presumed entered AppID '1628350' - Manifest file is '/home/korsilyn/.local/share/Steam/steamapps/appmanifest_1628350.acf'
Wed Jun 12 02:39:11 AM MSK 2024 INFO - setSLRReap - '/home/korsilyn/.local/share/Steam/steamapps/common/SteamLinuxRuntime_sniper' exists - Path gotten from specified AppID looks valid
Wed Jun 12 02:39:11 AM MSK 2024 INFO - setSLRReap - Building Steam Linux Runtime command for Proton game
Wed Jun 12 02:39:11 AM MSK 2024 INFO - setSLRReap - Adding SLR '/home/korsilyn/.local/share/Steam/steamapps/common/SteamLinuxRuntime_sniper/_v2-entry-point --verb=waitforexitandrun --' to the launch command
Wed Jun 12 02:39:11 AM MSK 2024 INFO - gameArgs - Game doesn't use any command line arguments
Wed Jun 12 02:39:11 AM MSK 2024 INFO - launchSteamGame - Preparing proton command
Wed Jun 12 02:39:11 AM MSK 2024 INFO - setProtonCmd - Proton override enabled, so checking if it needs updated
Wed Jun 12 02:39:11 AM MSK 2024 INFO - setRunProtonFromUseProton - Setting ORUNPROTON to '/usr/share/steam/compatibilitytools.d/proton-ge-custom/proton'
Wed Jun 12 02:39:11 AM MSK 2024 SKIP - setRunProtonFromUseProton - RUNPROTON '/usr/share/steam/compatibilitytools.d/proton-ge-custom/proton' hasn't changed
Wed Jun 12 02:39:11 AM MSK 2024 SKIP - fixSymlinks - Fixing Symlinks is not enabled
Wed Jun 12 02:39:11 AM MSK 2024 SKIP - unSymlink - Unsymlinking is not enabled
Wed Jun 12 02:39:11 AM MSK 2024 INFO - setProtonCmd - Prepending Proton 'Proton-GE' (='/usr/share/steam/compatibilitytools.d/proton-ge-custom/proton') to the command line '/mnt/nvme/SteamLibrary/steamapps/common/Grand Theft Auto IV/GTAIV/PlayGTAIV.exe'
Wed Jun 12 02:39:11 AM MSK 2024 INFO - setProtonCmd - UPDATED game start command is: /mnt/nvme/SteamLibrary/steamapps/common/Grand Theft Auto IV/GTAIV/PlayGTAIV.exe
Wed Jun 12 02:39:11 AM MSK 2024 INFO - setProtonCmd - Starting 'Grand Theft Auto IV: The Complete Edition (12210)' with Proton: 'Proton-GE'
Wed Jun 12 02:39:11 AM MSK 2024 INFO - launchSteamGame - Original incoming start command: 'waitforexitandrun /mnt/nvme/SteamLibrary/steamapps/common/Grand Theft Auto IV/GTAIV/PlayGTAIV.exe'
Wed Jun 12 02:39:11 AM MSK 2024 INFO - launchSteamGame - Final outgoing start command: '/home/korsilyn/.local/share/Steam/steamapps/common/SteamLinuxRuntime_sniper/_v2-entry-point --verb=waitforexitandrun -- /usr/share/steam/compatibilitytools.d/proton-ge-custom/proton waitforexitandrun /mnt/nvme/SteamLibrary/steamapps/common/Grand Theft Auto IV/GTAIV/PlayGTAIV.exe'
Wed Jun 12 02:39:11 AM MSK 2024 INFO - loadCfg - '/home/korsilyn//.config/steamtinkerlaunch/meta/id/general/12210.conf' START
Wed Jun 12 02:39:11 AM MSK 2024 INFO - loadCfg - '/home/korsilyn//.config/steamtinkerlaunch/meta/id/general/12210.conf' STOP
Wed Jun 12 02:39:11 AM MSK 2024 INFO - startGame - Getting the Game Window name:
Wed Jun 12 02:39:11 AM MSK 2024 INFO - getGameWindowName - No gamewindow name stored in metadata '/home/korsilyn//.config/steamtinkerlaunch/meta/id/general/12210.conf' yet. Trying to find it now
Wed Jun 12 02:39:11 AM MSK 2024 INFO - startGame - Full start command is '/home/korsilyn/.local/share/Steam/steamapps/common/SteamLinuxRuntime_sniper/_v2-entry-point --verb=waitforexitandrun -- /usr/share/steam/compatibilitytools.d/proton-ge-custom/proton waitforexitandrun /mnt/nvme/SteamLibrary/steamapps/common/Grand Theft Auto IV/GTAIV/PlayGTAIV.exe'
Wed Jun 12 02:39:11 AM MSK 2024 INFO - startGame - Rebuilding STEAM_COMPAT_TOOL_PATHS variable:
Wed Jun 12 02:39:11 AM MSK 2024 INFO - startGame - Adding RUNPROTON '/usr/share/steam/compatibilitytools.d/proton-ge-custom'
Wed Jun 12 02:39:11 AM MSK 2024 INFO - startGame - Adding '' because USESLR is enabled
Wed Jun 12 02:39:11 AM MSK 2024 INFO - startGame - Result: Set STEAM_COMPAT_TOOL_PATHS from '/home/korsilyn/.local/share/Steam/steamapps/common/Steamworks Shared:/home/korsilyn/.local/share/Steam/steamapps/common/SteamLinuxRuntime_sniper:/home/korsilyn/.local/share/Steam/steamapps/common/SteamLinuxRuntime_soldier:/mnt/hdd/SteamLibrary/steamapps/common/SteamLinuxRuntime_sniper:/mnt/nvme/SteamLibrary/steamapps/common/SteamLinuxRuntime_soldier' to '/usr/share/steam/compatibilitytools.d/proton-ge-custom:'
Wed Jun 12 02:39:11 AM MSK 2024 INFO - startGame - ## ORIGINAL INCOMING LAUNCH COMMAND: 'waitforexitandrun /mnt/nvme/SteamLibrary/steamapps/common/Grand Theft Auto IV/GTAIV/PlayGTAIV.exe'
Wed Jun 12 02:39:11 AM MSK 2024 WAIT - getGameWindowPID - Sec 0/20 Game Window with pwd '/mnt/nvme/SteamLibrary/steamapps/common/Grand Theft Auto IV' not yet in front
Wed Jun 12 02:39:11 AM MSK 2024 INFO - startGame - ## STL LAUNCH COMMAND: '/home/korsilyn/.local/share/Steam/steamapps/common/SteamLinuxRuntime_sniper/_v2-entry-point --verb=waitforexitandrun -- /usr/share/steam/compatibilitytools.d/proton-ge-custom/proton waitforexitandrun /mnt/nvme/SteamLibrary/steamapps/common/Grand Theft Auto IV/GTAIV/PlayGTAIV.exe'
Wed Jun 12 02:39:11 AM MSK 2024 INFO - startGame - ## GAMESTART HERE ###
Wed Jun 12 02:39:11 AM MSK 2024 INFO - restoreOrgVars - Restoring previously cleared Variables
Wed Jun 12 02:39:12 AM MSK 2024 WAIT - getGameWindowPID - Sec 1/20 Game Window with pwd '/mnt/nvme/SteamLibrary/steamapps/common/Grand Theft Auto IV' not yet in front
Wed Jun 12 02:39:13 AM MSK 2024 WAIT - getGameWindowPID - Sec 2/20 Game Window with pwd '/mnt/nvme/SteamLibrary/steamapps/common/Grand Theft Auto IV' not yet in front
Wed Jun 12 02:39:14 AM MSK 2024 WAIT - getGameWindowPID - Sec 3/20 Game Window with pwd '/mnt/nvme/SteamLibrary/steamapps/common/Grand Theft Auto IV' not yet in front
Wed Jun 12 02:39:15 AM MSK 2024 WAIT - getGameWindowPID - Sec 4/20 Game Window with pwd '/mnt/nvme/SteamLibrary/steamapps/common/Grand Theft Auto IV' not yet in front
Wed Jun 12 02:39:16 AM MSK 2024 WAIT - getGameWindowPID - Sec 5/20 Game Window with pwd '/mnt/nvme/SteamLibrary/steamapps/common/Grand Theft Auto IV' not yet in front
Wed Jun 12 02:39:17 AM MSK 2024 WAIT - getGameWindowPID - Sec 6/20 Game Window with pwd '/mnt/nvme/SteamLibrary/steamapps/common/Grand Theft Auto IV' not yet in front
Wed Jun 12 02:39:18 AM MSK 2024 WAIT - getGameWindowPID - Sec 7/20 Game Window with pwd '/mnt/nvme/SteamLibrary/steamapps/common/Grand Theft Auto IV' not yet in front
Wed Jun 12 02:39:19 AM MSK 2024 WAIT - getGameWindowPID - Sec 8/20 Game Window with pwd '/mnt/nvme/SteamLibrary/steamapps/common/Grand Theft Auto IV' not yet in front
Wed Jun 12 02:39:20 AM MSK 2024 WAIT - getGameWindowPID - Sec 9/20 Game Window with pwd '/mnt/nvme/SteamLibrary/steamapps/common/Grand Theft Auto IV' not yet in front
Wed Jun 12 02:39:21 AM MSK 2024 WAIT - getGameWindowPID - Sec 10/20 Game Window with pwd '/mnt/nvme/SteamLibrary/steamapps/common/Grand Theft Auto IV' not yet in front
Wed Jun 12 02:39:22 AM MSK 2024 WAIT - getGameWindowPID - Sec 11/20 Game Window with pwd '/mnt/nvme/SteamLibrary/steamapps/common/Grand Theft Auto IV' not yet in front
Wed Jun 12 02:39:23 AM MSK 2024 WAIT - getGameWindowPID - Sec 12/20 Game Window with pwd '/mnt/nvme/SteamLibrary/steamapps/common/Grand Theft Auto IV' not yet in front
Wed Jun 12 02:39:24 AM MSK 2024 WAIT - getGameWindowPID - Sec 13/20 Game Window with pwd '/mnt/nvme/SteamLibrary/steamapps/common/Grand Theft Auto IV' not yet in front
Wed Jun 12 02:39:25 AM MSK 2024 WAIT - getGameWindowPID - Sec 14/20 Game Window with pwd '/mnt/nvme/SteamLibrary/steamapps/common/Grand Theft Auto IV' not yet in front
Wed Jun 12 02:39:26 AM MSK 2024 WAIT - getGameWindowPID - Sec 15/20 Game Window with pwd '/mnt/nvme/SteamLibrary/steamapps/common/Grand Theft Auto IV' not yet in front
Wed Jun 12 02:39:27 AM MSK 2024 WAIT - getGameWindowPID - Sec 16/20 Game Window with pwd '/mnt/nvme/SteamLibrary/steamapps/common/Grand Theft Auto IV' not yet in front
Wed Jun 12 02:39:28 AM MSK 2024 WAIT - getGameWindowPID - Sec 17/20 Game Window with pwd '/mnt/nvme/SteamLibrary/steamapps/common/Grand Theft Auto IV' not yet in front
Wed Jun 12 02:39:29 AM MSK 2024 WAIT - getGameWindowPID - Sec 18/20 Game Window with pwd '/mnt/nvme/SteamLibrary/steamapps/common/Grand Theft Auto IV' not yet in front
Wed Jun 12 02:39:30 AM MSK 2024 WAIT - getGameWindowPID - Sec 19/20 Game Window with pwd '/mnt/nvme/SteamLibrary/steamapps/common/Grand Theft Auto IV' not yet in front
Wed Jun 12 02:39:31 AM MSK 2024 SKIP - getGameWindowPID - ERROR - timeout waiting for '/mnt/nvme/SteamLibrary/steamapps/common/Grand Theft Auto IV' window
Wed Jun 12 02:39:31 AM MSK 2024 SKIP - getGameWindowName - No valid game window PID found
