Fri Jul 19 08:58:12 PM MSK 2024 INFO - initAID - Set AID from STEAM_COMPAT_APP_ID to '0'
Fri Jul 19 08:58:12 PM MSK 2024 INFO - initAID - Set AID to PLACEHOLDERAID '31337'
Fri Jul 19 08:58:12 PM MSK 2024 INFO - initAID - Set OSCDP to STEAM_COMPAT_DATA_PATH '/home/korsilyn/.local/share/Steam/steamapps/compatdata/0'
Fri Jul 19 08:58:12 PM MSK 2024 INFO - loadLangFile - Language from command line is 'english'
Fri Jul 19 08:58:12 PM MSK 2024 INFO - loadLangFile - SYSTEMSTLCFGDIR is '/usr/share/steamtinkerlaunch'
Fri Jul 19 08:58:12 PM MSK 2024 INFO - loadLangFile - Command line language 'english' is no file - trying to find its absolute path
Fri Jul 19 08:58:12 PM MSK 2024 INFO - loadLangFile - Loading found system wide /usr/share/steamtinkerlaunch/lang//english.txt
Fri Jul 19 08:58:12 PM MSK 2024 INFO - getCurrentCommandline - No Proton in command line arguments 'run /home/korsilyn/.local/share/Steam/ubuntu12_32/../bin/d3ddriverquery64.exe -d3d12'
Fri Jul 19 08:58:12 PM MSK 2024 INFO - saveOrgVars - Storing some original variables to restore them later
Fri Jul 19 08:58:12 PM MSK 2024 INFO - emptyVars - Emptied some original variables as they slowdown several system calls when started from steam
Fri Jul 19 08:58:12 PM MSK 2024 INFO - emptyVars - Set $PATH to '/usr/local/sbin:/usr/local/bin:/usr/bin:/usr/bin/site_perl:/usr/bin/vendor_perl:/usr/bin/core_perl:'
Fri Jul 19 08:58:12 PM MSK 2024 START - ######### Initializing Game Launch 31337 using SteamTinkerLaunch v12.12 #########
Fri Jul 19 08:58:12 PM MSK 2024 INFO - main - Starting with a clean log
Fri Jul 19 08:58:12 PM MSK 2024 INFO - main - Start creating default configs
Fri Jul 19 08:58:12 PM MSK 2024 INFO - createDefaultCfgs - START
Fri Jul 19 08:58:12 PM MSK 2024 INFO - loadLanguage - First load the default language 'english' to make sure all variables are filled
Fri Jul 19 08:58:12 PM MSK 2024 INFO - loadLangFile - Language from command line is 'english'
Fri Jul 19 08:58:12 PM MSK 2024 INFO - loadLangFile - GLOBALSTLLANGDIR is '/usr/share/steamtinkerlaunch/lang'
Fri Jul 19 08:58:12 PM MSK 2024 INFO - loadLangFile - Command line language 'english' is no file - trying to find its absolute path
Fri Jul 19 08:58:12 PM MSK 2024 INFO - loadLangFile - Loading found system wide /usr/share/steamtinkerlaunch/lang/english.txt
Fri Jul 19 08:58:13 PM MSK 2024 INFO - loadLanguage - Loading STLLANG from '/home/korsilyn//.config/steamtinkerlaunch/global.conf'
Fri Jul 19 08:58:13 PM MSK 2024 INFO - loadLanguage - STLLANG from '/home/korsilyn//.config/steamtinkerlaunch/global.conf' is 'english'
Fri Jul 19 08:58:13 PM MSK 2024 INFO - createDefaultCfgs - setSteamPaths:
Fri Jul 19 08:58:13 PM MSK 2024 INFO - setSteamPaths - Reading Steam Path variables from '/dev/shm/steamtinkerlaunch/steampaths.txt'
Fri Jul 19 08:58:13 PM MSK 2024 INFO - getGameOS - Starting game OS detection
Fri Jul 19 08:58:13 PM MSK 2024 WARN - getGameOS - Could not extract the full game binary path from the incoming game launch command, so assuming this is a Windows game!
Fri Jul 19 08:58:13 PM MSK 2024 INFO - setWin - '' determined to be a Windows Game
Fri Jul 19 08:58:13 PM MSK 2024 INFO - createDefaultCfgs - createProtonList:
Fri Jul 19 08:58:13 PM MSK 2024 INFO - createDefaultCfgs - createProtonList end
Fri Jul 19 08:58:13 PM MSK 2024 INFO - listAllSettingsEntries - '/dev/shm/steamtinkerlaunch/setentries.txt' already exists - nothing to do
Fri Jul 19 08:58:13 PM MSK 2024 INFO - createDefaultCfgs - STOP
Fri Jul 19 08:58:13 PM MSK 2024 SKIP - listSteamLibraries - not recreating already available '/dev/shm/steamtinkerlaunch/SteamLibraries.txt'
Fri Jul 19 08:58:13 PM MSK 2024 INFO - setSteamLibraryPaths - STEAM_COMPAT_LIBRARY_PATHS set to '/home/korsilyn/.local/share/Steam/steamapps:/mnt/hdd/SteamLibrary/steamapps:/mnt/nvme/SteamLibrary/steamapps'
Fri Jul 19 08:58:13 PM MSK 2024 INFO - setSteamLibraryPaths - STEAM_COMPAT_MOUNTS set to '/home/korsilyn/.local/share/Steam/steamapps/common/Steamworks Shared:/home/korsilyn/.local/share/Steam/steamapps/common/SteamLinuxRuntime_sniper:/home/korsilyn/.local/share/Steam/steamapps/common/SteamLinuxRuntime_soldier:/mnt/hdd/SteamLibrary/steamapps/common/SteamLinuxRuntime_sniper:/mnt/nvme/SteamLibrary/steamapps/common/SteamLinuxRuntime_soldier'
Fri Jul 19 08:58:13 PM MSK 2024 INFO - setSteamLibraryPaths - STEAM_COMPAT_TOOL_PATHS set to '/home/korsilyn/.local/share/Steam/steamapps/common/Steamworks Shared:/home/korsilyn/.local/share/Steam/steamapps/common/SteamLinuxRuntime_sniper:/home/korsilyn/.local/share/Steam/steamapps/common/SteamLinuxRuntime_soldier:/mnt/hdd/SteamLibrary/steamapps/common/SteamLinuxRuntime_sniper:/mnt/nvme/SteamLibrary/steamapps/common/SteamLinuxRuntime_soldier'
Fri Jul 19 08:58:13 PM MSK 2024 INFO - main - Checking internal dependencies:
Fri Jul 19 08:58:13 PM MSK 2024 INFO - setAwkBin - Found 'gawk' as an 'awk' variant. It should work without any issues, because 'gawk' was tested completely
Fri Jul 19 08:58:13 PM MSK 2024 INFO - checkIntDeps - Result of version check for yad binary '/usr/bin/yad' is '14.1'
Fri Jul 19 08:58:13 PM MSK 2024 INFO - main - Initializing first Proton:
Fri Jul 19 08:58:13 PM MSK 2024 INFO - initOldProtonArr - Creating an initial array with available Proton versions using the file '/dev/shm/steamtinkerlaunch/ProtonCSV.txt' which was created during a previous run
Fri Jul 19 08:58:13 PM MSK 2024 INFO - initFirstProton - Initializing Proton
Fri Jul 19 08:58:13 PM MSK 2024 INFO - initFirstProton - Initial Proton version 'FIRSTUSEPROTON' from '/home/korsilyn//.config/steamtinkerlaunch/default_template.conf' is 'Proton-GE'
Fri Jul 19 08:58:13 PM MSK 2024 INFO - main - Initializing default window resolution
Fri Jul 19 08:58:13 PM MSK 2024 INFO - setInitWinXY - Using '1920x1080' from config '/dev/shm/steamtinkerlaunch/defres.txt'
Fri Jul 19 08:58:13 PM MSK 2024 INFO - main - Welcome to SteamTinkerLaunch
Fri Jul 19 08:58:13 PM MSK 2024 INFO - removeEmptyFiles - Removing empty files from '/home/korsilyn//.config/steamtinkerlaunch/games/appinfo'
Fri Jul 19 08:58:13 PM MSK 2024 INFO - removeEmptyFiles - Removing empty files from '/home/korsilyn//.config/steamtinkerlaunch/games/header'
Fri Jul 19 08:58:13 PM MSK 2024 INFO - main - Checking command line: incoming arguments 'run /home/korsilyn/.local/share/Steam/ubuntu12_32/../bin/d3ddriverquery64.exe -d3d12'
