Sun Oct 15 23:14:31 MSK 2023 INFO - initAID - Set AID from STEAM_COMPAT_APP_ID to '648800'
Sun Oct 15 23:14:31 MSK 2023 INFO - initAID - Set OSCDP to STEAM_COMPAT_DATA_PATH '/mnt/nvme/SteamLibrary/steamapps/compatdata/648800'
Sun Oct 15 23:14:31 MSK 2023 INFO - loadLangFile - Language from command line is 'english'
Sun Oct 15 23:14:31 MSK 2023 INFO - loadLangFile - SYSTEMSTLCFGDIR is '/usr/share/steamtinkerlaunch'
Sun Oct 15 23:14:31 MSK 2023 INFO - loadLangFile - Command line language 'english' is no file - trying to find its absolute path
Sun Oct 15 23:14:31 MSK 2023 INFO - loadLangFile - Loading found system wide /usr/share/steamtinkerlaunch/lang//english.txt
Sun Oct 15 23:14:32 MSK 2023 INFO - getCurrentCommandline - No Proton in command line arguments 'waitforexitandrun /mnt/nvme/SteamLibrary/steamapps/common/Raft/Raft.exe'
Sun Oct 15 23:14:32 MSK 2023 INFO - saveOrgVars - Storing some original variables to restore them later
Sun Oct 15 11:14:32 PM MSK 2023 INFO - emptyVars - Emptied some original variables as they slowdown several system calls when started from steam
Sun Oct 15 11:14:32 PM MSK 2023 INFO - emptyVars - Set $PATH to '/usr/local/sbin:/usr/local/bin:/usr/sbin:/usr/bin:/sbin:/bin:/opt/bin:/usr/lib/llvm/17/bin:/usr/lib/llvm/16/bin:'
Sun Oct 15 11:14:32 PM MSK 2023 START - ######### Initializing Game Launch 648800 using SteamTinkerLaunch v12.0 #########
Sun Oct 15 11:14:32 PM MSK 2023 INFO - main - Starting with a clean log
Sun Oct 15 11:14:32 PM MSK 2023 INFO - main - Start creating default configs
Sun Oct 15 11:14:32 PM MSK 2023 INFO - createDefaultCfgs - START
Sun Oct 15 11:14:32 PM MSK 2023 INFO - loadLanguage - First load the default language 'english' to make sure all variables are filled
Sun Oct 15 11:14:32 PM MSK 2023 INFO - loadLangFile - Language from command line is 'english'
Sun Oct 15 11:14:32 PM MSK 2023 INFO - loadLangFile - GLOBALSTLLANGDIR is '/usr/share/steamtinkerlaunch/lang'
Sun Oct 15 11:14:32 PM MSK 2023 INFO - loadLangFile - Command line language 'english' is no file - trying to find its absolute path
Sun Oct 15 11:14:32 PM MSK 2023 INFO - loadLangFile - Loading found system wide /usr/share/steamtinkerlaunch/lang/english.txt
Sun Oct 15 11:14:32 PM MSK 2023 INFO - loadLanguage - Loading STLLANG from '/home/korsilyn/.config/steamtinkerlaunch/global.conf'
Sun Oct 15 11:14:32 PM MSK 2023 INFO - loadLanguage - STLLANG from '/home/korsilyn/.config/steamtinkerlaunch/global.conf' is 'english'
Sun Oct 15 11:14:32 PM MSK 2023 INFO - createDefaultCfgs - setSteamPaths:
Sun Oct 15 11:14:32 PM MSK 2023 INFO - setSteamPaths - Reading Steam Path variables from '/dev/shm/steamtinkerlaunch/steampaths.txt'
Sun Oct 15 11:14:32 PM MSK 2023 INFO - getGameOS - Starting game OS detection
Sun Oct 15 11:14:32 PM MSK 2023 INFO - getGameOS - Making some checks on '/mnt/nvme/SteamLibrary/steamapps/common/Raft/Raft.exe' to determine the OS version of the game
Sun Oct 15 11:14:32 PM MSK 2023 INFO - getGameOS - Looks like this is a Windows game!
Sun Oct 15 11:14:32 PM MSK 2023 INFO - setWin - 'Raft' determined to be a Windows Game
Sun Oct 15 11:14:32 PM MSK 2023 INFO - createDefaultCfgs - createProtonList:
Sun Oct 15 11:14:32 PM MSK 2023 INFO - createDefaultCfgs - createProtonList end
Sun Oct 15 11:14:32 PM MSK 2023 INFO - listAllSettingsEntries - '/dev/shm/steamtinkerlaunch/setentries.txt' already exists - nothing to do
Sun Oct 15 11:14:32 PM MSK 2023 INFO - createDefaultCfgs - STOP
Sun Oct 15 11:14:32 PM MSK 2023 SKIP - listSteamLibraries - not recreating already available '/dev/shm/steamtinkerlaunch/SteamLibraries.txt'
Sun Oct 15 11:14:32 PM MSK 2023 INFO - setSteamLibraryPaths - STEAM_COMPAT_LIBRARY_PATHS set to '/mnt/nvme/SteamLibrary/steamapps:/home/korsilyn/.local/share/Steam/steamapps:/mnt/hdd/SteamLibrary/steamapps:/mnt/hddwin/SteamLibrary/steamapps:/mnt/ssd/SteamLibrary/steamapps'
Sun Oct 15 11:14:32 PM MSK 2023 INFO - setSteamLibraryPaths - STEAM_COMPAT_MOUNTS set to '/home/korsilyn/.local/share/Steam/steamapps/common/Steamworks Shared:/home/korsilyn/.local/share/Steam/steamapps/common/SteamLinuxRuntime_sniper:/home/korsilyn/.local/share/Steam/steamapps/common/SteamLinuxRuntime_soldier'
Sun Oct 15 11:14:32 PM MSK 2023 INFO - setSteamLibraryPaths - STEAM_COMPAT_TOOL_PATHS set to '/home/korsilyn/.local/share/Steam/steamapps/common/Steamworks Shared:/home/korsilyn/.local/share/Steam/steamapps/common/SteamLinuxRuntime_sniper:/home/korsilyn/.local/share/Steam/steamapps/common/SteamLinuxRuntime_soldier'
Sun Oct 15 11:14:32 PM MSK 2023 INFO - main - Checking internal dependencies:
Sun Oct 15 11:14:32 PM MSK 2023 INFO - setAwkBin - Found 'gawk' as an 'awk' variant. It should work without any issues, because 'gawk' was tested completely
Sun Oct 15 11:14:33 PM MSK 2023 INFO - checkIntDeps - Result of version check for yad binary '/usr/bin/yad' is '10.1'
Sun Oct 15 11:14:33 PM MSK 2023 INFO - main - Initializing first Proton:
Sun Oct 15 11:14:33 PM MSK 2023 INFO - initOldProtonArr - Creating an initial array with available Proton versions using the file '/dev/shm/steamtinkerlaunch/ProtonCSV.txt' which was created during a previous run
Sun Oct 15 11:14:33 PM MSK 2023 INFO - initFirstProton - Initializing Proton
Sun Oct 15 11:14:33 PM MSK 2023 INFO - fixProtonVersionMismatch - Incoming category is 'USEPROTON' with value 'proton-7.0-6e'
Sun Oct 15 11:14:33 PM MSK 2023 INFO - fixProtonVersionMismatch - Looking for an alternative similar version for 'proton-7.0-6e'
Sun Oct 15 11:14:33 PM MSK 2023 INFO - fixProtonVersionMismatch - Automatically selecting newest official one
Sun Oct 15 11:14:33 PM MSK 2023 INFO - setNOP - Selecting newest official Proton available
Sun Oct 15 11:14:33 PM MSK 2023 SKIP - setNOP - Haven't found anything
Sun Oct 15 11:14:33 PM MSK 2023 INFO - fixProtonVersionMismatch - Automatically updating USEPROTON to 'proton-7.0-6e' in '/home/korsilyn/.config/steamtinkerlaunch/default_template.conf'
Sun Oct 15 11:14:33 PM MSK 2023 INFO - updateConfigEntry - Option 'USEPROTON' is updated with the new value 'proton-7.0-6e' in config 'default_template.conf'
Sun Oct 15 11:14:33 PM MSK 2023 INFO - initFirstProton - Initial Proton version 'FIRSTUSEPROTON' from '/home/korsilyn/.config/steamtinkerlaunch/default_template.conf' is 'proton-7.0-6e'
Sun Oct 15 11:14:33 PM MSK 2023 INFO - main - Initializing default window resolution
Sun Oct 15 11:14:33 PM MSK 2023 INFO - setInitWinXY - Using '1920x1080' from config '/dev/shm/steamtinkerlaunch/defres.txt'
Sun Oct 15 11:14:33 PM MSK 2023 INFO - main - Welcome to SteamTinkerLaunch
Sun Oct 15 11:14:33 PM MSK 2023 INFO - main - Checking command line: incoming arguments 'waitforexitandrun /mnt/nvme/SteamLibrary/steamapps/common/Raft/Raft.exe'
Sun Oct 15 11:14:33 PM MSK 2023 SKIP - getGameOS - ISGAME is already set to '2' - nothing to determine
Sun Oct 15 11:14:33 PM MSK 2023 INFO - linkLog - Set symlink from '/home/korsilyn/.config/steamtinkerlaunch/logs/steamtinkerlaunch/id/648800.log' to '/home/korsilyn/.config/steamtinkerlaunch/logs/steamtinkerlaunch/title/Raft.log'
Sun Oct 15 11:14:33 PM MSK 2023 START - ######### Game Launch: No Title found for '648800' (648800) #########
Sun Oct 15 11:14:33 PM MSK 2023 INFO - dlCheck - Downloading picture for game '648800'
Sun Oct 15 11:14:33 PM MSK 2023 INFO - notiShow - Message 'Downloading '/home/korsilyn/.config/steamtinkerlaunch/games/header/648800.jpg'' should go to StatusWindow
Sun Oct 15 11:14:33 PM MSK 2023 INFO - dlCheck - 'wget -q --show-progress https://steamcdn-a.akamaihd.net/steam/apps/648800/header.jpg -O /home/korsilyn/.config/steamtinkerlaunch/games/header/648800.jpg'
Sun Oct 15 11:14:33 PM MSK 2023 INFO - getGameName - Using 'GN' as Game Name: 'Raft'
Sun Oct 15 11:14:33 PM MSK 2023 INFO - getGameName - Outgoing game name is 'Raft'
Sun Oct 15 11:14:33 PM MSK 2023 INFO - writeDesktopFile - Creating '/home/korsilyn/.config/steamtinkerlaunch/games/desktop/648800.desktop' for 'Raft' (648800)
Sun Oct 15 11:14:33 PM MSK 2023 INFO - prepareLaunch - Game launch args '/mnt/nvme/SteamLibrary/steamapps/common/Raft/Raft.exe'
Sun Oct 15 11:14:33 PM MSK 2023 INFO - prepareLaunch - Gamedir '/mnt/nvme/SteamLibrary/steamapps/common/Raft'
Sun Oct 15 11:14:33 PM MSK 2023 INFO - prepareLaunch - Proton wineprefix '/mnt/nvme/SteamLibrary/steamapps/compatdata/648800/pfx'
Sun Oct 15 11:14:33 PM MSK 2023 INFO - prepareLaunch -------------------
Sun Oct 15 11:14:33 PM MSK 2023 INFO - prepareLaunch - CreateGameCfg:
Sun Oct 15 11:14:33 PM MSK 2023 INFO - updateConfigEntry - Emptying 'CUSTOMCMD' for '/home/korsilyn/.config/steamtinkerlaunch/default_template.conf'
Sun Oct 15 11:14:33 PM MSK 2023 INFO - getGameName - Using 'GN' as Game Name: 'Raft'
Sun Oct 15 11:14:33 PM MSK 2023 INFO - getGameName - Outgoing game name is 'Raft'
Sun Oct 15 11:14:33 PM MSK 2023 INFO - linkGameCfg - Set symlink from '/home/korsilyn/.config/steamtinkerlaunch/gamecfgs/id/648800.conf' to '/home/korsilyn/.config/steamtinkerlaunch/gamecfgs/title/Raft.conf'
Sun Oct 15 11:14:33 PM MSK 2023 INFO - prepareLaunch - First LoadCfg: /home/korsilyn/.config/steamtinkerlaunch/gamecfgs/id/648800.conf
Sun Oct 15 11:14:33 PM MSK 2023 INFO - loadCfg - '/home/korsilyn/.config/steamtinkerlaunch/gamecfgs/id/648800.conf' START
Sun Oct 15 11:14:33 PM MSK 2023 INFO - loadCfg - Loading game config '/home/korsilyn/.config/steamtinkerlaunch/gamecfgs/id/648800.conf'
Sun Oct 15 11:14:33 PM MSK 2023 INFO - migrateCfgOption - File '/home/korsilyn/.config/steamtinkerlaunch/dxvk/648800.conf' does not exist - nothing to do
Sun Oct 15 11:14:33 PM MSK 2023 INFO - loadCfg - '/home/korsilyn/.config/steamtinkerlaunch/gamecfgs/id/648800.conf' STOP
Sun Oct 15 11:14:34 PM MSK 2023 SKIP - autoBumpReShade - '5.4.2' is the latest version of 'ReShade' - not updating
Sun Oct 15 11:14:34 PM MSK 2023 INFO - prepareLaunch - Initial Proton version from the game config: 'proton-7.0-6e'
Sun Oct 15 11:14:34 PM MSK 2023 INFO - fixProtonVersionMismatch - Incoming category is 'USEPROTON' with value 'proton-7.0-6e'
Sun Oct 15 11:14:34 PM MSK 2023 INFO - fixProtonVersionMismatch - Looking for an alternative similar version for 'proton-7.0-6e'
Sun Oct 15 11:14:34 PM MSK 2023 INFO - fixProtonVersionMismatch - Automatically selecting newest official one
Sun Oct 15 11:14:34 PM MSK 2023 INFO - setNOP - Selecting newest official Proton available
Sun Oct 15 11:14:34 PM MSK 2023 SKIP - setNOP - Haven't found anything
Sun Oct 15 11:14:34 PM MSK 2023 INFO - fixProtonVersionMismatch - Automatically updating USEPROTON to 'proton-7.0-6e' in '/home/korsilyn/.config/steamtinkerlaunch/gamecfgs/id/648800.conf'
Sun Oct 15 11:14:34 PM MSK 2023 INFO - updateConfigEntry - Option 'USEPROTON' is updated with the new value 'proton-7.0-6e' in config '648800.conf'
Sun Oct 15 11:14:34 PM MSK 2023 INFO - prepareLaunch - Initializing internal Proton Vars for 'proton-7.0-6e' using setNewProtVars
Sun Oct 15 11:14:34 PM MSK 2023 INFO - setNewProtVars - Setting new Proton Variables based on ''
Sun Oct 15 11:14:34 PM MSK 2023 INFO - setNewProtVars - Continuing with RUNPROTON=''
Sun Oct 15 11:14:34 PM MSK 2023 INFO - setRunWineServer - Initiated from 'setNewProtVars'
Sun Oct 15 11:14:34 PM MSK 2023 INFO - fixProtonVersionMismatch - Incoming category is 'USEPROTON' with value 'proton-7.0-6e'
Sun Oct 15 11:14:34 PM MSK 2023 INFO - fixProtonVersionMismatch - Looking for an alternative similar version for 'proton-7.0-6e'
Sun Oct 15 11:14:34 PM MSK 2023 INFO - fixProtonVersionMismatch - Automatically selecting newest official one
Sun Oct 15 11:14:34 PM MSK 2023 INFO - setNOP - Selecting newest official Proton available
Sun Oct 15 11:14:34 PM MSK 2023 SKIP - setNOP - Haven't found anything
Sun Oct 15 11:14:34 PM MSK 2023 INFO - fixProtonVersionMismatch - Automatically updating USEPROTON to 'proton-7.0-6e' in '/home/korsilyn/.config/steamtinkerlaunch/gamecfgs/id/648800.conf'
Sun Oct 15 11:14:34 PM MSK 2023 INFO - updateConfigEntry - Option 'USEPROTON' is updated with the new value 'proton-7.0-6e' in config '648800.conf'
Sun Oct 15 11:14:34 PM MSK 2023 WARN - setRunWineServer - Couldn't find the wine binary for the proton in path '' - falling back to 'wine' for plain RUNWINE and 'wineserver' for RUNWINESERVER
Sun Oct 15 11:14:34 PM MSK 2023 INFO - prepareLaunch - OpenTrayIcon:
Sun Oct 15 11:14:34 PM MSK 2023 INFO - autoCollectionSettings - Searching collections for game '648800' in '/home/korsilyn/.local/share/Steam/userdata/1005184864/7/remote/sharedconfig.vdf'
Sun Oct 15 11:14:34 PM MSK 2023 SKIP - autoCollectionSettings - Global Config '' not found - skipping
Sun Oct 15 11:14:34 PM MSK 2023 SKIP - autoCollectionSettings - Collections Directory Config '' not found - skipping
Sun Oct 15 11:14:34 PM MSK 2023 INFO - setFullGameExePath - User did not enable 'CUSTOMCMDRESHADE' - Using the game's exe directroy as the ReShade installation directory
Sun Oct 15 11:14:34 PM MSK 2023 INFO - setShaderDest - Determining Shader destination directory SHADDESTDIR
Sun Oct 15 11:14:34 PM MSK 2023 INFO - setShaderDest - Using variable ABSGAMEEXEPATH for Shader destination directory '/mnt/nvme/SteamLibrary/steamapps/common/Raft'
Sun Oct 15 11:14:34 PM MSK 2023 INFO - setShaderDest - Using Shader destination directory '/mnt/nvme/SteamLibrary/steamapps/common/Raft'
Sun Oct 15 11:14:34 PM MSK 2023 INFO - setShaderDest - Shader destination directory is '/mnt/nvme/SteamLibrary/steamapps/common/Raft'
Sun Oct 15 11:14:34 PM MSK 2023 INFO - setFullGameExePath - Using SHADDESTDIR '/mnt/nvme/SteamLibrary/steamapps/common/Raft' for 'SHADDESTDIR'
Sun Oct 15 11:14:34 PM MSK 2023 INFO - openTrayIcon - Opening trayIcon:
Sun Oct 15 11:14:34 PM MSK 2023 INFO - setRunWineServer - Initiated from 'TrayIconExports'
Sun Oct 15 11:14:34 PM MSK 2023 SKIP - setRunProtonFromUseProton - USEPROTON is empty
Sun Oct 15 11:14:34 PM MSK 2023 WARN - setRunWineServer - Couldn't find the wine binary for the proton in path '' - falling back to 'wine' for plain RUNWINE and 'wineserver' for RUNWINESERVER
Sun Oct 15 11:14:34 PM MSK 2023 INFO - prepareLaunch - sortGameArgs:
Sun Oct 15 11:14:34 PM MSK 2023 SKIP - sortGameArgs - Sorting the game arguments is disabled
Sun Oct 15 11:14:34 PM MSK 2023 INFO - prepareLaunch - AskSettings:
Sun Oct 15 11:14:34 PM MSK 2023 INFO - askSettings - Using game specific requester timeout '2'
Sun Oct 15 11:14:34 PM MSK 2023 INFO - askSettings - Opening Requester with timeout '2'
Sun Oct 15 11:14:34 PM MSK 2023 INFO - getGameTextFiles - Searching for at least one editable textfile in '/mnt/nvme/SteamLibrary/steamapps/compatdata/648800/pfx/drive_c/users/steamuser'
Sun Oct 15 11:14:34 PM MSK 2023 INFO - updateConfigEntry - 'HEXAID' option missing in config '648800.conf' - adding a new line
Sun Oct 15 11:14:35 PM MSK 2023 INFO - getAppInfoData - Retrieving data for 'name' from '/home/korsilyn/.config/steamtinkerlaunch/games/appinfo/648800.bin'
Sun Oct 15 11:14:35 PM MSK 2023 INFO - updateConfigEntry - 'CLIENTICON' option missing in config '648800.conf' - adding a new line
Sun Oct 15 11:14:35 PM MSK 2023 INFO - updateConfigEntry - 'NAME' option missing in config '648800.conf' - adding a new line
Sun Oct 15 11:14:35 PM MSK 2023 INFO - getRes - Detected screen resolution '2560x1440'
Sun Oct 15 11:14:35 PM MSK 2023 INFO - updateConfigEntry - 'CLIENTTGA' option missing in config '648800.conf' - adding a new line
Sun Oct 15 11:14:35 PM MSK 2023 INFO - pollWinRes - Using harmless '--center' as variable 'GEOM', because there are multiple side-effects in yad if the string is empty
Sun Oct 15 11:14:35 PM MSK 2023 INFO - pollWinRes - Creating initial '/home/korsilyn/.config/steamtinkerlaunch/guicfgs/2560x1440/648800/SteamTinkerLaunch-OpenSettings.conf' with unused default values
Sun Oct 15 11:14:35 PM MSK 2023 INFO - updateConfigEntry - 'COLCOUNT' option missing in config 'SteamTinkerLaunch-OpenSettings.conf' - adding a new line
Sun Oct 15 11:14:35 PM MSK 2023 INFO - updateWinRes - Starting resolution-poll for '/home/korsilyn/.config/steamtinkerlaunch/guicfgs/2560x1440/648800/SteamTinkerLaunch-OpenSettings.conf' with incoming '1920x1080'
Sun Oct 15 11:14:35 PM MSK 2023 INFO - setShowPic - Determining game picture
Sun Oct 15 11:14:35 PM MSK 2023 INFO - setShowPic - Using '/home/korsilyn/.config/steamtinkerlaunch/games/header/648800.jpg' as game picture
Sun Oct 15 11:14:35 PM MSK 2023 WARN - getProtonDBRating - Can't get data from 'https://www.protondb.com/api/v1/reports/summaries/648800.json' because 'jq' is not installed
Sun Oct 15 11:14:35 PM MSK 2023 INFO - updateWinRes - Waiting for Window 'SteamTinkerLaunch-OpenSettings'
Sun Oct 15 11:14:35 PM MSK 2023 INFO - updateConfigEntry - 'DEVELOPER' option missing in config '648800.conf' - adding a new line
Sun Oct 15 11:14:35 PM MSK 2023 WARN - prepareSteamDeckCompatInfo - Can't get Steam Deck compatibility information because 'jq' is not installed
Sun Oct 15 11:14:35 PM MSK 2023 INFO - askSettings - Could not retrieve Steam Deck compatibility rating, defaulting to Unknown - Maybe 'jq' is missing or we are offline?
Sun Oct 15 11:14:35 PM MSK 2023 INFO - askSettings - Steam Deck compatibility rating string is '<b>Steam Deck Compatibility:</b> '
Sun Oct 15 11:14:35 PM MSK 2023 INFO - askSettings - Preparing to show Wait Requester
Sun Oct 15 11:14:35 PM MSK 2023 INFO - updateConfigEntry - 'EXECUTABLE' option missing in config '648800.conf' - adding a new line
Sun Oct 15 11:14:35 PM MSK 2023 INFO - updateConfigEntry - 'GAMEDIR' option missing in config '648800.conf' - adding a new line
Sun Oct 15 11:14:35 PM MSK 2023 INFO - updateConfigEntry - 'HOMEPAGE' option missing in config '648800.conf' - adding a new line
Sun Oct 15 11:14:35 PM MSK 2023 INFO - updateConfigEntry - 'ICON' option missing in config '648800.conf' - adding a new line
Sun Oct 15 11:14:35 PM MSK 2023 INFO - updateConfigEntry - 'LOGO' option missing in config '648800.conf' - adding a new line
Sun Oct 15 11:14:35 PM MSK 2023 INFO - updateConfigEntry - 'LOGO_SMALL' option missing in config '648800.conf' - adding a new line
Sun Oct 15 11:14:35 PM MSK 2023 INFO - updateConfigEntry - 'METACRITIC_NAME' option missing in config '648800.conf' - adding a new line
Sun Oct 15 11:14:35 PM MSK 2023 INFO - updateConfigEntry - 'METACRITIC_SCORE' option missing in config '648800.conf' - adding a new line
Sun Oct 15 11:14:35 PM MSK 2023 INFO - updateConfigEntry - 'OSLIST' option missing in config '648800.conf' - adding a new line
Sun Oct 15 11:14:35 PM MSK 2023 INFO - updateConfigEntry - 'PUBLISHER' option missing in config '648800.conf' - adding a new line
Sun Oct 15 11:14:35 PM MSK 2023 INFO - updateConfigEntry - 'TYPE' option missing in config '648800.conf' - adding a new line
Sun Oct 15 11:14:36 PM MSK 2023 INFO - updateWinRes - Waiting for Window 'SteamTinkerLaunch-OpenSettings'
Sun Oct 15 11:14:36 PM MSK 2023 INFO - MainMenu - Preparing to load Main Menu
Sun Oct 15 11:14:36 PM MSK 2023 SKIP - createDLSpekList - Skipping looking for available SpecialK versions, because USESPECIALK is disabled
Sun Oct 15 11:14:37 PM MSK 2023 INFO - updateWinRes - Waiting for Window 'SteamTinkerLaunch-OpenSettings'
Sun Oct 15 11:14:37 PM MSK 2023 INFO - createDLReShadeList - Found the following 'ReShade' versions online '5.9.2!5.9.1!5.9.0'
Sun Oct 15 11:14:37 PM MSK 2023 INFO - prepareMenu - Opening Menu
Sun Oct 15 11:14:37 PM MSK 2023 INFO - loadCfg - '/home/korsilyn/.config/steamtinkerlaunch/global.conf' START
Sun Oct 15 11:14:37 PM MSK 2023 INFO - loadCfg - '/home/korsilyn/.config/steamtinkerlaunch/global.conf' STOP
Sun Oct 15 11:14:37 PM MSK 2023 INFO - loadCfg - '/home/korsilyn/.config/steamtinkerlaunch/gamecfgs/id/648800.conf' START
Sun Oct 15 11:14:37 PM MSK 2023 INFO - loadCfg - Loading game config '/home/korsilyn/.config/steamtinkerlaunch/gamecfgs/id/648800.conf'
Sun Oct 15 11:14:37 PM MSK 2023 INFO - migrateCfgOption - File '/home/korsilyn/.config/steamtinkerlaunch/dxvk/648800.conf' does not exist - nothing to do
Sun Oct 15 11:14:37 PM MSK 2023 INFO - loadCfg - '/home/korsilyn/.config/steamtinkerlaunch/gamecfgs/id/648800.conf' STOP
Sun Oct 15 11:14:37 PM MSK 2023 INFO - loadCfg - '/home/korsilyn/.config/steamtinkerlaunch/url.conf' START
Sun Oct 15 11:14:37 PM MSK 2023 INFO - loadCfg - '/home/korsilyn/.config/steamtinkerlaunch/url.conf' STOP
Sun Oct 15 11:14:37 PM MSK 2023 UPDATE - updateConfigFile - Replacing '/home/korsilyn/.config/steamtinkerlaunch' with 'STLCFGDIR' in '/home/korsilyn/.config/steamtinkerlaunch/gamecfgs/id/648800.conf'
Sun Oct 15 11:14:37 PM MSK 2023 SKIP - updateConfigFile - Config file '/home/korsilyn/.config/steamtinkerlaunch/gamecfgs/id/648800.conf' already at version 'v12.0'
Sun Oct 15 11:14:37 PM MSK 2023 INFO - linkGameCfg - Symlink '/home/korsilyn/.config/steamtinkerlaunch/gamecfgs/title/Raft.conf' already exists
Sun Oct 15 11:14:37 PM MSK 2023 INFO - createWineList - Updating the Wine Dropdown List
Sun Oct 15 11:14:37 PM MSK 2023 INFO - getGameTextFiles - Searching for at least one editable textfile in '/mnt/nvme/SteamLibrary/steamapps/compatdata/648800/pfx/drive_c/users/steamuser'
Sun Oct 15 11:14:37 PM MSK 2023 INFO - setShowPic - Determining game picture
Sun Oct 15 11:14:37 PM MSK 2023 INFO - setShowPic - Using '/home/korsilyn/.config/steamtinkerlaunch/games/header/648800.jpg' as game picture
Sun Oct 15 11:14:37 PM MSK 2023 INFO - setOPCustPath - Default path for custom exe file requester is '/mnt/nvme/SteamLibrary/steamapps/common/Raft/Raft.exe'
Sun Oct 15 11:14:37 PM MSK 2023 INFO - getRes - Detected screen resolution '2560x1440'
Sun Oct 15 11:14:37 PM MSK 2023 INFO - pollWinRes - Creating initial '/home/korsilyn/.config/steamtinkerlaunch/guicfgs/2560x1440/648800/SteamTinkerLaunch-MainMenu.conf' with unused default values
Sun Oct 15 11:14:37 PM MSK 2023 INFO - updateConfigEntry - 'COLCOUNT' option missing in config 'SteamTinkerLaunch-MainMenu.conf' - adding a new line
Sun Oct 15 11:14:37 PM MSK 2023 INFO - updateWinRes - Starting resolution-poll for '/home/korsilyn/.config/steamtinkerlaunch/guicfgs/2560x1440/648800/SteamTinkerLaunch-MainMenu.conf' with incoming '1920x1080'
Sun Oct 15 11:14:37 PM MSK 2023 WARN - prepareSteamDeckCompatInfo - Can't get Steam Deck compatibility information because 'jq' is not installed
Sun Oct 15 11:14:37 PM MSK 2023 INFO - updateWinRes - Waiting for Window 'SteamTinkerLaunch-MainMenu'
Sun Oct 15 11:14:37 PM MSK 2023 INFO - MainMenu - Looks like we're loading the Main Menu regularly
Sun Oct 15 11:14:37 PM MSK 2023 INFO - createCustomCfgs - Creating emtpy game-specific config '/home/korsilyn/.config/steamtinkerlaunch/gamecfgs/customvars/648800.conf' for user defined custom variables
Sun Oct 15 11:14:38 PM MSK 2023 SKIP - updateWinRes - Timeout waiting for Window 'SteamTinkerLaunch-OpenSettings'
Sun Oct 15 11:14:38 PM MSK 2023 INFO - updateWinRes - Waiting for Window 'SteamTinkerLaunch-MainMenu'
Sun Oct 15 11:14:39 PM MSK 2023 INFO - updateWinRes - Waiting for Window 'SteamTinkerLaunch-MainMenu'
Sun Oct 15 11:14:40 PM MSK 2023 SKIP - updateWinRes - Timeout waiting for Window 'SteamTinkerLaunch-MainMenu'
Sun Oct 15 11:14:41 PM MSK 2023 INFO - MainMenu - Clicked '6' - 'GAME MENU'
Sun Oct 15 11:14:41 PM MSK 2023 INFO - MainMenu - exiting 'Settings Menu' and opening 'Game Menu'
Sun Oct 15 11:14:41 PM MSK 2023 INFO - prepareMenu - Opening Menu
Sun Oct 15 11:14:41 PM MSK 2023 INFO - loadCfg - '/home/korsilyn/.config/steamtinkerlaunch/global.conf' START
Sun Oct 15 11:14:41 PM MSK 2023 INFO - loadCfg - '/home/korsilyn/.config/steamtinkerlaunch/global.conf' STOP
Sun Oct 15 11:14:41 PM MSK 2023 INFO - loadCfg - '/home/korsilyn/.config/steamtinkerlaunch/gamecfgs/id/648800.conf' START
Sun Oct 15 11:14:41 PM MSK 2023 INFO - loadCfg - Loading game config '/home/korsilyn/.config/steamtinkerlaunch/gamecfgs/id/648800.conf'
Sun Oct 15 11:14:41 PM MSK 2023 INFO - migrateCfgOption - File '/home/korsilyn/.config/steamtinkerlaunch/dxvk/648800.conf' does not exist - nothing to do
Sun Oct 15 11:14:41 PM MSK 2023 INFO - loadCfg - '/home/korsilyn/.config/steamtinkerlaunch/gamecfgs/id/648800.conf' STOP
Sun Oct 15 11:14:41 PM MSK 2023 INFO - loadCfg - '/home/korsilyn/.config/steamtinkerlaunch/url.conf' START
Sun Oct 15 11:14:41 PM MSK 2023 INFO - loadCfg - '/home/korsilyn/.config/steamtinkerlaunch/url.conf' STOP
Sun Oct 15 11:14:41 PM MSK 2023 SKIP - updateConfigFile - Config file '/home/korsilyn/.config/steamtinkerlaunch/gamecfgs/id/648800.conf' already at version 'v12.0'
Sun Oct 15 11:14:41 PM MSK 2023 INFO - linkGameCfg - Symlink '/home/korsilyn/.config/steamtinkerlaunch/gamecfgs/title/Raft.conf' already exists
Sun Oct 15 11:14:41 PM MSK 2023 INFO - createWineList - Updating the Wine Dropdown List
Sun Oct 15 11:14:41 PM MSK 2023 INFO - getGameTextFiles - Searching for at least one editable textfile in '/mnt/nvme/SteamLibrary/steamapps/compatdata/648800/pfx/drive_c/users/steamuser'
Sun Oct 15 11:14:41 PM MSK 2023 SKIP - updateConfigFile - Config file '/home/korsilyn/.config/steamtinkerlaunch/gamecfgs/id/648800.conf' already at version 'v12.0'
Sun Oct 15 11:14:41 PM MSK 2023 INFO - linkGameCfg - Symlink '/home/korsilyn/.config/steamtinkerlaunch/gamecfgs/title/Raft.conf' already exists
Sun Oct 15 11:14:41 PM MSK 2023 INFO - createWineList - Updating the Wine Dropdown List
Sun Oct 15 11:14:41 PM MSK 2023 INFO - loadCfg - Loading game config '/home/korsilyn/.config/steamtinkerlaunch/gamecfgs/id/648800.conf'
Sun Oct 15 11:14:41 PM MSK 2023 INFO - migrateCfgOption - File '/home/korsilyn/.config/steamtinkerlaunch/dxvk/648800.conf' does not exist - nothing to do
Sun Oct 15 11:14:41 PM MSK 2023 INFO - getRes - Detected screen resolution '2560x1440'
Sun Oct 15 11:14:41 PM MSK 2023 INFO - pollWinRes - Creating initial '/home/korsilyn/.config/steamtinkerlaunch/guicfgs/2560x1440/648800/SteamTinkerLaunch-launchGameMenu.conf' with unused default values
Sun Oct 15 11:14:41 PM MSK 2023 INFO - updateConfigEntry - 'COLCOUNT' option missing in config 'SteamTinkerLaunch-launchGameMenu.conf' - adding a new line
Sun Oct 15 11:14:41 PM MSK 2023 INFO - updateWinRes - Starting resolution-poll for '/home/korsilyn/.config/steamtinkerlaunch/guicfgs/2560x1440/648800/SteamTinkerLaunch-launchGameMenu.conf' with incoming '1920x1080'
Sun Oct 15 11:14:41 PM MSK 2023 INFO - openMenu - Starting createMenu "/dev/shm/steamtinkerlaunch/menutemp/gamemenu" "launchGameMenu" "/home/korsilyn/.config/steamtinkerlaunch/games/header/648800.jpg" "EMPTY" "EMPTY" "Settings for game 'Raft (648800)'" "MainMenu" "MENU_GAME"
Sun Oct 15 11:14:41 PM MSK 2023 INFO - createMenu - got '9' elements: '0 /dev/shm/steamtinkerlaunch/menutemp/gamemenu launchGameMenu /home/korsilyn/.config/steamtinkerlaunch/games/header/648800.jpg EMPTY EMPTY Settings for game 'Raft (648800)' MainMenu MENU_GAME'
Sun Oct 15 11:14:41 PM MSK 2023 INFO - createMenu - Creating menu template '/dev/shm/steamtinkerlaunch/menutemp/gamemenu-template'
Sun Oct 15 11:14:41 PM MSK 2023 INFO - updateWinRes - Waiting for Window 'SteamTinkerLaunch-launchGameMenu'
Sun Oct 15 11:14:41 PM MSK 2023 INFO - getFilteredEntries - No blocked elements found in '/home/korsilyn/.config/steamtinkerlaunch/menublock.conf' - working with '/dev/shm/steamtinkerlaunch/rawentries.txt'
Sun Oct 15 11:14:41 PM MSK 2023 INFO - getFilteredEntries - Sort config '/home/korsilyn/.config/steamtinkerlaunch/menusort.conf' found - sorting
Sun Oct 15 11:14:41 PM MSK 2023 INFO - openMenu - Currently used tempfile is '/dev/shm/steamtinkerlaunch/menu.iZbHsKZa'
Sun Oct 15 11:14:42 PM MSK 2023 INFO - updateWinRes - Waiting for Window 'SteamTinkerLaunch-launchGameMenu'
Sun Oct 15 11:14:43 PM MSK 2023 INFO - updateWinRes - Waiting for Window 'SteamTinkerLaunch-launchGameMenu'
Sun Oct 15 11:14:44 PM MSK 2023 SKIP - updateWinRes - Timeout waiting for Window 'SteamTinkerLaunch-launchGameMenu'
Sun Oct 15 11:15:01 PM MSK 2023 INFO - openMenu - Clicked '6' - 'SAVE'
Sun Oct 15 11:15:01 PM MSK 2023 INFO - openMenu - exiting 'Favorite Menu' and opening 'openGameMenu'
Sun Oct 15 11:15:01 PM MSK 2023 INFO - openMenu - Saving config '/home/korsilyn/.config/steamtinkerlaunch/gamecfgs/id/648800.conf' and restart 'openGameMenu' GUI
Sun Oct 15 11:15:01 PM MSK 2023 INFO - saveMenuEntries - Saving changed Settings
Sun Oct 15 11:15:01 PM MSK 2023 INFO - saveMenuEntries - Clearing Results array with '0' elements
Sun Oct 15 11:15:01 PM MSK 2023 INFO - saveMenuEntries - Pulling values from tempfile '/dev/shm/steamtinkerlaunch/menu.iZbHsKZa'
Sun Oct 15 11:15:01 PM MSK 2023 INFO - updateConfigEntry - Option 'USECUSTOMCMD' is updated with the new value '1' in config '648800.conf'
Sun Oct 15 11:15:01 PM MSK 2023 INFO - updateConfigEntry - Option 'CUSTOMCMD' is updated with the new value '/mnt/nvme/SteamLibrary/steamapps/common/Raft/BepInExUnityInstaller.exe' in config '648800.conf'
Sun Oct 15 11:15:01 PM MSK 2023 INFO - updateConfigEntry - Option 'ONLY_CUSTOMCMD' is updated with the new value '1' in config '648800.conf'
Sun Oct 15 11:15:01 PM MSK 2023 INFO - updateConfigEntry - Option 'USERSTART' is updated with the new value '/mnt/nvme/SteamLibrary/steamapps/common/Raft/echo' in config '648800.conf'
Sun Oct 15 11:15:01 PM MSK 2023 INFO - updateConfigEntry - Option 'USERSTOP' is updated with the new value '/mnt/nvme/SteamLibrary/steamapps/common/Raft/echo' in config '648800.conf'
Sun Oct 15 11:15:02 PM MSK 2023 INFO - updateConfigEntry - Option 'ARCHALTEXE' is updated with the new value '/mnt/nvme/SteamLibrary/steamapps/common/Raft/echo' in config '648800.conf'
Sun Oct 15 11:15:02 PM MSK 2023 INFO - updateConfigEntry - Option 'STL_VKD3D_PROFILE_PATH' is updated with the new value '/mnt/nvme/SteamLibrary/steamapps/common/Raft/none' in config '648800.conf'
Sun Oct 15 11:15:02 PM MSK 2023 INFO - saveMenuEntries - Done with Saving changed Settings
Sun Oct 15 11:15:03 PM MSK 2023 INFO - prepareMenu - Opening Menu
Sun Oct 15 11:15:03 PM MSK 2023 INFO - loadCfg - '/home/korsilyn/.config/steamtinkerlaunch/global.conf' START
Sun Oct 15 11:15:03 PM MSK 2023 INFO - loadCfg - '/home/korsilyn/.config/steamtinkerlaunch/global.conf' STOP
Sun Oct 15 11:15:03 PM MSK 2023 INFO - loadCfg - '/home/korsilyn/.config/steamtinkerlaunch/gamecfgs/id/648800.conf' START
Sun Oct 15 11:15:03 PM MSK 2023 INFO - loadCfg - Loading game config '/home/korsilyn/.config/steamtinkerlaunch/gamecfgs/id/648800.conf'
Sun Oct 15 11:15:03 PM MSK 2023 INFO - migrateCfgOption - File '/home/korsilyn/.config/steamtinkerlaunch/dxvk/648800.conf' does not exist - nothing to do
Sun Oct 15 11:15:03 PM MSK 2023 INFO - loadCfg - '/home/korsilyn/.config/steamtinkerlaunch/gamecfgs/id/648800.conf' STOP
Sun Oct 15 11:15:03 PM MSK 2023 INFO - loadCfg - '/home/korsilyn/.config/steamtinkerlaunch/url.conf' START
Sun Oct 15 11:15:03 PM MSK 2023 INFO - loadCfg - '/home/korsilyn/.config/steamtinkerlaunch/url.conf' STOP
Sun Oct 15 11:15:03 PM MSK 2023 SKIP - updateConfigFile - Config file '/home/korsilyn/.config/steamtinkerlaunch/gamecfgs/id/648800.conf' already at version 'v12.0'
Sun Oct 15 11:15:03 PM MSK 2023 INFO - linkGameCfg - Symlink '/home/korsilyn/.config/steamtinkerlaunch/gamecfgs/title/Raft.conf' already exists
Sun Oct 15 11:15:03 PM MSK 2023 INFO - createWineList - Updating the Wine Dropdown List
Sun Oct 15 11:15:03 PM MSK 2023 INFO - getGameTextFiles - Searching for at least one editable textfile in '/mnt/nvme/SteamLibrary/steamapps/compatdata/648800/pfx/drive_c/users/steamuser'
Sun Oct 15 11:15:04 PM MSK 2023 SKIP - updateConfigFile - Config file '/home/korsilyn/.config/steamtinkerlaunch/gamecfgs/id/648800.conf' already at version 'v12.0'
Sun Oct 15 11:15:04 PM MSK 2023 INFO - linkGameCfg - Symlink '/home/korsilyn/.config/steamtinkerlaunch/gamecfgs/title/Raft.conf' already exists
Sun Oct 15 11:15:04 PM MSK 2023 INFO - createWineList - Updating the Wine Dropdown List
Sun Oct 15 11:15:04 PM MSK 2023 INFO - rmCfgTemp - Deleting and resetting MKCFG '/dev/shm/steamtinkerlaunch/menu.iZbHsKZa' - triggered from 'mkCfgTemp'
Sun Oct 15 11:15:04 PM MSK 2023 INFO - loadCfg - Loading game config '/home/korsilyn/.config/steamtinkerlaunch/gamecfgs/id/648800.conf'
Sun Oct 15 11:15:04 PM MSK 2023 INFO - migrateCfgOption - File '/home/korsilyn/.config/steamtinkerlaunch/dxvk/648800.conf' does not exist - nothing to do
Sun Oct 15 11:15:04 PM MSK 2023 INFO - getRes - Detected screen resolution '2560x1440'
Sun Oct 15 11:15:04 PM MSK 2023 INFO - pollWinRes - Using GEOM '--geometry=1920x1080+0+0' from '/home/korsilyn/.config/steamtinkerlaunch/guicfgs/2560x1440/648800/SteamTinkerLaunch-launchGameMenu.conf'
Sun Oct 15 11:15:04 PM MSK 2023 INFO - openMenu - Starting createMenu "/dev/shm/steamtinkerlaunch/menutemp/gamemenu" "launchGameMenu" "/home/korsilyn/.config/steamtinkerlaunch/games/header/648800.jpg" "EMPTY" "EMPTY" "Settings for game 'Raft (648800)'" "MainMenu" "MENU_GAME"
Sun Oct 15 11:15:04 PM MSK 2023 INFO - updateWinRes - Starting resolution-poll for '/home/korsilyn/.config/steamtinkerlaunch/guicfgs/2560x1440/648800/SteamTinkerLaunch-launchGameMenu.conf' with incoming '1920x1080'
Sun Oct 15 11:15:04 PM MSK 2023 INFO - createMenu - got '9' elements: '0 /dev/shm/steamtinkerlaunch/menutemp/gamemenu launchGameMenu /home/korsilyn/.config/steamtinkerlaunch/games/header/648800.jpg EMPTY EMPTY Settings for game 'Raft (648800)' MainMenu MENU_GAME'
Sun Oct 15 11:15:04 PM MSK 2023 INFO - updateWinRes - Waiting for Window 'SteamTinkerLaunch-launchGameMenu'
Sun Oct 15 11:15:04 PM MSK 2023 INFO - openMenu - Currently used tempfile is '/dev/shm/steamtinkerlaunch/menu.DaAGIGiq'
Sun Oct 15 11:15:05 PM MSK 2023 INFO - updateWinRes - Waiting for Window 'SteamTinkerLaunch-launchGameMenu'
Sun Oct 15 11:15:06 PM MSK 2023 INFO - updateWinRes - Waiting for Window 'SteamTinkerLaunch-launchGameMenu'
Sun Oct 15 11:15:07 PM MSK 2023 SKIP - updateWinRes - Timeout waiting for Window 'SteamTinkerLaunch-launchGameMenu'
Sun Oct 15 11:15:07 PM MSK 2023 INFO - openMenu - Clicked '1' - 'BACK'
Sun Oct 15 11:15:07 PM MSK 2023 INFO - openMenu - exiting 'Game Menu' and opening 'MainMenu'
Sun Oct 15 11:15:07 PM MSK 2023 INFO - MainMenu - Preparing to load Main Menu
Sun Oct 15 11:15:07 PM MSK 2023 SKIP - createDLSpekList - Skipping looking for available SpecialK versions, because USESPECIALK is disabled
Sun Oct 15 11:15:08 PM MSK 2023 INFO - createDLReShadeList - Found the following 'ReShade' versions online '5.9.2!5.9.1!5.9.0'
Sun Oct 15 11:15:08 PM MSK 2023 INFO - prepareMenu - Opening Menu
Sun Oct 15 11:15:08 PM MSK 2023 INFO - loadCfg - '/home/korsilyn/.config/steamtinkerlaunch/global.conf' START
Sun Oct 15 11:15:08 PM MSK 2023 INFO - loadCfg - '/home/korsilyn/.config/steamtinkerlaunch/global.conf' STOP
Sun Oct 15 11:15:08 PM MSK 2023 INFO - loadCfg - '/home/korsilyn/.config/steamtinkerlaunch/gamecfgs/id/648800.conf' START
Sun Oct 15 11:15:08 PM MSK 2023 INFO - loadCfg - Loading game config '/home/korsilyn/.config/steamtinkerlaunch/gamecfgs/id/648800.conf'
Sun Oct 15 11:15:08 PM MSK 2023 INFO - migrateCfgOption - File '/home/korsilyn/.config/steamtinkerlaunch/dxvk/648800.conf' does not exist - nothing to do
Sun Oct 15 11:15:08 PM MSK 2023 INFO - loadCfg - '/home/korsilyn/.config/steamtinkerlaunch/gamecfgs/id/648800.conf' STOP
Sun Oct 15 11:15:08 PM MSK 2023 INFO - loadCfg - '/home/korsilyn/.config/steamtinkerlaunch/url.conf' START
Sun Oct 15 11:15:08 PM MSK 2023 INFO - loadCfg - '/home/korsilyn/.config/steamtinkerlaunch/url.conf' STOP
Sun Oct 15 11:15:08 PM MSK 2023 SKIP - updateConfigFile - Config file '/home/korsilyn/.config/steamtinkerlaunch/gamecfgs/id/648800.conf' already at version 'v12.0'
Sun Oct 15 11:15:08 PM MSK 2023 INFO - linkGameCfg - Symlink '/home/korsilyn/.config/steamtinkerlaunch/gamecfgs/title/Raft.conf' already exists
Sun Oct 15 11:15:08 PM MSK 2023 INFO - createWineList - Updating the Wine Dropdown List
Sun Oct 15 11:15:08 PM MSK 2023 INFO - getGameTextFiles - Searching for at least one editable textfile in '/mnt/nvme/SteamLibrary/steamapps/compatdata/648800/pfx/drive_c/users/steamuser'
Sun Oct 15 11:15:08 PM MSK 2023 INFO - setShowPic - Determining game picture
Sun Oct 15 11:15:08 PM MSK 2023 INFO - setShowPic - Using '/home/korsilyn/.config/steamtinkerlaunch/games/header/648800.jpg' as game picture
Sun Oct 15 11:15:08 PM MSK 2023 INFO - setOPCustPath - Default path for custom exe file requester is '/mnt/nvme/SteamLibrary/steamapps/common/Raft/Raft.exe'
Sun Oct 15 11:15:08 PM MSK 2023 INFO - getRes - Detected screen resolution '2560x1440'
Sun Oct 15 11:15:08 PM MSK 2023 INFO - pollWinRes - Using GEOM '--geometry=1920x1080+0+0' from '/home/korsilyn/.config/steamtinkerlaunch/guicfgs/2560x1440/648800/SteamTinkerLaunch-MainMenu.conf'
Sun Oct 15 11:15:08 PM MSK 2023 INFO - updateWinRes - Starting resolution-poll for '/home/korsilyn/.config/steamtinkerlaunch/guicfgs/2560x1440/648800/SteamTinkerLaunch-MainMenu.conf' with incoming '1920x1080'
Sun Oct 15 11:15:08 PM MSK 2023 WARN - prepareSteamDeckCompatInfo - Can't get Steam Deck compatibility information because 'jq' is not installed
Sun Oct 15 11:15:08 PM MSK 2023 INFO - updateWinRes - Waiting for Window 'SteamTinkerLaunch-MainMenu'
Sun Oct 15 11:15:08 PM MSK 2023 INFO - MainMenu - Looks like we're loading the Main Menu regularly
Sun Oct 15 11:15:09 PM MSK 2023 INFO - updateWinRes - Waiting for Window 'SteamTinkerLaunch-MainMenu'
Sun Oct 15 11:15:10 PM MSK 2023 INFO - updateWinRes - Waiting for Window 'SteamTinkerLaunch-MainMenu'
Sun Oct 15 11:15:11 PM MSK 2023 SKIP - updateWinRes - Timeout waiting for Window 'SteamTinkerLaunch-MainMenu'
Sun Oct 15 11:15:15 PM MSK 2023 INFO - MainMenu - Clicked '6' - 'GAME MENU'
Sun Oct 15 11:15:15 PM MSK 2023 INFO - MainMenu - exiting 'Settings Menu' and opening 'Game Menu'
Sun Oct 15 11:15:15 PM MSK 2023 INFO - prepareMenu - Opening Menu
Sun Oct 15 11:15:15 PM MSK 2023 INFO - loadCfg - '/home/korsilyn/.config/steamtinkerlaunch/global.conf' START
Sun Oct 15 11:15:15 PM MSK 2023 INFO - loadCfg - '/home/korsilyn/.config/steamtinkerlaunch/global.conf' STOP
Sun Oct 15 11:15:15 PM MSK 2023 INFO - loadCfg - '/home/korsilyn/.config/steamtinkerlaunch/gamecfgs/id/648800.conf' START
Sun Oct 15 11:15:15 PM MSK 2023 INFO - loadCfg - Loading game config '/home/korsilyn/.config/steamtinkerlaunch/gamecfgs/id/648800.conf'
Sun Oct 15 11:15:15 PM MSK 2023 INFO - migrateCfgOption - File '/home/korsilyn/.config/steamtinkerlaunch/dxvk/648800.conf' does not exist - nothing to do
Sun Oct 15 11:15:15 PM MSK 2023 INFO - loadCfg - '/home/korsilyn/.config/steamtinkerlaunch/gamecfgs/id/648800.conf' STOP
Sun Oct 15 11:15:15 PM MSK 2023 INFO - loadCfg - '/home/korsilyn/.config/steamtinkerlaunch/url.conf' START
Sun Oct 15 11:15:15 PM MSK 2023 INFO - loadCfg - '/home/korsilyn/.config/steamtinkerlaunch/url.conf' STOP
Sun Oct 15 11:15:15 PM MSK 2023 SKIP - updateConfigFile - Config file '/home/korsilyn/.config/steamtinkerlaunch/gamecfgs/id/648800.conf' already at version 'v12.0'
Sun Oct 15 11:15:15 PM MSK 2023 INFO - linkGameCfg - Symlink '/home/korsilyn/.config/steamtinkerlaunch/gamecfgs/title/Raft.conf' already exists
Sun Oct 15 11:15:15 PM MSK 2023 INFO - createWineList - Updating the Wine Dropdown List
Sun Oct 15 11:15:15 PM MSK 2023 INFO - getGameTextFiles - Searching for at least one editable textfile in '/mnt/nvme/SteamLibrary/steamapps/compatdata/648800/pfx/drive_c/users/steamuser'
Sun Oct 15 11:15:15 PM MSK 2023 SKIP - updateConfigFile - Config file '/home/korsilyn/.config/steamtinkerlaunch/gamecfgs/id/648800.conf' already at version 'v12.0'
Sun Oct 15 11:15:15 PM MSK 2023 INFO - linkGameCfg - Symlink '/home/korsilyn/.config/steamtinkerlaunch/gamecfgs/title/Raft.conf' already exists
Sun Oct 15 11:15:15 PM MSK 2023 INFO - createWineList - Updating the Wine Dropdown List
Sun Oct 15 11:15:15 PM MSK 2023 INFO - rmCfgTemp - Deleting and resetting MKCFG '/dev/shm/steamtinkerlaunch/menu.DaAGIGiq' - triggered from 'mkCfgTemp'
Sun Oct 15 11:15:15 PM MSK 2023 INFO - loadCfg - Loading game config '/home/korsilyn/.config/steamtinkerlaunch/gamecfgs/id/648800.conf'
Sun Oct 15 11:15:15 PM MSK 2023 INFO - migrateCfgOption - File '/home/korsilyn/.config/steamtinkerlaunch/dxvk/648800.conf' does not exist - nothing to do
Sun Oct 15 11:15:15 PM MSK 2023 INFO - getRes - Detected screen resolution '2560x1440'
Sun Oct 15 11:15:15 PM MSK 2023 INFO - pollWinRes - Using GEOM '--geometry=1920x1080+0+0' from '/home/korsilyn/.config/steamtinkerlaunch/guicfgs/2560x1440/648800/SteamTinkerLaunch-launchGameMenu.conf'
Sun Oct 15 11:15:15 PM MSK 2023 INFO - updateWinRes - Starting resolution-poll for '/home/korsilyn/.config/steamtinkerlaunch/guicfgs/2560x1440/648800/SteamTinkerLaunch-launchGameMenu.conf' with incoming '1920x1080'
Sun Oct 15 11:15:15 PM MSK 2023 INFO - openMenu - Starting createMenu "/dev/shm/steamtinkerlaunch/menutemp/gamemenu" "launchGameMenu" "/home/korsilyn/.config/steamtinkerlaunch/games/header/648800.jpg" "EMPTY" "EMPTY" "Settings for game 'Raft (648800)'" "MainMenu" "MENU_GAME"
Sun Oct 15 11:15:15 PM MSK 2023 INFO - createMenu - got '9' elements: '0 /dev/shm/steamtinkerlaunch/menutemp/gamemenu launchGameMenu /home/korsilyn/.config/steamtinkerlaunch/games/header/648800.jpg EMPTY EMPTY Settings for game 'Raft (648800)' MainMenu MENU_GAME'
Sun Oct 15 11:15:15 PM MSK 2023 INFO - updateWinRes - Waiting for Window 'SteamTinkerLaunch-launchGameMenu'
Sun Oct 15 11:15:15 PM MSK 2023 INFO - openMenu - Currently used tempfile is '/dev/shm/steamtinkerlaunch/menu.W613gqT8'
Sun Oct 15 11:15:16 PM MSK 2023 INFO - updateWinRes - Waiting for Window 'SteamTinkerLaunch-launchGameMenu'
Sun Oct 15 11:15:17 PM MSK 2023 INFO - updateWinRes - Waiting for Window 'SteamTinkerLaunch-launchGameMenu'
Sun Oct 15 11:15:18 PM MSK 2023 SKIP - updateWinRes - Timeout waiting for Window 'SteamTinkerLaunch-launchGameMenu'
Sun Oct 15 11:15:37 PM MSK 2023 INFO - openMenu - Clicked '2' - 'MAIN MENU'
Sun Oct 15 11:15:37 PM MSK 2023 INFO - openMenu - exiting 'Favorite Menu' and opening 'Settings Menu'
Sun Oct 15 11:15:37 PM MSK 2023 INFO - MainMenu - Preparing to load Main Menu
Sun Oct 15 11:15:37 PM MSK 2023 SKIP - createDLSpekList - Skipping looking for available SpecialK versions, because USESPECIALK is disabled
Sun Oct 15 11:15:38 PM MSK 2023 INFO - createDLReShadeList - Found the following 'ReShade' versions online '5.9.2!5.9.1!5.9.0'
Sun Oct 15 11:15:38 PM MSK 2023 INFO - prepareMenu - Opening Menu
Sun Oct 15 11:15:38 PM MSK 2023 INFO - loadCfg - '/home/korsilyn/.config/steamtinkerlaunch/global.conf' START
Sun Oct 15 11:15:38 PM MSK 2023 INFO - loadCfg - '/home/korsilyn/.config/steamtinkerlaunch/global.conf' STOP
Sun Oct 15 11:15:38 PM MSK 2023 INFO - loadCfg - '/home/korsilyn/.config/steamtinkerlaunch/gamecfgs/id/648800.conf' START
Sun Oct 15 11:15:38 PM MSK 2023 INFO - loadCfg - Loading game config '/home/korsilyn/.config/steamtinkerlaunch/gamecfgs/id/648800.conf'
Sun Oct 15 11:15:38 PM MSK 2023 INFO - migrateCfgOption - File '/home/korsilyn/.config/steamtinkerlaunch/dxvk/648800.conf' does not exist - nothing to do
Sun Oct 15 11:15:38 PM MSK 2023 INFO - loadCfg - '/home/korsilyn/.config/steamtinkerlaunch/gamecfgs/id/648800.conf' STOP
Sun Oct 15 11:15:38 PM MSK 2023 INFO - loadCfg - '/home/korsilyn/.config/steamtinkerlaunch/url.conf' START
Sun Oct 15 11:15:38 PM MSK 2023 INFO - loadCfg - '/home/korsilyn/.config/steamtinkerlaunch/url.conf' STOP
Sun Oct 15 11:15:38 PM MSK 2023 SKIP - updateConfigFile - Config file '/home/korsilyn/.config/steamtinkerlaunch/gamecfgs/id/648800.conf' already at version 'v12.0'
Sun Oct 15 11:15:38 PM MSK 2023 INFO - linkGameCfg - Symlink '/home/korsilyn/.config/steamtinkerlaunch/gamecfgs/title/Raft.conf' already exists
Sun Oct 15 11:15:38 PM MSK 2023 INFO - createWineList - Updating the Wine Dropdown List
Sun Oct 15 11:15:38 PM MSK 2023 INFO - getGameTextFiles - Searching for at least one editable textfile in '/mnt/nvme/SteamLibrary/steamapps/compatdata/648800/pfx/drive_c/users/steamuser'
Sun Oct 15 11:15:38 PM MSK 2023 INFO - setShowPic - Determining game picture
Sun Oct 15 11:15:38 PM MSK 2023 INFO - setShowPic - Using '/home/korsilyn/.config/steamtinkerlaunch/games/header/648800.jpg' as game picture
Sun Oct 15 11:15:38 PM MSK 2023 INFO - setOPCustPath - Default path for custom exe file requester is '/mnt/nvme/SteamLibrary/steamapps/common/Raft/Raft.exe'
Sun Oct 15 11:15:38 PM MSK 2023 INFO - getRes - Detected screen resolution '2560x1440'
Sun Oct 15 11:15:38 PM MSK 2023 INFO - pollWinRes - Using GEOM '--geometry=1920x1080+0+0' from '/home/korsilyn/.config/steamtinkerlaunch/guicfgs/2560x1440/648800/SteamTinkerLaunch-MainMenu.conf'
Sun Oct 15 11:15:38 PM MSK 2023 INFO - updateWinRes - Starting resolution-poll for '/home/korsilyn/.config/steamtinkerlaunch/guicfgs/2560x1440/648800/SteamTinkerLaunch-MainMenu.conf' with incoming '1920x1080'
Sun Oct 15 11:15:38 PM MSK 2023 WARN - prepareSteamDeckCompatInfo - Can't get Steam Deck compatibility information because 'jq' is not installed
Sun Oct 15 11:15:38 PM MSK 2023 INFO - updateWinRes - Waiting for Window 'SteamTinkerLaunch-MainMenu'
Sun Oct 15 11:15:38 PM MSK 2023 INFO - MainMenu - Looks like we're loading the Main Menu regularly
Sun Oct 15 11:15:40 PM MSK 2023 INFO - updateWinRes - Waiting for Window 'SteamTinkerLaunch-MainMenu'
Sun Oct 15 11:15:41 PM MSK 2023 INFO - updateWinRes - Waiting for Window 'SteamTinkerLaunch-MainMenu'
Sun Oct 15 11:15:42 PM MSK 2023 SKIP - updateWinRes - Timeout waiting for Window 'SteamTinkerLaunch-MainMenu'
Sun Oct 15 11:15:52 PM MSK 2023 INFO - MainMenu - Clicked '10' - 'GLOBAL'
Sun Oct 15 11:15:52 PM MSK 2023 INFO - MainMenu - exiting 'Settings Menu' and opening 'Global Menu'
Sun Oct 15 11:15:52 PM MSK 2023 INFO - prepareMenu - Opening Menu
Sun Oct 15 11:15:52 PM MSK 2023 INFO - loadCfg - '/home/korsilyn/.config/steamtinkerlaunch/global.conf' START
Sun Oct 15 11:15:52 PM MSK 2023 INFO - loadCfg - '/home/korsilyn/.config/steamtinkerlaunch/global.conf' STOP
Sun Oct 15 11:15:52 PM MSK 2023 INFO - loadCfg - '/home/korsilyn/.config/steamtinkerlaunch/gamecfgs/id/648800.conf' START
Sun Oct 15 11:15:52 PM MSK 2023 INFO - loadCfg - Loading game config '/home/korsilyn/.config/steamtinkerlaunch/gamecfgs/id/648800.conf'
Sun Oct 15 11:15:52 PM MSK 2023 INFO - migrateCfgOption - File '/home/korsilyn/.config/steamtinkerlaunch/dxvk/648800.conf' does not exist - nothing to do
Sun Oct 15 11:15:52 PM MSK 2023 INFO - loadCfg - '/home/korsilyn/.config/steamtinkerlaunch/gamecfgs/id/648800.conf' STOP
Sun Oct 15 11:15:52 PM MSK 2023 INFO - loadCfg - '/home/korsilyn/.config/steamtinkerlaunch/url.conf' START
Sun Oct 15 11:15:52 PM MSK 2023 INFO - loadCfg - '/home/korsilyn/.config/steamtinkerlaunch/url.conf' STOP
Sun Oct 15 11:15:52 PM MSK 2023 SKIP - updateConfigFile - Config file '/home/korsilyn/.config/steamtinkerlaunch/gamecfgs/id/648800.conf' already at version 'v12.0'
Sun Oct 15 11:15:52 PM MSK 2023 INFO - linkGameCfg - Symlink '/home/korsilyn/.config/steamtinkerlaunch/gamecfgs/title/Raft.conf' already exists
Sun Oct 15 11:15:52 PM MSK 2023 INFO - createWineList - Updating the Wine Dropdown List
Sun Oct 15 11:15:52 PM MSK 2023 INFO - getGameTextFiles - Searching for at least one editable textfile in '/mnt/nvme/SteamLibrary/steamapps/compatdata/648800/pfx/drive_c/users/steamuser'
Sun Oct 15 11:15:52 PM MSK 2023 SKIP - autoBumpReShade - '5.4.2' is the latest version of 'ReShade' - not updating
Sun Oct 15 11:15:52 PM MSK 2023 SKIP - updateConfigFile - Config file '/home/korsilyn/.config/steamtinkerlaunch/gamecfgs/id/648800.conf' already at version 'v12.0'
Sun Oct 15 11:15:52 PM MSK 2023 INFO - linkGameCfg - Symlink '/home/korsilyn/.config/steamtinkerlaunch/gamecfgs/title/Raft.conf' already exists
Sun Oct 15 11:15:52 PM MSK 2023 INFO - createWineList - Updating the Wine Dropdown List
Sun Oct 15 11:15:52 PM MSK 2023 INFO - rmCfgTemp - Deleting and resetting MKCFG '/dev/shm/steamtinkerlaunch/menu.W613gqT8' - triggered from 'mkCfgTemp'
Sun Oct 15 11:15:52 PM MSK 2023 INFO - getRes - Detected screen resolution '2560x1440'
Sun Oct 15 11:15:52 PM MSK 2023 INFO - pollWinRes - Creating initial '/home/korsilyn/.config/steamtinkerlaunch/guicfgs/2560x1440/648800/SteamTinkerLaunch-launchGlobalMenu.conf' with unused default values
Sun Oct 15 11:15:52 PM MSK 2023 INFO - updateConfigEntry - 'COLCOUNT' option missing in config 'SteamTinkerLaunch-launchGlobalMenu.conf' - adding a new line
Sun Oct 15 11:15:52 PM MSK 2023 INFO - updateWinRes - Starting resolution-poll for '/home/korsilyn/.config/steamtinkerlaunch/guicfgs/2560x1440/648800/SteamTinkerLaunch-launchGlobalMenu.conf' with incoming '1920x1080'
Sun Oct 15 11:15:52 PM MSK 2023 INFO - openMenu - Starting createMenu "/dev/shm/steamtinkerlaunch/menutemp/globalmenu" "launchGlobalMenu" "/dev/shm/steamtinkerlaunch/empty.png" "EMPTY" "EMPTY" "Global settings" "MainMenu" "MENU_GLOBAL"
Sun Oct 15 11:15:52 PM MSK 2023 INFO - createMenu - got '9' elements: '0 /dev/shm/steamtinkerlaunch/menutemp/globalmenu launchGlobalMenu /dev/shm/steamtinkerlaunch/empty.png EMPTY EMPTY Global settings MainMenu MENU_GLOBAL'
Sun Oct 15 11:15:52 PM MSK 2023 INFO - createMenu - Creating menu template '/dev/shm/steamtinkerlaunch/menutemp/globalmenu-template'
Sun Oct 15 11:15:52 PM MSK 2023 INFO - updateWinRes - Waiting for Window 'SteamTinkerLaunch-launchGlobalMenu'
Sun Oct 15 11:15:52 PM MSK 2023 INFO - getFilteredEntries - No blocked elements found in '/home/korsilyn/.config/steamtinkerlaunch/menublock.conf' - working with '/dev/shm/steamtinkerlaunch/rawentries.txt'
Sun Oct 15 11:15:52 PM MSK 2023 INFO - getFilteredEntries - Sort config '/home/korsilyn/.config/steamtinkerlaunch/menusort.conf' found - sorting
Sun Oct 15 11:15:53 PM MSK 2023 INFO - openMenu - Currently used tempfile is '/dev/shm/steamtinkerlaunch/menu.oZXGtGgt'
Sun Oct 15 11:15:53 PM MSK 2023 INFO - updateWinRes - Waiting for Window 'SteamTinkerLaunch-launchGlobalMenu'
Sun Oct 15 11:15:54 PM MSK 2023 INFO - updateWinRes - Waiting for Window 'SteamTinkerLaunch-launchGlobalMenu'
Sun Oct 15 11:15:56 PM MSK 2023 SKIP - updateWinRes - Timeout waiting for Window 'SteamTinkerLaunch-launchGlobalMenu'
Sun Oct 15 11:16:36 PM MSK 2023 INFO - openMenu - Clicked '2' - 'MAIN MENU'
Sun Oct 15 11:16:36 PM MSK 2023 INFO - openMenu - exiting 'Favorite Menu' and opening 'Settings Menu'
Sun Oct 15 11:16:36 PM MSK 2023 INFO - MainMenu - Preparing to load Main Menu
Sun Oct 15 11:16:36 PM MSK 2023 SKIP - createDLSpekList - Skipping looking for available SpecialK versions, because USESPECIALK is disabled
Sun Oct 15 11:16:37 PM MSK 2023 INFO - createDLReShadeList - Found the following 'ReShade' versions online '5.9.2!5.9.1!5.9.0'
Sun Oct 15 11:16:37 PM MSK 2023 INFO - prepareMenu - Opening Menu
Sun Oct 15 11:16:37 PM MSK 2023 INFO - loadCfg - '/home/korsilyn/.config/steamtinkerlaunch/global.conf' START
Sun Oct 15 11:16:38 PM MSK 2023 INFO - loadCfg - '/home/korsilyn/.config/steamtinkerlaunch/global.conf' STOP
Sun Oct 15 11:16:38 PM MSK 2023 INFO - loadCfg - '/home/korsilyn/.config/steamtinkerlaunch/gamecfgs/id/648800.conf' START
Sun Oct 15 11:16:38 PM MSK 2023 INFO - loadCfg - Loading game config '/home/korsilyn/.config/steamtinkerlaunch/gamecfgs/id/648800.conf'
Sun Oct 15 11:16:38 PM MSK 2023 INFO - migrateCfgOption - File '/home/korsilyn/.config/steamtinkerlaunch/dxvk/648800.conf' does not exist - nothing to do
Sun Oct 15 11:16:38 PM MSK 2023 INFO - loadCfg - '/home/korsilyn/.config/steamtinkerlaunch/gamecfgs/id/648800.conf' STOP
Sun Oct 15 11:16:38 PM MSK 2023 INFO - loadCfg - '/home/korsilyn/.config/steamtinkerlaunch/url.conf' START
Sun Oct 15 11:16:38 PM MSK 2023 INFO - loadCfg - '/home/korsilyn/.config/steamtinkerlaunch/url.conf' STOP
Sun Oct 15 11:16:38 PM MSK 2023 SKIP - updateConfigFile - Config file '/home/korsilyn/.config/steamtinkerlaunch/gamecfgs/id/648800.conf' already at version 'v12.0'
Sun Oct 15 11:16:38 PM MSK 2023 INFO - linkGameCfg - Symlink '/home/korsilyn/.config/steamtinkerlaunch/gamecfgs/title/Raft.conf' already exists
Sun Oct 15 11:16:38 PM MSK 2023 INFO - createWineList - Updating the Wine Dropdown List
Sun Oct 15 11:16:38 PM MSK 2023 INFO - getGameTextFiles - Searching for at least one editable textfile in '/mnt/nvme/SteamLibrary/steamapps/compatdata/648800/pfx/drive_c/users/steamuser'
Sun Oct 15 11:16:38 PM MSK 2023 INFO - setShowPic - Determining game picture
Sun Oct 15 11:16:38 PM MSK 2023 INFO - setShowPic - Using '/home/korsilyn/.config/steamtinkerlaunch/games/header/648800.jpg' as game picture
Sun Oct 15 11:16:38 PM MSK 2023 INFO - setOPCustPath - Default path for custom exe file requester is '/mnt/nvme/SteamLibrary/steamapps/common/Raft/Raft.exe'
Sun Oct 15 11:16:38 PM MSK 2023 INFO - getRes - Detected screen resolution '2560x1440'
Sun Oct 15 11:16:38 PM MSK 2023 INFO - pollWinRes - Using GEOM '--geometry=1920x1080+0+0' from '/home/korsilyn/.config/steamtinkerlaunch/guicfgs/2560x1440/648800/SteamTinkerLaunch-MainMenu.conf'
Sun Oct 15 11:16:38 PM MSK 2023 INFO - updateWinRes - Starting resolution-poll for '/home/korsilyn/.config/steamtinkerlaunch/guicfgs/2560x1440/648800/SteamTinkerLaunch-MainMenu.conf' with incoming '1920x1080'
Sun Oct 15 11:16:38 PM MSK 2023 WARN - prepareSteamDeckCompatInfo - Can't get Steam Deck compatibility information because 'jq' is not installed
Sun Oct 15 11:16:38 PM MSK 2023 INFO - updateWinRes - Waiting for Window 'SteamTinkerLaunch-MainMenu'
Sun Oct 15 11:16:38 PM MSK 2023 INFO - MainMenu - Looks like we're loading the Main Menu regularly
Sun Oct 15 11:16:39 PM MSK 2023 INFO - updateWinRes - Waiting for Window 'SteamTinkerLaunch-MainMenu'
Sun Oct 15 11:16:40 PM MSK 2023 INFO - updateWinRes - Waiting for Window 'SteamTinkerLaunch-MainMenu'
Sun Oct 15 11:16:41 PM MSK 2023 SKIP - updateWinRes - Timeout waiting for Window 'SteamTinkerLaunch-MainMenu'
Sun Oct 15 11:17:04 PM MSK 2023 INFO - MainMenu - Clicked '6' - 'GAME MENU'
Sun Oct 15 11:17:04 PM MSK 2023 INFO - MainMenu - exiting 'Settings Menu' and opening 'Game Menu'
Sun Oct 15 11:17:04 PM MSK 2023 INFO - prepareMenu - Opening Menu
Sun Oct 15 11:17:04 PM MSK 2023 INFO - loadCfg - '/home/korsilyn/.config/steamtinkerlaunch/global.conf' START
Sun Oct 15 11:17:04 PM MSK 2023 INFO - loadCfg - '/home/korsilyn/.config/steamtinkerlaunch/global.conf' STOP
Sun Oct 15 11:17:04 PM MSK 2023 INFO - loadCfg - '/home/korsilyn/.config/steamtinkerlaunch/gamecfgs/id/648800.conf' START
Sun Oct 15 11:17:04 PM MSK 2023 INFO - loadCfg - Loading game config '/home/korsilyn/.config/steamtinkerlaunch/gamecfgs/id/648800.conf'
Sun Oct 15 11:17:04 PM MSK 2023 INFO - migrateCfgOption - File '/home/korsilyn/.config/steamtinkerlaunch/dxvk/648800.conf' does not exist - nothing to do
Sun Oct 15 11:17:04 PM MSK 2023 INFO - loadCfg - '/home/korsilyn/.config/steamtinkerlaunch/gamecfgs/id/648800.conf' STOP
Sun Oct 15 11:17:04 PM MSK 2023 INFO - loadCfg - '/home/korsilyn/.config/steamtinkerlaunch/url.conf' START
Sun Oct 15 11:17:04 PM MSK 2023 INFO - loadCfg - '/home/korsilyn/.config/steamtinkerlaunch/url.conf' STOP
Sun Oct 15 11:17:04 PM MSK 2023 SKIP - updateConfigFile - Config file '/home/korsilyn/.config/steamtinkerlaunch/gamecfgs/id/648800.conf' already at version 'v12.0'
Sun Oct 15 11:17:04 PM MSK 2023 INFO - linkGameCfg - Symlink '/home/korsilyn/.config/steamtinkerlaunch/gamecfgs/title/Raft.conf' already exists
Sun Oct 15 11:17:04 PM MSK 2023 INFO - createWineList - Updating the Wine Dropdown List
Sun Oct 15 11:17:04 PM MSK 2023 INFO - getGameTextFiles - Searching for at least one editable textfile in '/mnt/nvme/SteamLibrary/steamapps/compatdata/648800/pfx/drive_c/users/steamuser'
Sun Oct 15 11:17:04 PM MSK 2023 SKIP - updateConfigFile - Config file '/home/korsilyn/.config/steamtinkerlaunch/gamecfgs/id/648800.conf' already at version 'v12.0'
Sun Oct 15 11:17:04 PM MSK 2023 INFO - linkGameCfg - Symlink '/home/korsilyn/.config/steamtinkerlaunch/gamecfgs/title/Raft.conf' already exists
Sun Oct 15 11:17:04 PM MSK 2023 INFO - createWineList - Updating the Wine Dropdown List
Sun Oct 15 11:17:04 PM MSK 2023 INFO - rmCfgTemp - Deleting and resetting MKCFG '/dev/shm/steamtinkerlaunch/menu.oZXGtGgt' - triggered from 'mkCfgTemp'
Sun Oct 15 11:17:04 PM MSK 2023 INFO - loadCfg - Loading game config '/home/korsilyn/.config/steamtinkerlaunch/gamecfgs/id/648800.conf'
Sun Oct 15 11:17:04 PM MSK 2023 INFO - migrateCfgOption - File '/home/korsilyn/.config/steamtinkerlaunch/dxvk/648800.conf' does not exist - nothing to do
Sun Oct 15 11:17:04 PM MSK 2023 INFO - getRes - Detected screen resolution '2560x1440'
Sun Oct 15 11:17:04 PM MSK 2023 INFO - pollWinRes - Using GEOM '--geometry=1920x1080+0+0' from '/home/korsilyn/.config/steamtinkerlaunch/guicfgs/2560x1440/648800/SteamTinkerLaunch-launchGameMenu.conf'
Sun Oct 15 11:17:04 PM MSK 2023 INFO - updateWinRes - Starting resolution-poll for '/home/korsilyn/.config/steamtinkerlaunch/guicfgs/2560x1440/648800/SteamTinkerLaunch-launchGameMenu.conf' with incoming '1920x1080'
Sun Oct 15 11:17:04 PM MSK 2023 INFO - openMenu - Starting createMenu "/dev/shm/steamtinkerlaunch/menutemp/gamemenu" "launchGameMenu" "/home/korsilyn/.config/steamtinkerlaunch/games/header/648800.jpg" "EMPTY" "EMPTY" "Settings for game 'Raft (648800)'" "MainMenu" "MENU_GAME"
Sun Oct 15 11:17:04 PM MSK 2023 INFO - createMenu - got '9' elements: '0 /dev/shm/steamtinkerlaunch/menutemp/gamemenu launchGameMenu /home/korsilyn/.config/steamtinkerlaunch/games/header/648800.jpg EMPTY EMPTY Settings for game 'Raft (648800)' MainMenu MENU_GAME'
Sun Oct 15 11:17:04 PM MSK 2023 INFO - updateWinRes - Waiting for Window 'SteamTinkerLaunch-launchGameMenu'
Sun Oct 15 11:17:04 PM MSK 2023 INFO - openMenu - Currently used tempfile is '/dev/shm/steamtinkerlaunch/menu.cQssbXaA'
Sun Oct 15 11:17:05 PM MSK 2023 INFO - updateWinRes - Waiting for Window 'SteamTinkerLaunch-launchGameMenu'
Sun Oct 15 11:17:06 PM MSK 2023 INFO - updateWinRes - Waiting for Window 'SteamTinkerLaunch-launchGameMenu'
Sun Oct 15 11:17:07 PM MSK 2023 SKIP - updateWinRes - Timeout waiting for Window 'SteamTinkerLaunch-launchGameMenu'
Sun Oct 15 11:17:19 PM MSK 2023 INFO - openMenu - Clicked '8' - 'SAVE AND PLAY'
Sun Oct 15 11:17:19 PM MSK 2023 INFO - openMenu - exiting 'Favorite Menu' and opening 'Game Start'
Sun Oct 15 11:17:19 PM MSK 2023 INFO - openMenu - Saving config '/home/korsilyn/.config/steamtinkerlaunch/gamecfgs/id/648800.conf' and starting the game
Sun Oct 15 11:17:19 PM MSK 2023 INFO - saveMenuEntries - Saving changed Settings
Sun Oct 15 11:17:19 PM MSK 2023 INFO - saveMenuEntries - Clearing Results array with '182' elements
Sun Oct 15 11:17:19 PM MSK 2023 INFO - saveMenuEntries - Pulling values from tempfile '/dev/shm/steamtinkerlaunch/menu.cQssbXaA'
Sun Oct 15 11:17:19 PM MSK 2023 INFO - updateConfigEntry - Option 'USEPROTON' is updated with the new value 'GE-Proton8-11' in config '648800.conf'
Sun Oct 15 11:17:20 PM MSK 2023 INFO - saveMenuEntries - Done with Saving changed Settings
Sun Oct 15 11:17:20 PM MSK 2023 INFO - startSteamGame - Starting game
Sun Oct 15 11:17:20 PM MSK 2023 INFO - goBackToPrevFunction - 'MainMenu' closed
Sun Oct 15 11:17:20 PM MSK 2023 INFO - goBackToPrevFunction - 'MainMenu' closed
Sun Oct 15 11:17:20 PM MSK 2023 INFO - goBackToPrevFunction - 'MainMenu' closed
Sun Oct 15 11:17:20 PM MSK 2023 INFO - goBackToPrevFunction - 'MainMenu' closed
Sun Oct 15 11:17:20 PM MSK 2023 INFO - prepareLaunch - Second LoadCfg after menus: /home/korsilyn/.config/steamtinkerlaunch/gamecfgs/id/648800.conf
Sun Oct 15 11:17:20 PM MSK 2023 INFO - loadCfg - '/home/korsilyn/.config/steamtinkerlaunch/gamecfgs/id/648800.conf' START
Sun Oct 15 11:17:20 PM MSK 2023 INFO - loadCfg - Loading game config '/home/korsilyn/.config/steamtinkerlaunch/gamecfgs/id/648800.conf'
Sun Oct 15 11:17:20 PM MSK 2023 INFO - migrateCfgOption - File '/home/korsilyn/.config/steamtinkerlaunch/dxvk/648800.conf' does not exist - nothing to do
Sun Oct 15 11:17:20 PM MSK 2023 INFO - loadCfg - '/home/korsilyn/.config/steamtinkerlaunch/gamecfgs/id/648800.conf' STOP
Sun Oct 15 11:17:20 PM MSK 2023 INFO - setDxvkVars - Exporting variable 'DXVK_FRAME_RATE=none' to limit game framerate
Sun Oct 15 11:17:20 PM MSK 2023 INFO - autoCollectionSettings - Searching collections for game '648800' in '/home/korsilyn/.local/share/Steam/userdata/1005184864/7/remote/sharedconfig.vdf'
Sun Oct 15 11:17:20 PM MSK 2023 SKIP - autoCollectionSettings - Global Config '' not found - skipping
Sun Oct 15 11:17:20 PM MSK 2023 SKIP - autoCollectionSettings - Collections Directory Config '' not found - skipping
Sun Oct 15 11:17:20 PM MSK 2023 INFO - prepareLaunch - sortGameArgs again, in case something changed above:
Sun Oct 15 11:17:20 PM MSK 2023 SKIP - sortGameArgs - Sorting the game arguments is disabled
Sun Oct 15 11:17:20 PM MSK 2023 INFO - prepareLaunch - symlinkSteamUser:
Sun Oct 15 11:17:20 PM MSK 2023 SKIP - symlinkSteamUser - Symlinking steamuser is disabled - Checking if a symlink needs to be reverted
Sun Oct 15 11:17:20 PM MSK 2023 SKIP - symlinkSteamUser - '/mnt/nvme/SteamLibrary/steamapps/compatdata/648800/pfx/drive_c/users/steamuser' is no symlink - nothing to do
Sun Oct 15 11:17:20 PM MSK 2023 INFO - prepareLaunch - restoreSteamUser:
Sun Oct 15 11:17:20 PM MSK 2023 INFO - restoreSteamUser - Using configured value 'none' for RESTORESTEAMUSER
Sun Oct 15 11:17:20 PM MSK 2023 INFO - restoreSteamUser - Restoration of steamuser data is disabled with RESTORESTEAMUSER being 'none
Sun Oct 15 11:17:20 PM MSK 2023 INFO - prepareLaunch - prepareProton:
Sun Oct 15 11:17:20 PM MSK 2023 INFO - prepareProton - setNewProtVars, because 'GE-Proton8-11' != 'proton-7.0-6e'
Sun Oct 15 11:17:20 PM MSK 2023 INFO - setNewProtVars - Setting new Proton Variables based on '/home/korsilyn/git-repos/proton-ge/GE-Proton8-11/proton'
Sun Oct 15 11:17:20 PM MSK 2023 INFO - setNewProtVars - Continuing with RUNPROTON='/home/korsilyn/git-repos/proton-ge/GE-Proton8-11/proton'
Sun Oct 15 11:17:20 PM MSK 2023 INFO - setRunWineServer - Initiated from 'setNewProtVars'
Sun Oct 15 11:17:20 PM MSK 2023 INFO - setRunWineServer - Set the wine binary for proton in path '/home/korsilyn/git-repos/proton-ge/GE-Proton8-11/proton'
Sun Oct 15 11:17:20 PM MSK 2023 INFO - setRunWineServer - to '/home/korsilyn/git-repos/proton-ge/GE-Proton8-11/files/bin/wine'
Sun Oct 15 11:17:20 PM MSK 2023 INFO - setRunWineServer - and wineserver to '/home/korsilyn/git-repos/proton-ge/GE-Proton8-11/files/bin/wineserver'
Sun Oct 15 11:17:20 PM MSK 2023 INFO - prepareLaunch - setLinGameVals :
Sun Oct 15 11:17:20 PM MSK 2023 INFO - prepareLaunch - CheckTweakLaunch:
Sun Oct 15 11:17:20 PM MSK 2023 INFO - prepareLaunch - checkXliveless:
Sun Oct 15 11:17:20 PM MSK 2023 INFO - prepareLaunch - chooseWinetricks:
Sun Oct 15 11:17:20 PM MSK 2023 INFO - prepareLaunch - checkExtDeps:
Sun Oct 15 11:17:20 PM MSK 2023 INFO - prepareLaunch - checkExtDeps done
Sun Oct 15 11:17:20 PM MSK 2023 INFO - prepareLaunch - setWineVars:
Sun Oct 15 11:17:20 PM MSK 2023 INFO - prepareLaunch - CheckWinetricksLaunch:
Sun Oct 15 11:17:20 PM MSK 2023 INFO - prepareLaunch - CheckWineCfgLaunch:
Sun Oct 15 11:17:20 PM MSK 2023 WARN - checkWineCfgLaunch - Function was called but RUN_WINECFG ('0') was not enabled - skipping
Sun Oct 15 11:17:20 PM MSK 2023 INFO - prepareLaunch - CustomRegs:
Sun Oct 15 11:17:20 PM MSK 2023 INFO - prepareLaunch - TogWindows:
Sun Oct 15 11:17:20 PM MSK 2023 INFO - prepareLaunch - StateSteamWebHelper:
Sun Oct 15 11:17:20 PM MSK 2023 INFO - prepareLaunch - InstallReshade:
Sun Oct 15 11:17:20 PM MSK 2023 INFO - prepareLaunch - installDepth3DReshade:
Sun Oct 15 11:17:20 PM MSK 2023 INFO - prepareLaunch - checkReshade:
Sun Oct 15 11:17:20 PM MSK 2023 INFO - autoCollectionSettings - Searching collections for game '648800' in '/home/korsilyn/.local/share/Steam/userdata/1005184864/7/remote/sharedconfig.vdf'
Sun Oct 15 11:17:20 PM MSK 2023 SKIP - autoCollectionSettings - Global Config '' not found - skipping
Sun Oct 15 11:17:20 PM MSK 2023 SKIP - autoCollectionSettings - Collections Directory Config '' not found - skipping
Sun Oct 15 11:17:20 PM MSK 2023 INFO - setFullGameExePath - Using the directory '/mnt/nvme/SteamLibrary/steamapps/common/Raft' of the used custom command as absolute game exe path
Sun Oct 15 11:17:20 PM MSK 2023 INFO - prepareLaunch - useSpecialK:
Sun Oct 15 11:17:20 PM MSK 2023 INFO - setFullGameExePath - Using the directory '/mnt/nvme/SteamLibrary/steamapps/common/Raft' of the used custom command as absolute game exe path
Sun Oct 15 11:17:20 PM MSK 2023 INFO - prepareLaunch - configureGeoElf:
Sun Oct 15 11:17:20 PM MSK 2023 INFO - setFullGameExePath - Using the directory '/mnt/nvme/SteamLibrary/steamapps/common/Raft' of the used custom command as absolute game exe path
Sun Oct 15 11:17:20 PM MSK 2023 INFO - prepareLaunch - ChooseShaders:
Sun Oct 15 11:17:20 PM MSK 2023 INFO - prepareLaunch - UseNyrnaz:
Sun Oct 15 11:17:20 PM MSK 2023 INFO - prepareLaunch - UseReplay:
Sun Oct 15 11:17:20 PM MSK 2023 INFO - prepareLaunch - CheckSBSVRLaunch:
Sun Oct 15 11:17:20 PM MSK 2023 INFO - prepareLaunch - checkMO2:
Sun Oct 15 11:17:20 PM MSK 2023 INFO - prepareLaunch - setNewRes:
Sun Oct 15 11:17:20 PM MSK 2023 INFO - getRes - Detected screen resolution '2560x1440'
Sun Oct 15 11:17:20 PM MSK 2023 INFO - prepareLaunch - customUserScriptStart:
Sun Oct 15 11:17:20 PM MSK 2023 INFO - prepareLaunch - redirectSCDP:
Sun Oct 15 11:17:20 PM MSK 2023 INFO - redirectSCDP - Using Proton version with minor version fix 'GE-Proton8-11' for compatdata directory name
Sun Oct 15 11:17:20 PM MSK 2023 INFO - redirectSCDP - Using regular compatdata '/mnt/nvme/SteamLibrary/steamapps/compatdata/648800'
Sun Oct 15 11:17:20 PM MSK 2023 INFO - prepareLaunch - checkIGCSInjector:
Sun Oct 15 11:17:20 PM MSK 2023 INFO - prepareLaunch - checkOpenVRFSR:
Sun Oct 15 11:17:20 PM MSK 2023 INFO - prepareLaunch - CheckFWS:
Sun Oct 15 11:17:20 PM MSK 2023 INFO - loadCustomVars - Empty global config '/home/korsilyn/.config/steamtinkerlaunch/gamecfgs/customvars/global-custom-vars.conf' for user defined custom variables not loaded
Sun Oct 15 11:17:20 PM MSK 2023 INFO - loadCustomVars - Empty game-specific config '/home/korsilyn/.config/steamtinkerlaunch/gamecfgs/customvars/648800.conf' for user defined custom variables not loaded
Sun Oct 15 11:17:20 PM MSK 2023 INFO - prepareLaunch - CheckCustomLaunch:
Sun Oct 15 11:17:20 PM MSK 2023 INFO - checkCustomLaunch - USECUSTOMCMD is set to '1' - trying to start custom program '/mnt/nvme/SteamLibrary/steamapps/common/Raft/BepInExUnityInstaller.exe'
Sun Oct 15 11:17:20 PM MSK 2023 INFO - checkCustomLaunch - FORK_CUSTOMCMD is set to 0 - starting the custom program regularly
Sun Oct 15 11:17:20 PM MSK 2023 INFO - launchCustomProg - '/mnt/nvme/SteamLibrary/steamapps/common/Raft/BepInExUnityInstaller.exe' not found - searching in gamedir
Sun Oct 15 11:17:20 PM MSK 2023 INFO - launchCustomProg - '/mnt/nvme/SteamLibrary/steamapps/common/Raft/BepInExUnityInstaller.exe' also not in '/mnt/nvme/SteamLibrary/steamapps/common/Raft//mnt/nvme/SteamLibrary/steamapps/common/Raft/BepInExUnityInstaller.exe' - checking if absolute path was provided
Sun Oct 15 11:17:20 PM MSK 2023 INFO - launchCustomProg - '/mnt/nvme/SteamLibrary/steamapps/common/Raft/BepInExUnityInstaller.exe' is absolute path
Sun Oct 15 11:17:20 PM MSK 2023 INFO - launchCustomProg - Changed pwd into the custom directory '/mnt/nvme/SteamLibrary/steamapps/common/Raft'
Sun Oct 15 11:17:20 PM MSK 2023 INFO - launchCustomProg - '/mnt/nvme/SteamLibrary/steamapps/common/Raft/BepInExUnityInstaller.exe' seems to be a MS Windows program - starting through proton
Sun Oct 15 11:17:20 PM MSK 2023 INFO - launchCustomProg - '/mnt/nvme/SteamLibrary/steamapps/common/Raft/BepInExUnityInstaller.exe' seems to be a MS gui program - starting regularly
Sun Oct 15 11:17:20 PM MSK 2023 INFO - setRunProtonFromUseProton - Setting ORUNPROTON to '/home/korsilyn/git-repos/proton-ge/GE-Proton8-11/proton'
Sun Oct 15 11:17:20 PM MSK 2023 SKIP - setRunProtonFromUseProton - RUNPROTON '/home/korsilyn/git-repos/proton-ge/GE-Proton8-11/proton' hasn't changed
Sun Oct 15 11:17:20 PM MSK 2023 INFO - extProtonRun - Continuing with RUNPROTON='/home/korsilyn/git-repos/proton-ge/GE-Proton8-11/proton'
Sun Oct 15 11:17:20 PM MSK 2023 INFO - extProtonRun - Starting '/mnt/nvme/SteamLibrary/steamapps/common/Raft/BepInExUnityInstaller.exe' regularly
Sun Oct 15 11:17:20 PM MSK 2023 INFO - restoreOrgVars - Restoring previously cleared Variables
Sun Oct 15 23:17:20 MSK 2023 INFO - extProtonRun - Starting with launch command '/home/korsilyn/git-repos/proton-ge/GE-Proton8-11/proton run /mnt/nvme/SteamLibrary/steamapps/common/Raft/BepInExUnityInstaller.exe'
Sun Oct 15 11:17:28 PM MSK 2023 INFO - launchCustomProg - Changing pwd into previous directory
Sun Oct 15 11:17:28 PM MSK 2023 INFO - checkCustomLaunch - ONLY_CUSTOMCMD is set to 1 means only custom program '/mnt/nvme/SteamLibrary/steamapps/common/Raft/BepInExUnityInstaller.exe' is supposed to start - exiting here
Sun Oct 15 11:17:28 PM MSK 2023 INFO - checkCustomLaunch - ## CUSTOMCMD STOPPED after '8' seconds playtime
Sun Oct 15 11:17:28 PM MSK 2023 INFO - closeSTL - closing STL
Sun Oct 15 11:17:28 PM MSK 2023 INFO - updateConfigEntry - Emptying 'CUSTOMCMD' for '/home/korsilyn/.config/steamtinkerlaunch/default_template.conf'
Sun Oct 15 11:17:28 PM MSK 2023 INFO - updateConfigEntry - Option 'CUSTOMCMD' is updated with the new value 'echo' in config 'default_template.conf'
Sun Oct 15 11:17:28 PM MSK 2023 INFO - closeSTL - Creating '/dev/shm/steamtinkerlaunch/steamtinkerlaunch-closing.tmp'
Sun Oct 15 11:17:28 PM MSK 2023 INFO - checkPlayTime - The game stopped after '8' seconds - opening CrashGuess Requester
Sun Oct 15 11:17:28 PM MSK 2023 INFO - getRes - Detected screen resolution '2560x1440'
Sun Oct 15 11:17:28 PM MSK 2023 INFO - pollWinRes - Creating initial '/home/korsilyn/.config/steamtinkerlaunch/guicfgs/2560x1440/648800/SteamTinkerLaunch-CrashGuess.conf' with unused default values
Sun Oct 15 11:17:28 PM MSK 2023 INFO - updateConfigEntry - 'COLCOUNT' option missing in config 'SteamTinkerLaunch-CrashGuess.conf' - adding a new line
Sun Oct 15 11:17:28 PM MSK 2023 INFO - updateWinRes - Starting resolution-poll for '/home/korsilyn/.config/steamtinkerlaunch/guicfgs/2560x1440/648800/SteamTinkerLaunch-CrashGuess.conf' with incoming '1920x1080'
Sun Oct 15 11:17:28 PM MSK 2023 INFO - setShowPic - Determining game picture
Sun Oct 15 11:17:28 PM MSK 2023 INFO - setShowPic - Using '/home/korsilyn/.config/steamtinkerlaunch/games/header/648800.jpg' as game picture
Sun Oct 15 11:17:28 PM MSK 2023 WAIT - updateWinRes - steamtinkerlaunch is just closing - leaving loop
Sun Oct 15 11:17:28 PM MSK 2023 INFO - updateWinRes - Window 'SteamTinkerLaunch-CrashGuess' is running - polling the resolution
Sun Oct 15 11:17:28 PM MSK 2023 INFO - updateWinRes - The Window 'SteamTinkerLaunch-CrashGuess' was closed - the resolution didn't change - nothing to do
Sun Oct 15 11:17:32 PM MSK 2023 SKIP - checkPlayTime - Selected 'NO' - Exiting regularly
Sun Oct 15 11:17:32 PM MSK 2023 INFO - closeSTL - Game 'Raft (648800)' exited - cleaning up custom processes if necessary
Sun Oct 15 11:17:32 PM MSK 2023 INFO - closeTrayIcon - Closing TrayIcon '21910'
Sun Oct 15 11:17:33 PM MSK 2023 INFO - closeSTL - Removing '/dev/shm/steamtinkerlaunch/steamtinkerlaunch-closing.tmp'
Sun Oct 15 11:17:33 PM MSK 2023 STOP - ######### closeSTL SteamTinkerLaunch v12.0 #########
Sun Oct 15 11:17:33 PM MSK 2023 INFO - writeLastRun - Recreating /home/korsilyn/.config/steamtinkerlaunch/logs/steamtinkerlaunch/lastrun.txt
Sun Oct 15 11:17:33 PM MSK 2023 INFO - storeMetaData - Saving metadata for game 'Raft (648800)'
Sun Oct 15 11:17:33 PM MSK 2023 INFO - updateConfigEntry - 'GAMEID' option missing in config '648800.conf' - adding a new line
Sun Oct 15 11:17:33 PM MSK 2023 INFO - getArch - Architecture for '/mnt/nvme/SteamLibrary/steamapps/common/Raft/Raft.exe' is 64bit
Sun Oct 15 11:17:33 PM MSK 2023 INFO - updateConfigEntry - 'GAMEARCH' option missing in config '648800.conf' - adding a new line
Sun Oct 15 11:17:34 PM MSK 2023 INFO - updateConfigEntry - 'WINEPREFIX' option missing in config '648800.conf' - adding a new line
Sun Oct 15 11:17:34 PM MSK 2023 INFO - updateConfigEntry - 'MEGAMEDIR' option missing in config '648800.conf' - adding a new line
Sun Oct 15 11:17:34 PM MSK 2023 INFO - storeMetaData - Set symlink from '/home/korsilyn/.config/steamtinkerlaunch/meta/id/general/648800.conf' to '/home/korsilyn/.config/steamtinkerlaunch/meta/title/general/Raft.conf'
Sun Oct 15 11:17:34 PM MSK 2023 INFO - storeMetaData - Set symlink from '/home/korsilyn/.config/steamtinkerlaunch/meta/id/custom/648800.conf' to '/home/korsilyn/.config/steamtinkerlaunch/meta/title/custom/Raft.conf'
Sun Oct 15 11:17:34 PM MSK 2023 INFO - storeMetaData - '/home/korsilyn/.config/steamtinkerlaunch/meta/eval/id/evaluatorscript_648800.vdf' does not exists
Sun Oct 15 11:17:34 PM MSK 2023 INFO - stlCleanup - Ensuring tray icon is definitely removed
Sun Oct 15 11:17:34 PM MSK 2023 INFO - stlCleanup - Closing SteamTinkerLaunch
