ERROR: ld.so: object '/home/korsilyn/.local/share/Steam/ubuntu12_32/gameoverlayrenderer.so' from LD_PRELOAD cannot be preloaded (wrong ELF class: ELFCLASS32): ignored.
ERROR: ld.so: object '/home/korsilyn/.local/share/Steam/ubuntu12_32/gameoverlayrenderer.so' from LD_PRELOAD cannot be preloaded (wrong ELF class: ELFCLASS32): ignored.
pressure-vessel-wrap[181666]: W: Binding directories that are located under "/usr/" is not supported!
[34mProtonFixes[181768] INFO: Running protonfixes[0m
[34mProtonFixes[181768] INFO: Running checks[0m
[34mProtonFixes[181768] INFO: All checks successful[0m
[34mProtonFixes[181768] INFO: Using global defaults for "Grand Theft Auto: San Andreas" (12120)[0m
[34mProtonFixes[181768] INFO: No global protonfix found for "Grand Theft Auto: San Andreas" (12120)[0m
wine: using kernel write watches, use_kernel_writewatch 1.
fsync: up and running.
wine: using kernel write watches, use_kernel_writewatch 1.
wine: using kernel write watches, use_kernel_writewatch 1.
wine: using kernel write watches, use_kernel_writewatch 1.
wine: using kernel write watches, use_kernel_writewatch 1.
wine: using kernel write watches, use_kernel_writewatch 1.
wine: using kernel write watches, use_kernel_writewatch 1.
wine: using kernel write watches, use_kernel_writewatch 1.
wine: using kernel write watches, use_kernel_writewatch 1.
wine: using kernel write watches, use_kernel_writewatch 1.
Setting breakpad minidump AppID = 12120
Steam_SetMinidumpSteamID:  Caching Steam ID:  76561198965450592 [API loaded no]
wine: using kernel write watches, use_kernel_writewatch 1.
wine: setpriority -10 for pid -1 failed: 3
wine: setpriority -10 for pid -1 failed: 3
wine: setpriority -10 for pid -1 failed: 3
Fossilize INFO: Overriding serialization path: "/mnt/nvme/SteamLibrary/steamapps/shadercache/12120/fozpipelinesv6/steamapprun_pipeline_cache".
wine: setpriority 3 for pid -1 failed: 3
wine: setpriority 3 for pid -1 failed: 3
wine: setpriority 3 for pid -1 failed: 3
wine: setpriority 3 for pid -1 failed: 3
wine: setpriority 3 for pid -1 failed: 3
wine: setpriority 3 for pid -1 failed: 3
wine: setpriority 3 for pid -1 failed: 3
wine: setpriority 3 for pid -1 failed: 3
wine: setpriority 3 for pid -1 failed: 3
wine: setpriority 3 for pid -1 failed: 3
wine: setpriority 3 for pid -1 failed: 3
wine: setpriority 3 for pid -1 failed: 3

(wine:181848): GStreamer-WARNING **: 14:28:11.486: Failed to load plugin '/usr/share/steam/compatibilitytools.d/proton-ge-custom/files/lib64/gstreamer-1.0/libgstaccurip.so': /usr/share/steam/compatibilitytools.d/proton-ge-custom/files/lib64/gstreamer-1.0/libgstaccurip.so: wrong ELF class: ELFCLASS64

(wine:181848): GStreamer-WARNING **: 14:28:11.486: Failed to load plugin '/usr/share/steam/compatibilitytools.d/proton-ge-custom/files/lib64/gstreamer-1.0/libgstadaptivedemux2.so': /usr/share/steam/compatibilitytools.d/proton-ge-custom/files/lib64/gstreamer-1.0/libgstadaptivedemux2.so: wrong ELF class: ELFCLASS64

(wine:181848): GStreamer-WARNING **: 14:28:11.487: Failed to load plugin '/usr/share/steam/compatibilitytools.d/proton-ge-custom/files/lib64/gstreamer-1.0/libgstadder.so': /usr/share/steam/compatibilitytools.d/proton-ge-custom/files/lib64/gstreamer-1.0/libgstadder.so: wrong ELF class: ELFCLASS64

(wine:181848): GStreamer-WARNING **: 14:28:11.487: Failed to load plugin '/usr/share/steam/compatibilitytools.d/proton-ge-custom/files/lib64/gstreamer-1.0/libgstadpcmdec.so': /usr/share/steam/compatibilitytools.d/proton-ge-custom/files/lib64/gstreamer-1.0/libgstadpcmdec.so: wrong ELF class: ELFCLASS64

(wine:181848): GStreamer-WARNING **: 14:28:11.487: Failed to load plugin '/usr/share/steam/compatibilitytools.d/proton-ge-custom/files/lib64/gstreamer-1.0/libgstadpcmenc.so': /usr/share/steam/compatibilitytools.d/proton-ge-custom/files/lib64/gstreamer-1.0/libgstadpcmenc.so: wrong ELF class: ELFCLASS64

(wine:181848): GStreamer-WARNING **: 14:28:11.487: Failed to load plugin '/usr/share/steam/compatibilitytools.d/proton-ge-custom/files/lib64/gstreamer-1.0/libgstaes.so': /usr/share/steam/compatibilitytools.d/proton-ge-custom/files/lib64/gstreamer-1.0/libgstaes.so: wrong ELF class: ELFCLASS64

(wine:181848): GStreamer-WARNING **: 14:28:11.487: Failed to load plugin '/usr/share/steam/compatibilitytools.d/proton-ge-custom/files/lib64/gstreamer-1.0/libgstaiff.so': /usr/share/steam/compatibilitytools.d/proton-ge-custom/files/lib64/gstreamer-1.0/libgstaiff.so: wrong ELF class: ELFCLASS64

(wine:181848): GStreamer-WARNING **: 14:28:11.487: Failed to load plugin '/usr/share/steam/compatibilitytools.d/proton-ge-custom/files/lib64/gstreamer-1.0/libgstapp.so': /usr/share/steam/compatibilitytools.d/proton-ge-custom/files/lib64/gstreamer-1.0/libgstapp.so: wrong ELF class: ELFCLASS64

(wine:181848): GStreamer-WARNING **: 14:28:11.487: Failed to load plugin '/usr/share/steam/compatibilitytools.d/proton-ge-custom/files/lib64/gstreamer-1.0/libgstasf.so': /usr/share/steam/compatibilitytools.d/proton-ge-custom/files/lib64/gstreamer-1.0/libgstasf.so: wrong ELF class: ELFCLASS64

(wine:181848): GStreamer-WARNING **: 14:28:11.487: Failed to load plugin '/usr/share/steam/compatibilitytools.d/proton-ge-custom/files/lib64/gstreamer-1.0/libgstasfmux.so': /usr/share/steam/compatibilitytools.d/proton-ge-custom/files/lib64/gstreamer-1.0/libgstasfmux.so: wrong ELF class: ELFCLASS64

(wine:181848): GStreamer-WARNING **: 14:28:11.487: Failed to load plugin '/usr/share/steam/compatibilitytools.d/proton-ge-custom/files/lib64/gstreamer-1.0/libgstaudiobuffersplit.so': /usr/share/steam/compatibilitytools.d/proton-ge-custom/files/lib64/gstreamer-1.0/libgstaudiobuffersplit.so: wrong ELF class: ELFCLASS64

(wine:181848): GStreamer-WARNING **: 14:28:11.487: Failed to load plugin '/usr/share/steam/compatibilitytools.d/proton-ge-custom/files/lib64/gstreamer-1.0/libgstaudioconvert.so': /usr/share/steam/compatibilitytools.d/proton-ge-custom/files/lib64/gstreamer-1.0/libgstaudioconvert.so: wrong ELF class: ELFCLASS64

(wine:181848): GStreamer-WARNING **: 14:28:11.487: Failed to load plugin '/usr/share/steam/compatibilitytools.d/proton-ge-custom/files/lib64/gstreamer-1.0/libgstaudiofxbad.so': /usr/share/steam/compatibilitytools.d/proton-ge-custom/files/lib64/gstreamer-1.0/libgstaudiofxbad.so: wrong ELF class: ELFCLASS64

(wine:181848): GStreamer-WARNING **: 14:28:11.487: Failed to load plugin '/usr/share/steam/compatibilitytools.d/proton-ge-custom/files/lib64/gstreamer-1.0/libgstaudiolatency.so': /usr/share/steam/compatibilitytools.d/proton-ge-custom/files/lib64/gstreamer-1.0/libgstaudiolatency.so: wrong ELF class: ELFCLASS64

(wine:181848): GStreamer-WARNING **: 14:28:11.487: Failed to load plugin '/usr/share/steam/compatibilitytools.d/proton-ge-custom/files/lib64/gstreamer-1.0/libgstaudiomixmatrix.so': /usr/share/steam/compatibilitytools.d/proton-ge-custom/files/lib64/gstreamer-1.0/libgstaudiomixmatrix.so: wrong ELF class: ELFCLASS64

(wine:181848): GStreamer-WARNING **: 14:28:11.487: Failed to load plugin '/usr/share/steam/compatibilitytools.d/proton-ge-custom/files/lib64/gstreamer-1.0/libgstaudioparsers.so': /usr/share/steam/compatibilitytools.d/proton-ge-custom/files/lib64/gstreamer-1.0/libgstaudioparsers.so: wrong ELF class: ELFCLASS64

(wine:181848): GStreamer-WARNING **: 14:28:11.487: Failed to load plugin '/usr/share/steam/compatibilitytools.d/proton-ge-custom/files/lib64/gstreamer-1.0/libgstaudioresample.so': /usr/share/steam/compatibilitytools.d/proton-ge-custom/files/lib64/gstreamer-1.0/libgstaudioresample.so: wrong ELF class: ELFCLASS64

(wine:181848): GStreamer-WARNING **: 14:28:11.487: Failed to load plugin '/usr/share/steam/compatibilitytools.d/proton-ge-custom/files/lib64/gstreamer-1.0/libgstaudiovisualizers.so': /usr/share/steam/compatibilitytools.d/proton-ge-custom/files/lib64/gstreamer-1.0/libgstaudiovisualizers.so: wrong ELF class: ELFCLASS64

(wine:181848): GStreamer-WARNING **: 14:28:11.487: Failed to load plugin '/usr/share/steam/compatibilitytools.d/proton-ge-custom/files/lib64/gstreamer-1.0/libgstautoconvert.so': /usr/share/steam/compatibilitytools.d/proton-ge-custom/files/lib64/gstreamer-1.0/libgstautoconvert.so: wrong ELF class: ELFCLASS64

(wine:181848): GStreamer-WARNING **: 14:28:11.487: Failed to load plugin '/usr/share/steam/compatibilitytools.d/proton-ge-custom/files/lib64/gstreamer-1.0/libgstautodetect.so': /usr/share/steam/compatibilitytools.d/proton-ge-custom/files/lib64/gstreamer-1.0/libgstautodetect.so: wrong ELF class: ELFCLASS64

(wine:181848): GStreamer-WARNING **: 14:28:11.487: Failed to load plugin '/usr/share/steam/compatibilitytools.d/proton-ge-custom/files/lib64/gstreamer-1.0/libgstavi.so': /usr/share/steam/compatibilitytools.d/proton-ge-custom/files/lib64/gstreamer-1.0/libgstavi.so: wrong ELF class: ELFCLASS64

(wine:181848): GStreamer-WARNING **: 14:28:11.487: Failed to load plugin '/usr/share/steam/compatibilitytools.d/proton-ge-custom/files/lib64/gstreamer-1.0/libgstbayer.so': /usr/share/steam/compatibilitytools.d/proton-ge-custom/files/lib64/gstreamer-1.0/libgstbayer.so: wrong ELF class: ELFCLASS64

(wine:181848): GStreamer-WARNING **: 14:28:11.487: Failed to load plugin '/usr/share/steam/compatibilitytools.d/proton-ge-custom/files/lib64/gstreamer-1.0/libgstbz2.so': /usr/share/steam/compatibilitytools.d/proton-ge-custom/files/lib64/gstreamer-1.0/libgstbz2.so: wrong ELF class: ELFCLASS64

(wine:181848): GStreamer-WARNING **: 14:28:11.487: Failed to load plugin '/usr/share/steam/compatibilitytools.d/proton-ge-custom/files/lib64/gstreamer-1.0/libgstcamerabin.so': /usr/share/steam/compatibilitytools.d/proton-ge-custom/files/lib64/gstreamer-1.0/libgstcamerabin.so: wrong ELF class: ELFCLASS64

(wine:181848): GStreamer-WARNING **: 14:28:11.487: Failed to load plugin '/usr/share/steam/compatibilitytools.d/proton-ge-custom/files/lib64/gstreamer-1.0/libgstclosedcaption.so': /usr/share/steam/compatibilitytools.d/proton-ge-custom/files/lib64/gstreamer-1.0/libgstclosedcaption.so: wrong ELF class: ELFCLASS64

(wine:181848): GStreamer-WARNING **: 14:28:11.487: Failed to load plugin '/usr/share/steam/compatibilitytools.d/proton-ge-custom/files/lib64/gstreamer-1.0/libgstcodecalpha.so': /usr/share/steam/compatibilitytools.d/proton-ge-custom/files/lib64/gstreamer-1.0/libgstcodecalpha.so: wrong ELF class: ELFCLASS64

(wine:181848): GStreamer-WARNING **: 14:28:11.487: Failed to load plugin '/usr/share/steam/compatibilitytools.d/proton-ge-custom/files/lib64/gstreamer-1.0/libgstcodectimestamper.so': /usr/share/steam/compatibilitytools.d/proton-ge-custom/files/lib64/gstreamer-1.0/libgstcodectimestamper.so: wrong ELF class: ELFCLASS64

(wine:181848): GStreamer-WARNING **: 14:28:11.487: Failed to load plugin '/usr/share/steam/compatibilitytools.d/proton-ge-custom/files/lib64/gstreamer-1.0/libgstcoloreffects.so': /usr/share/steam/compatibilitytools.d/proton-ge-custom/files/lib64/gstreamer-1.0/libgstcoloreffects.so: wrong ELF class: ELFCLASS64

(wine:181848): GStreamer-WARNING **: 14:28:11.487: Failed to load plugin '/usr/share/steam/compatibilitytools.d/proton-ge-custom/files/lib64/gstreamer-1.0/libgstcolormanagement.so': /usr/share/steam/compatibilitytools.d/proton-ge-custom/files/lib64/gstreamer-1.0/libgstcolormanagement.so: wrong ELF class: ELFCLASS64

(wine:181848): GStreamer-WARNING **: 14:28:11.487: Failed to load plugin '/usr/share/steam/compatibilitytools.d/proton-ge-custom/files/lib64/gstreamer-1.0/libgstcoreelements.so': /usr/share/steam/compatibilitytools.d/proton-ge-custom/files/lib64/gstreamer-1.0/libgstcoreelements.so: wrong ELF class: ELFCLASS64

(wine:181848): GStreamer-WARNING **: 14:28:11.488: Failed to load plugin '/usr/share/steam/compatibilitytools.d/proton-ge-custom/files/lib64/gstreamer-1.0/libgstcoretracers.so': /usr/share/steam/compatibilitytools.d/proton-ge-custom/files/lib64/gstreamer-1.0/libgstcoretracers.so: wrong ELF class: ELFCLASS64

(wine:181848): GStreamer-WARNING **: 14:28:11.488: Failed to load plugin '/usr/share/steam/compatibilitytools.d/proton-ge-custom/files/lib64/gstreamer-1.0/libgstdash.so': /usr/share/steam/compatibilitytools.d/proton-ge-custom/files/lib64/gstreamer-1.0/libgstdash.so: wrong ELF class: ELFCLASS64

(wine:181848): GStreamer-WARNING **: 14:28:11.488: Failed to load plugin '/usr/share/steam/compatibilitytools.d/proton-ge-custom/files/lib64/gstreamer-1.0/libgstdav1d.so': /usr/share/steam/compatibilitytools.d/proton-ge-custom/files/lib64/gstreamer-1.0/libgstdav1d.so: wrong ELF class: ELFCLASS64

(wine:181848): GStreamer-WARNING **: 14:28:11.488: Failed to load plugin '/usr/share/steam/compatibilitytools.d/proton-ge-custom/files/lib64/gstreamer-1.0/libgstdebug.so': /usr/share/steam/compatibilitytools.d/proton-ge-custom/files/lib64/gstreamer-1.0/libgstdebug.so: wrong ELF class: ELFCLASS64

(wine:181848): GStreamer-WARNING **: 14:28:11.488: Failed to load plugin '/usr/share/steam/compatibilitytools.d/proton-ge-custom/files/lib64/gstreamer-1.0/libgstdebugutilsbad.so': /usr/share/steam/compatibilitytools.d/proton-ge-custom/files/lib64/gstreamer-1.0/libgstdebugutilsbad.so: wrong ELF class: ELFCLASS64

(wine:181848): GStreamer-WARNING **: 14:28:11.488: Failed to load plugin '/usr/share/steam/compatibilitytools.d/proton-ge-custom/files/lib64/gstreamer-1.0/libgstdeinterlace.so': /usr/share/steam/compatibilitytools.d/proton-ge-custom/files/lib64/gstreamer-1.0/libgstdeinterlace.so: wrong ELF class: ELFCLASS64

(wine:181848): GStreamer-WARNING **: 14:28:11.488: Failed to load plugin '/usr/share/steam/compatibilitytools.d/proton-ge-custom/files/lib64/gstreamer-1.0/libgstdtls.so': /usr/share/steam/compatibilitytools.d/proton-ge-custom/files/lib64/gstreamer-1.0/libgstdtls.so: wrong ELF class: ELFCLASS64

(wine:181848): GStreamer-WARNING **: 14:28:11.488: Failed to load plugin '/usr/share/steam/compatibilitytools.d/proton-ge-custom/files/lib64/gstreamer-1.0/libgstdvb.so': /usr/share/steam/compatibilitytools.d/proton-ge-custom/files/lib64/gstreamer-1.0/libgstdvb.so: wrong ELF class: ELFCLASS64

(wine:181848): GStreamer-WARNING **: 14:28:11.488: Failed to load plugin '/usr/share/steam/compatibilitytools.d/proton-ge-custom/files/lib64/gstreamer-1.0/libgstdvbsubenc.so': /usr/share/steam/compatibilitytools.d/proton-ge-custom/files/lib64/gstreamer-1.0/libgstdvbsubenc.so: wrong ELF class: ELFCLASS64

(wine:181848): GStreamer-WARNING **: 14:28:11.488: Failed to load plugin '/usr/share/steam/compatibilitytools.d/proton-ge-custom/files/lib64/gstreamer-1.0/libgstdvbsuboverlay.so': /usr/share/steam/compatibilitytools.d/proton-ge-custom/files/lib64/gstreamer-1.0/libgstdvbsuboverlay.so: wrong ELF class: ELFCLASS64

(wine:181848): GStreamer-WARNING **: 14:28:11.488: Failed to load plugin '/usr/share/steam/compatibilitytools.d/proton-ge-custom/files/lib64/gstreamer-1.0/libgstdvdlpcmdec.so': /usr/share/steam/compatibilitytools.d/proton-ge-custom/files/lib64/gstreamer-1.0/libgstdvdlpcmdec.so: wrong ELF class: ELFCLASS64

(wine:181848): GStreamer-WARNING **: 14:28:11.488: Failed to load plugin '/usr/share/steam/compatibilitytools.d/proton-ge-custom/files/lib64/gstreamer-1.0/libgstdvdspu.so': /usr/share/steam/compatibilitytools.d/proton-ge-custom/files/lib64/gstreamer-1.0/libgstdvdspu.so: wrong ELF class: ELFCLASS64

(wine:181848): GStreamer-WARNING **: 14:28:11.488: Failed to load plugin '/usr/share/steam/compatibilitytools.d/proton-ge-custom/files/lib64/gstreamer-1.0/libgstdvdsub.so': /usr/share/steam/compatibilitytools.d/proton-ge-custom/files/lib64/gstreamer-1.0/libgstdvdsub.so: wrong ELF class: ELFCLASS64

(wine:181848): GStreamer-WARNING **: 14:28:11.488: Failed to load plugin '/usr/share/steam/compatibilitytools.d/proton-ge-custom/files/lib64/gstreamer-1.0/libgstfaceoverlay.so': /usr/share/steam/compatibilitytools.d/proton-ge-custom/files/lib64/gstreamer-1.0/libgstfaceoverlay.so: wrong ELF class: ELFCLASS64

(wine:181848): GStreamer-WARNING **: 14:28:11.488: Failed to load plugin '/usr/share/steam/compatibilitytools.d/proton-ge-custom/files/lib64/gstreamer-1.0/libgstfestival.so': /usr/share/steam/compatibilitytools.d/proton-ge-custom/files/lib64/gstreamer-1.0/libgstfestival.so: wrong ELF class: ELFCLASS64

(wine:181848): GStreamer-WARNING **: 14:28:11.488: Failed to load plugin '/usr/share/steam/compatibilitytools.d/proton-ge-custom/files/lib64/gstreamer-1.0/libgstfieldanalysis.so': /usr/share/steam/compatibilitytools.d/proton-ge-custom/files/lib64/gstreamer-1.0/libgstfieldanalysis.so: wrong ELF class: ELFCLASS64

(wine:181848): GStreamer-WARNING **: 14:28:11.488: Failed to load plugin '/usr/share/steam/compatibilitytools.d/proton-ge-custom/files/lib64/gstreamer-1.0/libgstflac.so': /usr/share/steam/compatibilitytools.d/proton-ge-custom/files/lib64/gstreamer-1.0/libgstflac.so: wrong ELF class: ELFCLASS64

(wine:181848): GStreamer-WARNING **: 14:28:11.488: Failed to load plugin '/usr/share/steam/compatibilitytools.d/proton-ge-custom/files/lib64/gstreamer-1.0/libgstflv.so': /usr/share/steam/compatibilitytools.d/proton-ge-custom/files/lib64/gstreamer-1.0/libgstflv.so: wrong ELF class: ELFCLASS64

(wine:181848): GStreamer-WARNING **: 14:28:11.488: Failed to load plugin '/usr/share/steam/compatibilitytools.d/proton-ge-custom/files/lib64/gstreamer-1.0/libgstflxdec.so': /usr/share/steam/compatibilitytools.d/proton-ge-custom/files/lib64/gstreamer-1.0/libgstflxdec.so: wrong ELF class: ELFCLASS64

(wine:181848): GStreamer-WARNING **: 14:28:11.488: Failed to load plugin '/usr/share/steam/compatibilitytools.d/proton-ge-custom/files/lib64/gstreamer-1.0/libgstfreeverb.so': /usr/share/steam/compatibilitytools.d/proton-ge-custom/files/lib64/gstreamer-1.0/libgstfreeverb.so: wrong ELF class: ELFCLASS64

(wine:181848): GStreamer-WARNING **: 14:28:11.488: Failed to load plugin '/usr/share/steam/compatibilitytools.d/proton-ge-custom/files/lib64/gstreamer-1.0/libgstfrei0r.so': /usr/share/steam/compatibilitytools.d/proton-ge-custom/files/lib64/gstreamer-1.0/libgstfrei0r.so: wrong ELF class: ELFCLASS64

(wine:181848): GStreamer-WARNING **: 14:28:11.488: Failed to load plugin '/usr/share/steam/compatibilitytools.d/proton-ge-custom/files/lib64/gstreamer-1.0/libgstgaudieffects.so': /usr/share/steam/compatibilitytools.d/proton-ge-custom/files/lib64/gstreamer-1.0/libgstgaudieffects.so: wrong ELF class: ELFCLASS64

(wine:181848): GStreamer-WARNING **: 14:28:11.488: Failed to load plugin '/usr/share/steam/compatibilitytools.d/proton-ge-custom/files/lib64/gstreamer-1.0/libgstgdp.so': /usr/share/steam/compatibilitytools.d/proton-ge-custom/files/lib64/gstreamer-1.0/libgstgdp.so: wrong ELF class: ELFCLASS64

(wine:181848): GStreamer-WARNING **: 14:28:11.488: Failed to load plugin '/usr/share/steam/compatibilitytools.d/proton-ge-custom/files/lib64/gstreamer-1.0/libgstgeometrictransform.so': /usr/share/steam/compatibilitytools.d/proton-ge-custom/files/lib64/gstreamer-1.0/libgstgeometrictransform.so: wrong ELF class: ELFCLASS64

(wine:181848): GStreamer-WARNING **: 14:28:11.488: Failed to load plugin '/usr/share/steam/compatibilitytools.d/proton-ge-custom/files/lib64/gstreamer-1.0/libgstgtkwayland.so': /usr/share/steam/compatibilitytools.d/proton-ge-custom/files/lib64/gstreamer-1.0/libgstgtkwayland.so: wrong ELF class: ELFCLASS64

(wine:181848): GStreamer-WARNING **: 14:28:11.488: Failed to load plugin '/usr/share/steam/compatibilitytools.d/proton-ge-custom/files/lib64/gstreamer-1.0/libgsthls.so': /usr/share/steam/compatibilitytools.d/proton-ge-custom/files/lib64/gstreamer-1.0/libgsthls.so: wrong ELF class: ELFCLASS64

(wine:181848): GStreamer-WARNING **: 14:28:11.488: Failed to load plugin '/usr/share/steam/compatibilitytools.d/proton-ge-custom/files/lib64/gstreamer-1.0/libgstid3demux.so': /usr/share/steam/compatibilitytools.d/proton-ge-custom/files/lib64/gstreamer-1.0/libgstid3demux.so: wrong ELF class: ELFCLASS64

(wine:181848): GStreamer-WARNING **: 14:28:11.488: Failed to load plugin '/usr/share/steam/compatibilitytools.d/proton-ge-custom/files/lib64/gstreamer-1.0/libgstid3tag.so': /usr/share/steam/compatibilitytools.d/proton-ge-custom/files/lib64/gstreamer-1.0/libgstid3tag.so: wrong ELF class: ELFCLASS64

(wine:181848): GStreamer-WARNING **: 14:28:11.488: Failed to load plugin '/usr/share/steam/compatibilitytools.d/proton-ge-custom/files/lib64/gstreamer-1.0/libgstinter.so': /usr/share/steam/compatibilitytools.d/proton-ge-custom/files/lib64/gstreamer-1.0/libgstinter.so: wrong ELF class: ELFCLASS64

(wine:181848): GStreamer-WARNING **: 14:28:11.488: Failed to load plugin '/usr/share/steam/compatibilitytools.d/proton-ge-custom/files/lib64/gstreamer-1.0/libgstinterlace.so': /usr/share/steam/compatibilitytools.d/proton-ge-custom/files/lib64/gstreamer-1.0/libgstinterlace.so: wrong ELF class: ELFCLASS64

(wine:181848): GStreamer-WARNING **: 14:28:11.489: Failed to load plugin '/usr/share/steam/compatibilitytools.d/proton-ge-custom/files/lib64/gstreamer-1.0/libgstipcpipeline.so': /usr/share/steam/compatibilitytools.d/proton-ge-custom/files/lib64/gstreamer-1.0/libgstipcpipeline.so: wrong ELF class: ELFCLASS64

(wine:181848): GStreamer-WARNING **: 14:28:11.489: Failed to load plugin '/usr/share/steam/compatibilitytools.d/proton-ge-custom/files/lib64/gstreamer-1.0/libgstisomp4.so': /usr/share/steam/compatibilitytools.d/proton-ge-custom/files/lib64/gstreamer-1.0/libgstisomp4.so: wrong ELF class: ELFCLASS64

(wine:181848): GStreamer-WARNING **: 14:28:11.489: Failed to load plugin '/usr/share/steam/compatibilitytools.d/proton-ge-custom/files/lib64/gstreamer-1.0/libgstivfparse.so': /usr/share/steam/compatibilitytools.d/proton-ge-custom/files/lib64/gstreamer-1.0/libgstivfparse.so: wrong ELF class: ELFCLASS64

(wine:181848): GStreamer-WARNING **: 14:28:11.489: Failed to load plugin '/usr/share/steam/compatibilitytools.d/proton-ge-custom/files/lib64/gstreamer-1.0/libgstivtc.so': /usr/share/steam/compatibilitytools.d/proton-ge-custom/files/lib64/gstreamer-1.0/libgstivtc.so: wrong ELF class: ELFCLASS64

(wine:181848): GStreamer-WARNING **: 14:28:11.489: Failed to load plugin '/usr/share/steam/compatibilitytools.d/proton-ge-custom/files/lib64/gstreamer-1.0/libgstjp2kdecimator.so': /usr/share/steam/compatibilitytools.d/proton-ge-custom/files/lib64/gstreamer-1.0/libgstjp2kdecimator.so: wrong ELF class: ELFCLASS64

(wine:181848): GStreamer-WARNING **: 14:28:11.489: Failed to load plugin '/usr/share/steam/compatibilitytools.d/proton-ge-custom/files/lib64/gstreamer-1.0/libgstjpeg.so': /usr/share/steam/compatibilitytools.d/proton-ge-custom/files/lib64/gstreamer-1.0/libgstjpeg.so: wrong ELF class: ELFCLASS64

(wine:181848): GStreamer-WARNING **: 14:28:11.489: Failed to load plugin '/usr/share/steam/compatibilitytools.d/proton-ge-custom/files/lib64/gstreamer-1.0/libgstjpegformat.so': /usr/share/steam/compatibilitytools.d/proton-ge-custom/files/lib64/gstreamer-1.0/libgstjpegformat.so: wrong ELF class: ELFCLASS64

(wine:181848): GStreamer-WARNING **: 14:28:11.489: Failed to load plugin '/usr/share/steam/compatibilitytools.d/proton-ge-custom/files/lib64/gstreamer-1.0/libgstkms.so': /usr/share/steam/compatibilitytools.d/proton-ge-custom/files/lib64/gstreamer-1.0/libgstkms.so: wrong ELF class: ELFCLASS64

(wine:181848): GStreamer-WARNING **: 14:28:11.489: Failed to load plugin '/usr/share/steam/compatibilitytools.d/proton-ge-custom/files/lib64/gstreamer-1.0/libgstlegacyrawparse.so': /usr/share/steam/compatibilitytools.d/proton-ge-custom/files/lib64/gstreamer-1.0/libgstlegacyrawparse.so: wrong ELF class: ELFCLASS64

(wine:181848): GStreamer-WARNING **: 14:28:11.489: Failed to load plugin '/usr/share/steam/compatibilitytools.d/proton-ge-custom/files/lib64/gstreamer-1.0/libgstlibav.so': /usr/share/steam/compatibilitytools.d/proton-ge-custom/files/lib64/gstreamer-1.0/libgstlibav.so: wrong ELF class: ELFCLASS64

(wine:181848): GStreamer-WARNING **: 14:28:11.489: Failed to load plugin '/usr/share/steam/compatibilitytools.d/proton-ge-custom/files/lib64/gstreamer-1.0/libgstmatroska.so': /usr/share/steam/compatibilitytools.d/proton-ge-custom/files/lib64/gstreamer-1.0/libgstmatroska.so: wrong ELF class: ELFCLASS64

(wine:181848): GStreamer-WARNING **: 14:28:11.489: Failed to load plugin '/usr/share/steam/compatibilitytools.d/proton-ge-custom/files/lib64/gstreamer-1.0/libgstmidi.so': /usr/share/steam/compatibilitytools.d/proton-ge-custom/files/lib64/gstreamer-1.0/libgstmidi.so: wrong ELF class: ELFCLASS64

(wine:181848): GStreamer-WARNING **: 14:28:11.489: Failed to load plugin '/usr/share/steam/compatibilitytools.d/proton-ge-custom/files/lib64/gstreamer-1.0/libgstmpegpsdemux.so': /usr/share/steam/compatibilitytools.d/proton-ge-custom/files/lib64/gstreamer-1.0/libgstmpegpsdemux.so: wrong ELF class: ELFCLASS64

(wine:181848): GStreamer-WARNING **: 14:28:11.489: Failed to load plugin '/usr/share/steam/compatibilitytools.d/proton-ge-custom/files/lib64/gstreamer-1.0/libgstmpegpsmux.so': /usr/share/steam/compatibilitytools.d/proton-ge-custom/files/lib64/gstreamer-1.0/libgstmpegpsmux.so: wrong ELF class: ELFCLASS64

(wine:181848): GStreamer-WARNING **: 14:28:11.489: Failed to load plugin '/usr/share/steam/compatibilitytools.d/proton-ge-custom/files/lib64/gstreamer-1.0/libgstmpegtsdemux.so': /usr/share/steam/compatibilitytools.d/proton-ge-custom/files/lib64/gstreamer-1.0/libgstmpegtsdemux.so: wrong ELF class: ELFCLASS64

(wine:181848): GStreamer-WARNING **: 14:28:11.489: Failed to load plugin '/usr/share/steam/compatibilitytools.d/proton-ge-custom/files/lib64/gstreamer-1.0/libgstmpegtsmux.so': /usr/share/steam/compatibilitytools.d/proton-ge-custom/files/lib64/gstreamer-1.0/libgstmpegtsmux.so: wrong ELF class: ELFCLASS64

(wine:181848): GStreamer-WARNING **: 14:28:11.489: Failed to load plugin '/usr/share/steam/compatibilitytools.d/proton-ge-custom/files/lib64/gstreamer-1.0/libgstmpg123.so': /usr/share/steam/compatibilitytools.d/proton-ge-custom/files/lib64/gstreamer-1.0/libgstmpg123.so: wrong ELF class: ELFCLASS64

(wine:181848): GStreamer-WARNING **: 14:28:11.489: Failed to load plugin '/usr/share/steam/compatibilitytools.d/proton-ge-custom/files/lib64/gstreamer-1.0/libgstmxf.so': /usr/share/steam/compatibilitytools.d/proton-ge-custom/files/lib64/gstreamer-1.0/libgstmxf.so: wrong ELF class: ELFCLASS64

(wine:181848): GStreamer-WARNING **: 14:28:11.489: Failed to load plugin '/usr/share/steam/compatibilitytools.d/proton-ge-custom/files/lib64/gstreamer-1.0/libgstnavigationtest.so': /usr/share/steam/compatibilitytools.d/proton-ge-custom/files/lib64/gstreamer-1.0/libgstnavigationtest.so: wrong ELF class: ELFCLASS64

(wine:181848): GStreamer-WARNING **: 14:28:11.489: Failed to load plugin '/usr/share/steam/compatibilitytools.d/proton-ge-custom/files/lib64/gstreamer-1.0/libgstnetsim.so': /usr/share/steam/compatibilitytools.d/proton-ge-custom/files/lib64/gstreamer-1.0/libgstnetsim.so: wrong ELF class: ELFCLASS64

(wine:181848): GStreamer-WARNING **: 14:28:11.489: Failed to load plugin '/usr/share/steam/compatibilitytools.d/proton-ge-custom/files/lib64/gstreamer-1.0/libgstogg.so': /usr/share/steam/compatibilitytools.d/proton-ge-custom/files/lib64/gstreamer-1.0/libgstogg.so: wrong ELF class: ELFCLASS64

(wine:181848): GStreamer-WARNING **: 14:28:11.489: Failed to load plugin '/usr/share/steam/compatibilitytools.d/proton-ge-custom/files/lib64/gstreamer-1.0/libgstopenal.so': /usr/share/steam/compatibilitytools.d/proton-ge-custom/files/lib64/gstreamer-1.0/libgstopenal.so: wrong ELF class: ELFCLASS64

(wine:181848): GStreamer-WARNING **: 14:28:11.489: Failed to load plugin '/usr/share/steam/compatibilitytools.d/proton-ge-custom/files/lib64/gstreamer-1.0/libgstopengl.so': /usr/share/steam/compatibilitytools.d/proton-ge-custom/files/lib64/gstreamer-1.0/libgstopengl.so: wrong ELF class: ELFCLASS64

(wine:181848): GStreamer-WARNING **: 14:28:11.489: Failed to load plugin '/usr/share/steam/compatibilitytools.d/proton-ge-custom/files/lib64/gstreamer-1.0/libgstopus.so': /usr/share/steam/compatibilitytools.d/proton-ge-custom/files/lib64/gstreamer-1.0/libgstopus.so: wrong ELF class: ELFCLASS64

(wine:181848): GStreamer-WARNING **: 14:28:11.489: Failed to load plugin '/usr/share/steam/compatibilitytools.d/proton-ge-custom/files/lib64/gstreamer-1.0/libgstopusparse.so': /usr/share/steam/compatibilitytools.d/proton-ge-custom/files/lib64/gstreamer-1.0/libgstopusparse.so: wrong ELF class: ELFCLASS64

(wine:181848): GStreamer-WARNING **: 14:28:11.489: Failed to load plugin '/usr/share/steam/compatibilitytools.d/proton-ge-custom/files/lib64/gstreamer-1.0/libgstpbtypes.so': /usr/share/steam/compatibilitytools.d/proton-ge-custom/files/lib64/gstreamer-1.0/libgstpbtypes.so: wrong ELF class: ELFCLASS64

(wine:181848): GStreamer-WARNING **: 14:28:11.489: Failed to load plugin '/usr/share/steam/compatibilitytools.d/proton-ge-custom/files/lib64/gstreamer-1.0/libgstpcapparse.so': /usr/share/steam/compatibilitytools.d/proton-ge-custom/files/lib64/gstreamer-1.0/libgstpcapparse.so: wrong ELF class: ELFCLASS64

(wine:181848): GStreamer-WARNING **: 14:28:11.489: Failed to load plugin '/usr/share/steam/compatibilitytools.d/proton-ge-custom/files/lib64/gstreamer-1.0/libgstplayback.so': /usr/share/steam/compatibilitytools.d/proton-ge-custom/files/lib64/gstreamer-1.0/libgstplayback.so: wrong ELF class: ELFCLASS64

(wine:181848): GStreamer-WARNING **: 14:28:11.490: Failed to load plugin '/usr/share/steam/compatibilitytools.d/proton-ge-custom/files/lib64/gstreamer-1.0/libgstpnm.so': /usr/share/steam/compatibilitytools.d/proton-ge-custom/files/lib64/gstreamer-1.0/libgstpnm.so: wrong ELF class: ELFCLASS64

(wine:181848): GStreamer-WARNING **: 14:28:11.490: Failed to load plugin '/usr/share/steam/compatibilitytools.d/proton-ge-custom/files/lib64/gstreamer-1.0/libgstproxy.so': /usr/share/steam/compatibilitytools.d/proton-ge-custom/files/lib64/gstreamer-1.0/libgstproxy.so: wrong ELF class: ELFCLASS64

(wine:181848): GStreamer-WARNING **: 14:28:11.490: Failed to load plugin '/usr/share/steam/compatibilitytools.d/proton-ge-custom/files/lib64/gstreamer-1.0/libgstrawparse.so': /usr/share/steam/compatibilitytools.d/proton-ge-custom/files/lib64/gstreamer-1.0/libgstrawparse.so: wrong ELF class: ELFCLASS64

(wine:181848): GStreamer-WARNING **: 14:28:11.490: Failed to load plugin '/usr/share/steam/compatibilitytools.d/proton-ge-custom/files/lib64/gstreamer-1.0/libgstrealmedia.so': /usr/share/steam/compatibilitytools.d/proton-ge-custom/files/lib64/gstreamer-1.0/libgstrealmedia.so: wrong ELF class: ELFCLASS64

(wine:181848): GStreamer-WARNING **: 14:28:11.490: Failed to load plugin '/usr/share/steam/compatibilitytools.d/proton-ge-custom/files/lib64/gstreamer-1.0/libgstremovesilence.so': /usr/share/steam/compatibilitytools.d/proton-ge-custom/files/lib64/gstreamer-1.0/libgstremovesilence.so: wrong ELF class: ELFCLASS64

(wine:181848): GStreamer-WARNING **: 14:28:11.490: Failed to load plugin '/usr/share/steam/compatibilitytools.d/proton-ge-custom/files/lib64/gstreamer-1.0/libgstrfbsrc.so': /usr/share/steam/compatibilitytools.d/proton-ge-custom/files/lib64/gstreamer-1.0/libgstrfbsrc.so: wrong ELF class: ELFCLASS64

(wine:181848): GStreamer-WARNING **: 14:28:11.490: Failed to load plugin '/usr/share/steam/compatibilitytools.d/proton-ge-custom/files/lib64/gstreamer-1.0/libgstrist.so': /usr/share/steam/compatibilitytools.d/proton-ge-custom/files/lib64/gstreamer-1.0/libgstrist.so: wrong ELF class: ELFCLASS64

(wine:181848): GStreamer-WARNING **: 14:28:11.490: Failed to load plugin '/usr/share/steam/compatibilitytools.d/proton-ge-custom/files/lib64/gstreamer-1.0/libgstrtmp2.so': /usr/share/steam/compatibilitytools.d/proton-ge-custom/files/lib64/gstreamer-1.0/libgstrtmp2.so: wrong ELF class: ELFCLASS64

(wine:181848): GStreamer-WARNING **: 14:28:11.490: Failed to load plugin '/usr/share/steam/compatibilitytools.d/proton-ge-custom/files/lib64/gstreamer-1.0/libgstrtpmanagerbad.so': /usr/share/steam/compatibilitytools.d/proton-ge-custom/files/lib64/gstreamer-1.0/libgstrtpmanagerbad.so: wrong ELF class: ELFCLASS64

(wine:181848): GStreamer-WARNING **: 14:28:11.490: Failed to load plugin '/usr/share/steam/compatibilitytools.d/proton-ge-custom/files/lib64/gstreamer-1.0/libgstrtponvif.so': /usr/share/steam/compatibilitytools.d/proton-ge-custom/files/lib64/gstreamer-1.0/libgstrtponvif.so: wrong ELF class: ELFCLASS64

(wine:181848): GStreamer-WARNING **: 14:28:11.490: Failed to load plugin '/usr/share/steam/compatibilitytools.d/proton-ge-custom/files/lib64/gstreamer-1.0/libgstsctp.so': /usr/share/steam/compatibilitytools.d/proton-ge-custom/files/lib64/gstreamer-1.0/libgstsctp.so: wrong ELF class: ELFCLASS64

(wine:181848): GStreamer-WARNING **: 14:28:11.490: Failed to load plugin '/usr/share/steam/compatibilitytools.d/proton-ge-custom/files/lib64/gstreamer-1.0/libgstsdpelem.so': /usr/share/steam/compatibilitytools.d/proton-ge-custom/files/lib64/gstreamer-1.0/libgstsdpelem.so: wrong ELF class: ELFCLASS64

(wine:181848): GStreamer-WARNING **: 14:28:11.490: Failed to load plugin '/usr/share/steam/compatibilitytools.d/proton-ge-custom/files/lib64/gstreamer-1.0/libgstsegmentclip.so': /usr/share/steam/compatibilitytools.d/proton-ge-custom/files/lib64/gstreamer-1.0/libgstsegmentclip.so: wrong ELF class: ELFCLASS64

(wine:181848): GStreamer-WARNING **: 14:28:11.490: Failed to load plugin '/usr/share/steam/compatibilitytools.d/proton-ge-custom/files/lib64/gstreamer-1.0/libgstshm.so': /usr/share/steam/compatibilitytools.d/proton-ge-custom/files/lib64/gstreamer-1.0/libgstshm.so: wrong ELF class: ELFCLASS64

(wine:181848): GStreamer-WARNING **: 14:28:11.490: Failed to load plugin '/usr/share/steam/compatibilitytools.d/proton-ge-custom/files/lib64/gstreamer-1.0/libgstsiren.so': /usr/share/steam/compatibilitytools.d/proton-ge-custom/files/lib64/gstreamer-1.0/libgstsiren.so: wrong ELF class: ELFCLASS64

(wine:181848): GStreamer-WARNING **: 14:28:11.490: Failed to load plugin '/usr/share/steam/compatibilitytools.d/proton-ge-custom/files/lib64/gstreamer-1.0/libgstsmooth.so': /usr/share/steam/compatibilitytools.d/proton-ge-custom/files/lib64/gstreamer-1.0/libgstsmooth.so: wrong ELF class: ELFCLASS64

(wine:181848): GStreamer-WARNING **: 14:28:11.490: Failed to load plugin '/usr/share/steam/compatibilitytools.d/proton-ge-custom/files/lib64/gstreamer-1.0/libgstsmoothstreaming.so': /usr/share/steam/compatibilitytools.d/proton-ge-custom/files/lib64/gstreamer-1.0/libgstsmoothstreaming.so: wrong ELF class: ELFCLASS64

(wine:181848): GStreamer-WARNING **: 14:28:11.490: Failed to load plugin '/usr/share/steam/compatibilitytools.d/proton-ge-custom/files/lib64/gstreamer-1.0/libgstsndfile.so': /usr/share/steam/compatibilitytools.d/proton-ge-custom/files/lib64/gstreamer-1.0/libgstsndfile.so: wrong ELF class: ELFCLASS64

(wine:181848): GStreamer-WARNING **: 14:28:11.490: Failed to load plugin '/usr/share/steam/compatibilitytools.d/proton-ge-custom/files/lib64/gstreamer-1.0/libgstsoup.so': /usr/share/steam/compatibilitytools.d/proton-ge-custom/files/lib64/gstreamer-1.0/libgstsoup.so: wrong ELF class: ELFCLASS64

(wine:181848): GStreamer-WARNING **: 14:28:11.490: Failed to load plugin '/usr/share/steam/compatibilitytools.d/proton-ge-custom/files/lib64/gstreamer-1.0/libgstspeed.so': /usr/share/steam/compatibilitytools.d/proton-ge-custom/files/lib64/gstreamer-1.0/libgstspeed.so: wrong ELF class: ELFCLASS64

(wine:181848): GStreamer-WARNING **: 14:28:11.490: Failed to load plugin '/usr/share/steam/compatibilitytools.d/proton-ge-custom/files/lib64/gstreamer-1.0/libgstspeex.so': /usr/share/steam/compatibilitytools.d/proton-ge-custom/files/lib64/gstreamer-1.0/libgstspeex.so: wrong ELF class: ELFCLASS64

(wine:181848): GStreamer-WARNING **: 14:28:11.490: Failed to load plugin '/usr/share/steam/compatibilitytools.d/proton-ge-custom/files/lib64/gstreamer-1.0/libgstsubenc.so': /usr/share/steam/compatibilitytools.d/proton-ge-custom/files/lib64/gstreamer-1.0/libgstsubenc.so: wrong ELF class: ELFCLASS64

(wine:181848): GStreamer-WARNING **: 14:28:11.490: Failed to load plugin '/usr/share/steam/compatibilitytools.d/proton-ge-custom/files/lib64/gstreamer-1.0/libgstswitchbin.so': /usr/share/steam/compatibilitytools.d/proton-ge-custom/files/lib64/gstreamer-1.0/libgstswitchbin.so: wrong ELF class: ELFCLASS64

(wine:181848): GStreamer-WARNING **: 14:28:11.490: Failed to load plugin '/usr/share/steam/compatibilitytools.d/proton-ge-custom/files/lib64/gstreamer-1.0/libgsttheora.so': /usr/share/steam/compatibilitytools.d/proton-ge-custom/files/lib64/gstreamer-1.0/libgsttheora.so: wrong ELF class: ELFCLASS64

(wine:181848): GStreamer-WARNING **: 14:28:11.490: Failed to load plugin '/usr/share/steam/compatibilitytools.d/proton-ge-custom/files/lib64/gstreamer-1.0/libgsttimecode.so': /usr/share/steam/compatibilitytools.d/proton-ge-custom/files/lib64/gstreamer-1.0/libgsttimecode.so: wrong ELF class: ELFCLASS64

(wine:181848): GStreamer-WARNING **: 14:28:11.490: Failed to load plugin '/usr/share/steam/compatibilitytools.d/proton-ge-custom/files/lib64/gstreamer-1.0/libgsttranscode.so': /usr/share/steam/compatibilitytools.d/proton-ge-custom/files/lib64/gstreamer-1.0/libgsttranscode.so: wrong ELF class: ELFCLASS64

(wine:181848): GStreamer-WARNING **: 14:28:11.490: Failed to load plugin '/usr/share/steam/compatibilitytools.d/proton-ge-custom/files/lib64/gstreamer-1.0/libgstttmlsubs.so': /usr/share/steam/compatibilitytools.d/proton-ge-custom/files/lib64/gstreamer-1.0/libgstttmlsubs.so: wrong ELF class: ELFCLASS64

(wine:181848): GStreamer-WARNING **: 14:28:11.490: Failed to load plugin '/usr/share/steam/compatibilitytools.d/proton-ge-custom/files/lib64/gstreamer-1.0/libgsttypefindfunctions.so': /usr/share/steam/compatibilitytools.d/proton-ge-custom/files/lib64/gstreamer-1.0/libgsttypefindfunctions.so: wrong ELF class: ELFCLASS64

(wine:181848): GStreamer-WARNING **: 14:28:11.491: Failed to load plugin '/usr/share/steam/compatibilitytools.d/proton-ge-custom/files/lib64/gstreamer-1.0/libgstuvch264.so': /usr/share/steam/compatibilitytools.d/proton-ge-custom/files/lib64/gstreamer-1.0/libgstuvch264.so: wrong ELF class: ELFCLASS64

(wine:181848): GStreamer-WARNING **: 14:28:11.491: Failed to load plugin '/usr/share/steam/compatibilitytools.d/proton-ge-custom/files/lib64/gstreamer-1.0/libgstv4l2codecs.so': /usr/share/steam/compatibilitytools.d/proton-ge-custom/files/lib64/gstreamer-1.0/libgstv4l2codecs.so: wrong ELF class: ELFCLASS64

(wine:181848): GStreamer-WARNING **: 14:28:11.491: Failed to load plugin '/usr/share/steam/compatibilitytools.d/proton-ge-custom/files/lib64/gstreamer-1.0/libgstvideobox.so': /usr/share/steam/compatibilitytools.d/proton-ge-custom/files/lib64/gstreamer-1.0/libgstvideobox.so: wrong ELF class: ELFCLASS64

(wine:181848): GStreamer-WARNING **: 14:28:11.491: Failed to load plugin '/usr/share/steam/compatibilitytools.d/proton-ge-custom/files/lib64/gstreamer-1.0/libgstvideoconvertscale.so': /usr/share/steam/compatibilitytools.d/proton-ge-custom/files/lib64/gstreamer-1.0/libgstvideoconvertscale.so: wrong ELF class: ELFCLASS64

(wine:181848): GStreamer-WARNING **: 14:28:11.491: Failed to load plugin '/usr/share/steam/compatibilitytools.d/proton-ge-custom/files/lib64/gstreamer-1.0/libgstvideofilter.so': /usr/share/steam/compatibilitytools.d/proton-ge-custom/files/lib64/gstreamer-1.0/libgstvideofilter.so: wrong ELF class: ELFCLASS64

(wine:181848): GStreamer-WARNING **: 14:28:11.491: Failed to load plugin '/usr/share/steam/compatibilitytools.d/proton-ge-custom/files/lib64/gstreamer-1.0/libgstvideofiltersbad.so': /usr/share/steam/compatibilitytools.d/proton-ge-custom/files/lib64/gstreamer-1.0/libgstvideofiltersbad.so: wrong ELF class: ELFCLASS64

(wine:181848): GStreamer-WARNING **: 14:28:11.491: Failed to load plugin '/usr/share/steam/compatibilitytools.d/proton-ge-custom/files/lib64/gstreamer-1.0/libgstvideoframe_audiolevel.so': /usr/share/steam/compatibilitytools.d/proton-ge-custom/files/lib64/gstreamer-1.0/libgstvideoframe_audiolevel.so: wrong ELF class: ELFCLASS64

(wine:181848): GStreamer-WARNING **: 14:28:11.491: Failed to load plugin '/usr/share/steam/compatibilitytools.d/proton-ge-custom/files/lib64/gstreamer-1.0/libgstvideoparsersbad.so': /usr/share/steam/compatibilitytools.d/proton-ge-custom/files/lib64/gstreamer-1.0/libgstvideoparsersbad.so: wrong ELF class: ELFCLASS64

(wine:181848): GStreamer-WARNING **: 14:28:11.491: Failed to load plugin '/usr/share/steam/compatibilitytools.d/proton-ge-custom/files/lib64/gstreamer-1.0/libgstvideosignal.so': /usr/share/steam/compatibilitytools.d/proton-ge-custom/files/lib64/gstreamer-1.0/libgstvideosignal.so: wrong ELF class: ELFCLASS64

(wine:181848): GStreamer-WARNING **: 14:28:11.491: Failed to load plugin '/usr/share/steam/compatibilitytools.d/proton-ge-custom/files/lib64/gstreamer-1.0/libgstvmnc.so': /usr/share/steam/compatibilitytools.d/proton-ge-custom/files/lib64/gstreamer-1.0/libgstvmnc.so: wrong ELF class: ELFCLASS64

(wine:181848): GStreamer-WARNING **: 14:28:11.491: Failed to load plugin '/usr/share/steam/compatibilitytools.d/proton-ge-custom/files/lib64/gstreamer-1.0/libgstvorbis.so': /usr/share/steam/compatibilitytools.d/proton-ge-custom/files/lib64/gstreamer-1.0/libgstvorbis.so: wrong ELF class: ELFCLASS64

(wine:181848): GStreamer-WARNING **: 14:28:11.491: Failed to load plugin '/usr/share/steam/compatibilitytools.d/proton-ge-custom/files/lib64/gstreamer-1.0/libgstvpx.so': /usr/share/steam/compatibilitytools.d/proton-ge-custom/files/lib64/gstreamer-1.0/libgstvpx.so: wrong ELF class: ELFCLASS64

(wine:181848): GStreamer-WARNING **: 14:28:11.491: Failed to load plugin '/usr/share/steam/compatibilitytools.d/proton-ge-custom/files/lib64/gstreamer-1.0/libgstwavparse.so': /usr/share/steam/compatibilitytools.d/proton-ge-custom/files/lib64/gstreamer-1.0/libgstwavparse.so: wrong ELF class: ELFCLASS64

(wine:181848): GStreamer-WARNING **: 14:28:11.491: Failed to load plugin '/usr/share/steam/compatibilitytools.d/proton-ge-custom/files/lib64/gstreamer-1.0/libgstwaylandsink.so': /usr/share/steam/compatibilitytools.d/proton-ge-custom/files/lib64/gstreamer-1.0/libgstwaylandsink.so: wrong ELF class: ELFCLASS64

(wine:181848): GStreamer-WARNING **: 14:28:11.491: Failed to load plugin '/usr/share/steam/compatibilitytools.d/proton-ge-custom/files/lib64/gstreamer-1.0/libgstwebp.so': /usr/share/steam/compatibilitytools.d/proton-ge-custom/files/lib64/gstreamer-1.0/libgstwebp.so: wrong ELF class: ELFCLASS64

(wine:181848): GStreamer-WARNING **: 14:28:11.491: Failed to load plugin '/usr/share/steam/compatibilitytools.d/proton-ge-custom/files/lib64/gstreamer-1.0/libgstximagesink.so': /usr/share/steam/compatibilitytools.d/proton-ge-custom/files/lib64/gstreamer-1.0/libgstximagesink.so: wrong ELF class: ELFCLASS64

(wine:181848): GStreamer-WARNING **: 14:28:11.491: Failed to load plugin '/usr/share/steam/compatibilitytools.d/proton-ge-custom/files/lib64/gstreamer-1.0/libgstxingmux.so': /usr/share/steam/compatibilitytools.d/proton-ge-custom/files/lib64/gstreamer-1.0/libgstxingmux.so: wrong ELF class: ELFCLASS64

(wine:181848): GStreamer-WARNING **: 14:28:11.491: Failed to load plugin '/usr/share/steam/compatibilitytools.d/proton-ge-custom/files/lib64/gstreamer-1.0/libgsty4mdec.so': /usr/share/steam/compatibilitytools.d/proton-ge-custom/files/lib64/gstreamer-1.0/libgsty4mdec.so: wrong ELF class: ELFCLASS64

(wine:181848): GStreamer-WARNING **: 14:28:11.491: Failed to load plugin '/usr/share/steam/compatibilitytools.d/proton-ge-custom/files/lib64/gstreamer-1.0/libgsty4menc.so': /usr/share/steam/compatibilitytools.d/proton-ge-custom/files/lib64/gstreamer-1.0/libgsty4menc.so: wrong ELF class: ELFCLASS64
wine: setpriority -10 for pid -1 failed: 3
wine: setpriority -10 for pid -1 failed: 3
wine: setpriority -10 for pid -1 failed: 3
wine: setpriority -10 for pid -1 failed: 3
pid 181780 != 181779, skipping destruction (fork without exec?)
