Tue Apr  4 19:10:53 MSK 2023 INFO - initAID - Set AID from STEAM_COMPAT_APP_ID to '235460'
Tue Apr  4 19:10:53 MSK 2023 INFO - initAID - Set OSCDP to STEAM_COMPAT_DATA_PATH '/mnt/ssd/SteamLibrary/steamapps/compatdata/235460'
Tue Apr  4 19:10:53 MSK 2023 INFO - loadLangFile - Language from command line is 'english'
Tue Apr  4 19:10:54 MSK 2023 INFO - loadLangFile - SYSTEMSTLCFGDIR is '/usr/share/steamtinkerlaunch'
Tue Apr  4 19:10:54 MSK 2023 INFO - loadLangFile - Command line language 'english' is no file - trying to find its absolute path
Tue Apr  4 19:10:54 MSK 2023 INFO - loadLangFile - Loading found system wide /usr/share/steamtinkerlaunch/lang//english.txt
Tue Apr  4 19:10:55 MSK 2023 INFO - getCurrentCommandline - No Proton in command line arguments 'waitforexitandrun /mnt/ssd/SteamLibrary/steamapps/common/METAL GEAR RISING REVENGEANCE/METAL GEAR RISING REVENGEANCE.exe'
Tue Apr  4 19:10:55 MSK 2023 INFO - saveOrgVars - Storing some original variables to restore them later
Tue Apr  4 07:10:55 PM MSK 2023 INFO - emptyVars - Emptied some original variables as they slowdown several system calls when started from steam
Tue Apr  4 07:10:55 PM MSK 2023 INFO - emptyVars - Set $PATH to '/usr/local/sbin:/usr/local/bin:/usr/bin:/usr/bin/site_perl:/usr/bin/vendor_perl:/usr/bin/core_perl:'
Tue Apr  4 07:10:55 PM MSK 2023 START - ######### Initializing Game Launch 235460 using SteamTinkerLaunch v12.12 #########
Tue Apr  4 07:10:55 PM MSK 2023 INFO - main - Starting with a clean log
Tue Apr  4 07:10:55 PM MSK 2023 INFO - main - Start creating default configs
Tue Apr  4 07:10:55 PM MSK 2023 INFO - createDefaultCfgs - START
Tue Apr  4 07:10:55 PM MSK 2023 INFO - loadLanguage - First load the default language 'english' to make sure all variables are filled
Tue Apr  4 07:10:55 PM MSK 2023 INFO - loadLangFile - Language from command line is 'english'
Tue Apr  4 07:10:55 PM MSK 2023 INFO - loadLangFile - GLOBALSTLLANGDIR is '/usr/share/steamtinkerlaunch/lang'
Tue Apr  4 07:10:55 PM MSK 2023 INFO - loadLangFile - Command line language 'english' is no file - trying to find its absolute path
Tue Apr  4 07:10:55 PM MSK 2023 INFO - loadLangFile - Loading found system wide /usr/share/steamtinkerlaunch/lang/english.txt
Tue Apr  4 07:10:55 PM MSK 2023 WARN - updateEditor - 'xdg-open' selected as editor or configured editor not found - trying to find an installed editor installed
Tue Apr  4 07:10:55 PM MSK 2023 INFO - updateEditor - No valid editor found - will fall back to 'xdg-open'.
Tue Apr  4 07:10:55 PM MSK 2023 INFO - loadLanguage - Loading STLLANG from '/home/korsilyn/.config/steamtinkerlaunch/global.conf'
Tue Apr  4 07:10:55 PM MSK 2023 INFO - loadLanguage - STLLANG from '/home/korsilyn/.config/steamtinkerlaunch/global.conf' is 'english'
Tue Apr  4 07:10:55 PM MSK 2023 INFO - createDefaultCfgs - setSteamPaths:
Tue Apr  4 07:10:55 PM MSK 2023 INFO - setSteamPaths - Reading Steam Path variables from '/dev/shm/steamtinkerlaunch/steampaths.txt'
Tue Apr  4 07:10:56 PM MSK 2023 WARN - updateEditor - 'xdg-open' selected as editor or configured editor not found - trying to find an installed editor installed
Tue Apr  4 07:10:56 PM MSK 2023 INFO - updateEditor - No valid editor found - will fall back to 'xdg-open'.
Tue Apr  4 07:10:56 PM MSK 2023 INFO - getGameOS - Starting game OS detection
Tue Apr  4 07:10:56 PM MSK 2023 INFO - getGameOS - Making some checks on '/mnt/ssd/SteamLibrary/steamapps/common/METAL GEAR RISING REVENGEANCE/METAL GEAR RISING REVENGEANCE.exe' to determine the OS version of the game
Tue Apr  4 07:10:56 PM MSK 2023 INFO - getGameOS - Looks like this is a Windows game!
Tue Apr  4 07:10:56 PM MSK 2023 INFO - setWin - 'METAL GEAR RISING REVENGEANCE' determined to be a Windows Game
Tue Apr  4 07:10:56 PM MSK 2023 INFO - delEmptyFile - Removing empty file '/dev/shm/steamtinkerlaunch/ProtonCSV.txt'
Tue Apr  4 07:10:56 PM MSK 2023 INFO - createDefaultCfgs - createProtonList:
Tue Apr  4 07:10:56 PM MSK 2023 INFO - createProtonList - Looking for available Proton versions
Tue Apr  4 07:10:56 PM MSK 2023 INFO - getAvailableProtonVersions - Initially creating an array with available Proton versions
Tue Apr  4 07:10:56 PM MSK 2023 INFO - getAvailableProtonVersions - Adding Proton versions found in STEAMCOMPATOOLS '/home/korsilyn/.local/share/Steam/compatibilitytools.d'
Tue Apr  4 07:10:56 PM MSK 2023 INFO - getAvailableProtonVersions - Adding Proton versions found in SYSSTEAMCOMPATOOLS '/usr/share/steam/compatibilitytools.d'
Tue Apr  4 07:10:56 PM MSK 2023 INFO - getAvailableProtonVersions - Found proton directory: '/usr/share/steam/compatibilitytools.d/proton-ge-custom/proton'
Tue Apr  4 07:10:56 PM MSK 2023 INFO - getAvailableProtonVersions - Adding Proton versions found in additional SteamLibrary Paths
Tue Apr  4 07:10:56 PM MSK 2023 INFO - getAvailableProtonVersions - Adding Proton versions found in CUSTOMPROTONLIST '/home/korsilyn/.config/steamtinkerlaunch/protonlist.txt'
Tue Apr  4 07:10:56 PM MSK 2023 INFO - getAvailableProtonVersions - Checking line '' in '/home/korsilyn/.config/steamtinkerlaunch/protonlist.txt'
Tue Apr  4 07:10:56 PM MSK 2023 INFO - getAvailableProtonVersions - Removing invalid line '' from '/home/korsilyn/.config/steamtinkerlaunch/protonlist.txt'
Tue Apr  4 07:10:56 PM MSK 2023 INFO - createDefaultCfgs - createProtonList end
Tue Apr  4 07:10:56 PM MSK 2023 INFO - delEmptyFile - Removing empty file '/dev/shm/steamtinkerlaunch/ProtonCSV.txt'
Tue Apr  4 07:10:56 PM MSK 2023 INFO - createProtonList - Looking for available Proton versions
Tue Apr  4 07:10:56 PM MSK 2023 INFO - getAvailableProtonVersions - Initially creating an array with available Proton versions
Tue Apr  4 07:10:56 PM MSK 2023 INFO - getAvailableProtonVersions - Adding Proton versions found in STEAMCOMPATOOLS '/home/korsilyn/.local/share/Steam/compatibilitytools.d'
Tue Apr  4 07:10:56 PM MSK 2023 INFO - getAvailableProtonVersions - Adding Proton versions found in SYSSTEAMCOMPATOOLS '/usr/share/steam/compatibilitytools.d'
Tue Apr  4 07:10:56 PM MSK 2023 INFO - getAvailableProtonVersions - Found proton directory: '/usr/share/steam/compatibilitytools.d/proton-ge-custom/proton'
Tue Apr  4 07:10:56 PM MSK 2023 SKIP - fillProtonCSV - '"Proton-GE";"/usr/share/steam/compatibilitytools.d/proton-ge-custom/proton"' is already in the Proton array
Tue Apr  4 07:10:56 PM MSK 2023 INFO - getAvailableProtonVersions - Adding Proton versions found in additional SteamLibrary Paths
Tue Apr  4 07:10:56 PM MSK 2023 INFO - getAvailableProtonVersions - Adding Proton versions found in CUSTOMPROTONLIST '/home/korsilyn/.config/steamtinkerlaunch/protonlist.txt'
Tue Apr  4 07:10:56 PM MSK 2023 INFO - getAvailableProtonVersions - Checking line '' in '/home/korsilyn/.config/steamtinkerlaunch/protonlist.txt'
Tue Apr  4 07:10:56 PM MSK 2023 INFO - getAvailableProtonVersions - Removing invalid line '' from '/home/korsilyn/.config/steamtinkerlaunch/protonlist.txt'
Tue Apr  4 07:10:56 PM MSK 2023 INFO - listAllSettingsEntries - '/dev/shm/steamtinkerlaunch/setentries.txt' already exists - nothing to do
Tue Apr  4 07:10:56 PM MSK 2023 INFO - createDefaultCfgs - STOP
Tue Apr  4 07:10:56 PM MSK 2023 SKIP - listSteamLibraries - not recreating already available '/dev/shm/steamtinkerlaunch/SteamLibraries.txt'
Tue Apr  4 07:10:56 PM MSK 2023 INFO - setSteamLibraryPaths - STEAM_COMPAT_LIBRARY_PATHS set to '/mnt/ssd/SteamLibrary/steamapps:/home/korsilyn/.local/share/Steam/steamapps:/mnt/hdd/SteamLibrary/steamapps:/mnt/hddwin/SteamLibrary/steamapps'
Tue Apr  4 07:10:56 PM MSK 2023 INFO - setSteamLibraryPaths - STEAM_COMPAT_MOUNTS set to '/home/korsilyn/.local/share/Steam/steamapps/common/Steamworks Shared:/mnt/ssd/SteamLibrary/steamapps/common/SteamLinuxRuntime_soldier'
Tue Apr  4 07:10:56 PM MSK 2023 INFO - setSteamLibraryPaths - STEAM_COMPAT_TOOL_PATHS set to '/home/korsilyn/.local/share/Steam/steamapps/common/Steamworks Shared:/mnt/ssd/SteamLibrary/steamapps/common/SteamLinuxRuntime_soldier'
Tue Apr  4 07:10:56 PM MSK 2023 INFO - main - Checking internal dependencies:
Tue Apr  4 07:10:56 PM MSK 2023 INFO - checkIntDeps - Result of version check for yad binary '/usr/bin/yad' is '12.3'
Tue Apr  4 07:10:56 PM MSK 2023 INFO - main - Initializing first Proton:
Tue Apr  4 07:10:56 PM MSK 2023 INFO - delEmptyFile - Removing empty file '/dev/shm/steamtinkerlaunch/ProtonCSV.txt'
Tue Apr  4 07:10:56 PM MSK 2023 INFO - initFirstProton - Initializing Proton
Tue Apr  4 07:10:56 PM MSK 2023 INFO - initFirstProton - No Proton version available in template yet - searching for one
Tue Apr  4 07:10:56 PM MSK 2023 INFO - createProtonList - Looking for available Proton versions
Tue Apr  4 07:10:56 PM MSK 2023 INFO - getAvailableProtonVersions - Initially creating an array with available Proton versions
Tue Apr  4 07:10:56 PM MSK 2023 INFO - getAvailableProtonVersions - Adding Proton versions found in STEAMCOMPATOOLS '/home/korsilyn/.local/share/Steam/compatibilitytools.d'
Tue Apr  4 07:10:56 PM MSK 2023 INFO - getAvailableProtonVersions - Adding Proton versions found in SYSSTEAMCOMPATOOLS '/usr/share/steam/compatibilitytools.d'
Tue Apr  4 07:10:56 PM MSK 2023 INFO - getAvailableProtonVersions - Found proton directory: '/usr/share/steam/compatibilitytools.d/proton-ge-custom/proton'
Tue Apr  4 07:10:56 PM MSK 2023 SKIP - fillProtonCSV - '"Proton-GE";"/usr/share/steam/compatibilitytools.d/proton-ge-custom/proton"' is already in the Proton array
Tue Apr  4 07:10:56 PM MSK 2023 INFO - getAvailableProtonVersions - Adding Proton versions found in additional SteamLibrary Paths
Tue Apr  4 07:10:56 PM MSK 2023 INFO - getAvailableProtonVersions - Adding Proton versions found in CUSTOMPROTONLIST '/home/korsilyn/.config/steamtinkerlaunch/protonlist.txt'
Tue Apr  4 07:10:56 PM MSK 2023 INFO - getAvailableProtonVersions - Checking line '' in '/home/korsilyn/.config/steamtinkerlaunch/protonlist.txt'
Tue Apr  4 07:10:56 PM MSK 2023 INFO - getAvailableProtonVersions - Removing invalid line '' from '/home/korsilyn/.config/steamtinkerlaunch/protonlist.txt'
Tue Apr  4 07:10:56 PM MSK 2023 INFO - initFirstProton - Updated 'USEPROTON' in '/home/korsilyn/.config/steamtinkerlaunch/default_template.conf' to ''
Tue Apr  4 07:10:56 PM MSK 2023 INFO - delEmptyFile - Removing empty file '/dev/shm/steamtinkerlaunch/ProtonCSV.txt'
Tue Apr  4 07:10:56 PM MSK 2023 INFO - getProtPathFromCSV - Creating '/dev/shm/steamtinkerlaunch/ProtonCSV.txt'
Tue Apr  4 07:10:56 PM MSK 2023 INFO - getAvailableProtonVersions - Initially creating an array with available Proton versions
Tue Apr  4 07:10:56 PM MSK 2023 INFO - getAvailableProtonVersions - Adding Proton versions found in STEAMCOMPATOOLS '/home/korsilyn/.local/share/Steam/compatibilitytools.d'
Tue Apr  4 07:10:56 PM MSK 2023 INFO - getAvailableProtonVersions - Adding Proton versions found in SYSSTEAMCOMPATOOLS '/usr/share/steam/compatibilitytools.d'
Tue Apr  4 07:10:56 PM MSK 2023 INFO - getAvailableProtonVersions - Found proton directory: '/usr/share/steam/compatibilitytools.d/proton-ge-custom/proton'
Tue Apr  4 07:10:56 PM MSK 2023 SKIP - fillProtonCSV - '"Proton-GE";"/usr/share/steam/compatibilitytools.d/proton-ge-custom/proton"' is already in the Proton array
Tue Apr  4 07:10:56 PM MSK 2023 INFO - getAvailableProtonVersions - Adding Proton versions found in additional SteamLibrary Paths
Tue Apr  4 07:10:56 PM MSK 2023 INFO - getAvailableProtonVersions - Adding Proton versions found in CUSTOMPROTONLIST '/home/korsilyn/.config/steamtinkerlaunch/protonlist.txt'
Tue Apr  4 07:10:56 PM MSK 2023 INFO - getAvailableProtonVersions - Checking line '' in '/home/korsilyn/.config/steamtinkerlaunch/protonlist.txt'
Tue Apr  4 07:10:56 PM MSK 2023 INFO - getAvailableProtonVersions - Removing invalid line '' from '/home/korsilyn/.config/steamtinkerlaunch/protonlist.txt'
Tue Apr  4 07:10:56 PM MSK 2023 INFO - initFirstProton - Initial Proton version 'FIRSTUSEPROTON' from '/home/korsilyn/.config/steamtinkerlaunch/default_template.conf' is ''
Tue Apr  4 07:10:56 PM MSK 2023 INFO - main - Initializing default window resolution
Tue Apr  4 07:10:56 PM MSK 2023 INFO - setInitWinXY - Using '1920x1080' from config '/dev/shm/steamtinkerlaunch/defres.txt'
Tue Apr  4 07:10:56 PM MSK 2023 INFO - main - Welcome to SteamTinkerLaunch
Tue Apr  4 07:10:56 PM MSK 2023 INFO - removeEmptyFiles - Removing empty files from '/home/korsilyn/.config/steamtinkerlaunch/games/appinfo'
Tue Apr  4 07:10:56 PM MSK 2023 INFO - removeEmptyFiles - Removing empty files from '/home/korsilyn/.config/steamtinkerlaunch/games/header'
Tue Apr  4 07:10:56 PM MSK 2023 INFO - main - Checking command line: incoming arguments 'waitforexitandrun /mnt/ssd/SteamLibrary/steamapps/common/METAL GEAR RISING REVENGEANCE/METAL GEAR RISING REVENGEANCE.exe'
Tue Apr  4 07:10:56 PM MSK 2023 SKIP - getGameOS - ISGAME is already set to '2' - nothing to determine
Tue Apr  4 07:10:57 PM MSK 2023 INFO - linkLog - Set symlink from '/home/korsilyn/.config/steamtinkerlaunch/logs/steamtinkerlaunch/id/235460.log' to '/home/korsilyn/.config/steamtinkerlaunch/logs/steamtinkerlaunch/title/METAL GEAR RISING REVENGEANCE.log'
Tue Apr  4 07:10:57 PM MSK 2023 WARN - updateEditor - 'xdg-open' selected as editor or configured editor not found - trying to find an installed editor installed
Tue Apr  4 07:10:57 PM MSK 2023 INFO - updateEditor - No valid editor found - will fall back to 'xdg-open'.
Tue Apr  4 07:10:57 PM MSK 2023 START - ######### Game Launch: METAL GEAR RISING: REVENGEANCE (235460) #########
Tue Apr  4 07:10:57 PM MSK 2023 INFO - dlCheck - Downloading picture for game '235460'
Tue Apr  4 07:10:57 PM MSK 2023 INFO - notiShow - Message 'Downloading '/home/korsilyn/.config/steamtinkerlaunch/games/header/235460.jpg'' should go to StatusWindow
Tue Apr  4 07:10:57 PM MSK 2023 INFO - dlCheck - 'wget -q --show-progress https://steamcdn-a.akamaihd.net/steam/apps/235460/header.jpg -O /home/korsilyn/.config/steamtinkerlaunch/games/header/235460.jpg'
Tue Apr  4 07:10:58 PM MSK 2023 INFO - getGameName - Using 'GN' as Game Name: 'METAL GEAR RISING REVENGEANCE'
Tue Apr  4 07:10:58 PM MSK 2023 INFO - getGameName - Outgoing game name is 'METAL GEAR RISING REVENGEANCE'
Tue Apr  4 07:10:58 PM MSK 2023 INFO - writeDesktopFile - Creating '/home/korsilyn/.config/steamtinkerlaunch/games/desktop/235460.desktop' for 'METAL GEAR RISING REVENGEANCE' (235460)
Tue Apr  4 07:10:58 PM MSK 2023 INFO - prepareLaunch - Game launch args '/mnt/ssd/SteamLibrary/steamapps/common/METAL GEAR RISING REVENGEANCE/METAL GEAR RISING REVENGEANCE.exe'
Tue Apr  4 07:10:58 PM MSK 2023 INFO - prepareLaunch - Gamedir '/mnt/ssd/SteamLibrary/steamapps/common/METAL GEAR RISING REVENGEANCE'
Tue Apr  4 07:10:58 PM MSK 2023 INFO - prepareLaunch - Proton wineprefix '/mnt/ssd/SteamLibrary/steamapps/compatdata/235460/pfx'
Tue Apr  4 07:10:58 PM MSK 2023 INFO - prepareLaunch -------------------
Tue Apr  4 07:10:58 PM MSK 2023 INFO - prepareLaunch - CreateGameCfg:
Tue Apr  4 07:10:58 PM MSK 2023 INFO - updateConfigEntry - Emptying 'CUSTOMCMD' for '/home/korsilyn/.config/steamtinkerlaunch/default_template.conf'
Tue Apr  4 07:10:58 PM MSK 2023 INFO - updateConfigEntry - Option 'CUSTOMCMD' is updated with the new value 'echo' in config 'default_template.conf'
Tue Apr  4 07:10:58 PM MSK 2023 INFO - getGameName - Using 'GN' as Game Name: 'METAL GEAR RISING REVENGEANCE'
Tue Apr  4 07:10:58 PM MSK 2023 INFO - getGameName - Outgoing game name is 'METAL GEAR RISING REVENGEANCE'
Tue Apr  4 07:10:58 PM MSK 2023 INFO - linkGameCfg - Set symlink from '/home/korsilyn/.config/steamtinkerlaunch/gamecfgs/id/235460.conf' to '/home/korsilyn/.config/steamtinkerlaunch/gamecfgs/title/METAL GEAR RISING REVENGEANCE.conf'
Tue Apr  4 07:10:58 PM MSK 2023 INFO - prepareLaunch - First LoadCfg: /home/korsilyn/.config/steamtinkerlaunch/gamecfgs/id/235460.conf
Tue Apr  4 07:10:58 PM MSK 2023 INFO - loadCfg - '/home/korsilyn/.config/steamtinkerlaunch/gamecfgs/id/235460.conf' START
Tue Apr  4 07:10:58 PM MSK 2023 INFO - loadCfg - Loading game config '/home/korsilyn/.config/steamtinkerlaunch/gamecfgs/id/235460.conf'
Tue Apr  4 07:10:58 PM MSK 2023 INFO - migrateCfgOption - File '/home/korsilyn/.config/steamtinkerlaunch/dxvk/235460.conf' does not exist - nothing to do
Tue Apr  4 07:10:58 PM MSK 2023 INFO - loadCfg - '/home/korsilyn/.config/steamtinkerlaunch/gamecfgs/id/235460.conf' STOP
Tue Apr  4 07:10:59 PM MSK 2023 SKIP - autoBumpReShade - '5.4.2' is the latest version of 'ReShade' - not updating
Tue Apr  4 07:10:59 PM MSK 2023 INFO - prepareLaunch - Initial Proton version from the game config: ''
Tue Apr  4 07:10:59 PM MSK 2023 INFO - prepareLaunch - Initializing internal Proton Vars for '' using setNewProtVars
Tue Apr  4 07:10:59 PM MSK 2023 INFO - delEmptyFile - Removing empty file '/dev/shm/steamtinkerlaunch/ProtonCSV.txt'
Tue Apr  4 07:10:59 PM MSK 2023 INFO - getProtPathFromCSV - Creating '/dev/shm/steamtinkerlaunch/ProtonCSV.txt'
Tue Apr  4 07:10:59 PM MSK 2023 INFO - getAvailableProtonVersions - Initially creating an array with available Proton versions
Tue Apr  4 07:10:59 PM MSK 2023 INFO - getAvailableProtonVersions - Adding Proton versions found in STEAMCOMPATOOLS '/home/korsilyn/.local/share/Steam/compatibilitytools.d'
Tue Apr  4 07:10:59 PM MSK 2023 INFO - getAvailableProtonVersions - Adding Proton versions found in SYSSTEAMCOMPATOOLS '/usr/share/steam/compatibilitytools.d'
Tue Apr  4 07:10:59 PM MSK 2023 INFO - getAvailableProtonVersions - Found proton directory: '/usr/share/steam/compatibilitytools.d/proton-ge-custom/proton'
Tue Apr  4 07:10:59 PM MSK 2023 SKIP - fillProtonCSV - '"Proton-GE";"/usr/share/steam/compatibilitytools.d/proton-ge-custom/proton"' is already in the Proton array
Tue Apr  4 07:10:59 PM MSK 2023 INFO - getAvailableProtonVersions - Adding Proton versions found in additional SteamLibrary Paths
Tue Apr  4 07:10:59 PM MSK 2023 INFO - getAvailableProtonVersions - Adding Proton versions found in CUSTOMPROTONLIST '/home/korsilyn/.config/steamtinkerlaunch/protonlist.txt'
Tue Apr  4 07:10:59 PM MSK 2023 INFO - getAvailableProtonVersions - Checking line '' in '/home/korsilyn/.config/steamtinkerlaunch/protonlist.txt'
Tue Apr  4 07:10:59 PM MSK 2023 INFO - getAvailableProtonVersions - Removing invalid line '' from '/home/korsilyn/.config/steamtinkerlaunch/protonlist.txt'
Tue Apr  4 07:10:59 PM MSK 2023 INFO - setNewProtVars - Setting new Proton Variables based on '/usr/share/steam/compatibilitytools.d/proton-ge-custom/proton'
Tue Apr  4 07:10:59 PM MSK 2023 INFO - setNewProtVars - Continuing with RUNPROTON='/usr/share/steam/compatibilitytools.d/proton-ge-custom/proton'
Tue Apr  4 07:10:59 PM MSK 2023 INFO - setRunWineServer - Initiated from 'setNewProtVars'
Tue Apr  4 07:10:59 PM MSK 2023 INFO - delEmptyFile - Removing empty file '/dev/shm/steamtinkerlaunch/ProtonCSV.txt'
Tue Apr  4 07:10:59 PM MSK 2023 INFO - getProtPathFromCSV - Creating '/dev/shm/steamtinkerlaunch/ProtonCSV.txt'
Tue Apr  4 07:10:59 PM MSK 2023 INFO - getAvailableProtonVersions - Initially creating an array with available Proton versions
Tue Apr  4 07:10:59 PM MSK 2023 INFO - getAvailableProtonVersions - Adding Proton versions found in STEAMCOMPATOOLS '/home/korsilyn/.local/share/Steam/compatibilitytools.d'
Tue Apr  4 07:10:59 PM MSK 2023 INFO - getAvailableProtonVersions - Adding Proton versions found in SYSSTEAMCOMPATOOLS '/usr/share/steam/compatibilitytools.d'
Tue Apr  4 07:10:59 PM MSK 2023 INFO - getAvailableProtonVersions - Found proton directory: '/usr/share/steam/compatibilitytools.d/proton-ge-custom/proton'
Tue Apr  4 07:10:59 PM MSK 2023 SKIP - fillProtonCSV - '"Proton-GE";"/usr/share/steam/compatibilitytools.d/proton-ge-custom/proton"' is already in the Proton array
Tue Apr  4 07:10:59 PM MSK 2023 INFO - getAvailableProtonVersions - Adding Proton versions found in additional SteamLibrary Paths
Tue Apr  4 07:10:59 PM MSK 2023 INFO - getAvailableProtonVersions - Adding Proton versions found in CUSTOMPROTONLIST '/home/korsilyn/.config/steamtinkerlaunch/protonlist.txt'
Tue Apr  4 07:10:59 PM MSK 2023 INFO - getAvailableProtonVersions - Checking line '' in '/home/korsilyn/.config/steamtinkerlaunch/protonlist.txt'
Tue Apr  4 07:10:59 PM MSK 2023 INFO - getAvailableProtonVersions - Removing invalid line '' from '/home/korsilyn/.config/steamtinkerlaunch/protonlist.txt'
Tue Apr  4 07:10:59 PM MSK 2023 INFO - setRunWineServer - Set the wine binary for proton in path '/usr/share/steam/compatibilitytools.d/proton-ge-custom/proton'
Tue Apr  4 07:10:59 PM MSK 2023 INFO - setRunWineServer - to '/usr/share/steam/compatibilitytools.d/proton-ge-custom/files/bin/wine'
Tue Apr  4 07:10:59 PM MSK 2023 INFO - setRunWineServer - and wineserver to '/usr/share/steam/compatibilitytools.d/proton-ge-custom/files/bin/wineserver'
Tue Apr  4 07:10:59 PM MSK 2023 INFO - prepareLaunch - OpenTrayIcon:
Tue Apr  4 07:10:59 PM MSK 2023 INFO - autoCollectionSettings - Searching collections for game '235460' in '/home/korsilyn/.local/share/Steam/userdata/1005184864/7/remote/sharedconfig.vdf'
Tue Apr  4 07:10:59 PM MSK 2023 SKIP - autoCollectionSettings - Global Config '' not found - skipping
Tue Apr  4 07:10:59 PM MSK 2023 SKIP - autoCollectionSettings - Collections Directory Config '' not found - skipping
Tue Apr  4 07:10:59 PM MSK 2023 INFO - setFullGameExePath - User did not enable 'CUSTOMCMDRESHADE' - Using the game's exe directroy as the ReShade installation directory
Tue Apr  4 07:10:59 PM MSK 2023 INFO - setShaderDest - Determining Shader destination directory SHADDESTDIR
Tue Apr  4 07:10:59 PM MSK 2023 INFO - setShaderDest - Using variable ABSGAMEEXEPATH for Shader destination directory '/mnt/ssd/SteamLibrary/steamapps/common/METAL GEAR RISING REVENGEANCE'
Tue Apr  4 07:10:59 PM MSK 2023 INFO - setShaderDest - Using Shader destination directory '/mnt/ssd/SteamLibrary/steamapps/common/METAL GEAR RISING REVENGEANCE'
Tue Apr  4 07:10:59 PM MSK 2023 INFO - setShaderDest - Shader destination directory is '/mnt/ssd/SteamLibrary/steamapps/common/METAL GEAR RISING REVENGEANCE'
Tue Apr  4 07:10:59 PM MSK 2023 INFO - setFullGameExePath - Using SHADDESTDIR '/mnt/ssd/SteamLibrary/steamapps/common/METAL GEAR RISING REVENGEANCE' for 'SHADDESTDIR'
Tue Apr  4 07:10:59 PM MSK 2023 INFO - openTrayIcon - Opening trayIcon:
Tue Apr  4 07:10:59 PM MSK 2023 INFO - prepareLaunch - sortGameArgs:
Tue Apr  4 07:10:59 PM MSK 2023 SKIP - sortGameArgs - Sorting the game arguments is disabled
Tue Apr  4 07:10:59 PM MSK 2023 INFO - prepareLaunch - AskSettings:
Tue Apr  4 07:10:59 PM MSK 2023 INFO - askSettings - Using game specific requester timeout '2'
Tue Apr  4 07:10:59 PM MSK 2023 INFO - askSettings - Opening Requester with timeout '2'
Tue Apr  4 07:10:59 PM MSK 2023 INFO - getGameTextFiles - Searching for at least one editable textfile in '/mnt/ssd/SteamLibrary/steamapps/compatdata/235460/pfx/drive_c/users/steamuser'
Tue Apr  4 07:10:59 PM MSK 2023 INFO - updateConfigEntry - 'HEXAID' option missing in config '235460.conf' - adding a new line
Tue Apr  4 07:10:59 PM MSK 2023 INFO - getAppInfoData - Retrieving data for 'name' from '/home/korsilyn/.config/steamtinkerlaunch/games/appinfo/235460.bin'
Tue Apr  4 07:10:59 PM MSK 2023 INFO - getRes - Detected screen resolution '2560x1440'
Tue Apr  4 07:10:59 PM MSK 2023 INFO - pollWinRes - Using harmless '--center' as variable 'GEOM', because there are multiple side-effects in yad if the string is empty
Tue Apr  4 07:10:59 PM MSK 2023 INFO - pollWinRes - Creating initial '/home/korsilyn/.config/steamtinkerlaunch/guicfgs/2560x1440/235460/SteamTinkerLaunch-OpenSettings.conf' with unused default values
Tue Apr  4 07:10:59 PM MSK 2023 INFO - updateConfigEntry - 'COLCOUNT' option missing in config 'SteamTinkerLaunch-OpenSettings.conf' - adding a new line
Tue Apr  4 07:10:59 PM MSK 2023 INFO - updateWinRes - Starting resolution-poll for '/home/korsilyn/.config/steamtinkerlaunch/guicfgs/2560x1440/235460/SteamTinkerLaunch-OpenSettings.conf' with incoming '1920x1080'
Tue Apr  4 07:10:59 PM MSK 2023 INFO - setShowPic - Determining game picture
Tue Apr  4 07:10:59 PM MSK 2023 INFO - setShowPic - Using '/home/korsilyn/.config/steamtinkerlaunch/games/header/235460.jpg' as game picture
Tue Apr  4 07:10:59 PM MSK 2023 INFO - updateWinRes - Waiting for Window 'SteamTinkerLaunch-OpenSettings'
Tue Apr  4 07:11:00 PM MSK 2023 INFO - updateConfigEntry - 'ARGUMENTS' option missing in config '235460.conf' - adding a new line
Tue Apr  4 07:11:00 PM MSK 2023 INFO - updateConfigEntry - 'CLIENTICON' option missing in config '235460.conf' - adding a new line
Tue Apr  4 07:11:00 PM MSK 2023 INFO - updateConfigEntry - 'CLIENTTGA' option missing in config '235460.conf' - adding a new line
Tue Apr  4 07:11:00 PM MSK 2023 INFO - updateConfigEntry - 'DESCRIPTION' option missing in config '235460.conf' - adding a new line
Tue Apr  4 07:11:00 PM MSK 2023 INFO - updateConfigEntry - 'DEVELOPER' option missing in config '235460.conf' - adding a new line
Tue Apr  4 07:11:00 PM MSK 2023 INFO - updateConfigEntry - 'EXECUTABLE' option missing in config '235460.conf' - adding a new line
Tue Apr  4 07:11:00 PM MSK 2023 INFO - updateConfigEntry - 'GAMEDIR' option missing in config '235460.conf' - adding a new line
Tue Apr  4 07:11:00 PM MSK 2023 INFO - updateConfigEntry - 'GAMEMANUALURL' option missing in config '235460.conf' - adding a new line
Tue Apr  4 07:11:00 PM MSK 2023 INFO - updateConfigEntry - 'HOMEPAGE' option missing in config '235460.conf' - adding a new line
Tue Apr  4 07:11:00 PM MSK 2023 INFO - updateConfigEntry - 'ICON' option missing in config '235460.conf' - adding a new line
Tue Apr  4 07:11:00 PM MSK 2023 INFO - updateConfigEntry - 'LOGO' option missing in config '235460.conf' - adding a new line
Tue Apr  4 07:11:00 PM MSK 2023 INFO - updateConfigEntry - 'LOGO_SMALL' option missing in config '235460.conf' - adding a new line
Tue Apr  4 07:11:00 PM MSK 2023 INFO - updateConfigEntry - 'METACRITIC_FULLURL' option missing in config '235460.conf' - adding a new line
Tue Apr  4 07:11:00 PM MSK 2023 INFO - updateConfigEntry - 'METACRITIC_NAME' option missing in config '235460.conf' - adding a new line
Tue Apr  4 07:11:00 PM MSK 2023 INFO - updateConfigEntry - 'METACRITIC_SCORE' option missing in config '235460.conf' - adding a new line
Tue Apr  4 07:11:00 PM MSK 2023 INFO - updateConfigEntry - 'NAME' option missing in config '235460.conf' - adding a new line
Tue Apr  4 07:11:00 PM MSK 2023 INFO - updateConfigEntry - 'OSLIST' option missing in config '235460.conf' - adding a new line
Tue Apr  4 07:11:00 PM MSK 2023 INFO - updateConfigEntry - 'PUBLISHER' option missing in config '235460.conf' - adding a new line
Tue Apr  4 07:11:00 PM MSK 2023 INFO - updateConfigEntry - 'TYPE' option missing in config '235460.conf' - adding a new line
Tue Apr  4 07:11:00 PM MSK 2023 INFO - updateWinRes - Waiting for Window 'SteamTinkerLaunch-OpenSettings'
Tue Apr  4 07:11:01 PM MSK 2023 INFO - getSteamDeckCompatInfo - Fetching Steam Deck compatibility information for '235460' from Steam store endpoint with 'https://store.steampowered.com/saleaction/ajaxgetdeckappcompatibilityreport?nAppID=235460'
Tue Apr  4 07:11:01 PM MSK 2023 INFO - updateWinRes - Waiting for Window 'SteamTinkerLaunch-OpenSettings'
Tue Apr  4 07:11:01 PM MSK 2023 INFO - getSteamDeckCompatInfo - Successfully retrieved Steam Deck compatility information - Stored to '/home/korsilyn/.config/steamtinkerlaunch/games/deckinfo/235460-deckcompatrating.json'
Tue Apr  4 07:11:01 PM MSK 2023 INFO - getSteamDeckCompatInfo - Successfully retrieved Steam Deck compatibility rating of 'Verified' for '235460'
Tue Apr  4 07:11:01 PM MSK 2023 INFO - getSteamDeckCompatInfo - Converting language tokens for Steam Deck compatibility criteria into SteamTinkerLaunch translated strings
Tue Apr  4 07:11:01 PM MSK 2023 INFO - getSteamDeckCompatInfo - Seems like no developer comments were left for this game - This is fine as most games don't have this, so skipping
Tue Apr  4 07:11:01 PM MSK 2023 INFO - getSteamDeckCompatInfo - Finished setting Steam Deck compatibility criteria strings
Tue Apr  4 07:11:01 PM MSK 2023 INFO - askSettings - Steam Deck compatibility rating string is '<b>Steam Deck Compatibility:</b> Verified &#10003;'
Tue Apr  4 07:11:01 PM MSK 2023 INFO - askSettings - Preparing to show Wait Requester
Tue Apr  4 07:11:02 PM MSK 2023 SKIP - updateWinRes - Timeout waiting for Window 'SteamTinkerLaunch-OpenSettings'
Tue Apr  4 07:11:03 PM MSK 2023 INFO - MainMenu - Preparing to load Main Menu
Tue Apr  4 07:11:03 PM MSK 2023 SKIP - createDLSpekList - Skipping looking for available SpecialK versions, because USESPECIALK is disabled
Tue Apr  4 07:11:04 PM MSK 2023 INFO - createDLReShadeList - Found the following 'ReShade' versions online '5.7.0!5.6.0!5.5.2'
Tue Apr  4 07:11:04 PM MSK 2023 INFO - prepareMenu - Opening Menu
Tue Apr  4 07:11:04 PM MSK 2023 INFO - loadCfg - '/home/korsilyn/.config/steamtinkerlaunch/global.conf' START
Tue Apr  4 07:11:04 PM MSK 2023 INFO - loadCfg - '/home/korsilyn/.config/steamtinkerlaunch/global.conf' STOP
Tue Apr  4 07:11:04 PM MSK 2023 INFO - loadCfg - '/home/korsilyn/.config/steamtinkerlaunch/gamecfgs/id/235460.conf' START
Tue Apr  4 07:11:04 PM MSK 2023 INFO - loadCfg - Loading game config '/home/korsilyn/.config/steamtinkerlaunch/gamecfgs/id/235460.conf'
Tue Apr  4 07:11:04 PM MSK 2023 INFO - migrateCfgOption - File '/home/korsilyn/.config/steamtinkerlaunch/dxvk/235460.conf' does not exist - nothing to do
Tue Apr  4 07:11:04 PM MSK 2023 INFO - loadCfg - '/home/korsilyn/.config/steamtinkerlaunch/gamecfgs/id/235460.conf' STOP
Tue Apr  4 07:11:04 PM MSK 2023 INFO - loadCfg - '/home/korsilyn/.config/steamtinkerlaunch/url.conf' START
Tue Apr  4 07:11:04 PM MSK 2023 INFO - loadCfg - '/home/korsilyn/.config/steamtinkerlaunch/url.conf' STOP
Tue Apr  4 07:11:04 PM MSK 2023 UPDATE - updateConfigFile - Replacing '/home/korsilyn/.config/steamtinkerlaunch' with 'STLCFGDIR' in '/home/korsilyn/.config/steamtinkerlaunch/gamecfgs/id/235460.conf'
Tue Apr  4 07:11:04 PM MSK 2023 SKIP - updateConfigFile - Config file '/home/korsilyn/.config/steamtinkerlaunch/gamecfgs/id/235460.conf' already at version 'v12.12'
Tue Apr  4 07:11:04 PM MSK 2023 INFO - linkGameCfg - Symlink '/home/korsilyn/.config/steamtinkerlaunch/gamecfgs/title/METAL GEAR RISING REVENGEANCE.conf' already exists
Tue Apr  4 07:11:04 PM MSK 2023 INFO - delEmptyFile - Removing empty file '/dev/shm/steamtinkerlaunch/ProtonCSV.txt'
Tue Apr  4 07:11:04 PM MSK 2023 INFO - createProtonList - Looking for available Proton versions
Tue Apr  4 07:11:04 PM MSK 2023 INFO - getAvailableProtonVersions - Initially creating an array with available Proton versions
Tue Apr  4 07:11:04 PM MSK 2023 INFO - getAvailableProtonVersions - Adding Proton versions found in STEAMCOMPATOOLS '/home/korsilyn/.local/share/Steam/compatibilitytools.d'
Tue Apr  4 07:11:04 PM MSK 2023 INFO - getAvailableProtonVersions - Adding Proton versions found in SYSSTEAMCOMPATOOLS '/usr/share/steam/compatibilitytools.d'
Tue Apr  4 07:11:04 PM MSK 2023 INFO - getAvailableProtonVersions - Found proton directory: '/usr/share/steam/compatibilitytools.d/proton-ge-custom/proton'
Tue Apr  4 07:11:04 PM MSK 2023 SKIP - fillProtonCSV - '"Proton-GE";"/usr/share/steam/compatibilitytools.d/proton-ge-custom/proton"' is already in the Proton array
Tue Apr  4 07:11:04 PM MSK 2023 INFO - getAvailableProtonVersions - Adding Proton versions found in additional SteamLibrary Paths
Tue Apr  4 07:11:04 PM MSK 2023 INFO - getAvailableProtonVersions - Adding Proton versions found in CUSTOMPROTONLIST '/home/korsilyn/.config/steamtinkerlaunch/protonlist.txt'
Tue Apr  4 07:11:04 PM MSK 2023 INFO - getAvailableProtonVersions - Checking line '' in '/home/korsilyn/.config/steamtinkerlaunch/protonlist.txt'
Tue Apr  4 07:11:04 PM MSK 2023 INFO - getAvailableProtonVersions - Removing invalid line '' from '/home/korsilyn/.config/steamtinkerlaunch/protonlist.txt'
Tue Apr  4 07:11:04 PM MSK 2023 INFO - createWineList - Updating the Wine Dropdown List
Tue Apr  4 07:11:04 PM MSK 2023 INFO - getGameTextFiles - Searching for at least one editable textfile in '/mnt/ssd/SteamLibrary/steamapps/compatdata/235460/pfx/drive_c/users/steamuser'
Tue Apr  4 07:11:04 PM MSK 2023 INFO - setShowPic - Determining game picture
Tue Apr  4 07:11:04 PM MSK 2023 INFO - setShowPic - Using '/home/korsilyn/.config/steamtinkerlaunch/games/header/235460.jpg' as game picture
Tue Apr  4 07:11:04 PM MSK 2023 INFO - setOPCustPath - Default path for custom exe file requester is '/mnt/ssd/SteamLibrary/steamapps/common/METAL GEAR RISING REVENGEANCE/METAL GEAR RISING REVENGEANCE.exe'
Tue Apr  4 07:11:04 PM MSK 2023 INFO - getRes - Detected screen resolution '2560x1440'
Tue Apr  4 07:11:04 PM MSK 2023 INFO - pollWinRes - Creating initial '/home/korsilyn/.config/steamtinkerlaunch/guicfgs/2560x1440/235460/SteamTinkerLaunch-MainMenu.conf' with unused default values
Tue Apr  4 07:11:04 PM MSK 2023 INFO - updateConfigEntry - 'COLCOUNT' option missing in config 'SteamTinkerLaunch-MainMenu.conf' - adding a new line
Tue Apr  4 07:11:04 PM MSK 2023 INFO - updateWinRes - Starting resolution-poll for '/home/korsilyn/.config/steamtinkerlaunch/guicfgs/2560x1440/235460/SteamTinkerLaunch-MainMenu.conf' with incoming '1920x1080'
Tue Apr  4 07:11:04 PM MSK 2023 INFO - updateWinRes - Waiting for Window 'SteamTinkerLaunch-MainMenu'
Tue Apr  4 07:11:04 PM MSK 2023 INFO - createCustomCfgs - Creating emtpy game-specific config '/home/korsilyn/.config/steamtinkerlaunch/gamecfgs/customvars/235460.conf' for user defined custom variables
Tue Apr  4 07:11:04 PM MSK 2023 INFO - delEmptyFile - Removing empty file '/dev/shm/steamtinkerlaunch/ProtonCSV.txt'
Tue Apr  4 07:11:04 PM MSK 2023 INFO - createProtonList - Looking for available Proton versions
Tue Apr  4 07:11:04 PM MSK 2023 INFO - getAvailableProtonVersions - Initially creating an array with available Proton versions
Tue Apr  4 07:11:04 PM MSK 2023 INFO - getAvailableProtonVersions - Adding Proton versions found in STEAMCOMPATOOLS '/home/korsilyn/.local/share/Steam/compatibilitytools.d'
Tue Apr  4 07:11:04 PM MSK 2023 INFO - getAvailableProtonVersions - Adding Proton versions found in SYSSTEAMCOMPATOOLS '/usr/share/steam/compatibilitytools.d'
Tue Apr  4 07:11:04 PM MSK 2023 INFO - getAvailableProtonVersions - Found proton directory: '/usr/share/steam/compatibilitytools.d/proton-ge-custom/proton'
Tue Apr  4 07:11:04 PM MSK 2023 SKIP - fillProtonCSV - '"Proton-GE";"/usr/share/steam/compatibilitytools.d/proton-ge-custom/proton"' is already in the Proton array
Tue Apr  4 07:11:04 PM MSK 2023 INFO - getAvailableProtonVersions - Adding Proton versions found in additional SteamLibrary Paths
Tue Apr  4 07:11:04 PM MSK 2023 INFO - getAvailableProtonVersions - Adding Proton versions found in CUSTOMPROTONLIST '/home/korsilyn/.config/steamtinkerlaunch/protonlist.txt'
Tue Apr  4 07:11:04 PM MSK 2023 INFO - getAvailableProtonVersions - Checking line '' in '/home/korsilyn/.config/steamtinkerlaunch/protonlist.txt'
Tue Apr  4 07:11:04 PM MSK 2023 INFO - getAvailableProtonVersions - Removing invalid line '' from '/home/korsilyn/.config/steamtinkerlaunch/protonlist.txt'
Tue Apr  4 07:11:05 PM MSK 2023 INFO - updateWinRes - Waiting for Window 'SteamTinkerLaunch-MainMenu'
Tue Apr  4 07:11:06 PM MSK 2023 INFO - updateWinRes - Waiting for Window 'SteamTinkerLaunch-MainMenu'
Tue Apr  4 07:11:07 PM MSK 2023 SKIP - updateWinRes - Timeout waiting for Window 'SteamTinkerLaunch-MainMenu'
Tue Apr  4 07:11:10 PM MSK 2023 INFO - MainMenu - Clicked '6' - 'GAME MENU'
Tue Apr  4 07:11:10 PM MSK 2023 INFO - MainMenu - exiting 'Settings Menu' and opening 'Game Menu'
Tue Apr  4 07:11:10 PM MSK 2023 INFO - prepareMenu - Opening Menu
Tue Apr  4 07:11:10 PM MSK 2023 INFO - loadCfg - '/home/korsilyn/.config/steamtinkerlaunch/global.conf' START
Tue Apr  4 07:11:11 PM MSK 2023 INFO - loadCfg - '/home/korsilyn/.config/steamtinkerlaunch/global.conf' STOP
Tue Apr  4 07:11:11 PM MSK 2023 INFO - loadCfg - '/home/korsilyn/.config/steamtinkerlaunch/gamecfgs/id/235460.conf' START
Tue Apr  4 07:11:11 PM MSK 2023 INFO - loadCfg - Loading game config '/home/korsilyn/.config/steamtinkerlaunch/gamecfgs/id/235460.conf'
Tue Apr  4 07:11:11 PM MSK 2023 INFO - migrateCfgOption - File '/home/korsilyn/.config/steamtinkerlaunch/dxvk/235460.conf' does not exist - nothing to do
Tue Apr  4 07:11:11 PM MSK 2023 INFO - loadCfg - '/home/korsilyn/.config/steamtinkerlaunch/gamecfgs/id/235460.conf' STOP
Tue Apr  4 07:11:11 PM MSK 2023 INFO - loadCfg - '/home/korsilyn/.config/steamtinkerlaunch/url.conf' START
Tue Apr  4 07:11:11 PM MSK 2023 INFO - loadCfg - '/home/korsilyn/.config/steamtinkerlaunch/url.conf' STOP
Tue Apr  4 07:11:11 PM MSK 2023 SKIP - updateConfigFile - Config file '/home/korsilyn/.config/steamtinkerlaunch/gamecfgs/id/235460.conf' already at version 'v12.12'
Tue Apr  4 07:11:11 PM MSK 2023 INFO - linkGameCfg - Symlink '/home/korsilyn/.config/steamtinkerlaunch/gamecfgs/title/METAL GEAR RISING REVENGEANCE.conf' already exists
Tue Apr  4 07:11:11 PM MSK 2023 INFO - delEmptyFile - Removing empty file '/dev/shm/steamtinkerlaunch/ProtonCSV.txt'
Tue Apr  4 07:11:11 PM MSK 2023 INFO - createProtonList - Looking for available Proton versions
Tue Apr  4 07:11:11 PM MSK 2023 INFO - getAvailableProtonVersions - Initially creating an array with available Proton versions
Tue Apr  4 07:11:11 PM MSK 2023 INFO - getAvailableProtonVersions - Adding Proton versions found in STEAMCOMPATOOLS '/home/korsilyn/.local/share/Steam/compatibilitytools.d'
Tue Apr  4 07:11:11 PM MSK 2023 INFO - getAvailableProtonVersions - Adding Proton versions found in SYSSTEAMCOMPATOOLS '/usr/share/steam/compatibilitytools.d'
Tue Apr  4 07:11:11 PM MSK 2023 INFO - getAvailableProtonVersions - Found proton directory: '/usr/share/steam/compatibilitytools.d/proton-ge-custom/proton'
Tue Apr  4 07:11:11 PM MSK 2023 SKIP - fillProtonCSV - '"Proton-GE";"/usr/share/steam/compatibilitytools.d/proton-ge-custom/proton"' is already in the Proton array
Tue Apr  4 07:11:11 PM MSK 2023 INFO - getAvailableProtonVersions - Adding Proton versions found in additional SteamLibrary Paths
Tue Apr  4 07:11:11 PM MSK 2023 INFO - getAvailableProtonVersions - Adding Proton versions found in CUSTOMPROTONLIST '/home/korsilyn/.config/steamtinkerlaunch/protonlist.txt'
Tue Apr  4 07:11:11 PM MSK 2023 INFO - getAvailableProtonVersions - Checking line '' in '/home/korsilyn/.config/steamtinkerlaunch/protonlist.txt'
Tue Apr  4 07:11:11 PM MSK 2023 INFO - getAvailableProtonVersions - Removing invalid line '' from '/home/korsilyn/.config/steamtinkerlaunch/protonlist.txt'
Tue Apr  4 07:11:11 PM MSK 2023 INFO - createWineList - Updating the Wine Dropdown List
Tue Apr  4 07:11:11 PM MSK 2023 INFO - getGameTextFiles - Searching for at least one editable textfile in '/mnt/ssd/SteamLibrary/steamapps/compatdata/235460/pfx/drive_c/users/steamuser'
Tue Apr  4 07:11:11 PM MSK 2023 SKIP - updateConfigFile - Config file '/home/korsilyn/.config/steamtinkerlaunch/gamecfgs/id/235460.conf' already at version 'v12.12'
Tue Apr  4 07:11:11 PM MSK 2023 INFO - linkGameCfg - Symlink '/home/korsilyn/.config/steamtinkerlaunch/gamecfgs/title/METAL GEAR RISING REVENGEANCE.conf' already exists
Tue Apr  4 07:11:11 PM MSK 2023 INFO - delEmptyFile - Removing empty file '/dev/shm/steamtinkerlaunch/ProtonCSV.txt'
Tue Apr  4 07:11:11 PM MSK 2023 INFO - createProtonList - Looking for available Proton versions
Tue Apr  4 07:11:11 PM MSK 2023 INFO - getAvailableProtonVersions - Initially creating an array with available Proton versions
Tue Apr  4 07:11:11 PM MSK 2023 INFO - getAvailableProtonVersions - Adding Proton versions found in STEAMCOMPATOOLS '/home/korsilyn/.local/share/Steam/compatibilitytools.d'
Tue Apr  4 07:11:11 PM MSK 2023 INFO - getAvailableProtonVersions - Adding Proton versions found in SYSSTEAMCOMPATOOLS '/usr/share/steam/compatibilitytools.d'
Tue Apr  4 07:11:11 PM MSK 2023 INFO - getAvailableProtonVersions - Found proton directory: '/usr/share/steam/compatibilitytools.d/proton-ge-custom/proton'
Tue Apr  4 07:11:11 PM MSK 2023 SKIP - fillProtonCSV - '"Proton-GE";"/usr/share/steam/compatibilitytools.d/proton-ge-custom/proton"' is already in the Proton array
Tue Apr  4 07:11:11 PM MSK 2023 INFO - getAvailableProtonVersions - Adding Proton versions found in additional SteamLibrary Paths
Tue Apr  4 07:11:11 PM MSK 2023 INFO - getAvailableProtonVersions - Adding Proton versions found in CUSTOMPROTONLIST '/home/korsilyn/.config/steamtinkerlaunch/protonlist.txt'
Tue Apr  4 07:11:11 PM MSK 2023 INFO - getAvailableProtonVersions - Checking line '' in '/home/korsilyn/.config/steamtinkerlaunch/protonlist.txt'
Tue Apr  4 07:11:11 PM MSK 2023 INFO - getAvailableProtonVersions - Removing invalid line '' from '/home/korsilyn/.config/steamtinkerlaunch/protonlist.txt'
Tue Apr  4 07:11:11 PM MSK 2023 INFO - createWineList - Updating the Wine Dropdown List
Tue Apr  4 07:11:11 PM MSK 2023 INFO - loadCfg - Loading game config '/home/korsilyn/.config/steamtinkerlaunch/gamecfgs/id/235460.conf'
Tue Apr  4 07:11:11 PM MSK 2023 INFO - migrateCfgOption - File '/home/korsilyn/.config/steamtinkerlaunch/dxvk/235460.conf' does not exist - nothing to do
Tue Apr  4 07:11:11 PM MSK 2023 INFO - getRes - Detected screen resolution '2560x1440'
Tue Apr  4 07:11:11 PM MSK 2023 INFO - pollWinRes - Creating initial '/home/korsilyn/.config/steamtinkerlaunch/guicfgs/2560x1440/235460/SteamTinkerLaunch-launchGameMenu.conf' with unused default values
Tue Apr  4 07:11:11 PM MSK 2023 INFO - updateConfigEntry - 'COLCOUNT' option missing in config 'SteamTinkerLaunch-launchGameMenu.conf' - adding a new line
Tue Apr  4 07:11:11 PM MSK 2023 INFO - updateWinRes - Starting resolution-poll for '/home/korsilyn/.config/steamtinkerlaunch/guicfgs/2560x1440/235460/SteamTinkerLaunch-launchGameMenu.conf' with incoming '1920x1080'
Tue Apr  4 07:11:11 PM MSK 2023 INFO - openMenu - Starting createMenu "/dev/shm/steamtinkerlaunch/menutemp/gamemenu" "launchGameMenu" "/home/korsilyn/.config/steamtinkerlaunch/games/header/235460.jpg" "EMPTY" "EMPTY" "Settings for game 'METAL GEAR RISING: REVENGEANCE (235460)'" "MainMenu" "MENU_GAME"
Tue Apr  4 07:11:36 PM MSK 2023 INFO - createMenu - got '9' elements: '0 /dev/shm/steamtinkerlaunch/menutemp/gamemenu launchGameMenu /home/korsilyn/.config/steamtinkerlaunch/games/header/235460.jpg EMPTY EMPTY Settings for game 'METAL GEAR RISING: REVENGEANCE (235460)' MainMenu MENU_GAME'
Tue Apr  4 07:11:36 PM MSK 2023 INFO - createMenu - Creating menu template '/dev/shm/steamtinkerlaunch/menutemp/gamemenu-template'
Tue Apr  4 07:11:36 PM MSK 2023 INFO - updateWinRes - Waiting for Window 'SteamTinkerLaunch-launchGameMenu'
Tue Apr  4 07:11:36 PM MSK 2023 INFO - getFilteredEntries - No blocked elements found in '/home/korsilyn/.config/steamtinkerlaunch/menublock.conf' - working with '/dev/shm/steamtinkerlaunch/rawentries.txt'
Tue Apr  4 07:11:36 PM MSK 2023 INFO - getFilteredEntries - Sort config '/home/korsilyn/.config/steamtinkerlaunch/menusort.conf' found - sorting
Tue Apr  4 07:11:36 PM MSK 2023 INFO - openMenu - Currently used tempfile is '/dev/shm/steamtinkerlaunch/menu.qBSJbwf7'
Tue Apr  4 07:11:37 PM MSK 2023 INFO - updateWinRes - Waiting for Window 'SteamTinkerLaunch-launchGameMenu'
Tue Apr  4 07:11:38 PM MSK 2023 INFO - updateWinRes - Waiting for Window 'SteamTinkerLaunch-launchGameMenu'
Tue Apr  4 07:11:39 PM MSK 2023 SKIP - updateWinRes - Timeout waiting for Window 'SteamTinkerLaunch-launchGameMenu'
Tue Apr  4 07:12:47 PM MSK 2023 INFO - openMenu - Clicked '8' - 'SAVE AND PLAY'
Tue Apr  4 07:12:47 PM MSK 2023 INFO - openMenu - exiting 'Favorite Menu' and opening 'Game Start'
Tue Apr  4 07:12:47 PM MSK 2023 INFO - openMenu - Saving config '/home/korsilyn/.config/steamtinkerlaunch/gamecfgs/id/235460.conf' and starting the game
Tue Apr  4 07:12:47 PM MSK 2023 INFO - saveMenuEntries - Saving changed Settings
Tue Apr  4 07:12:47 PM MSK 2023 INFO - saveMenuEntries - Clearing Results array with '0' elements
Tue Apr  4 07:12:47 PM MSK 2023 INFO - saveMenuEntries - Pulling values from tempfile '/dev/shm/steamtinkerlaunch/menu.qBSJbwf7'
Tue Apr  4 07:12:47 PM MSK 2023 INFO - updateConfigEntry - Option 'USECUSTOMCMD' is updated with the new value '1' in config '235460.conf'
Tue Apr  4 07:12:48 PM MSK 2023 INFO - updateConfigEntry - Option 'CUSTOMCMD' is updated with the new value '/home/korsilyn/Downloads/Metal Gear Rising.exe' in config '235460.conf'
Tue Apr  4 07:12:48 PM MSK 2023 INFO - updateConfigEntry - Option 'ONLY_CUSTOMCMD' is updated with the new value '1' in config '235460.conf'
Tue Apr  4 07:12:48 PM MSK 2023 INFO - updateConfigEntry - Option 'USERSTART' is updated with the new value '/mnt/ssd/SteamLibrary/steamapps/common/METAL GEAR RISING REVENGEANCE/echo' in config '235460.conf'
Tue Apr  4 07:12:48 PM MSK 2023 INFO - updateConfigEntry - Option 'USERSTOP' is updated with the new value '/mnt/ssd/SteamLibrary/steamapps/common/METAL GEAR RISING REVENGEANCE/echo' in config '235460.conf'
Tue Apr  4 07:12:48 PM MSK 2023 INFO - updateConfigEntry - Option 'USEPROTON' is updated with the new value 'Proton-GE' in config '235460.conf'
Tue Apr  4 07:12:48 PM MSK 2023 INFO - updateConfigEntry - Option 'ARCHALTEXE' is updated with the new value '/mnt/ssd/SteamLibrary/steamapps/common/METAL GEAR RISING REVENGEANCE/echo' in config '235460.conf'
Tue Apr  4 07:12:49 PM MSK 2023 INFO - updateConfigEntry - Option 'STL_VKD3D_PROFILE_PATH' is updated with the new value '/mnt/ssd/SteamLibrary/steamapps/common/METAL GEAR RISING REVENGEANCE/none' in config '235460.conf'
Tue Apr  4 07:12:49 PM MSK 2023 INFO - saveMenuEntries - Done with Saving changed Settings
Tue Apr  4 07:12:49 PM MSK 2023 INFO - startSteamGame - Starting game
Tue Apr  4 07:12:49 PM MSK 2023 INFO - goBackToPrevFunction - 'MainMenu' closed
Tue Apr  4 07:12:49 PM MSK 2023 INFO - prepareLaunch - Second LoadCfg after menus: /home/korsilyn/.config/steamtinkerlaunch/gamecfgs/id/235460.conf
Tue Apr  4 07:12:49 PM MSK 2023 INFO - loadCfg - '/home/korsilyn/.config/steamtinkerlaunch/gamecfgs/id/235460.conf' START
Tue Apr  4 07:12:49 PM MSK 2023 INFO - loadCfg - Loading game config '/home/korsilyn/.config/steamtinkerlaunch/gamecfgs/id/235460.conf'
Tue Apr  4 07:12:49 PM MSK 2023 INFO - migrateCfgOption - File '/home/korsilyn/.config/steamtinkerlaunch/dxvk/235460.conf' does not exist - nothing to do
Tue Apr  4 07:12:49 PM MSK 2023 INFO - loadCfg - '/home/korsilyn/.config/steamtinkerlaunch/gamecfgs/id/235460.conf' STOP
Tue Apr  4 07:12:49 PM MSK 2023 INFO - setDxvkVars - Exporting variable 'DXVK_FRAME_RATE=none' to limit game framerate
Tue Apr  4 07:12:49 PM MSK 2023 INFO - autoCollectionSettings - Searching collections for game '235460' in '/home/korsilyn/.local/share/Steam/userdata/1005184864/7/remote/sharedconfig.vdf'
Tue Apr  4 07:12:49 PM MSK 2023 SKIP - autoCollectionSettings - Global Config '' not found - skipping
Tue Apr  4 07:12:49 PM MSK 2023 SKIP - autoCollectionSettings - Collections Directory Config '' not found - skipping
Tue Apr  4 07:12:49 PM MSK 2023 INFO - prepareLaunch - sortGameArgs again, in case something changed above:
Tue Apr  4 07:12:49 PM MSK 2023 SKIP - sortGameArgs - Sorting the game arguments is disabled
Tue Apr  4 07:12:49 PM MSK 2023 INFO - prepareLaunch - symlinkSteamUser:
Tue Apr  4 07:12:49 PM MSK 2023 SKIP - symlinkSteamUser - Symlinking steamuser is disabled - Checking if a symlink needs to be reverted
Tue Apr  4 07:12:49 PM MSK 2023 SKIP - symlinkSteamUser - '/mnt/ssd/SteamLibrary/steamapps/compatdata/235460/pfx/drive_c/users/steamuser' is no symlink - nothing to do
Tue Apr  4 07:12:49 PM MSK 2023 INFO - prepareLaunch - restoreSteamUser:
Tue Apr  4 07:12:49 PM MSK 2023 INFO - restoreSteamUser - Using configured value 'none' for RESTORESTEAMUSER
Tue Apr  4 07:12:49 PM MSK 2023 INFO - restoreSteamUser - Restoration of steamuser data is disabled with RESTORESTEAMUSER being 'none
Tue Apr  4 07:12:49 PM MSK 2023 INFO - prepareLaunch - prepareProton:
Tue Apr  4 07:12:49 PM MSK 2023 INFO - delEmptyFile - Removing empty file '/dev/shm/steamtinkerlaunch/ProtonCSV.txt'
Tue Apr  4 07:12:49 PM MSK 2023 INFO - getProtPathFromCSV - Creating '/dev/shm/steamtinkerlaunch/ProtonCSV.txt'
Tue Apr  4 07:12:49 PM MSK 2023 INFO - getAvailableProtonVersions - Initially creating an array with available Proton versions
Tue Apr  4 07:12:49 PM MSK 2023 INFO - getAvailableProtonVersions - Adding Proton versions found in STEAMCOMPATOOLS '/home/korsilyn/.local/share/Steam/compatibilitytools.d'
Tue Apr  4 07:12:49 PM MSK 2023 INFO - getAvailableProtonVersions - Adding Proton versions found in SYSSTEAMCOMPATOOLS '/usr/share/steam/compatibilitytools.d'
Tue Apr  4 07:12:50 PM MSK 2023 INFO - getAvailableProtonVersions - Found proton directory: '/usr/share/steam/compatibilitytools.d/proton-ge-custom/proton'
Tue Apr  4 07:12:50 PM MSK 2023 SKIP - fillProtonCSV - '"Proton-GE";"/usr/share/steam/compatibilitytools.d/proton-ge-custom/proton"' is already in the Proton array
Tue Apr  4 07:12:50 PM MSK 2023 INFO - getAvailableProtonVersions - Adding Proton versions found in additional SteamLibrary Paths
Tue Apr  4 07:12:50 PM MSK 2023 INFO - getAvailableProtonVersions - Adding Proton versions found in CUSTOMPROTONLIST '/home/korsilyn/.config/steamtinkerlaunch/protonlist.txt'
Tue Apr  4 07:12:50 PM MSK 2023 INFO - getAvailableProtonVersions - Checking line '' in '/home/korsilyn/.config/steamtinkerlaunch/protonlist.txt'
Tue Apr  4 07:12:50 PM MSK 2023 INFO - getAvailableProtonVersions - Removing invalid line '' from '/home/korsilyn/.config/steamtinkerlaunch/protonlist.txt'
Tue Apr  4 07:12:50 PM MSK 2023 INFO - prepareProton - setNewProtVars, because 'Proton-GE' != ''
Tue Apr  4 07:12:50 PM MSK 2023 INFO - delEmptyFile - Removing empty file '/dev/shm/steamtinkerlaunch/ProtonCSV.txt'
Tue Apr  4 07:12:50 PM MSK 2023 INFO - getProtPathFromCSV - Creating '/dev/shm/steamtinkerlaunch/ProtonCSV.txt'
Tue Apr  4 07:12:50 PM MSK 2023 INFO - getAvailableProtonVersions - Initially creating an array with available Proton versions
Tue Apr  4 07:12:50 PM MSK 2023 INFO - getAvailableProtonVersions - Adding Proton versions found in STEAMCOMPATOOLS '/home/korsilyn/.local/share/Steam/compatibilitytools.d'
Tue Apr  4 07:12:50 PM MSK 2023 INFO - getAvailableProtonVersions - Adding Proton versions found in SYSSTEAMCOMPATOOLS '/usr/share/steam/compatibilitytools.d'
Tue Apr  4 07:12:50 PM MSK 2023 INFO - getAvailableProtonVersions - Found proton directory: '/usr/share/steam/compatibilitytools.d/proton-ge-custom/proton'
Tue Apr  4 07:12:50 PM MSK 2023 SKIP - fillProtonCSV - '"Proton-GE";"/usr/share/steam/compatibilitytools.d/proton-ge-custom/proton"' is already in the Proton array
Tue Apr  4 07:12:50 PM MSK 2023 INFO - getAvailableProtonVersions - Adding Proton versions found in additional SteamLibrary Paths
Tue Apr  4 07:12:50 PM MSK 2023 INFO - getAvailableProtonVersions - Adding Proton versions found in CUSTOMPROTONLIST '/home/korsilyn/.config/steamtinkerlaunch/protonlist.txt'
Tue Apr  4 07:12:50 PM MSK 2023 INFO - getAvailableProtonVersions - Checking line '' in '/home/korsilyn/.config/steamtinkerlaunch/protonlist.txt'
Tue Apr  4 07:12:50 PM MSK 2023 INFO - getAvailableProtonVersions - Removing invalid line '' from '/home/korsilyn/.config/steamtinkerlaunch/protonlist.txt'
Tue Apr  4 07:12:50 PM MSK 2023 INFO - setNewProtVars - Setting new Proton Variables based on '/usr/share/steam/compatibilitytools.d/proton-ge-custom/proton'
Tue Apr  4 07:12:50 PM MSK 2023 INFO - setNewProtVars - Continuing with RUNPROTON='/usr/share/steam/compatibilitytools.d/proton-ge-custom/proton'
Tue Apr  4 07:12:50 PM MSK 2023 INFO - setRunWineServer - Initiated from 'setNewProtVars'
Tue Apr  4 07:12:50 PM MSK 2023 INFO - delEmptyFile - Removing empty file '/dev/shm/steamtinkerlaunch/ProtonCSV.txt'
Tue Apr  4 07:12:50 PM MSK 2023 INFO - getProtPathFromCSV - Creating '/dev/shm/steamtinkerlaunch/ProtonCSV.txt'
Tue Apr  4 07:12:50 PM MSK 2023 INFO - getAvailableProtonVersions - Initially creating an array with available Proton versions
Tue Apr  4 07:12:50 PM MSK 2023 INFO - getAvailableProtonVersions - Adding Proton versions found in STEAMCOMPATOOLS '/home/korsilyn/.local/share/Steam/compatibilitytools.d'
Tue Apr  4 07:12:50 PM MSK 2023 INFO - getAvailableProtonVersions - Adding Proton versions found in SYSSTEAMCOMPATOOLS '/usr/share/steam/compatibilitytools.d'
Tue Apr  4 07:12:50 PM MSK 2023 INFO - getAvailableProtonVersions - Found proton directory: '/usr/share/steam/compatibilitytools.d/proton-ge-custom/proton'
Tue Apr  4 07:12:50 PM MSK 2023 SKIP - fillProtonCSV - '"Proton-GE";"/usr/share/steam/compatibilitytools.d/proton-ge-custom/proton"' is already in the Proton array
Tue Apr  4 07:12:50 PM MSK 2023 INFO - getAvailableProtonVersions - Adding Proton versions found in additional SteamLibrary Paths
Tue Apr  4 07:12:50 PM MSK 2023 INFO - getAvailableProtonVersions - Adding Proton versions found in CUSTOMPROTONLIST '/home/korsilyn/.config/steamtinkerlaunch/protonlist.txt'
Tue Apr  4 07:12:50 PM MSK 2023 INFO - getAvailableProtonVersions - Checking line '' in '/home/korsilyn/.config/steamtinkerlaunch/protonlist.txt'
Tue Apr  4 07:12:50 PM MSK 2023 INFO - getAvailableProtonVersions - Removing invalid line '' from '/home/korsilyn/.config/steamtinkerlaunch/protonlist.txt'
Tue Apr  4 07:12:50 PM MSK 2023 INFO - setRunWineServer - Set the wine binary for proton in path '/usr/share/steam/compatibilitytools.d/proton-ge-custom/proton'
Tue Apr  4 07:12:50 PM MSK 2023 INFO - setRunWineServer - to '/usr/share/steam/compatibilitytools.d/proton-ge-custom/files/bin/wine'
Tue Apr  4 07:12:50 PM MSK 2023 INFO - setRunWineServer - and wineserver to '/usr/share/steam/compatibilitytools.d/proton-ge-custom/files/bin/wineserver'
Tue Apr  4 07:12:50 PM MSK 2023 INFO - prepareLaunch - setLinGameVals :
Tue Apr  4 07:12:50 PM MSK 2023 INFO - prepareLaunch - CheckTweakLaunch:
Tue Apr  4 07:12:50 PM MSK 2023 INFO - prepareLaunch - checkXliveless:
Tue Apr  4 07:12:50 PM MSK 2023 INFO - prepareLaunch - chooseWinetricks:
Tue Apr  4 07:12:50 PM MSK 2023 INFO - chooseWinetricks - Using systemwide winetricks with version '20220411'
Tue Apr  4 07:12:50 PM MSK 2023 INFO - prepareLaunch - checkExtDeps:
Tue Apr  4 07:12:50 PM MSK 2023 INFO - prepareLaunch - checkExtDeps done
Tue Apr  4 07:12:50 PM MSK 2023 INFO - prepareLaunch - setWineVars:
Tue Apr  4 07:12:50 PM MSK 2023 INFO - prepareLaunch - CheckWinetricksLaunch:
Tue Apr  4 07:12:50 PM MSK 2023 INFO - prepareLaunch - CheckWineCfgLaunch:
Tue Apr  4 07:12:50 PM MSK 2023 WARN - checkWineCfgLaunch - Function was called but RUN_WINECFG ('0') was not enabled - skipping
Tue Apr  4 07:12:50 PM MSK 2023 INFO - prepareLaunch - CustomRegs:
Tue Apr  4 07:12:50 PM MSK 2023 INFO - prepareLaunch - TogWindows:
Tue Apr  4 07:12:50 PM MSK 2023 INFO - prepareLaunch - StateSteamWebHelper:
Tue Apr  4 07:12:50 PM MSK 2023 INFO - prepareLaunch - InstallReshade:
Tue Apr  4 07:12:50 PM MSK 2023 INFO - prepareLaunch - installDepth3DReshade:
Tue Apr  4 07:12:50 PM MSK 2023 INFO - prepareLaunch - checkReshade:
Tue Apr  4 07:12:50 PM MSK 2023 INFO - autoCollectionSettings - Searching collections for game '235460' in '/home/korsilyn/.local/share/Steam/userdata/1005184864/7/remote/sharedconfig.vdf'
Tue Apr  4 07:12:50 PM MSK 2023 SKIP - autoCollectionSettings - Global Config '' not found - skipping
Tue Apr  4 07:12:50 PM MSK 2023 SKIP - autoCollectionSettings - Collections Directory Config '' not found - skipping
Tue Apr  4 07:12:50 PM MSK 2023 INFO - setFullGameExePath - Using the directory '/home/korsilyn/Downloads' of the used custom command as absolute game exe path
Tue Apr  4 07:12:50 PM MSK 2023 INFO - prepareLaunch - useSpecialK:
Tue Apr  4 07:12:50 PM MSK 2023 INFO - setFullGameExePath - Using the directory '/home/korsilyn/Downloads' of the used custom command as absolute game exe path
Tue Apr  4 07:12:50 PM MSK 2023 INFO - prepareLaunch - configureGeoElf:
Tue Apr  4 07:12:50 PM MSK 2023 INFO - setFullGameExePath - Using the directory '/home/korsilyn/Downloads' of the used custom command as absolute game exe path
Tue Apr  4 07:12:50 PM MSK 2023 INFO - prepareLaunch - ChooseShaders:
Tue Apr  4 07:12:50 PM MSK 2023 INFO - prepareLaunch - UseNyrnaz:
Tue Apr  4 07:12:50 PM MSK 2023 INFO - prepareLaunch - UseReplay:
Tue Apr  4 07:12:50 PM MSK 2023 INFO - prepareLaunch - CheckSBSVRLaunch:
Tue Apr  4 07:12:50 PM MSK 2023 INFO - prepareLaunch - checkMO2:
Tue Apr  4 07:12:50 PM MSK 2023 INFO - prepareLaunch - setNewRes:
Tue Apr  4 07:12:50 PM MSK 2023 INFO - getRes - Detected screen resolution '2560x1440'
Tue Apr  4 07:12:50 PM MSK 2023 INFO - prepareLaunch - customUserScriptStart:
Tue Apr  4 07:12:50 PM MSK 2023 INFO - prepareLaunch - redirectSCDP:
Tue Apr  4 07:12:50 PM MSK 2023 INFO - redirectSCDP - Using Proton version with minor version fix 'Proton-GE' for compatdata directory name
Tue Apr  4 07:12:50 PM MSK 2023 INFO - redirectSCDP - Using regular compatdata '/mnt/ssd/SteamLibrary/steamapps/compatdata/235460'
Tue Apr  4 07:12:50 PM MSK 2023 INFO - prepareLaunch - checkIGCSInjector:
Tue Apr  4 07:12:50 PM MSK 2023 INFO - prepareLaunch - checkOpenVRFSR:
Tue Apr  4 07:12:50 PM MSK 2023 INFO - prepareLaunch - CheckFWS:
Tue Apr  4 07:12:50 PM MSK 2023 INFO - loadCustomVars - Empty global config '/home/korsilyn/.config/steamtinkerlaunch/gamecfgs/customvars/global-custom-vars.conf' for user defined custom variables not loaded
Tue Apr  4 07:12:50 PM MSK 2023 INFO - loadCustomVars - Empty game-specific config '/home/korsilyn/.config/steamtinkerlaunch/gamecfgs/customvars/235460.conf' for user defined custom variables not loaded
Tue Apr  4 07:12:50 PM MSK 2023 INFO - prepareLaunch - CheckCustomLaunch:
Tue Apr  4 07:12:50 PM MSK 2023 INFO - checkCustomLaunch - USECUSTOMCMD is set to '1' - trying to start custom program '/home/korsilyn/Downloads/Metal Gear Rising.exe'
Tue Apr  4 07:12:50 PM MSK 2023 INFO - checkCustomLaunch - FORK_CUSTOMCMD is set to 0 - starting the custom program regularly
Tue Apr  4 07:12:50 PM MSK 2023 INFO - launchCustomProg - '/home/korsilyn/Downloads/Metal Gear Rising.exe' not found - searching in gamedir
Tue Apr  4 07:12:50 PM MSK 2023 INFO - launchCustomProg - '/home/korsilyn/Downloads/Metal Gear Rising.exe' also not in '/mnt/ssd/SteamLibrary/steamapps/common/METAL GEAR RISING REVENGEANCE//home/korsilyn/Downloads/Metal Gear Rising.exe' - checking if absolute path was provided
Tue Apr  4 07:12:50 PM MSK 2023 INFO - launchCustomProg - '/home/korsilyn/Downloads/Metal Gear Rising.exe' is absolute path
Tue Apr  4 07:12:50 PM MSK 2023 INFO - launchCustomProg - Changed pwd into the custom directory '/home/korsilyn/Downloads'
Tue Apr  4 07:12:50 PM MSK 2023 INFO - launchCustomProg - '/home/korsilyn/Downloads/Metal Gear Rising.exe' seems to be a MS Windows program - starting through proton
Tue Apr  4 07:12:50 PM MSK 2023 INFO - launchCustomProg - '/home/korsilyn/Downloads/Metal Gear Rising.exe' seems to be a MS gui program - starting regularly
Tue Apr  4 07:12:50 PM MSK 2023 INFO - delEmptyFile - Removing empty file '/dev/shm/steamtinkerlaunch/ProtonCSV.txt'
Tue Apr  4 07:12:50 PM MSK 2023 INFO - getProtPathFromCSV - Creating '/dev/shm/steamtinkerlaunch/ProtonCSV.txt'
Tue Apr  4 07:12:50 PM MSK 2023 INFO - getAvailableProtonVersions - Initially creating an array with available Proton versions
Tue Apr  4 07:12:50 PM MSK 2023 INFO - getAvailableProtonVersions - Adding Proton versions found in STEAMCOMPATOOLS '/home/korsilyn/.local/share/Steam/compatibilitytools.d'
Tue Apr  4 07:12:50 PM MSK 2023 INFO - getAvailableProtonVersions - Adding Proton versions found in SYSSTEAMCOMPATOOLS '/usr/share/steam/compatibilitytools.d'
Tue Apr  4 07:12:50 PM MSK 2023 INFO - getAvailableProtonVersions - Found proton directory: '/usr/share/steam/compatibilitytools.d/proton-ge-custom/proton'
Tue Apr  4 07:12:50 PM MSK 2023 SKIP - fillProtonCSV - '"Proton-GE";"/usr/share/steam/compatibilitytools.d/proton-ge-custom/proton"' is already in the Proton array
Tue Apr  4 07:12:50 PM MSK 2023 INFO - getAvailableProtonVersions - Adding Proton versions found in additional SteamLibrary Paths
Tue Apr  4 07:12:50 PM MSK 2023 INFO - getAvailableProtonVersions - Adding Proton versions found in CUSTOMPROTONLIST '/home/korsilyn/.config/steamtinkerlaunch/protonlist.txt'
Tue Apr  4 07:12:50 PM MSK 2023 INFO - getAvailableProtonVersions - Checking line '' in '/home/korsilyn/.config/steamtinkerlaunch/protonlist.txt'
Tue Apr  4 07:12:50 PM MSK 2023 INFO - getAvailableProtonVersions - Removing invalid line '' from '/home/korsilyn/.config/steamtinkerlaunch/protonlist.txt'
Tue Apr  4 07:12:50 PM MSK 2023 INFO - setRunProtonFromUseProton - Setting ORUNPROTON to '/usr/share/steam/compatibilitytools.d/proton-ge-custom/proton'
Tue Apr  4 07:12:50 PM MSK 2023 SKIP - setRunProtonFromUseProton - RUNPROTON '/usr/share/steam/compatibilitytools.d/proton-ge-custom/proton' hasn't changed
Tue Apr  4 07:12:50 PM MSK 2023 INFO - extProtonRun - Continuing with RUNPROTON='/usr/share/steam/compatibilitytools.d/proton-ge-custom/proton'
Tue Apr  4 07:12:50 PM MSK 2023 INFO - extProtonRun - No external program args here it seems
Tue Apr  4 07:12:50 PM MSK 2023 INFO - extProtonRun - Starting '/home/korsilyn/Downloads/Metal Gear Rising.exe' regularly
Tue Apr  4 07:12:50 PM MSK 2023 INFO - restoreOrgVars - Restoring previously cleared Variables
Tue Apr  4 07:14:13 PM MSK 2023 INFO - launchCustomProg - Changing pwd into previous directory
Tue Apr  4 07:14:13 PM MSK 2023 INFO - checkCustomLaunch - ONLY_CUSTOMCMD is set to 1 means only custom program '/home/korsilyn/Downloads/Metal Gear Rising.exe' is supposed to start - exiting here
Tue Apr  4 07:14:13 PM MSK 2023 INFO - checkCustomLaunch - ## CUSTOMCMD STOPPED after '83' seconds playtime
Tue Apr  4 07:14:13 PM MSK 2023 INFO - closeSTL - closing STL
Tue Apr  4 07:14:13 PM MSK 2023 INFO - updateConfigEntry - Emptying 'CUSTOMCMD' for '/home/korsilyn/.config/steamtinkerlaunch/default_template.conf'
Tue Apr  4 07:14:13 PM MSK 2023 INFO - updateConfigEntry - Option 'CUSTOMCMD' is updated with the new value 'echo' in config 'default_template.conf'
Tue Apr  4 07:14:13 PM MSK 2023 INFO - closeSTL - Creating '/dev/shm/steamtinkerlaunch/steamtinkerlaunch-closing.tmp'
Tue Apr  4 07:14:13 PM MSK 2023 INFO - checkPlayTime - The game was not started via 'steamtinkerlaunch' but directly from Steam - skipping Crash Requester
Tue Apr  4 07:14:13 PM MSK 2023 INFO - closeSTL - Game 'METAL GEAR RISING: REVENGEANCE (235460)' exited - cleaning up custom processes if necessary
Tue Apr  4 07:14:13 PM MSK 2023 INFO - closeTrayIcon - Closing TrayIcon '151198'
Tue Apr  4 07:14:14 PM MSK 2023 INFO - closeSTL - Removing '/dev/shm/steamtinkerlaunch/steamtinkerlaunch-closing.tmp'
Tue Apr  4 07:14:14 PM MSK 2023 STOP - ######### closeSTL SteamTinkerLaunch v12.12 #########
Tue Apr  4 07:14:14 PM MSK 2023 INFO - writeLastRun - Recreating /home/korsilyn/.config/steamtinkerlaunch/logs/steamtinkerlaunch/lastrun.txt
Tue Apr  4 07:14:14 PM MSK 2023 INFO - storeMetaData - Saving metadata for game 'METAL GEAR RISING REVENGEANCE (235460)'
Tue Apr  4 07:14:14 PM MSK 2023 INFO - updateConfigEntry - 'GAMEID' option missing in config '235460.conf' - adding a new line
Tue Apr  4 07:14:14 PM MSK 2023 INFO - getArch - Architecture for '/mnt/ssd/SteamLibrary/steamapps/common/METAL GEAR RISING REVENGEANCE/METAL GEAR RISING REVENGEANCE.exe' is 32bit
Tue Apr  4 07:14:14 PM MSK 2023 INFO - updateConfigEntry - 'GAMEARCH' option missing in config '235460.conf' - adding a new line
Tue Apr  4 07:14:14 PM MSK 2023 INFO - updateConfigEntry - 'WINEPREFIX' option missing in config '235460.conf' - adding a new line
Tue Apr  4 07:14:14 PM MSK 2023 INFO - updateConfigEntry - 'MEGAMEDIR' option missing in config '235460.conf' - adding a new line
Tue Apr  4 07:14:14 PM MSK 2023 INFO - storeMetaData - Set symlink from '/home/korsilyn/.config/steamtinkerlaunch/meta/id/general/235460.conf' to '/home/korsilyn/.config/steamtinkerlaunch/meta/title/general/METAL GEAR RISING REVENGEANCE.conf'
Tue Apr  4 07:14:14 PM MSK 2023 INFO - storeMetaData - Set symlink from '/home/korsilyn/.config/steamtinkerlaunch/meta/id/custom/235460.conf' to '/home/korsilyn/.config/steamtinkerlaunch/meta/title/custom/METAL GEAR RISING REVENGEANCE.conf'
Tue Apr  4 07:14:14 PM MSK 2023 INFO - storeMetaData - '/home/korsilyn/.config/steamtinkerlaunch/meta/eval/id/evaluatorscript_235460.vdf' does not exists
