ERROR: ld.so: object '/home/korsilyn/.local/share/Steam/ubuntu12_32/gameoverlayrenderer.so' from LD_PRELOAD cannot be preloaded (wrong ELF class: ELFCLASS32): ignored.
ERROR: ld.so: object '/home/korsilyn/.local/share/Steam/ubuntu12_32/gameoverlayrenderer.so' from LD_PRELOAD cannot be preloaded (wrong ELF class: ELFCLASS32): ignored.
pressure-vessel-wrap[207981]: W: Binding directories that are located under "/usr/" is not supported!
gamemodeauto: dlopen failed - libgamemode.so: cannot open shared object file: No such file or directory
gamemodeauto: dlopen failed - libgamemode.so: cannot open shared object file: No such file or directory
gamemodeauto: dlopen failed - libgamemode.so: cannot open shared object file: No such file or directory
gamemodeauto: dlopen failed - libgamemode.so: cannot open shared object file: No such file or directory
[34mProtonFixes[208095] INFO: Running protonfixes[0m
[34mProtonFixes[208095] INFO: Running checks[0m
[34mProtonFixes[208095] INFO: All checks successful[0m
[34mProtonFixes[208095] INFO: Using global defaults for "Borderlands 3" (397540)[0m
[34mProtonFixes[208095] INFO: Using protonfix for "Borderlands 3" (397540)[0m
[34mProtonFixes[208095] INFO: Checking if winetricks vcrun2019_ge is installed[0m
[34mProtonFixes[208095] INFO: Checking if winetricks d3dcompiler_47 is installed[0m
gamemodeauto: dlopen failed - libgamemode.so: cannot open shared object file: No such file or directory
gamemodeauto: dlopen failed - libgamemode.so: cannot open shared object file: No such file or directory
gamemodeauto: dlopen failed - libgamemode.so: cannot open shared object file: No such file or directory
gamemodeauto: dlopen failed - libgamemode.so: cannot open shared object file: No such file or directory
gamemodeauto: dlopen failed - libgamemode.so: cannot open shared object file: No such file or directory
gamemodeauto: dlopen failed - libgamemode.so: cannot open shared object file: No such file or directory
fsync: up and running.
wine: Using setpriority to control niceness in the [-11,11] range
gamemodeauto: dlopen failed - libgamemode.so: cannot open shared object file: No such file or directory
gamemodeauto: dlopen failed - libgamemode.so: cannot open shared object file: No such file or directory
gamemodeauto: dlopen failed - libgamemode.so: cannot open shared object file: No such file or directory
gamemodeauto: dlopen failed - libgamemode.so: cannot open shared object file: No such file or directory
gamemodeauto: dlopen failed - libgamemode.so: cannot open shared object file: No such file or directory
gamemodeauto: dlopen failed - libgamemode.so: cannot open shared object file: No such file or directory
gamemodeauto: dlopen failed - libgamemode.so: cannot open shared object file: No such file or directory
gamemodeauto: dlopen failed - libgamemode.so: cannot open shared object file: No such file or directory
gamemodeauto: dlopen failed - libgamemode.so: cannot open shared object file: No such file or directory
gamemodeauto: dlopen failed - libgamemode.so: cannot open shared object file: No such file or directory
gamemodeauto: dlopen failed - libgamemode.so: cannot open shared object file: No such file or directory
gamemodeauto: dlopen failed - libgamemode.so: cannot open shared object file: No such file or directory
Setting breakpad minidump AppID = 397540
Steam_SetMinidumpSteamID:  Caching Steam ID:  76561198965450592 [API loaded no]
gamemodeauto: dlopen failed - libgamemode.so: cannot open shared object file: No such file or directory
Setting breakpad minidump AppID = 397540
SteamInternal_SetMinidumpSteamID:  Caching Steam ID:  76561198965450592 [API loaded no]
Fossilize INFO: Overriding serialization path: "/mnt/ssd/SteamLibrary/steamapps/shadercache/397540/fozpipelinesv6/steamapprun_pipeline_cache".
Fossilize INFO: Overriding serialization path: "/mnt/ssd/SteamLibrary/steamapps/shadercache/397540/fozpipelinesv6/steamapprun_pipeline_cache".
Set Proxy to: https://127.0.0.1:9999
Log: TritonRuntime::EncodedMapData::Init, Ln279 -- TritonRuntime Decoder v1.2.1, Encoded Data v1.2.1
Log: TritonRuntime::EncodedMapData::Init, Ln279 -- TritonRuntime Decoder v1.2.1, Encoded Data v1.2.1
Log: TritonRuntime::EncodedMapData::Init, Ln279 -- TritonRuntime Decoder v1.2.1, Encoded Data v1.2.1
Log: TritonRuntime::EncodedMapData::Init, Ln279 -- TritonRuntime Decoder v1.2.1, Encoded Data v1.2.1
Log: TritonRuntime::EncodedMapData::Init, Ln279 -- TritonRuntime Decoder v1.2.1, Encoded Data v1.2.1
gamemodeauto: dlopen failed - libgamemode.so: cannot open shared object file: No such file or directory
gamemodeauto: dlopen failed - libgamemode.so: cannot open shared object file: No such file or directory
gamemodeauto: dlopen failed - libgamemode.so: cannot open shared object file: No such file or directory
gamemodeauto: dlopen failed - libgamemode.so: cannot open shared object file: No such file or directory
gamemodeauto: dlopen failed - libgamemode.so: cannot open shared object file: No such file or directory
gamemodeauto: dlopen failed - libgamemode.so: cannot open shared object file: No such file or directory
gamemodeauto: dlopen failed - libgamemode.so: cannot open shared object file: No such file or directory
gamemodeauto: dlopen failed - libgamemode.so: cannot open shared object file: No such file or directory
pid 208110 != 208109, skipping destruction (fork without exec?)
